runid                 	all	pwa_34_1
num_q                 	all	50
num_ret               	all	500
num_rel               	all	10899
num_rel_ret           	all	84
map                   	all	0.0264
gm_map                	all	0.0017
Rprec                 	all	0.0376
bpref                 	all	0.0347
recip_rank            	all	0.4703
iprec_at_recall_0.00  	all	0.4905
iprec_at_recall_0.10  	all	0.0647
iprec_at_recall_0.20  	all	0.0267
iprec_at_recall_0.30  	all	0.0200
iprec_at_recall_0.40  	all	0.0200
iprec_at_recall_0.50  	all	0.0200
iprec_at_recall_0.60  	all	0.0000
iprec_at_recall_0.70  	all	0.0000
iprec_at_recall_0.80  	all	0.0000
iprec_at_recall_0.90  	all	0.0000
iprec_at_recall_1.00  	all	0.0000
P_1                   	all	0.3200
P_5                   	all	0.2360
P_10                  	all	0.1680
P_15                  	all	0.1120
P_20                  	all	0.0840
P_30                  	all	0.0560
P_100                 	all	0.0168
P_200                 	all	0.0084
P_500                 	all	0.0034
P_1000                	all	0.0017
recall_1              	all	0.0109
recall_5              	all	0.0292
recall_10             	all	0.0376
recall_15             	all	0.0376
recall_20             	all	0.0376
recall_30             	all	0.0376
recall_100            	all	0.0376
recall_200            	all	0.0376
recall_500            	all	0.0376
recall_1000           	all	0.0376
infAP                 	all	0.0264
gm_bpref              	all	0.0031
Rprec_mult_0.20       	all	0.1076
Rprec_mult_0.40       	all	0.0783
Rprec_mult_0.60       	all	0.0518
Rprec_mult_0.80       	all	0.0437
Rprec_mult_1.00       	all	0.0376
Rprec_mult_1.20       	all	0.0304
Rprec_mult_1.40       	all	0.0261
Rprec_mult_1.60       	all	0.0226
Rprec_mult_1.80       	all	0.0202
Rprec_mult_2.00       	all	0.0188
utility               	all	-6.6400
11pt_avg              	all	0.0583
binG                  	all	0.0278
G                     	all	0.0221
ndcg                  	all	0.0625
ndcg_rel              	all	0.0730
Rndcg                 	all	0.0792
ndcg_cut_1            	all	0.2500
ndcg_cut_5            	all	0.2151
ndcg_cut_10           	all	0.1737
ndcg_cut_15           	all	0.1414
ndcg_cut_20           	all	0.1230
ndcg_cut_30           	all	0.1030
ndcg_cut_100          	all	0.0708
ndcg_cut_200          	all	0.0648
ndcg_cut_500          	all	0.0628
ndcg_cut_1000         	all	0.0626
map_cut_1             	all	0.0109
map_cut_5             	all	0.0237
map_cut_10            	all	0.0264
map_cut_15            	all	0.0264
map_cut_20            	all	0.0264
map_cut_30            	all	0.0264
map_cut_100           	all	0.0264
map_cut_200           	all	0.0264
map_cut_500           	all	0.0264
map_cut_1000          	all	0.0264
relative_P_1          	all	0.3200
relative_P_5          	all	0.2380
relative_P_10         	all	0.1749
relative_P_15         	all	0.1229
relative_P_20         	all	0.0975
relative_P_30         	all	0.0724
relative_P_100        	all	0.0428
relative_P_200        	all	0.0389
relative_P_500        	all	0.0378
relative_P_1000       	all	0.0376
success_1             	all	0.3200
success_5             	all	0.6800
success_10            	all	0.7800
set_P                 	all	0.1680
set_relative_P        	all	0.1749
set_recall            	all	0.0376
set_map               	all	0.0092
set_F                 	all	0.0444
num_nonrel_judged_ret 	all	367
