runid                 	all	pwa_35+64_0.9+0.1
num_q                 	all	50
num_ret               	all	500
num_rel               	all	10899
num_rel_ret           	all	86
map                   	all	0.0266
gm_map                	all	0.0029
Rprec                 	all	0.0345
bpref                 	all	0.0330
recip_rank            	all	0.6179
iprec_at_recall_0.00  	all	0.6317
iprec_at_recall_0.10  	all	0.0728
iprec_at_recall_0.20  	all	0.0200
iprec_at_recall_0.30  	all	0.0200
iprec_at_recall_0.40  	all	0.0200
iprec_at_recall_0.50  	all	0.0200
iprec_at_recall_0.60  	all	0.0000
iprec_at_recall_0.70  	all	0.0000
iprec_at_recall_0.80  	all	0.0000
iprec_at_recall_0.90  	all	0.0000
iprec_at_recall_1.00  	all	0.0000
P_1                   	all	0.5000
P_5                   	all	0.2640
P_10                  	all	0.1720
P_15                  	all	0.1147
P_20                  	all	0.0860
P_30                  	all	0.0573
P_100                 	all	0.0172
P_200                 	all	0.0086
P_500                 	all	0.0034
P_1000                	all	0.0017
recall_1              	all	0.0124
recall_5              	all	0.0295
recall_10             	all	0.0345
recall_15             	all	0.0345
recall_20             	all	0.0345
recall_30             	all	0.0345
recall_100            	all	0.0345
recall_200            	all	0.0345
recall_500            	all	0.0345
recall_1000           	all	0.0345
infAP                 	all	0.0266
gm_bpref              	all	0.0046
Rprec_mult_0.20       	all	0.1109
Rprec_mult_0.40       	all	0.0749
Rprec_mult_0.60       	all	0.0498
Rprec_mult_0.80       	all	0.0400
Rprec_mult_1.00       	all	0.0345
Rprec_mult_1.20       	all	0.0279
Rprec_mult_1.40       	all	0.0240
Rprec_mult_1.60       	all	0.0207
Rprec_mult_1.80       	all	0.0185
Rprec_mult_2.00       	all	0.0173
utility               	all	-6.5600
11pt_avg              	all	0.0713
binG                  	all	0.0275
G                     	all	0.0226
ndcg                  	all	0.0660
ndcg_rel              	all	0.0781
Rndcg                 	all	0.0850
ndcg_cut_1            	all	0.4300
ndcg_cut_5            	all	0.2656
ndcg_cut_10           	all	0.2019
ndcg_cut_15           	all	0.1632
ndcg_cut_20           	all	0.1409
ndcg_cut_30           	all	0.1161
ndcg_cut_100          	all	0.0771
ndcg_cut_200          	all	0.0693
ndcg_cut_500          	all	0.0664
ndcg_cut_1000         	all	0.0661
map_cut_1             	all	0.0124
map_cut_5             	all	0.0251
map_cut_10            	all	0.0266
map_cut_15            	all	0.0266
map_cut_20            	all	0.0266
map_cut_30            	all	0.0266
map_cut_100           	all	0.0266
map_cut_200           	all	0.0266
map_cut_500           	all	0.0266
map_cut_1000          	all	0.0266
relative_P_1          	all	0.5000
relative_P_5          	all	0.2660
relative_P_10         	all	0.1789
relative_P_15         	all	0.1248
relative_P_20         	all	0.0982
relative_P_30         	all	0.0717
relative_P_100        	all	0.0404
relative_P_200        	all	0.0361
relative_P_500        	all	0.0347
relative_P_1000       	all	0.0346
success_1             	all	0.5000
success_5             	all	0.7800
success_10            	all	0.8400
set_P                 	all	0.1720
set_relative_P        	all	0.1789
set_recall            	all	0.0345
set_map               	all	0.0077
set_F                 	all	0.0413
num_nonrel_judged_ret 	all	365
