runid                 	all	pwa_35+62_0.75+0.25
num_q                 	all	50
num_ret               	all	500
num_rel               	all	10899
num_rel_ret           	all	79
map                   	all	0.0260
gm_map                	all	0.0019
Rprec                 	all	0.0308
bpref                 	all	0.0306
recip_rank            	all	0.6250
iprec_at_recall_0.00  	all	0.6381
iprec_at_recall_0.10  	all	0.0650
iprec_at_recall_0.20  	all	0.0200
iprec_at_recall_0.30  	all	0.0200
iprec_at_recall_0.40  	all	0.0200
iprec_at_recall_0.50  	all	0.0200
iprec_at_recall_0.60  	all	0.0000
iprec_at_recall_0.70  	all	0.0000
iprec_at_recall_0.80  	all	0.0000
iprec_at_recall_0.90  	all	0.0000
iprec_at_recall_1.00  	all	0.0000
P_1                   	all	0.5200
P_5                   	all	0.2560
P_10                  	all	0.1580
P_15                  	all	0.1053
P_20                  	all	0.0790
P_30                  	all	0.0527
P_100                 	all	0.0158
P_200                 	all	0.0079
P_500                 	all	0.0032
P_1000                	all	0.0016
recall_1              	all	0.0119
recall_5              	all	0.0292
recall_10             	all	0.0308
recall_15             	all	0.0308
recall_20             	all	0.0308
recall_30             	all	0.0308
recall_100            	all	0.0308
recall_200            	all	0.0308
recall_500            	all	0.0308
recall_1000           	all	0.0308
infAP                 	all	0.0260
gm_bpref              	all	0.0025
Rprec_mult_0.20       	all	0.1114
Rprec_mult_0.40       	all	0.0699
Rprec_mult_0.60       	all	0.0465
Rprec_mult_0.80       	all	0.0355
Rprec_mult_1.00       	all	0.0308
Rprec_mult_1.20       	all	0.0249
Rprec_mult_1.40       	all	0.0214
Rprec_mult_1.60       	all	0.0185
Rprec_mult_1.80       	all	0.0165
Rprec_mult_2.00       	all	0.0154
utility               	all	-6.8400
11pt_avg              	all	0.0712
binG                  	all	0.0265
G                     	all	0.0214
ndcg                  	all	0.0618
ndcg_rel              	all	0.0736
Rndcg                 	all	0.0802
ndcg_cut_1            	all	0.4500
ndcg_cut_5            	all	0.2627
ndcg_cut_10           	all	0.1932
ndcg_cut_15           	all	0.1560
ndcg_cut_20           	all	0.1346
ndcg_cut_30           	all	0.1108
ndcg_cut_100          	all	0.0728
ndcg_cut_200          	all	0.0652
ndcg_cut_500          	all	0.0623
ndcg_cut_1000         	all	0.0619
map_cut_1             	all	0.0119
map_cut_5             	all	0.0252
map_cut_10            	all	0.0260
map_cut_15            	all	0.0260
map_cut_20            	all	0.0260
map_cut_30            	all	0.0260
map_cut_100           	all	0.0260
map_cut_200           	all	0.0260
map_cut_500           	all	0.0260
map_cut_1000          	all	0.0260
relative_P_1          	all	0.5200
relative_P_5          	all	0.2580
relative_P_10         	all	0.1649
relative_P_15         	all	0.1152
relative_P_20         	all	0.0905
relative_P_30         	all	0.0660
relative_P_100        	all	0.0366
relative_P_200        	all	0.0324
relative_P_500        	all	0.0310
relative_P_1000       	all	0.0309
success_1             	all	0.5200
success_5             	all	0.7600
success_10            	all	0.7600
set_P                 	all	0.1580
set_relative_P        	all	0.1649
set_recall            	all	0.0308
set_map               	all	0.0068
set_F                 	all	0.0361
num_nonrel_judged_ret 	all	383
