runid                 	all	pwa_31_1
num_q                 	all	50
num_ret               	all	500
num_rel               	all	10899
num_rel_ret           	all	54
map                   	all	0.0144
gm_map                	all	0.0006
Rprec                 	all	0.0267
bpref                 	all	0.0213
recip_rank            	all	0.3880
iprec_at_recall_0.00  	all	0.4040
iprec_at_recall_0.10  	all	0.0178
iprec_at_recall_0.20  	all	0.0178
iprec_at_recall_0.30  	all	0.0133
iprec_at_recall_0.40  	all	0.0133
iprec_at_recall_0.50  	all	0.0133
iprec_at_recall_0.60  	all	0.0000
iprec_at_recall_0.70  	all	0.0000
iprec_at_recall_0.80  	all	0.0000
iprec_at_recall_0.90  	all	0.0000
iprec_at_recall_1.00  	all	0.0000
P_1                   	all	0.3000
P_5                   	all	0.1400
P_10                  	all	0.1080
P_15                  	all	0.0720
P_20                  	all	0.0540
P_30                  	all	0.0360
P_100                 	all	0.0108
P_200                 	all	0.0054
P_500                 	all	0.0022
P_1000                	all	0.0011
recall_1              	all	0.0039
recall_5              	all	0.0177
recall_10             	all	0.0296
recall_15             	all	0.0296
recall_20             	all	0.0296
recall_30             	all	0.0296
recall_100            	all	0.0296
recall_200            	all	0.0296
recall_500            	all	0.0296
recall_1000           	all	0.0296
infAP                 	all	0.0144
gm_bpref              	all	0.0009
Rprec_mult_0.20       	all	0.0475
Rprec_mult_0.40       	all	0.0369
Rprec_mult_0.60       	all	0.0331
Rprec_mult_0.80       	all	0.0271
Rprec_mult_1.00       	all	0.0267
Rprec_mult_1.20       	all	0.0238
Rprec_mult_1.40       	all	0.0205
Rprec_mult_1.60       	all	0.0176
Rprec_mult_1.80       	all	0.0157
Rprec_mult_2.00       	all	0.0148
utility               	all	-7.8400
11pt_avg              	all	0.0436
binG                  	all	0.0167
G                     	all	0.0143
ndcg                  	all	0.0427
ndcg_rel              	all	0.0474
Rndcg                 	all	0.0565
ndcg_cut_1            	all	0.2500
ndcg_cut_5            	all	0.1454
ndcg_cut_10           	all	0.1194
ndcg_cut_15           	all	0.0967
ndcg_cut_20           	all	0.0837
ndcg_cut_30           	all	0.0696
ndcg_cut_100          	all	0.0486
ndcg_cut_200          	all	0.0446
ndcg_cut_500          	all	0.0430
ndcg_cut_1000         	all	0.0428
map_cut_1             	all	0.0039
map_cut_5             	all	0.0121
map_cut_10            	all	0.0144
map_cut_15            	all	0.0144
map_cut_20            	all	0.0144
map_cut_30            	all	0.0144
map_cut_100           	all	0.0144
map_cut_200           	all	0.0144
map_cut_500           	all	0.0144
map_cut_1000          	all	0.0144
relative_P_1          	all	0.3000
relative_P_5          	all	0.1420
relative_P_10         	all	0.1157
relative_P_15         	all	0.0829
relative_P_20         	all	0.0666
relative_P_30         	all	0.0510
relative_P_100        	all	0.0328
relative_P_200        	all	0.0305
relative_P_500        	all	0.0297
relative_P_1000       	all	0.0296
success_1             	all	0.3000
success_5             	all	0.4800
success_10            	all	0.6200
set_P                 	all	0.1080
set_relative_P        	all	0.1157
set_recall            	all	0.0296
set_map               	all	0.0057
set_F                 	all	0.0319
num_nonrel_judged_ret 	all	419
