runid                 	all	pwa_35+64_0.5+0.5
num_q                 	all	50
num_ret               	all	500
num_rel               	all	10899
num_rel_ret           	all	32
map                   	all	0.0099
gm_map                	all	0.0001
Rprec                 	all	0.0118
bpref                 	all	0.0116
recip_rank            	all	0.3226
iprec_at_recall_0.00  	all	0.3226
iprec_at_recall_0.10  	all	0.0367
iprec_at_recall_0.20  	all	0.0200
iprec_at_recall_0.30  	all	0.0000
iprec_at_recall_0.40  	all	0.0000
iprec_at_recall_0.50  	all	0.0000
iprec_at_recall_0.60  	all	0.0000
iprec_at_recall_0.70  	all	0.0000
iprec_at_recall_0.80  	all	0.0000
iprec_at_recall_0.90  	all	0.0000
iprec_at_recall_1.00  	all	0.0000
P_1                   	all	0.2800
P_5                   	all	0.1000
P_10                  	all	0.0640
P_15                  	all	0.0427
P_20                  	all	0.0320
P_30                  	all	0.0213
P_100                 	all	0.0064
P_200                 	all	0.0032
P_500                 	all	0.0013
P_1000                	all	0.0006
recall_1              	all	0.0077
recall_5              	all	0.0101
recall_10             	all	0.0118
recall_15             	all	0.0118
recall_20             	all	0.0118
recall_30             	all	0.0118
recall_100            	all	0.0118
recall_200            	all	0.0118
recall_500            	all	0.0118
recall_1000           	all	0.0118
infAP                 	all	0.0099
gm_bpref              	all	0.0002
Rprec_mult_0.20       	all	0.0524
Rprec_mult_0.40       	all	0.0269
Rprec_mult_0.60       	all	0.0178
Rprec_mult_0.80       	all	0.0135
Rprec_mult_1.00       	all	0.0118
Rprec_mult_1.20       	all	0.0096
Rprec_mult_1.40       	all	0.0082
Rprec_mult_1.60       	all	0.0071
Rprec_mult_1.80       	all	0.0063
Rprec_mult_2.00       	all	0.0059
utility               	all	-8.7200
11pt_avg              	all	0.0345
binG                  	all	0.0101
G                     	all	0.0109
ndcg                  	all	0.0275
ndcg_rel              	all	0.0331
Rndcg                 	all	0.0328
ndcg_cut_1            	all	0.2600
ndcg_cut_5            	all	0.1128
ndcg_cut_10           	all	0.0844
ndcg_cut_15           	all	0.0683
ndcg_cut_20           	all	0.0590
ndcg_cut_30           	all	0.0486
ndcg_cut_100          	all	0.0333
ndcg_cut_200          	all	0.0297
ndcg_cut_500          	all	0.0280
ndcg_cut_1000         	all	0.0276
map_cut_1             	all	0.0077
map_cut_5             	all	0.0093
map_cut_10            	all	0.0099
map_cut_15            	all	0.0099
map_cut_20            	all	0.0099
map_cut_30            	all	0.0099
map_cut_100           	all	0.0099
map_cut_200           	all	0.0099
map_cut_500           	all	0.0099
map_cut_1000          	all	0.0099
relative_P_1          	all	0.2800
relative_P_5          	all	0.1010
relative_P_10         	all	0.0670
relative_P_15         	all	0.0463
relative_P_20         	all	0.0360
relative_P_30         	all	0.0257
relative_P_100        	all	0.0144
relative_P_200        	all	0.0127
relative_P_500        	all	0.0120
relative_P_1000       	all	0.0119
success_1             	all	0.2800
success_5             	all	0.3600
success_10            	all	0.4200
set_P                 	all	0.0640
set_relative_P        	all	0.0670
set_recall            	all	0.0118
set_map               	all	0.0021
set_F                 	all	0.0142
num_nonrel_judged_ret 	all	464
