runid                 	all	pwa_35+62_0.9+0.1
num_q                 	all	50
num_ret               	all	500
num_rel               	all	10899
num_rel_ret           	all	91
map                   	all	0.0263
gm_map                	all	0.0029
Rprec                 	all	0.0366
bpref                 	all	0.0344
recip_rank            	all	0.5759
iprec_at_recall_0.00  	all	0.5907
iprec_at_recall_0.10  	all	0.0617
iprec_at_recall_0.20  	all	0.0200
iprec_at_recall_0.30  	all	0.0200
iprec_at_recall_0.40  	all	0.0200
iprec_at_recall_0.50  	all	0.0200
iprec_at_recall_0.60  	all	0.0000
iprec_at_recall_0.70  	all	0.0000
iprec_at_recall_0.80  	all	0.0000
iprec_at_recall_0.90  	all	0.0000
iprec_at_recall_1.00  	all	0.0000
P_1                   	all	0.4400
P_5                   	all	0.2520
P_10                  	all	0.1820
P_15                  	all	0.1213
P_20                  	all	0.0910
P_30                  	all	0.0607
P_100                 	all	0.0182
P_200                 	all	0.0091
P_500                 	all	0.0036
P_1000                	all	0.0018
recall_1              	all	0.0117
recall_5              	all	0.0292
recall_10             	all	0.0366
recall_15             	all	0.0366
recall_20             	all	0.0366
recall_30             	all	0.0366
recall_100            	all	0.0366
recall_200            	all	0.0366
recall_500            	all	0.0366
recall_1000           	all	0.0366
infAP                 	all	0.0263
gm_bpref              	all	0.0049
Rprec_mult_0.20       	all	0.1133
Rprec_mult_0.40       	all	0.0795
Rprec_mult_0.60       	all	0.0531
Rprec_mult_0.80       	all	0.0425
Rprec_mult_1.00       	all	0.0366
Rprec_mult_1.20       	all	0.0296
Rprec_mult_1.40       	all	0.0254
Rprec_mult_1.60       	all	0.0220
Rprec_mult_1.80       	all	0.0196
Rprec_mult_2.00       	all	0.0183
utility               	all	-6.3600
11pt_avg              	all	0.0666
binG                  	all	0.0278
G                     	all	0.0224
ndcg                  	all	0.0657
ndcg_rel              	all	0.0775
Rndcg                 	all	0.0840
ndcg_cut_1            	all	0.3600
ndcg_cut_5            	all	0.2489
ndcg_cut_10           	all	0.1968
ndcg_cut_15           	all	0.1590
ndcg_cut_20           	all	0.1374
ndcg_cut_30           	all	0.1136
ndcg_cut_100          	all	0.0760
ndcg_cut_200          	all	0.0687
ndcg_cut_500          	all	0.0661
ndcg_cut_1000         	all	0.0658
map_cut_1             	all	0.0117
map_cut_5             	all	0.0244
map_cut_10            	all	0.0263
map_cut_15            	all	0.0263
map_cut_20            	all	0.0263
map_cut_30            	all	0.0263
map_cut_100           	all	0.0263
map_cut_200           	all	0.0263
map_cut_500           	all	0.0263
map_cut_1000          	all	0.0263
relative_P_1          	all	0.4400
relative_P_5          	all	0.2540
relative_P_10         	all	0.1889
relative_P_15         	all	0.1317
relative_P_20         	all	0.1037
relative_P_30         	all	0.0759
relative_P_100        	all	0.0428
relative_P_200        	all	0.0381
relative_P_500        	all	0.0367
relative_P_1000       	all	0.0366
success_1             	all	0.4400
success_5             	all	0.7400
success_10            	all	0.8400
set_P                 	all	0.1820
set_relative_P        	all	0.1889
set_recall            	all	0.0366
set_map               	all	0.0081
set_F                 	all	0.0439
num_nonrel_judged_ret 	all	367
