runid                 	all	pwa_32_1
num_q                 	all	50
num_ret               	all	500
num_rel               	all	10899
num_rel_ret           	all	66
map                   	all	0.0139
gm_map                	all	0.0005
Rprec                 	all	0.0196
bpref                 	all	0.0215
recip_rank            	all	0.3864
iprec_at_recall_0.00  	all	0.3922
iprec_at_recall_0.10  	all	0.0100
iprec_at_recall_0.20  	all	0.0100
iprec_at_recall_0.30  	all	0.0057
iprec_at_recall_0.40  	all	0.0057
iprec_at_recall_0.50  	all	0.0057
iprec_at_recall_0.60  	all	0.0000
iprec_at_recall_0.70  	all	0.0000
iprec_at_recall_0.80  	all	0.0000
iprec_at_recall_0.90  	all	0.0000
iprec_at_recall_1.00  	all	0.0000
P_1                   	all	0.2800
P_5                   	all	0.1640
P_10                  	all	0.1320
P_15                  	all	0.0880
P_20                  	all	0.0660
P_30                  	all	0.0440
P_100                 	all	0.0132
P_200                 	all	0.0066
P_500                 	all	0.0026
P_1000                	all	0.0013
recall_1              	all	0.0048
recall_5              	all	0.0155
recall_10             	all	0.0246
recall_15             	all	0.0246
recall_20             	all	0.0246
recall_30             	all	0.0246
recall_100            	all	0.0246
recall_200            	all	0.0246
recall_500            	all	0.0246
recall_1000           	all	0.0246
infAP                 	all	0.0139
gm_bpref              	all	0.0008
Rprec_mult_0.20       	all	0.0583
Rprec_mult_0.40       	all	0.0456
Rprec_mult_0.60       	all	0.0305
Rprec_mult_0.80       	all	0.0231
Rprec_mult_1.00       	all	0.0196
Rprec_mult_1.20       	all	0.0160
Rprec_mult_1.40       	all	0.0137
Rprec_mult_1.60       	all	0.0148
Rprec_mult_1.80       	all	0.0131
Rprec_mult_2.00       	all	0.0123
utility               	all	-7.3600
11pt_avg              	all	0.0390
binG                  	all	0.0154
G                     	all	0.0120
ndcg                  	all	0.0405
ndcg_rel              	all	0.0462
Rndcg                 	all	0.0458
ndcg_cut_1            	all	0.2200
ndcg_cut_5            	all	0.1570
ndcg_cut_10           	all	0.1327
ndcg_cut_15           	all	0.1060
ndcg_cut_20           	all	0.0908
ndcg_cut_30           	all	0.0741
ndcg_cut_100          	all	0.0475
ndcg_cut_200          	all	0.0426
ndcg_cut_500          	all	0.0407
ndcg_cut_1000         	all	0.0405
map_cut_1             	all	0.0048
map_cut_5             	all	0.0111
map_cut_10            	all	0.0139
map_cut_15            	all	0.0139
map_cut_20            	all	0.0139
map_cut_30            	all	0.0139
map_cut_100           	all	0.0139
map_cut_200           	all	0.0139
map_cut_500           	all	0.0139
map_cut_1000          	all	0.0139
relative_P_1          	all	0.2800
relative_P_5          	all	0.1650
relative_P_10         	all	0.1380
relative_P_15         	all	0.0958
relative_P_20         	all	0.0748
relative_P_30         	all	0.0540
relative_P_100        	all	0.0291
relative_P_200        	all	0.0258
relative_P_500        	all	0.0247
relative_P_1000       	all	0.0247
success_1             	all	0.2800
success_5             	all	0.5000
success_10            	all	0.6000
set_P                 	all	0.1320
set_relative_P        	all	0.1380
set_recall            	all	0.0246
set_map               	all	0.0059
set_F                 	all	0.0294
num_nonrel_judged_ret 	all	388
