runid                 	all	pwa_35+62_0.5+0.5
num_q                 	all	50
num_ret               	all	500
num_rel               	all	10899
num_rel_ret           	all	61
map                   	all	0.0185
gm_map                	all	0.0009
Rprec                 	all	0.0244
bpref                 	all	0.0241
recip_rank            	all	0.5656
iprec_at_recall_0.00  	all	0.5706
iprec_at_recall_0.10  	all	0.0420
iprec_at_recall_0.20  	all	0.0200
iprec_at_recall_0.30  	all	0.0133
iprec_at_recall_0.40  	all	0.0133
iprec_at_recall_0.50  	all	0.0133
iprec_at_recall_0.60  	all	0.0000
iprec_at_recall_0.70  	all	0.0000
iprec_at_recall_0.80  	all	0.0000
iprec_at_recall_0.90  	all	0.0000
iprec_at_recall_1.00  	all	0.0000
P_1                   	all	0.5000
P_5                   	all	0.2120
P_10                  	all	0.1220
P_15                  	all	0.0813
P_20                  	all	0.0610
P_30                  	all	0.0407
P_100                 	all	0.0122
P_200                 	all	0.0061
P_500                 	all	0.0024
P_1000                	all	0.0012
recall_1              	all	0.0099
recall_5              	all	0.0227
recall_10             	all	0.0244
recall_15             	all	0.0244
recall_20             	all	0.0244
recall_30             	all	0.0244
recall_100            	all	0.0244
recall_200            	all	0.0244
recall_500            	all	0.0244
recall_1000           	all	0.0244
infAP                 	all	0.0185
gm_bpref              	all	0.0011
Rprec_mult_0.20       	all	0.0822
Rprec_mult_0.40       	all	0.0451
Rprec_mult_0.60       	all	0.0363
Rprec_mult_0.80       	all	0.0277
Rprec_mult_1.00       	all	0.0244
Rprec_mult_1.20       	all	0.0198
Rprec_mult_1.40       	all	0.0169
Rprec_mult_1.60       	all	0.0146
Rprec_mult_1.80       	all	0.0129
Rprec_mult_2.00       	all	0.0122
utility               	all	-7.5600
11pt_avg              	all	0.0611
binG                  	all	0.0188
G                     	all	0.0177
ndcg                  	all	0.0483
ndcg_rel              	all	0.0574
Rndcg                 	all	0.0612
ndcg_cut_1            	all	0.4500
ndcg_cut_5            	all	0.2222
ndcg_cut_10           	all	0.1581
ndcg_cut_15           	all	0.1272
ndcg_cut_20           	all	0.1094
ndcg_cut_30           	all	0.0898
ndcg_cut_100          	all	0.0589
ndcg_cut_200          	all	0.0518
ndcg_cut_500          	all	0.0489
ndcg_cut_1000         	all	0.0484
map_cut_1             	all	0.0099
map_cut_5             	all	0.0180
map_cut_10            	all	0.0185
map_cut_15            	all	0.0185
map_cut_20            	all	0.0185
map_cut_30            	all	0.0185
map_cut_100           	all	0.0185
map_cut_200           	all	0.0185
map_cut_500           	all	0.0185
map_cut_1000          	all	0.0185
relative_P_1          	all	0.5000
relative_P_5          	all	0.2140
relative_P_10         	all	0.1289
relative_P_15         	all	0.0902
relative_P_20         	all	0.0709
relative_P_30         	all	0.0517
relative_P_100        	all	0.0294
relative_P_200        	all	0.0259
relative_P_500        	all	0.0247
relative_P_1000       	all	0.0245
success_1             	all	0.5000
success_5             	all	0.6400
success_10            	all	0.6600
set_P                 	all	0.1220
set_relative_P        	all	0.1289
set_recall            	all	0.0244
set_map               	all	0.0050
set_F                 	all	0.0273
num_nonrel_judged_ret 	all	414
