runid                 	all	pwa_35+64_0.75+0.25
num_q                 	all	50
num_ret               	all	500
num_rel               	all	10899
num_rel_ret           	all	63
map                   	all	0.0157
gm_map                	all	0.0010
Rprec                 	all	0.0199
bpref                 	all	0.0189
recip_rank            	all	0.5147
iprec_at_recall_0.00  	all	0.5240
iprec_at_recall_0.10  	all	0.0455
iprec_at_recall_0.20  	all	0.0200
iprec_at_recall_0.30  	all	0.0080
iprec_at_recall_0.40  	all	0.0080
iprec_at_recall_0.50  	all	0.0080
iprec_at_recall_0.60  	all	0.0000
iprec_at_recall_0.70  	all	0.0000
iprec_at_recall_0.80  	all	0.0000
iprec_at_recall_0.90  	all	0.0000
iprec_at_recall_1.00  	all	0.0000
P_1                   	all	0.4000
P_5                   	all	0.1800
P_10                  	all	0.1260
P_15                  	all	0.0840
P_20                  	all	0.0630
P_30                  	all	0.0420
P_100                 	all	0.0126
P_200                 	all	0.0063
P_500                 	all	0.0025
P_1000                	all	0.0013
recall_1              	all	0.0095
recall_5              	all	0.0179
recall_10             	all	0.0249
recall_15             	all	0.0249
recall_20             	all	0.0249
recall_30             	all	0.0249
recall_100            	all	0.0249
recall_200            	all	0.0249
recall_500            	all	0.0249
recall_1000           	all	0.0249
infAP                 	all	0.0157
gm_bpref              	all	0.0015
Rprec_mult_0.20       	all	0.0705
Rprec_mult_0.40       	all	0.0397
Rprec_mult_0.60       	all	0.0263
Rprec_mult_0.80       	all	0.0199
Rprec_mult_1.00       	all	0.0199
Rprec_mult_1.20       	all	0.0202
Rprec_mult_1.40       	all	0.0172
Rprec_mult_1.60       	all	0.0149
Rprec_mult_1.80       	all	0.0132
Rprec_mult_2.00       	all	0.0125
utility               	all	-7.4800
11pt_avg              	all	0.0558
binG                  	all	0.0167
G                     	all	0.0159
ndcg                  	all	0.0442
ndcg_rel              	all	0.0514
Rndcg                 	all	0.0565
ndcg_cut_1            	all	0.3400
ndcg_cut_5            	all	0.1887
ndcg_cut_10           	all	0.1457
ndcg_cut_15           	all	0.1173
ndcg_cut_20           	all	0.1008
ndcg_cut_30           	all	0.0827
ndcg_cut_100          	all	0.0539
ndcg_cut_200          	all	0.0474
ndcg_cut_500          	all	0.0448
ndcg_cut_1000         	all	0.0444
map_cut_1             	all	0.0095
map_cut_5             	all	0.0138
map_cut_10            	all	0.0157
map_cut_15            	all	0.0157
map_cut_20            	all	0.0157
map_cut_30            	all	0.0157
map_cut_100           	all	0.0157
map_cut_200           	all	0.0157
map_cut_500           	all	0.0157
map_cut_1000          	all	0.0157
relative_P_1          	all	0.4000
relative_P_5          	all	0.1820
relative_P_10         	all	0.1329
relative_P_15         	all	0.0929
relative_P_20         	all	0.0729
relative_P_30         	all	0.0531
relative_P_100        	all	0.0298
relative_P_200        	all	0.0264
relative_P_500        	all	0.0252
relative_P_1000       	all	0.0250
success_1             	all	0.4000
success_5             	all	0.6400
success_10            	all	0.7200
set_P                 	all	0.1260
set_relative_P        	all	0.1329
set_recall            	all	0.0249
set_map               	all	0.0056
set_F                 	all	0.0282
num_nonrel_judged_ret 	all	424
