1 Q0 id982index5 1 0.6440454 pwa_35+62_0.75+0.25
1 Q0 id311010index0 2 0.5750449 pwa_35+62_0.75+0.25
1 Q0 id6453index5 3 0.56370443 pwa_35+62_0.75+0.25
1 Q0 id1574index5 4 0.56338483 pwa_35+62_0.75+0.25
1 Q0 id687index1 5 0.55923027 pwa_35+62_0.75+0.25
1 Q0 id2872601index2 6 0.55534995 pwa_35+62_0.75+0.25
1 Q0 id15714index5 7 0.5536117 pwa_35+62_0.75+0.25
1 Q0 id3613index5 8 0.5499273 pwa_35+62_0.75+0.25
1 Q0 id906530index0 9 0.54676163 pwa_35+62_0.75+0.25
1 Q0 id1341291index0 10 0.5390823 pwa_35+62_0.75+0.25
2 Q0 id983index5 1 0.6658791 pwa_35+62_0.75+0.25
2 Q0 id5050index5 2 0.59142303 pwa_35+62_0.75+0.25
2 Q0 id11354index5 3 0.58850235 pwa_35+62_0.75+0.25
2 Q0 id23286index2 4 0.5575133 pwa_35+62_0.75+0.25
2 Q0 id1883510index5 5 0.5318471 pwa_35+62_0.75+0.25
2 Q0 id283882index5 6 0.53146356 pwa_35+62_0.75+0.25
2 Q0 id287229index5 7 0.5287503 pwa_35+62_0.75+0.25
2 Q0 id3475624index5 8 0.52590454 pwa_35+62_0.75+0.25
2 Q0 id284708index5 9 0.52547085 pwa_35+62_0.75+0.25
2 Q0 id1881218index5 10 0.5242996 pwa_35+62_0.75+0.25
3 Q0 id922index3 1 0.63394624 pwa_35+62_0.75+0.25
3 Q0 id12774index3 2 0.5851172 pwa_35+62_0.75+0.25
3 Q0 id5854index5 3 0.5813333 pwa_35+62_0.75+0.25
3 Q0 id19873index3 4 0.56303847 pwa_35+62_0.75+0.25
3 Q0 id346219index4 5 0.55713046 pwa_35+62_0.75+0.25
3 Q0 id258442index4 6 0.54520273 pwa_35+62_0.75+0.25
3 Q0 id234612index3 7 0.5411439 pwa_35+62_0.75+0.25
3 Q0 id38301index3 8 0.5394435 pwa_35+62_0.75+0.25
3 Q0 id28565index3 9 0.53940886 pwa_35+62_0.75+0.25
3 Q0 id278368index0 10 0.53445196 pwa_35+62_0.75+0.25
4 Q0 id2654index3 1 0.6025125 pwa_35+62_0.75+0.25
4 Q0 id23532index4 2 0.58961225 pwa_35+62_0.75+0.25
4 Q0 id44028index4 3 0.5597293 pwa_35+62_0.75+0.25
4 Q0 id5668index3 4 0.5277587 pwa_35+62_0.75+0.25
4 Q0 id83index3 5 0.52390325 pwa_35+62_0.75+0.25
4 Q0 id91383index0 6 0.52352154 pwa_35+62_0.75+0.25
4 Q0 id2006index5 7 0.52334106 pwa_35+62_0.75+0.25
4 Q0 id110721index0 8 0.52329636 pwa_35+62_0.75+0.25
4 Q0 id2020index4 9 0.52327573 pwa_35+62_0.75+0.25
4 Q0 id40442index0 10 0.52327025 pwa_35+62_0.75+0.25
5 Q0 id3579index3 1 0.7954073 pwa_35+62_0.75+0.25
5 Q0 id3322index3 2 0.7895366 pwa_35+62_0.75+0.25
5 Q0 id1255index3 3 0.7443701 pwa_35+62_0.75+0.25
5 Q0 id4375index3 4 0.739885 pwa_35+62_0.75+0.25
5 Q0 id2642index4 5 0.66297877 pwa_35+62_0.75+0.25
5 Q0 id1919index4 6 0.66027987 pwa_35+62_0.75+0.25
5 Q0 id5003index0 7 0.6563213 pwa_35+62_0.75+0.25
5 Q0 id9056index3 8 0.6348117 pwa_35+62_0.75+0.25
5 Q0 id1694index3 9 0.6304599 pwa_35+62_0.75+0.25
5 Q0 id7776index4 10 0.6085636 pwa_35+62_0.75+0.25
6 Q0 id50844index4 1 0.6310555 pwa_35+62_0.75+0.25
6 Q0 id687684index0 2 0.58803546 pwa_35+62_0.75+0.25
6 Q0 id230693index4 3 0.5796313 pwa_35+62_0.75+0.25
6 Q0 id51740index3 4 0.5769251 pwa_35+62_0.75+0.25
6 Q0 id607182index0 5 0.5623347 pwa_35+62_0.75+0.25
6 Q0 id388242index4 6 0.5542023 pwa_35+62_0.75+0.25
6 Q0 id2394127index3 7 0.55252326 pwa_35+62_0.75+0.25
6 Q0 id1667776index4 8 0.5504043 pwa_35+62_0.75+0.25
6 Q0 id71058index3 9 0.55020696 pwa_35+62_0.75+0.25
6 Q0 id1984902index3 10 0.54984003 pwa_35+62_0.75+0.25
7 Q0 id33131index3 1 0.65896714 pwa_35+62_0.75+0.25
7 Q0 id268292index0 2 0.5543079 pwa_35+62_0.75+0.25
7 Q0 id620943index5 3 0.5543062 pwa_35+62_0.75+0.25
7 Q0 id278381index4 4 0.5504714 pwa_35+62_0.75+0.25
7 Q0 id2504887index3 5 0.5479991 pwa_35+62_0.75+0.25
7 Q0 id48737index2 6 0.54644704 pwa_35+62_0.75+0.25
7 Q0 id5751706index2 7 0.5424298 pwa_35+62_0.75+0.25
7 Q0 id761896index2 8 0.5330672 pwa_35+62_0.75+0.25
7 Q0 id1485709index2 9 0.53110045 pwa_35+62_0.75+0.25
7 Q0 id6769247index0 10 0.53094935 pwa_35+62_0.75+0.25
8 Q0 id63605index3 1 0.61167794 pwa_35+62_0.75+0.25
8 Q0 id5946index0 2 0.5818144 pwa_35+62_0.75+0.25
8 Q0 id68754index3 3 0.5679374 pwa_35+62_0.75+0.25
8 Q0 id296848index4 4 0.56471384 pwa_35+62_0.75+0.25
8 Q0 id171080index3 5 0.54890764 pwa_35+62_0.75+0.25
8 Q0 id154457index3 6 0.5415107 pwa_35+62_0.75+0.25
8 Q0 id545101index0 7 0.5349699 pwa_35+62_0.75+0.25
8 Q0 id150986index3 8 0.52715725 pwa_35+62_0.75+0.25
8 Q0 id24579index0 9 0.52364194 pwa_35+62_0.75+0.25
8 Q0 id40241index0 10 0.5231743 pwa_35+62_0.75+0.25
9 Q0 id15521index4 1 0.54412615 pwa_35+62_0.75+0.25
9 Q0 id867998index0 2 0.5347398 pwa_35+62_0.75+0.25
9 Q0 id10612705index3 3 0.5292075 pwa_35+62_0.75+0.25
9 Q0 id1070608index0 4 0.527787 pwa_35+62_0.75+0.25
9 Q0 id206214index3 5 0.525205 pwa_35+62_0.75+0.25
9 Q0 id2081333index3 6 0.5251085 pwa_35+62_0.75+0.25
9 Q0 id3048219index0 7 0.5244694 pwa_35+62_0.75+0.25
9 Q0 id3144142index0 8 0.5243342 pwa_35+62_0.75+0.25
9 Q0 id3852638index0 9 0.52430916 pwa_35+62_0.75+0.25
9 Q0 id2069492index0 10 0.52430487 pwa_35+62_0.75+0.25
10 Q0 id4997index3 1 0.8676147 pwa_35+62_0.75+0.25
10 Q0 id2949index4 2 0.71448773 pwa_35+62_0.75+0.25
10 Q0 id10137index3 3 0.6766581 pwa_35+62_0.75+0.25
10 Q0 id14340index3 4 0.6669123 pwa_35+62_0.75+0.25
10 Q0 id18268index3 5 0.6386231 pwa_35+62_0.75+0.25
10 Q0 id17198index3 6 0.63026494 pwa_35+62_0.75+0.25
10 Q0 id18006index3 7 0.61760515 pwa_35+62_0.75+0.25
10 Q0 id26041index3 8 0.60934806 pwa_35+62_0.75+0.25
10 Q0 id18804index3 9 0.6086079 pwa_35+62_0.75+0.25
10 Q0 id25878index3 10 0.5958286 pwa_35+62_0.75+0.25
11 Q0 id1105029index0 1 0.5721856 pwa_35+62_0.75+0.25
11 Q0 id6369index4 2 0.5562037 pwa_35+62_0.75+0.25
11 Q0 id46736549index0 3 0.5292436 pwa_35+62_0.75+0.25
11 Q0 id111496633index0 4 0.5179073 pwa_35+62_0.75+0.25
11 Q0 id82137353index0 5 0.51676595 pwa_35+62_0.75+0.25
11 Q0 id20867768index0 6 0.5150045 pwa_35+62_0.75+0.25
11 Q0 id163605index3 7 0.5140814 pwa_35+62_0.75+0.25
11 Q0 id3464539index0 8 0.51137084 pwa_35+62_0.75+0.25
11 Q0 id3384822index5 9 0.5088025 pwa_35+62_0.75+0.25
11 Q0 id4329556index0 10 0.5084253 pwa_35+62_0.75+0.25
12 Q0 id6436index3 1 0.6516623 pwa_35+62_0.75+0.25
12 Q0 id28529index4 2 0.6189419 pwa_35+62_0.75+0.25
12 Q0 id16309index3 3 0.5712846 pwa_35+62_0.75+0.25
12 Q0 id16247index3 4 0.56958675 pwa_35+62_0.75+0.25
12 Q0 id16549index3 5 0.5652058 pwa_35+62_0.75+0.25
12 Q0 id29892index4 6 0.55375934 pwa_35+62_0.75+0.25
12 Q0 id399637index0 7 0.55256844 pwa_35+62_0.75+0.25
12 Q0 id97702index4 8 0.5486469 pwa_35+62_0.75+0.25
12 Q0 id179278index0 9 0.54089886 pwa_35+62_0.75+0.25
12 Q0 id326016index0 10 0.53474736 pwa_35+62_0.75+0.25
13 Q0 id152498index4 1 0.6203714 pwa_35+62_0.75+0.25
13 Q0 id174820index0 2 0.5948807 pwa_35+62_0.75+0.25
13 Q0 id1274591index3 3 0.5686703 pwa_35+62_0.75+0.25
13 Q0 id21567386index0 4 0.53687936 pwa_35+62_0.75+0.25
13 Q0 id6710206index3 5 0.52723134 pwa_35+62_0.75+0.25
13 Q0 id31472049index4 6 0.52317965 pwa_35+62_0.75+0.25
13 Q0 id6354812index2 7 0.51970726 pwa_35+62_0.75+0.25
13 Q0 id536934index5 8 0.51591605 pwa_35+62_0.75+0.25
13 Q0 id10478425index3 9 0.51576674 pwa_35+62_0.75+0.25
13 Q0 id586126index5 10 0.5157402 pwa_35+62_0.75+0.25
14 Q0 id2492195index0 1 0.5489054 pwa_35+62_0.75+0.25
14 Q0 id1147579index0 2 0.54704547 pwa_35+62_0.75+0.25
14 Q0 id844461index0 3 0.52729017 pwa_35+62_0.75+0.25
14 Q0 id1501999index0 4 0.52519506 pwa_35+62_0.75+0.25
14 Q0 id4258895index0 5 0.52495354 pwa_35+62_0.75+0.25
14 Q0 id48362index0 6 0.52297556 pwa_35+62_0.75+0.25
14 Q0 id27632index0 7 0.5228605 pwa_35+62_0.75+0.25
14 Q0 id29631index0 8 0.5224931 pwa_35+62_0.75+0.25
14 Q0 id233114index0 9 0.5224538 pwa_35+62_0.75+0.25
14 Q0 id54644index0 10 0.52182674 pwa_35+62_0.75+0.25
15 Q0 id11961index4 1 0.6630064 pwa_35+62_0.75+0.25
15 Q0 id49099index4 2 0.596684 pwa_35+62_0.75+0.25
15 Q0 id4639index4 3 0.58195686 pwa_35+62_0.75+0.25
15 Q0 id458573index0 4 0.58043396 pwa_35+62_0.75+0.25
15 Q0 id66227index3 5 0.5797173 pwa_35+62_0.75+0.25
15 Q0 id21862index4 6 0.5767357 pwa_35+62_0.75+0.25
15 Q0 id651382index0 7 0.5745512 pwa_35+62_0.75+0.25
15 Q0 id381321index0 8 0.57348526 pwa_35+62_0.75+0.25
15 Q0 id13614index3 9 0.56665486 pwa_35+62_0.75+0.25
15 Q0 id287586index0 10 0.5606463 pwa_35+62_0.75+0.25
16 Q0 id445index3 1 0.68854207 pwa_35+62_0.75+0.25
16 Q0 id15544index4 2 0.65226877 pwa_35+62_0.75+0.25
16 Q0 id1139index4 3 0.62983114 pwa_35+62_0.75+0.25
16 Q0 id2982index4 4 0.60940266 pwa_35+62_0.75+0.25
16 Q0 id2016index4 5 0.5943839 pwa_35+62_0.75+0.25
16 Q0 id2424index4 6 0.586589 pwa_35+62_0.75+0.25
16 Q0 id405index4 7 0.5843515 pwa_35+62_0.75+0.25
16 Q0 id4075index4 8 0.5832049 pwa_35+62_0.75+0.25
16 Q0 id48250index4 9 0.5790889 pwa_35+62_0.75+0.25
16 Q0 id4155index4 10 0.5788173 pwa_35+62_0.75+0.25
17 Q0 id8682863index0 1 0.5264764 pwa_35+62_0.75+0.25
17 Q0 id6364index0 2 0.52320945 pwa_35+62_0.75+0.25
17 Q0 id1272073index5 3 0.5212401 pwa_35+62_0.75+0.25
17 Q0 id2569551index0 4 0.51991653 pwa_35+62_0.75+0.25
17 Q0 id189826index0 5 0.5192472 pwa_35+62_0.75+0.25
17 Q0 id1790085index5 6 0.5184014 pwa_35+62_0.75+0.25
17 Q0 id923632index0 7 0.5183171 pwa_35+62_0.75+0.25
17 Q0 id171058index0 8 0.5179311 pwa_35+62_0.75+0.25
17 Q0 id1134145index0 9 0.517913 pwa_35+62_0.75+0.25
17 Q0 id910549index5 10 0.5177543 pwa_35+62_0.75+0.25
18 Q0 id306index3 1 0.66741866 pwa_35+62_0.75+0.25
18 Q0 id10979index3 2 0.66279566 pwa_35+62_0.75+0.25
18 Q0 id9119index3 3 0.64595425 pwa_35+62_0.75+0.25
18 Q0 id6699index4 4 0.607748 pwa_35+62_0.75+0.25
18 Q0 id23660index0 5 0.6014043 pwa_35+62_0.75+0.25
18 Q0 id13320index3 6 0.59278 pwa_35+62_0.75+0.25
18 Q0 id15142index3 7 0.58135617 pwa_35+62_0.75+0.25
18 Q0 id214059index4 8 0.5794785 pwa_35+62_0.75+0.25
18 Q0 id28991index3 9 0.5787849 pwa_35+62_0.75+0.25
18 Q0 id4244index4 10 0.57727486 pwa_35+62_0.75+0.25
19 Q0 id4706index3 1 0.76247364 pwa_35+62_0.75+0.25
19 Q0 id7199index3 2 0.7262823 pwa_35+62_0.75+0.25
19 Q0 id6938index3 3 0.702885 pwa_35+62_0.75+0.25
19 Q0 id7376index3 4 0.6821841 pwa_35+62_0.75+0.25
19 Q0 id475index3 5 0.6596105 pwa_35+62_0.75+0.25
19 Q0 id147index3 6 0.64876723 pwa_35+62_0.75+0.25
19 Q0 id12552index3 7 0.642838 pwa_35+62_0.75+0.25
19 Q0 id4126index4 8 0.6386918 pwa_35+62_0.75+0.25
19 Q0 id10780index3 9 0.6162474 pwa_35+62_0.75+0.25
19 Q0 id6182index4 10 0.6006936 pwa_35+62_0.75+0.25
20 Q0 id168407index0 1 0.5565827 pwa_35+62_0.75+0.25
20 Q0 id97631index0 2 0.55483794 pwa_35+62_0.75+0.25
20 Q0 id118281index4 3 0.5494961 pwa_35+62_0.75+0.25
20 Q0 id4564753index0 4 0.524385 pwa_35+62_0.75+0.25
20 Q0 id520376index5 5 0.5238779 pwa_35+62_0.75+0.25
20 Q0 id101439index0 6 0.52333903 pwa_35+62_0.75+0.25
20 Q0 id110529index0 7 0.5222665 pwa_35+62_0.75+0.25
20 Q0 id296133index4 8 0.52207243 pwa_35+62_0.75+0.25
20 Q0 id79327index0 9 0.5218543 pwa_35+62_0.75+0.25
20 Q0 id24757720index3 10 0.52182674 pwa_35+62_0.75+0.25
21 Q0 id7053201index0 1 0.5295119 pwa_35+62_0.75+0.25
21 Q0 id3841686index0 2 0.51797414 pwa_35+62_0.75+0.25
21 Q0 id22002652index0 3 0.51724446 pwa_35+62_0.75+0.25
21 Q0 id198394index0 4 0.5154782 pwa_35+62_0.75+0.25
21 Q0 id913064index3 5 0.5151777 pwa_35+62_0.75+0.25
21 Q0 id1673573index0 6 0.5150831 pwa_35+62_0.75+0.25
21 Q0 id274193index5 7 0.51492435 pwa_35+62_0.75+0.25
21 Q0 id7980406index3 8 0.5136049 pwa_35+62_0.75+0.25
21 Q0 id507004index0 9 0.51341283 pwa_35+62_0.75+0.25
21 Q0 id2734index0 10 0.51272553 pwa_35+62_0.75+0.25
22 Q0 id894index0 1 0.63523906 pwa_35+62_0.75+0.25
22 Q0 id27051index0 2 0.6156138 pwa_35+62_0.75+0.25
22 Q0 id239364index0 3 0.57642066 pwa_35+62_0.75+0.25
22 Q0 id45203index0 4 0.57233155 pwa_35+62_0.75+0.25
22 Q0 id805614index0 5 0.56023806 pwa_35+62_0.75+0.25
22 Q0 id759163index0 6 0.55984676 pwa_35+62_0.75+0.25
22 Q0 id420846index0 7 0.55866 pwa_35+62_0.75+0.25
22 Q0 id72878index0 8 0.55752546 pwa_35+62_0.75+0.25
22 Q0 id108958index0 9 0.55124116 pwa_35+62_0.75+0.25
22 Q0 id47791index0 10 0.54748994 pwa_35+62_0.75+0.25
23 Q0 id441575index0 1 0.5995042 pwa_35+62_0.75+0.25
23 Q0 id40877397index0 2 0.54645383 pwa_35+62_0.75+0.25
23 Q0 id1282995index0 3 0.5440246 pwa_35+62_0.75+0.25
23 Q0 id9295656index0 4 0.54289865 pwa_35+62_0.75+0.25
23 Q0 id24968223index0 5 0.5425205 pwa_35+62_0.75+0.25
23 Q0 id41173020index0 6 0.54162693 pwa_35+62_0.75+0.25
23 Q0 id402866index0 7 0.5172553 pwa_35+62_0.75+0.25
23 Q0 id25174137index0 8 0.5068232 pwa_35+62_0.75+0.25
23 Q0 id10294055index0 9 0.5058341 pwa_35+62_0.75+0.25
23 Q0 id15296428index0 10 0.50461465 pwa_35+62_0.75+0.25
24 Q0 id2499index0 1 0.58466613 pwa_35+62_0.75+0.25
24 Q0 id39530index0 2 0.5552124 pwa_35+62_0.75+0.25
24 Q0 id14393index0 3 0.5316473 pwa_35+62_0.75+0.25
24 Q0 id81288index5 4 0.53092825 pwa_35+62_0.75+0.25
24 Q0 id367index1 5 0.5238417 pwa_35+62_0.75+0.25
24 Q0 id234415index4 6 0.52308387 pwa_35+62_0.75+0.25
24 Q0 id86692index0 7 0.52222437 pwa_35+62_0.75+0.25
24 Q0 id41593index0 8 0.52180755 pwa_35+62_0.75+0.25
24 Q0 id1681927index0 9 0.5207166 pwa_35+62_0.75+0.25
24 Q0 id1946index5 10 0.5202789 pwa_35+62_0.75+0.25
25 Q0 id86214index4 1 0.598138 pwa_35+62_0.75+0.25
25 Q0 id2017index5 2 0.5235286 pwa_35+62_0.75+0.25
25 Q0 id462518index5 3 0.5198432 pwa_35+62_0.75+0.25
25 Q0 id1991955index0 4 0.51631963 pwa_35+62_0.75+0.25
25 Q0 id29131583index3 5 0.51613235 pwa_35+62_0.75+0.25
25 Q0 id6517116index0 6 0.5154164 pwa_35+62_0.75+0.25
25 Q0 id3298436index0 7 0.5139074 pwa_35+62_0.75+0.25
25 Q0 id10940424index0 8 0.5128684 pwa_35+62_0.75+0.25
25 Q0 id13533701index0 9 0.5120462 pwa_35+62_0.75+0.25
25 Q0 id14849895index3 10 0.5119871 pwa_35+62_0.75+0.25
26 Q0 id3706index5 1 0.61907125 pwa_35+62_0.75+0.25
26 Q0 id26808index5 2 0.52905023 pwa_35+62_0.75+0.25
26 Q0 id721025index5 3 0.52892065 pwa_35+62_0.75+0.25
26 Q0 id18842index5 4 0.52595687 pwa_35+62_0.75+0.25
26 Q0 id215021index5 5 0.52282155 pwa_35+62_0.75+0.25
26 Q0 id1376546index5 6 0.52281505 pwa_35+62_0.75+0.25
26 Q0 id2861175index5 7 0.5221307 pwa_35+62_0.75+0.25
26 Q0 id717483index5 8 0.5196793 pwa_35+62_0.75+0.25
26 Q0 id1373472index5 9 0.51962924 pwa_35+62_0.75+0.25
26 Q0 id397186index5 10 0.5195774 pwa_35+62_0.75+0.25
27 Q0 id496559index0 1 0.55676895 pwa_35+62_0.75+0.25
27 Q0 id2481452index0 2 0.5260786 pwa_35+62_0.75+0.25
27 Q0 id869782index0 3 0.52552897 pwa_35+62_0.75+0.25
27 Q0 id19542index0 4 0.5238775 pwa_35+62_0.75+0.25
27 Q0 id389330index0 5 0.523283 pwa_35+62_0.75+0.25
27 Q0 id1021460index0 6 0.52307844 pwa_35+62_0.75+0.25
27 Q0 id427002index0 7 0.52278805 pwa_35+62_0.75+0.25
27 Q0 id1001108index0 8 0.5207286 pwa_35+62_0.75+0.25
27 Q0 id12921index0 9 0.5204759 pwa_35+62_0.75+0.25
27 Q0 id23946index0 10 0.5204759 pwa_35+62_0.75+0.25
28 Q0 id1023index4 1 0.82939744 pwa_35+62_0.75+0.25
28 Q0 id106653index4 2 0.5866542 pwa_35+62_0.75+0.25
28 Q0 id66928index4 3 0.5739614 pwa_35+62_0.75+0.25
28 Q0 id125773index3 4 0.5714023 pwa_35+62_0.75+0.25
28 Q0 id16469index3 5 0.56469476 pwa_35+62_0.75+0.25
28 Q0 id34130index0 6 0.5547968 pwa_35+62_0.75+0.25
28 Q0 id232347index3 7 0.55297685 pwa_35+62_0.75+0.25
28 Q0 id337index0 8 0.5496135 pwa_35+62_0.75+0.25
28 Q0 id344253index0 9 0.5490797 pwa_35+62_0.75+0.25
28 Q0 id760084index0 10 0.5448862 pwa_35+62_0.75+0.25
29 Q0 id14699index5 1 0.55990267 pwa_35+62_0.75+0.25
29 Q0 id3664index5 2 0.5597154 pwa_35+62_0.75+0.25
29 Q0 id2161306index5 3 0.5368114 pwa_35+62_0.75+0.25
29 Q0 id70472index5 4 0.5364211 pwa_35+62_0.75+0.25
29 Q0 id104460index5 5 0.5333752 pwa_35+62_0.75+0.25
29 Q0 id78622index5 6 0.5299947 pwa_35+62_0.75+0.25
29 Q0 id305756index5 7 0.52781004 pwa_35+62_0.75+0.25
29 Q0 id56802index5 8 0.5273187 pwa_35+62_0.75+0.25
29 Q0 id105081index5 9 0.5272552 pwa_35+62_0.75+0.25
29 Q0 id227750index5 10 0.5269334 pwa_35+62_0.75+0.25
30 Q0 id23630index4 1 0.61130196 pwa_35+62_0.75+0.25
30 Q0 id19181index5 2 0.5401411 pwa_35+62_0.75+0.25
30 Q0 id7894843index0 3 0.5356078 pwa_35+62_0.75+0.25
30 Q0 id11604986index3 4 0.5343977 pwa_35+62_0.75+0.25
30 Q0 id6741985index0 5 0.53330714 pwa_35+62_0.75+0.25
30 Q0 id5061631index0 6 0.5331559 pwa_35+62_0.75+0.25
30 Q0 id1776440index5 7 0.5310393 pwa_35+62_0.75+0.25
30 Q0 id759659index3 8 0.52424467 pwa_35+62_0.75+0.25
30 Q0 id52109index0 9 0.5233684 pwa_35+62_0.75+0.25
30 Q0 id1851index0 10 0.52336377 pwa_35+62_0.75+0.25
31 Q0 id7064index4 1 0.6410286 pwa_35+62_0.75+0.25
31 Q0 id18251index3 2 0.605876 pwa_35+62_0.75+0.25
31 Q0 id74440index4 3 0.5902192 pwa_35+62_0.75+0.25
31 Q0 id26670index4 4 0.5847697 pwa_35+62_0.75+0.25
31 Q0 id87785index4 5 0.567213 pwa_35+62_0.75+0.25
31 Q0 id36367index3 6 0.5641641 pwa_35+62_0.75+0.25
31 Q0 id166051index4 7 0.5599204 pwa_35+62_0.75+0.25
31 Q0 id328466index3 8 0.55959934 pwa_35+62_0.75+0.25
31 Q0 id23672index3 9 0.55952597 pwa_35+62_0.75+0.25
31 Q0 id335416index3 10 0.559211 pwa_35+62_0.75+0.25
32 Q0 id18302index4 1 0.64469516 pwa_35+62_0.75+0.25
32 Q0 id10207index0 2 0.606914 pwa_35+62_0.75+0.25
32 Q0 id2098index4 3 0.5992044 pwa_35+62_0.75+0.25
32 Q0 id38597index0 4 0.57974297 pwa_35+62_0.75+0.25
32 Q0 id21519index0 5 0.5795065 pwa_35+62_0.75+0.25
32 Q0 id198936index3 6 0.55723083 pwa_35+62_0.75+0.25
32 Q0 id2783103index5 7 0.5375139 pwa_35+62_0.75+0.25
32 Q0 id175358index0 8 0.532753 pwa_35+62_0.75+0.25
32 Q0 id161337index5 9 0.5287747 pwa_35+62_0.75+0.25
32 Q0 id3370417index5 10 0.52480686 pwa_35+62_0.75+0.25
33 Q0 id9022index3 1 0.57178354 pwa_35+62_0.75+0.25
33 Q0 id83351index3 2 0.56721246 pwa_35+62_0.75+0.25
33 Q0 id651496index0 3 0.56473166 pwa_35+62_0.75+0.25
33 Q0 id240868index0 4 0.55210036 pwa_35+62_0.75+0.25
33 Q0 id31949index4 5 0.54967636 pwa_35+62_0.75+0.25
33 Q0 id190436index0 6 0.5346287 pwa_35+62_0.75+0.25
33 Q0 id3138140index0 7 0.5346287 pwa_35+62_0.75+0.25
33 Q0 id323024index3 8 0.53302616 pwa_35+62_0.75+0.25
33 Q0 id4308338index3 9 0.5304672 pwa_35+62_0.75+0.25
33 Q0 id578382index0 10 0.5275128 pwa_35+62_0.75+0.25
34 Q0 id61056index4 1 0.59589195 pwa_35+62_0.75+0.25
34 Q0 id211045index3 2 0.5596001 pwa_35+62_0.75+0.25
34 Q0 id2353738index3 3 0.5439062 pwa_35+62_0.75+0.25
34 Q0 id13672315index3 4 0.5439062 pwa_35+62_0.75+0.25
34 Q0 id15101247index3 5 0.5439062 pwa_35+62_0.75+0.25
34 Q0 id19385808index3 6 0.5438789 pwa_35+62_0.75+0.25
34 Q0 id3677796index3 7 0.5438517 pwa_35+62_0.75+0.25
34 Q0 id275947index3 8 0.5437751 pwa_35+62_0.75+0.25
34 Q0 id9389159index3 9 0.5436043 pwa_35+62_0.75+0.25
34 Q0 id23671312index3 10 0.5434116 pwa_35+62_0.75+0.25
35 Q0 id640234index4 1 0.5250449 pwa_35+62_0.75+0.25
35 Q0 id16937620index4 2 0.5168177 pwa_35+62_0.75+0.25
35 Q0 id23332584index4 3 0.5152763 pwa_35+62_0.75+0.25
35 Q0 id4154847index4 4 0.51309776 pwa_35+62_0.75+0.25
35 Q0 id10547310index4 5 0.51114064 pwa_35+62_0.75+0.25
35 Q0 id16937621index4 6 0.5106239 pwa_35+62_0.75+0.25
35 Q0 id36116923index4 7 0.51010925 pwa_35+62_0.75+0.25
35 Q0 id4890610index0 8 0.5035856 pwa_35+62_0.75+0.25
35 Q0 id2089517index3 9 0.50108695 pwa_35+62_0.75+0.25
35 Q0 id9118138index3 10 0.49974668 pwa_35+62_0.75+0.25
36 Q0 id39564index3 1 0.64191175 pwa_35+62_0.75+0.25
36 Q0 id74377index4 2 0.5878463 pwa_35+62_0.75+0.25
36 Q0 id49177index3 3 0.5791682 pwa_35+62_0.75+0.25
36 Q0 id122672index0 4 0.5455177 pwa_35+62_0.75+0.25
36 Q0 id20187439index0 5 0.5287895 pwa_35+62_0.75+0.25
36 Q0 id848507index4 6 0.5284328 pwa_35+62_0.75+0.25
36 Q0 id55803index3 7 0.5279322 pwa_35+62_0.75+0.25
36 Q0 id409734index3 8 0.52661985 pwa_35+62_0.75+0.25
36 Q0 id1092603index3 9 0.5265298 pwa_35+62_0.75+0.25
36 Q0 id20187437index0 10 0.5246262 pwa_35+62_0.75+0.25
37 Q0 id317index3 1 1.9730285 pwa_35+62_0.75+0.25
37 Q0 id96354index0 2 0.5987677 pwa_35+62_0.75+0.25
37 Q0 id4257index3 3 0.5906248 pwa_35+62_0.75+0.25
37 Q0 id288484index5 4 0.5471089 pwa_35+62_0.75+0.25
37 Q0 id1992026index0 5 0.5434474 pwa_35+62_0.75+0.25
37 Q0 id1558807index0 6 0.5434175 pwa_35+62_0.75+0.25
37 Q0 id5551397index0 7 0.5423307 pwa_35+62_0.75+0.25
37 Q0 id2431762index0 8 0.54193443 pwa_35+62_0.75+0.25
37 Q0 id5057350index0 9 0.54034096 pwa_35+62_0.75+0.25
37 Q0 id2400395index0 10 0.5402157 pwa_35+62_0.75+0.25
38 Q0 id1030096index4 1 0.51542693 pwa_35+62_0.75+0.25
38 Q0 id1871index4 2 0.5106893 pwa_35+62_0.75+0.25
38 Q0 id520728index4 3 0.51041794 pwa_35+62_0.75+0.25
38 Q0 id1234301index4 4 0.50708145 pwa_35+62_0.75+0.25
38 Q0 id228734index0 5 0.5054935 pwa_35+62_0.75+0.25
38 Q0 id12544index3 6 0.5043965 pwa_35+62_0.75+0.25
38 Q0 id10843832index4 7 0.5032674 pwa_35+62_0.75+0.25
38 Q0 id208308index0 8 0.5021667 pwa_35+62_0.75+0.25
38 Q0 id8393940index4 9 0.5020916 pwa_35+62_0.75+0.25
38 Q0 id10481119index4 10 0.5008123 pwa_35+62_0.75+0.25
39 Q0 id11609index4 1 0.6631317 pwa_35+62_0.75+0.25
39 Q0 id338683index4 2 0.5918299 pwa_35+62_0.75+0.25
39 Q0 id69549index3 3 0.58943146 pwa_35+62_0.75+0.25
39 Q0 id360351index0 4 0.586722 pwa_35+62_0.75+0.25
39 Q0 id545107index0 5 0.5579864 pwa_35+62_0.75+0.25
39 Q0 id1194954index0 6 0.5496384 pwa_35+62_0.75+0.25
39 Q0 id336550index3 7 0.52430403 pwa_35+62_0.75+0.25
39 Q0 id2667index3 8 0.52338904 pwa_35+62_0.75+0.25
39 Q0 id75162index0 9 0.5233559 pwa_35+62_0.75+0.25
39 Q0 id13203index0 10 0.5233249 pwa_35+62_0.75+0.25
40 Q0 id22586index5 1 0.5448351 pwa_35+62_0.75+0.25
40 Q0 id607321index5 2 0.5448223 pwa_35+62_0.75+0.25
40 Q0 id16810index5 3 0.5441568 pwa_35+62_0.75+0.25
40 Q0 id1685603index0 4 0.5435312 pwa_35+62_0.75+0.25
40 Q0 id52303index5 5 0.53676933 pwa_35+62_0.75+0.25
40 Q0 id55089index5 6 0.53516924 pwa_35+62_0.75+0.25
40 Q0 id729988index5 7 0.53177404 pwa_35+62_0.75+0.25
40 Q0 id738733index5 8 0.5313728 pwa_35+62_0.75+0.25
40 Q0 id886403index5 9 0.5292246 pwa_35+62_0.75+0.25
40 Q0 id1291515index5 10 0.52918977 pwa_35+62_0.75+0.25
41 Q0 id559968index0 1 0.58956915 pwa_35+62_0.75+0.25
41 Q0 id13656index0 2 0.5716719 pwa_35+62_0.75+0.25
41 Q0 id350290index0 3 0.55321705 pwa_35+62_0.75+0.25
41 Q0 id836480index5 4 0.54789555 pwa_35+62_0.75+0.25
41 Q0 id71056index5 5 0.5394959 pwa_35+62_0.75+0.25
41 Q0 id2818418index2 6 0.5369308 pwa_35+62_0.75+0.25
41 Q0 id2677406index0 7 0.5306276 pwa_35+62_0.75+0.25
41 Q0 id5127791index0 8 0.5285459 pwa_35+62_0.75+0.25
41 Q0 id8709index3 9 0.5282077 pwa_35+62_0.75+0.25
41 Q0 id22021717index3 10 0.52722704 pwa_35+62_0.75+0.25
42 Q0 id108981index0 1 0.5864561 pwa_35+62_0.75+0.25
42 Q0 id44185index4 2 0.5556005 pwa_35+62_0.75+0.25
42 Q0 id64642996index0 3 0.5225622 pwa_35+62_0.75+0.25
42 Q0 id301227index4 4 0.520556 pwa_35+62_0.75+0.25
42 Q0 id358438index3 5 0.5182961 pwa_35+62_0.75+0.25
42 Q0 id264465index0 6 0.5177851 pwa_35+62_0.75+0.25
42 Q0 id112310109index0 7 0.5165597 pwa_35+62_0.75+0.25
42 Q0 id27421136index0 8 0.51597625 pwa_35+62_0.75+0.25
42 Q0 id53562325index0 9 0.5154799 pwa_35+62_0.75+0.25
42 Q0 id7079238index4 10 0.5152569 pwa_35+62_0.75+0.25
43 Q0 id1310index4 1 0.62753713 pwa_35+62_0.75+0.25
43 Q0 id6368index0 2 0.6045164 pwa_35+62_0.75+0.25
43 Q0 id99index5 3 0.5816296 pwa_35+62_0.75+0.25
43 Q0 id7643index3 4 0.5804055 pwa_35+62_0.75+0.25
43 Q0 id276index5 5 0.57416743 pwa_35+62_0.75+0.25
43 Q0 id613index5 6 0.56562525 pwa_35+62_0.75+0.25
43 Q0 id43114index0 7 0.562863 pwa_35+62_0.75+0.25
43 Q0 id59index5 8 0.5600337 pwa_35+62_0.75+0.25
43 Q0 id787index5 9 0.5598939 pwa_35+62_0.75+0.25
43 Q0 id3678index0 10 0.5564778 pwa_35+62_0.75+0.25
44 Q0 id3768index4 1 0.52073646 pwa_35+62_0.75+0.25
44 Q0 id5031index4 2 0.51701045 pwa_35+62_0.75+0.25
44 Q0 id14654298index3 3 0.5072253 pwa_35+62_0.75+0.25
44 Q0 id748054index2 4 0.50425935 pwa_35+62_0.75+0.25
44 Q0 id41133301index0 5 0.50215304 pwa_35+62_0.75+0.25
44 Q0 id373920index0 6 0.50077236 pwa_35+62_0.75+0.25
44 Q0 id17753643index3 7 0.49957186 pwa_35+62_0.75+0.25
44 Q0 id111568778index0 8 0.49864113 pwa_35+62_0.75+0.25
44 Q0 id2256078index0 9 0.4985841 pwa_35+62_0.75+0.25
44 Q0 id85621925index0 10 0.49848512 pwa_35+62_0.75+0.25
45 Q0 id48109index3 1 0.5847812 pwa_35+62_0.75+0.25
45 Q0 id5677016index4 2 0.55197465 pwa_35+62_0.75+0.25
45 Q0 id20502index0 3 0.5218607 pwa_35+62_0.75+0.25
45 Q0 id89745193index0 4 0.5194463 pwa_35+62_0.75+0.25
45 Q0 id89618476index0 5 0.519408 pwa_35+62_0.75+0.25
45 Q0 id6622288index0 6 0.5187675 pwa_35+62_0.75+0.25
45 Q0 id35489692index0 7 0.5174534 pwa_35+62_0.75+0.25
45 Q0 id1252201index5 8 0.5136784 pwa_35+62_0.75+0.25
45 Q0 id4812288index3 9 0.5129766 pwa_35+62_0.75+0.25
45 Q0 id356957index0 10 0.51288104 pwa_35+62_0.75+0.25
46 Q0 id23444074index3 1 0.5236181 pwa_35+62_0.75+0.25
46 Q0 id38940992index0 2 0.5233484 pwa_35+62_0.75+0.25
46 Q0 id32648752index4 3 0.5233177 pwa_35+62_0.75+0.25
46 Q0 id30583457index3 4 0.52312285 pwa_35+62_0.75+0.25
46 Q0 id159038index0 5 0.5225712 pwa_35+62_0.75+0.25
46 Q0 id14874168index3 6 0.5185195 pwa_35+62_0.75+0.25
46 Q0 id5092680index3 7 0.51824486 pwa_35+62_0.75+0.25
46 Q0 id197145index0 8 0.5180577 pwa_35+62_0.75+0.25
46 Q0 id2849257index0 9 0.51634526 pwa_35+62_0.75+0.25
46 Q0 id93202174index0 10 0.51526386 pwa_35+62_0.75+0.25
47 Q0 id105130307index0 1 0.51567286 pwa_35+62_0.75+0.25
47 Q0 id294854index0 2 0.50831056 pwa_35+62_0.75+0.25
47 Q0 id503636index0 3 0.49991357 pwa_35+62_0.75+0.25
47 Q0 id87588063index0 4 0.48738474 pwa_35+62_0.75+0.25
47 Q0 id2418037index0 5 0.48395842 pwa_35+62_0.75+0.25
47 Q0 id87897628index0 6 0.48060107 pwa_35+62_0.75+0.25
47 Q0 id107535795index0 7 0.4778687 pwa_35+62_0.75+0.25
47 Q0 id24196479index0 8 0.47614062 pwa_35+62_0.75+0.25
47 Q0 id56395355index0 9 0.47387022 pwa_35+62_0.75+0.25
47 Q0 id23323465index0 10 0.47334474 pwa_35+62_0.75+0.25
48 Q0 id8277279index0 1 0.5269556 pwa_35+62_0.75+0.25
48 Q0 id1180418index5 2 0.5149609 pwa_35+62_0.75+0.25
48 Q0 id13183205index0 3 0.5011054 pwa_35+62_0.75+0.25
48 Q0 id5813373index0 4 0.49761862 pwa_35+62_0.75+0.25
48 Q0 id8973957index0 5 0.4976163 pwa_35+62_0.75+0.25
48 Q0 id5519398index0 6 0.497589 pwa_35+62_0.75+0.25
48 Q0 id5546383index0 7 0.49754667 pwa_35+62_0.75+0.25
48 Q0 id69910733index0 8 0.49331287 pwa_35+62_0.75+0.25
48 Q0 id35038438index3 9 0.49243078 pwa_35+62_0.75+0.25
48 Q0 id2063131index0 10 0.48589846 pwa_35+62_0.75+0.25
49 Q0 id21069index5 1 0.5205395 pwa_35+62_0.75+0.25
49 Q0 id156371index5 2 0.5150861 pwa_35+62_0.75+0.25
49 Q0 id1252181index5 3 0.5095932 pwa_35+62_0.75+0.25
49 Q0 id2868066index5 4 0.50141144 pwa_35+62_0.75+0.25
49 Q0 id2868070index5 5 0.50126016 pwa_35+62_0.75+0.25
49 Q0 id2873550index5 6 0.5012554 pwa_35+62_0.75+0.25
49 Q0 id741907index5 7 0.5012505 pwa_35+62_0.75+0.25
49 Q0 id1273211index5 8 0.50124824 pwa_35+62_0.75+0.25
49 Q0 id3400226index5 9 0.5012344 pwa_35+62_0.75+0.25
49 Q0 id2357202index5 10 0.5009061 pwa_35+62_0.75+0.25
50 Q0 id2184index4 1 0.62356955 pwa_35+62_0.75+0.25
50 Q0 id649index3 2 0.6077429 pwa_35+62_0.75+0.25
50 Q0 id8804index4 3 0.5900486 pwa_35+62_0.75+0.25
50 Q0 id25085index0 4 0.5863474 pwa_35+62_0.75+0.25
50 Q0 id17123index4 5 0.5745383 pwa_35+62_0.75+0.25
50 Q0 id3274index4 6 0.5730386 pwa_35+62_0.75+0.25
50 Q0 id52261index4 7 0.5689101 pwa_35+62_0.75+0.25
50 Q0 id134993index0 8 0.55921316 pwa_35+62_0.75+0.25
50 Q0 id104629index0 9 0.555123 pwa_35+62_0.75+0.25
50 Q0 id625318index0 10 0.5547042 pwa_35+62_0.75+0.25
