1 Q0 id982index5 1 0.6473503 pwa_35+64_0.5+0.5
1 Q0 id17793index5 2 0.6158856 pwa_35+64_0.5+0.5
1 Q0 id6902index5 3 0.6152752 pwa_35+64_0.5+0.5
1 Q0 id3590index5 4 0.6070389 pwa_35+64_0.5+0.5
1 Q0 id146index5 5 0.59828687 pwa_35+64_0.5+0.5
1 Q0 id4784index5 6 0.58211035 pwa_35+64_0.5+0.5
1 Q0 id8447index5 7 0.5775922 pwa_35+64_0.5+0.5
1 Q0 id4513index5 8 0.5774121 pwa_35+64_0.5+0.5
1 Q0 id4120index5 9 0.57739115 pwa_35+64_0.5+0.5
1 Q0 id8608index5 10 0.5703824 pwa_35+64_0.5+0.5
2 Q0 id983index5 1 0.62918407 pwa_35+64_0.5+0.5
2 Q0 id42642index5 2 0.615278 pwa_35+64_0.5+0.5
2 Q0 id4962index5 3 0.6030375 pwa_35+64_0.5+0.5
2 Q0 id22988index5 4 0.5890032 pwa_35+64_0.5+0.5
2 Q0 id1548index5 5 0.56906027 pwa_35+64_0.5+0.5
2 Q0 id5380index5 6 0.5596672 pwa_35+64_0.5+0.5
2 Q0 id3256index5 7 0.5448904 pwa_35+64_0.5+0.5
2 Q0 id13066index5 8 0.5219133 pwa_35+64_0.5+0.5
2 Q0 id269406index5 9 0.517752 pwa_35+64_0.5+0.5
2 Q0 id75102index5 10 0.51120174 pwa_35+64_0.5+0.5
3 Q0 id922index3 1 0.6524276 pwa_35+64_0.5+0.5
3 Q0 id15280index0 2 0.62529314 pwa_35+64_0.5+0.5
3 Q0 id85395index0 3 0.62426704 pwa_35+64_0.5+0.5
3 Q0 id42581index0 4 0.6172077 pwa_35+64_0.5+0.5
3 Q0 id19572index0 5 0.6163945 pwa_35+64_0.5+0.5
3 Q0 id120index0 6 0.6160432 pwa_35+64_0.5+0.5
3 Q0 id33192index0 7 0.61553955 pwa_35+64_0.5+0.5
3 Q0 id61133index0 8 0.6154979 pwa_35+64_0.5+0.5
3 Q0 id59385index0 9 0.61491984 pwa_35+64_0.5+0.5
3 Q0 id2481index5 10 0.6073172 pwa_35+64_0.5+0.5
4 Q0 id227437index0 1 0.6255256 pwa_35+64_0.5+0.5
4 Q0 id596925index0 2 0.62493205 pwa_35+64_0.5+0.5
4 Q0 id4750index2 3 0.6176542 pwa_35+64_0.5+0.5
4 Q0 id34880index0 4 0.616741 pwa_35+64_0.5+0.5
4 Q0 id2431index0 5 0.61613786 pwa_35+64_0.5+0.5
4 Q0 id400824index0 6 0.6157113 pwa_35+64_0.5+0.5
4 Q0 id2006index5 7 0.61562186 pwa_35+64_0.5+0.5
4 Q0 id966117index0 8 0.6154838 pwa_35+64_0.5+0.5
4 Q0 id668148index0 9 0.6075909 pwa_35+64_0.5+0.5
4 Q0 id319256index0 10 0.60672474 pwa_35+64_0.5+0.5
5 Q0 id1255index3 1 0.70985067 pwa_35+64_0.5+0.5
5 Q0 id1694index3 2 0.65181285 pwa_35+64_0.5+0.5
5 Q0 id5003index0 3 0.6339525 pwa_35+64_0.5+0.5
5 Q0 id35487index0 4 0.63275415 pwa_35+64_0.5+0.5
5 Q0 id2642index4 5 0.62996644 pwa_35+64_0.5+0.5
5 Q0 id1919index4 6 0.6271533 pwa_35+64_0.5+0.5
5 Q0 id19102index2 7 0.625252 pwa_35+64_0.5+0.5
5 Q0 id3822index0 8 0.62435687 pwa_35+64_0.5+0.5
5 Q0 id11226index0 9 0.6227691 pwa_35+64_0.5+0.5
5 Q0 id4666index2 10 0.6172819 pwa_35+64_0.5+0.5
6 Q0 id52685index0 1 0.6253008 pwa_35+64_0.5+0.5
6 Q0 id1321754index0 2 0.62451917 pwa_35+64_0.5+0.5
6 Q0 id883273index0 3 0.61745983 pwa_35+64_0.5+0.5
6 Q0 id31893index0 4 0.6164 pwa_35+64_0.5+0.5
6 Q0 id304890index0 5 0.61557776 pwa_35+64_0.5+0.5
6 Q0 id22242index0 6 0.6154405 pwa_35+64_0.5+0.5
6 Q0 id2761316index0 7 0.61512756 pwa_35+64_0.5+0.5
6 Q0 id4164847index0 8 0.597617 pwa_35+64_0.5+0.5
6 Q0 id2210950index0 9 0.5933864 pwa_35+64_0.5+0.5
6 Q0 id5134index0 10 0.5887037 pwa_35+64_0.5+0.5
7 Q0 id809597index0 1 0.6255712 pwa_35+64_0.5+0.5
7 Q0 id1720804index0 2 0.6155633 pwa_35+64_0.5+0.5
7 Q0 id56250index0 3 0.59742403 pwa_35+64_0.5+0.5
7 Q0 id12330index2 4 0.59688145 pwa_35+64_0.5+0.5
7 Q0 id298997index0 5 0.5934031 pwa_35+64_0.5+0.5
7 Q0 id2452593index2 6 0.58158123 pwa_35+64_0.5+0.5
7 Q0 id44564index0 7 0.58113533 pwa_35+64_0.5+0.5
7 Q0 id268292index0 8 0.580586 pwa_35+64_0.5+0.5
7 Q0 id33131index3 9 0.57139444 pwa_35+64_0.5+0.5
7 Q0 id31766index0 10 0.5619555 pwa_35+64_0.5+0.5
8 Q0 id25470index0 1 0.62541205 pwa_35+64_0.5+0.5
8 Q0 id585309index0 2 0.62449443 pwa_35+64_0.5+0.5
8 Q0 id157464index0 3 0.6173187 pwa_35+64_0.5+0.5
8 Q0 id347881index0 4 0.6165104 pwa_35+64_0.5+0.5
8 Q0 id562index3 5 0.6160687 pwa_35+64_0.5+0.5
8 Q0 id255331index0 6 0.6156089 pwa_35+64_0.5+0.5
8 Q0 id15757index0 7 0.6154726 pwa_35+64_0.5+0.5
8 Q0 id63265index0 8 0.6150431 pwa_35+64_0.5+0.5
8 Q0 id462453index0 9 0.6073626 pwa_35+64_0.5+0.5
8 Q0 id5946index0 10 0.6070111 pwa_35+64_0.5+0.5
9 Q0 id530645index0 1 0.6253909 pwa_35+64_0.5+0.5
9 Q0 id2554166index2 2 0.6244755 pwa_35+64_0.5+0.5
9 Q0 id3653index2 3 0.61741614 pwa_35+64_0.5+0.5
9 Q0 id486414index0 4 0.6163718 pwa_35+64_0.5+0.5
9 Q0 id17730index0 5 0.616103 pwa_35+64_0.5+0.5
9 Q0 id2965index5 6 0.6156332 pwa_35+64_0.5+0.5
9 Q0 id4562676index0 7 0.615603 pwa_35+64_0.5+0.5
9 Q0 id899803index0 8 0.6150658 pwa_35+64_0.5+0.5
9 Q0 id511297index0 9 0.60246706 pwa_35+64_0.5+0.5
9 Q0 id27362index0 10 0.5985034 pwa_35+64_0.5+0.5
10 Q0 id2949index4 1 0.6998839 pwa_35+64_0.5+0.5
10 Q0 id6751index4 2 0.6367586 pwa_35+64_0.5+0.5
10 Q0 id10964index0 3 0.6252767 pwa_35+64_0.5+0.5
10 Q0 id120709index0 4 0.6243094 pwa_35+64_0.5+0.5
10 Q0 id297344index0 5 0.6172501 pwa_35+64_0.5+0.5
10 Q0 id26186index0 6 0.61633456 pwa_35+64_0.5+0.5
10 Q0 id28637index0 7 0.6159384 pwa_35+64_0.5+0.5
10 Q0 id915619index0 8 0.6155402 pwa_35+64_0.5+0.5
10 Q0 id50238index0 9 0.61522543 pwa_35+64_0.5+0.5
10 Q0 id75813index0 10 0.6149745 pwa_35+64_0.5+0.5
11 Q0 id4329556index0 1 0.6069288 pwa_35+64_0.5+0.5
11 Q0 id46423123index0 2 0.58533114 pwa_35+64_0.5+0.5
11 Q0 id6369index4 3 0.5550605 pwa_35+64_0.5+0.5
11 Q0 id111496633index0 4 0.5450243 pwa_35+64_0.5+0.5
11 Q0 id19591915index0 5 0.47000054 pwa_35+64_0.5+0.5
11 Q0 id2648038index2 6 0.4683352 pwa_35+64_0.5+0.5
11 Q0 id16492502index0 7 0.4675042 pwa_35+64_0.5+0.5
11 Q0 id515372index0 8 0.46597463 pwa_35+64_0.5+0.5
11 Q0 id3263788index0 9 0.46589187 pwa_35+64_0.5+0.5
11 Q0 id32366478index0 10 0.46019953 pwa_35+64_0.5+0.5
12 Q0 id54106index0 1 0.62529975 pwa_35+64_0.5+0.5
12 Q0 id709876index0 2 0.6242717 pwa_35+64_0.5+0.5
12 Q0 id191369index0 3 0.6173533 pwa_35+64_0.5+0.5
12 Q0 id130index2 4 0.6162577 pwa_35+64_0.5+0.5
12 Q0 id31868index0 5 0.6159088 pwa_35+64_0.5+0.5
12 Q0 id70296index0 6 0.6156435 pwa_35+64_0.5+0.5
12 Q0 id674index2 7 0.61550426 pwa_35+64_0.5+0.5
12 Q0 id21646index2 8 0.6149913 pwa_35+64_0.5+0.5
12 Q0 id6166643index2 9 0.60733926 pwa_35+64_0.5+0.5
12 Q0 id409703index0 10 0.6066862 pwa_35+64_0.5+0.5
13 Q0 id3302index2 1 0.6163873 pwa_35+64_0.5+0.5
13 Q0 id31279358index0 2 0.6151355 pwa_35+64_0.5+0.5
13 Q0 id6354812index2 3 0.6074708 pwa_35+64_0.5+0.5
13 Q0 id120946index0 4 0.60251427 pwa_35+64_0.5+0.5
13 Q0 id1645079index0 5 0.59012836 pwa_35+64_0.5+0.5
13 Q0 id31190index0 6 0.58877623 pwa_35+64_0.5+0.5
13 Q0 id4971index2 7 0.58809584 pwa_35+64_0.5+0.5
13 Q0 id693023index0 8 0.58500934 pwa_35+64_0.5+0.5
13 Q0 id4880806index2 9 0.5812119 pwa_35+64_0.5+0.5
13 Q0 id45133352index0 10 0.5771531 pwa_35+64_0.5+0.5
14 Q0 id63576index0 1 0.62546986 pwa_35+64_0.5+0.5
14 Q0 id1280505index0 2 0.624426 pwa_35+64_0.5+0.5
14 Q0 id393661index0 3 0.61646765 pwa_35+64_0.5+0.5
14 Q0 id48362index0 4 0.6153782 pwa_35+64_0.5+0.5
14 Q0 id3939679index2 5 0.61489236 pwa_35+64_0.5+0.5
14 Q0 id1243410index0 6 0.59732765 pwa_35+64_0.5+0.5
14 Q0 id5476009index2 7 0.5933912 pwa_35+64_0.5+0.5
14 Q0 id1700070index2 8 0.5814879 pwa_35+64_0.5+0.5
14 Q0 id1801436index2 9 0.5811468 pwa_35+64_0.5+0.5
14 Q0 id54396index0 10 0.5699743 pwa_35+64_0.5+0.5
15 Q0 id11961index4 1 0.64118475 pwa_35+64_0.5+0.5
15 Q0 id28759index0 2 0.62532294 pwa_35+64_0.5+0.5
15 Q0 id120709index0 3 0.62438637 pwa_35+64_0.5+0.5
15 Q0 id5875index2 4 0.6172398 pwa_35+64_0.5+0.5
15 Q0 id27572index0 5 0.61630726 pwa_35+64_0.5+0.5
15 Q0 id229318index0 6 0.6159589 pwa_35+64_0.5+0.5
15 Q0 id36777index0 7 0.6152798 pwa_35+64_0.5+0.5
15 Q0 id132637index0 8 0.61486983 pwa_35+64_0.5+0.5
15 Q0 id136734index0 9 0.60711527 pwa_35+64_0.5+0.5
15 Q0 id11468index0 10 0.59765786 pwa_35+64_0.5+0.5
16 Q0 id445index3 1 0.7244529 pwa_35+64_0.5+0.5
16 Q0 id107524index0 2 0.6623097 pwa_35+64_0.5+0.5
16 Q0 id57043index0 3 0.6243931 pwa_35+64_0.5+0.5
16 Q0 id402740index0 4 0.61624855 pwa_35+64_0.5+0.5
16 Q0 id16819index0 5 0.6159455 pwa_35+64_0.5+0.5
16 Q0 id126184index0 6 0.6154288 pwa_35+64_0.5+0.5
16 Q0 id322490index0 7 0.6152247 pwa_35+64_0.5+0.5
16 Q0 id105374index0 8 0.61482215 pwa_35+64_0.5+0.5
16 Q0 id325016index0 9 0.60712785 pwa_35+64_0.5+0.5
16 Q0 id26734index0 10 0.6024879 pwa_35+64_0.5+0.5
17 Q0 id6364index0 1 0.6155341 pwa_35+64_0.5+0.5
17 Q0 id4539index2 2 0.5971938 pwa_35+64_0.5+0.5
17 Q0 id13283001index0 3 0.5851592 pwa_35+64_0.5+0.5
17 Q0 id3080737index0 4 0.57257175 pwa_35+64_0.5+0.5
17 Q0 id1496211index0 5 0.558307 pwa_35+64_0.5+0.5
17 Q0 id171058index0 6 0.55304193 pwa_35+64_0.5+0.5
17 Q0 id189826index0 7 0.5438671 pwa_35+64_0.5+0.5
17 Q0 id1023046index0 8 0.5407813 pwa_35+64_0.5+0.5
17 Q0 id197032index0 9 0.54062283 pwa_35+64_0.5+0.5
17 Q0 id6141019index0 10 0.53560835 pwa_35+64_0.5+0.5
18 Q0 id23660index0 1 0.64937377 pwa_35+64_0.5+0.5
18 Q0 id19560index0 2 0.62536997 pwa_35+64_0.5+0.5
18 Q0 id109960index0 3 0.62440914 pwa_35+64_0.5+0.5
18 Q0 id209745index0 4 0.6230495 pwa_35+64_0.5+0.5
18 Q0 id79663index0 5 0.62040615 pwa_35+64_0.5+0.5
18 Q0 id105426index0 6 0.6172297 pwa_35+64_0.5+0.5
18 Q0 id68998index0 7 0.61627114 pwa_35+64_0.5+0.5
18 Q0 id25195index0 8 0.6160762 pwa_35+64_0.5+0.5
18 Q0 id13461index2 9 0.61548865 pwa_35+64_0.5+0.5
18 Q0 id177633index0 10 0.6154697 pwa_35+64_0.5+0.5
19 Q0 id19824index0 1 0.6261572 pwa_35+64_0.5+0.5
19 Q0 id82563index0 2 0.6254101 pwa_35+64_0.5+0.5
19 Q0 id4482index0 3 0.6244007 pwa_35+64_0.5+0.5
19 Q0 id3389index2 4 0.617069 pwa_35+64_0.5+0.5
19 Q0 id68744index0 5 0.6164185 pwa_35+64_0.5+0.5
19 Q0 id25195index0 6 0.6163383 pwa_35+64_0.5+0.5
19 Q0 id61133index0 7 0.6155529 pwa_35+64_0.5+0.5
19 Q0 id81816index0 8 0.6154717 pwa_35+64_0.5+0.5
19 Q0 id670index3 9 0.61493695 pwa_35+64_0.5+0.5
19 Q0 id5022index2 10 0.61369437 pwa_35+64_0.5+0.5
20 Q0 id2348719index0 1 0.6252525 pwa_35+64_0.5+0.5
20 Q0 id46756index0 2 0.62436545 pwa_35+64_0.5+0.5
20 Q0 id1452958index0 3 0.61630905 pwa_35+64_0.5+0.5
20 Q0 id110529index0 4 0.61559623 pwa_35+64_0.5+0.5
20 Q0 id14267916index0 5 0.6151928 pwa_35+64_0.5+0.5
20 Q0 id402938index0 6 0.59770143 pwa_35+64_0.5+0.5
20 Q0 id4131873index0 7 0.5975692 pwa_35+64_0.5+0.5
20 Q0 id4774245index2 8 0.5931542 pwa_35+64_0.5+0.5
20 Q0 id112597index0 9 0.5888016 pwa_35+64_0.5+0.5
20 Q0 id1582522index0 10 0.5882809 pwa_35+64_0.5+0.5
21 Q0 id553132index0 1 0.59334004 pwa_35+64_0.5+0.5
21 Q0 id198394index0 2 0.58899885 pwa_35+64_0.5+0.5
21 Q0 id1977632index0 3 0.5594988 pwa_35+64_0.5+0.5
21 Q0 id822824index0 4 0.5580557 pwa_35+64_0.5+0.5
21 Q0 id10024index2 5 0.5498098 pwa_35+64_0.5+0.5
21 Q0 id290934index0 6 0.54843897 pwa_35+64_0.5+0.5
21 Q0 id391585index0 7 0.5478357 pwa_35+64_0.5+0.5
21 Q0 id1673573index0 8 0.5405998 pwa_35+64_0.5+0.5
21 Q0 id30605892index0 9 0.5373043 pwa_35+64_0.5+0.5
21 Q0 id475906index0 10 0.53257847 pwa_35+64_0.5+0.5
22 Q0 id894index0 1 0.6319602 pwa_35+64_0.5+0.5
22 Q0 id9341index0 2 0.6251386 pwa_35+64_0.5+0.5
22 Q0 id11903index0 3 0.6242149 pwa_35+64_0.5+0.5
22 Q0 id991index0 4 0.6159612 pwa_35+64_0.5+0.5
22 Q0 id2006index5 5 0.6152896 pwa_35+64_0.5+0.5
22 Q0 id346087index0 6 0.6067519 pwa_35+64_0.5+0.5
22 Q0 id101576index0 7 0.60239804 pwa_35+64_0.5+0.5
22 Q0 id163index5 8 0.59848076 pwa_35+64_0.5+0.5
22 Q0 id15826index0 9 0.59769374 pwa_35+64_0.5+0.5
22 Q0 id47791index0 10 0.5947217 pwa_35+64_0.5+0.5
23 Q0 id4789080index2 1 0.5933193 pwa_35+64_0.5+0.5
23 Q0 id402866index0 2 0.57093155 pwa_35+64_0.5+0.5
23 Q0 id5502134index2 3 0.5498605 pwa_35+64_0.5+0.5
23 Q0 id441575index0 4 0.49830943 pwa_35+64_0.5+0.5
23 Q0 id3885280index0 5 0.47981828 pwa_35+64_0.5+0.5
23 Q0 id94908index0 6 0.4388009 pwa_35+64_0.5+0.5
23 Q0 id48243844index0 7 0.4210679 pwa_35+64_0.5+0.5
23 Q0 id80107369index0 8 0.41880864 pwa_35+64_0.5+0.5
23 Q0 id1282995index0 9 0.41530198 pwa_35+64_0.5+0.5
23 Q0 id1167651index0 10 0.40098 pwa_35+64_0.5+0.5
24 Q0 id68742index0 1 0.62866855 pwa_35+64_0.5+0.5
24 Q0 id145163index0 2 0.6252244 pwa_35+64_0.5+0.5
24 Q0 id723933index0 3 0.6243373 pwa_35+64_0.5+0.5
24 Q0 id676186index0 4 0.6162375 pwa_35+64_0.5+0.5
24 Q0 id480index0 5 0.6159231 pwa_35+64_0.5+0.5
24 Q0 id86692index0 6 0.61556816 pwa_35+64_0.5+0.5
24 Q0 id1776298index0 7 0.6147786 pwa_35+64_0.5+0.5
24 Q0 id3835673index0 8 0.61383444 pwa_35+64_0.5+0.5
24 Q0 id2499index0 9 0.6077641 pwa_35+64_0.5+0.5
24 Q0 id191352index0 10 0.60247636 pwa_35+64_0.5+0.5
25 Q0 id2017index5 1 0.5369997 pwa_35+64_0.5+0.5
25 Q0 id86214index4 2 0.51718843 pwa_35+64_0.5+0.5
25 Q0 id13575index4 3 0.4575742 pwa_35+64_0.5+0.5
25 Q0 id30340976index4 4 0.43737102 pwa_35+64_0.5+0.5
25 Q0 id97332526index0 5 0.43620765 pwa_35+64_0.5+0.5
25 Q0 id2759563index0 6 0.4348129 pwa_35+64_0.5+0.5
25 Q0 id199291index0 7 0.4333452 pwa_35+64_0.5+0.5
25 Q0 id462518index5 8 0.4267015 pwa_35+64_0.5+0.5
25 Q0 id48294123index0 9 0.4261288 pwa_35+64_0.5+0.5
25 Q0 id5177707index0 10 0.4247679 pwa_35+64_0.5+0.5
26 Q0 id3706index5 1 0.53247786 pwa_35+64_0.5+0.5
26 Q0 id106066index5 2 0.42996532 pwa_35+64_0.5+0.5
26 Q0 id215021index5 3 0.42479742 pwa_35+64_0.5+0.5
26 Q0 id170292index5 4 0.42299607 pwa_35+64_0.5+0.5
26 Q0 id1376546index5 5 0.42297453 pwa_35+64_0.5+0.5
26 Q0 id93122index5 6 0.42107224 pwa_35+64_0.5+0.5
26 Q0 id397186index5 7 0.42107224 pwa_35+64_0.5+0.5
26 Q0 id26808index5 8 0.41922668 pwa_35+64_0.5+0.5
26 Q0 id1430037index5 9 0.41914368 pwa_35+64_0.5+0.5
26 Q0 id816719index5 10 0.41723505 pwa_35+64_0.5+0.5
27 Q0 id177781index0 1 0.6254953 pwa_35+64_0.5+0.5
27 Q0 id1268922index0 2 0.62501734 pwa_35+64_0.5+0.5
27 Q0 id192789index0 3 0.6174246 pwa_35+64_0.5+0.5
27 Q0 id44735index0 4 0.6167669 pwa_35+64_0.5+0.5
27 Q0 id23946index0 5 0.61612105 pwa_35+64_0.5+0.5
27 Q0 id427002index0 6 0.61594397 pwa_35+64_0.5+0.5
27 Q0 id389330index0 7 0.6155832 pwa_35+64_0.5+0.5
27 Q0 id482594index0 8 0.6155515 pwa_35+64_0.5+0.5
27 Q0 id313505index0 9 0.60738635 pwa_35+64_0.5+0.5
27 Q0 id2201501index0 10 0.6062745 pwa_35+64_0.5+0.5
28 Q0 id1023index4 1 0.75213534 pwa_35+64_0.5+0.5
28 Q0 id893612index0 2 0.6556926 pwa_35+64_0.5+0.5
28 Q0 id138566index0 3 0.6254049 pwa_35+64_0.5+0.5
28 Q0 id465393index0 4 0.6242835 pwa_35+64_0.5+0.5
28 Q0 id96569index0 5 0.61737 pwa_35+64_0.5+0.5
28 Q0 id63118index0 6 0.616358 pwa_35+64_0.5+0.5
28 Q0 id27492index0 7 0.61606276 pwa_35+64_0.5+0.5
28 Q0 id131424index0 8 0.6155577 pwa_35+64_0.5+0.5
28 Q0 id258173index0 9 0.6155143 pwa_35+64_0.5+0.5
28 Q0 id819372index0 10 0.61499363 pwa_35+64_0.5+0.5
29 Q0 id3664index5 1 0.6198314 pwa_35+64_0.5+0.5
29 Q0 id146052index5 2 0.47511005 pwa_35+64_0.5+0.5
29 Q0 id2969158index5 3 0.47503302 pwa_35+64_0.5+0.5
29 Q0 id91500index5 4 0.46698597 pwa_35+64_0.5+0.5
29 Q0 id1353060index5 5 0.4630713 pwa_35+64_0.5+0.5
29 Q0 id2671310index5 6 0.4612462 pwa_35+64_0.5+0.5
29 Q0 id1362115index5 7 0.45782992 pwa_35+64_0.5+0.5
29 Q0 id3222410index5 8 0.45094132 pwa_35+64_0.5+0.5
29 Q0 id1274316index5 9 0.44836634 pwa_35+64_0.5+0.5
29 Q0 id1681780index0 10 0.4469536 pwa_35+64_0.5+0.5
30 Q0 id2699index0 1 0.625411 pwa_35+64_0.5+0.5
30 Q0 id2833index0 2 0.6163446 pwa_35+64_0.5+0.5
30 Q0 id743389index0 3 0.6163216 pwa_35+64_0.5+0.5
30 Q0 id483144index0 4 0.61510634 pwa_35+64_0.5+0.5
30 Q0 id10045index0 5 0.60247254 pwa_35+64_0.5+0.5
30 Q0 id2566index2 6 0.59728473 pwa_35+64_0.5+0.5
30 Q0 id6211index2 7 0.5965866 pwa_35+64_0.5+0.5
30 Q0 id3161694index0 8 0.59009385 pwa_35+64_0.5+0.5
30 Q0 id20754index0 9 0.5889494 pwa_35+64_0.5+0.5
30 Q0 id47626index0 10 0.5887345 pwa_35+64_0.5+0.5
31 Q0 id75906index0 1 0.6252465 pwa_35+64_0.5+0.5
31 Q0 id177597index0 2 0.6243595 pwa_35+64_0.5+0.5
31 Q0 id249002index0 3 0.6171748 pwa_35+64_0.5+0.5
31 Q0 id16649index0 4 0.6161743 pwa_35+64_0.5+0.5
31 Q0 id2574index0 5 0.61587125 pwa_35+64_0.5+0.5
31 Q0 id163860index0 6 0.61559033 pwa_35+64_0.5+0.5
31 Q0 id36777index0 7 0.6153862 pwa_35+64_0.5+0.5
31 Q0 id563412index2 8 0.6150455 pwa_35+64_0.5+0.5
31 Q0 id469645index0 9 0.60665375 pwa_35+64_0.5+0.5
31 Q0 id74915index0 10 0.60232896 pwa_35+64_0.5+0.5
32 Q0 id18302index4 1 0.63182616 pwa_35+64_0.5+0.5
32 Q0 id1343591index2 2 0.62543404 pwa_35+64_0.5+0.5
32 Q0 id1344221index2 3 0.6247103 pwa_35+64_0.5+0.5
32 Q0 id109879index0 4 0.6174223 pwa_35+64_0.5+0.5
32 Q0 id9062index2 5 0.61654156 pwa_35+64_0.5+0.5
32 Q0 id1056index0 6 0.61637825 pwa_35+64_0.5+0.5
32 Q0 id56079index0 7 0.6156814 pwa_35+64_0.5+0.5
32 Q0 id39112index0 8 0.61555123 pwa_35+64_0.5+0.5
32 Q0 id147632index0 9 0.615018 pwa_35+64_0.5+0.5
32 Q0 id57519index0 10 0.6073201 pwa_35+64_0.5+0.5
33 Q0 id398177index0 1 0.61631405 pwa_35+64_0.5+0.5
33 Q0 id76658index0 2 0.602535 pwa_35+64_0.5+0.5
33 Q0 id36293index4 3 0.5666136 pwa_35+64_0.5+0.5
33 Q0 id2591index0 4 0.5661054 pwa_35+64_0.5+0.5
33 Q0 id1584047index0 5 0.5660763 pwa_35+64_0.5+0.5
33 Q0 id317548index0 6 0.55232406 pwa_35+64_0.5+0.5
33 Q0 id39442index0 7 0.5408248 pwa_35+64_0.5+0.5
33 Q0 id2191993index0 8 0.52623457 pwa_35+64_0.5+0.5
33 Q0 id30633077index0 9 0.524143 pwa_35+64_0.5+0.5
33 Q0 id15570index5 10 0.52377427 pwa_35+64_0.5+0.5
34 Q0 id61056index4 1 0.5841892 pwa_35+64_0.5+0.5
34 Q0 id457363index0 2 0.54086363 pwa_35+64_0.5+0.5
34 Q0 id669256index0 3 0.5303338 pwa_35+64_0.5+0.5
34 Q0 id319016index0 4 0.5088245 pwa_35+64_0.5+0.5
34 Q0 id992066index0 5 0.49282604 pwa_35+64_0.5+0.5
34 Q0 id656546index0 6 0.48257688 pwa_35+64_0.5+0.5
34 Q0 id41906815index0 7 0.48027593 pwa_35+64_0.5+0.5
34 Q0 id59197index0 8 0.47744846 pwa_35+64_0.5+0.5
34 Q0 id380883index0 9 0.47650164 pwa_35+64_0.5+0.5
34 Q0 id210817index0 10 0.4759447 pwa_35+64_0.5+0.5
35 Q0 id2089517index3 1 0.38452893 pwa_35+64_0.5+0.5
35 Q0 id445473index4 2 0.3630065 pwa_35+64_0.5+0.5
35 Q0 id26254016index4 3 0.36133495 pwa_35+64_0.5+0.5
35 Q0 id33396408index3 4 0.35737032 pwa_35+64_0.5+0.5
35 Q0 id640234index4 5 0.3353684 pwa_35+64_0.5+0.5
35 Q0 id23400455index3 6 0.32549924 pwa_35+64_0.5+0.5
35 Q0 id36116923index4 7 0.32391405 pwa_35+64_0.5+0.5
35 Q0 id26257062index3 8 0.32107398 pwa_35+64_0.5+0.5
35 Q0 id12167103index4 9 0.31703493 pwa_35+64_0.5+0.5
35 Q0 id3226435index5 10 0.31463695 pwa_35+64_0.5+0.5
36 Q0 id16323index0 1 0.5972581 pwa_35+64_0.5+0.5
36 Q0 id8849index3 2 0.5932597 pwa_35+64_0.5+0.5
36 Q0 id16498464index0 3 0.5851589 pwa_35+64_0.5+0.5
36 Q0 id79047index0 4 0.5828543 pwa_35+64_0.5+0.5
36 Q0 id102604index0 5 0.5664889 pwa_35+64_0.5+0.5
36 Q0 id32917index0 6 0.5642563 pwa_35+64_0.5+0.5
36 Q0 id2872420index2 7 0.55830795 pwa_35+64_0.5+0.5
36 Q0 id74414index3 8 0.5544125 pwa_35+64_0.5+0.5
36 Q0 id39564index3 9 0.5532631 pwa_35+64_0.5+0.5
36 Q0 id122672index0 10 0.54000366 pwa_35+64_0.5+0.5
37 Q0 id317index3 1 1.4674976 pwa_35+64_0.5+0.5
37 Q0 id4257index3 2 0.6080911 pwa_35+64_0.5+0.5
37 Q0 id4624index5 3 0.6071642 pwa_35+64_0.5+0.5
37 Q0 id1825515index2 4 0.56907344 pwa_35+64_0.5+0.5
37 Q0 id96354index0 5 0.5633849 pwa_35+64_0.5+0.5
37 Q0 id16586index0 6 0.558302 pwa_35+64_0.5+0.5
37 Q0 id305972index0 7 0.5570414 pwa_35+64_0.5+0.5
37 Q0 id157822index0 8 0.55580246 pwa_35+64_0.5+0.5
37 Q0 id25466index5 9 0.54579735 pwa_35+64_0.5+0.5
37 Q0 id320942index0 10 0.53598547 pwa_35+64_0.5+0.5
38 Q0 id46130index0 1 0.5015996 pwa_35+64_0.5+0.5
38 Q0 id1871index4 2 0.4940402 pwa_35+64_0.5+0.5
38 Q0 id520728index4 3 0.47385705 pwa_35+64_0.5+0.5
38 Q0 id1234301index4 4 0.47075015 pwa_35+64_0.5+0.5
38 Q0 id270002index0 5 0.45525974 pwa_35+64_0.5+0.5
38 Q0 id1030096index4 6 0.43765876 pwa_35+64_0.5+0.5
38 Q0 id23819index0 7 0.43587446 pwa_35+64_0.5+0.5
38 Q0 id20176index0 8 0.4258638 pwa_35+64_0.5+0.5
38 Q0 id144389index0 9 0.42459574 pwa_35+64_0.5+0.5
38 Q0 id17980index0 10 0.4237445 pwa_35+64_0.5+0.5
39 Q0 id72584index0 1 0.59716237 pwa_35+64_0.5+0.5
39 Q0 id1376958index0 2 0.5931926 pwa_35+64_0.5+0.5
39 Q0 id5201index0 3 0.59319097 pwa_35+64_0.5+0.5
39 Q0 id5078index3 4 0.58817637 pwa_35+64_0.5+0.5
39 Q0 id1459489index0 5 0.5812871 pwa_35+64_0.5+0.5
39 Q0 id11609index4 6 0.57837415 pwa_35+64_0.5+0.5
39 Q0 id495282index0 7 0.5762627 pwa_35+64_0.5+0.5
39 Q0 id388360index0 8 0.5666353 pwa_35+64_0.5+0.5
39 Q0 id5257index0 9 0.55582863 pwa_35+64_0.5+0.5
39 Q0 id396377index0 10 0.55582863 pwa_35+64_0.5+0.5
40 Q0 id64127index0 1 0.55581224 pwa_35+64_0.5+0.5
40 Q0 id54454673index0 2 0.55403733 pwa_35+64_0.5+0.5
40 Q0 id32870index0 3 0.5422616 pwa_35+64_0.5+0.5
40 Q0 id22694528index0 4 0.53558964 pwa_35+64_0.5+0.5
40 Q0 id353index5 5 0.5312709 pwa_35+64_0.5+0.5
40 Q0 id1992738index0 6 0.50556445 pwa_35+64_0.5+0.5
40 Q0 id26609index0 7 0.50456834 pwa_35+64_0.5+0.5
40 Q0 id52303index5 8 0.50184447 pwa_35+64_0.5+0.5
40 Q0 id1231index0 9 0.4976617 pwa_35+64_0.5+0.5
40 Q0 id814index0 10 0.49529696 pwa_35+64_0.5+0.5
41 Q0 id16951index0 1 0.62528265 pwa_35+64_0.5+0.5
41 Q0 id472961index0 2 0.5968004 pwa_35+64_0.5+0.5
41 Q0 id479828index0 3 0.59634274 pwa_35+64_0.5+0.5
41 Q0 id12407449index0 4 0.5859561 pwa_35+64_0.5+0.5
41 Q0 id14002752index0 5 0.568131 pwa_35+64_0.5+0.5
41 Q0 id231832index0 6 0.56726694 pwa_35+64_0.5+0.5
41 Q0 id733557index2 7 0.56367123 pwa_35+64_0.5+0.5
41 Q0 id2133825index2 8 0.56184983 pwa_35+64_0.5+0.5
41 Q0 id718304index2 9 0.56116045 pwa_35+64_0.5+0.5
41 Q0 id2852382index2 10 0.56116045 pwa_35+64_0.5+0.5
42 Q0 id47753index0 1 0.625509 pwa_35+64_0.5+0.5
42 Q0 id5607054index2 2 0.5760162 pwa_35+64_0.5+0.5
42 Q0 id5552199index2 3 0.56069946 pwa_35+64_0.5+0.5
42 Q0 id1808index0 4 0.54767185 pwa_35+64_0.5+0.5
42 Q0 id689404index0 5 0.54449296 pwa_35+64_0.5+0.5
42 Q0 id981741index0 6 0.5407493 pwa_35+64_0.5+0.5
42 Q0 id108981index0 7 0.54002416 pwa_35+64_0.5+0.5
42 Q0 id1297230index2 8 0.50228965 pwa_35+64_0.5+0.5
42 Q0 id44185index4 9 0.49733797 pwa_35+64_0.5+0.5
42 Q0 id358438index3 10 0.4875686 pwa_35+64_0.5+0.5
43 Q0 id1310index4 1 0.6874952 pwa_35+64_0.5+0.5
43 Q0 id61472index0 2 0.63659525 pwa_35+64_0.5+0.5
43 Q0 id8005index2 3 0.621809 pwa_35+64_0.5+0.5
43 Q0 id3339265index2 4 0.6204433 pwa_35+64_0.5+0.5
43 Q0 id106index0 5 0.6152567 pwa_35+64_0.5+0.5
43 Q0 id85716index0 6 0.61170363 pwa_35+64_0.5+0.5
43 Q0 id350380index0 7 0.6073394 pwa_35+64_0.5+0.5
43 Q0 id476068index0 8 0.6072621 pwa_35+64_0.5+0.5
43 Q0 id3564index0 9 0.60614103 pwa_35+64_0.5+0.5
43 Q0 id51946index0 10 0.6023812 pwa_35+64_0.5+0.5
44 Q0 id373920index0 1 0.5134573 pwa_35+64_0.5+0.5
44 Q0 id701235index0 2 0.46594715 pwa_35+64_0.5+0.5
44 Q0 id4482394index0 3 0.4627689 pwa_35+64_0.5+0.5
44 Q0 id96475576index0 4 0.4530512 pwa_35+64_0.5+0.5
44 Q0 id3622605index0 5 0.43620688 pwa_35+64_0.5+0.5
44 Q0 id114977index3 6 0.43588686 pwa_35+64_0.5+0.5
44 Q0 id3170090index3 7 0.4243737 pwa_35+64_0.5+0.5
44 Q0 id916392index0 8 0.40587988 pwa_35+64_0.5+0.5
44 Q0 id5394729index0 9 0.40355104 pwa_35+64_0.5+0.5
44 Q0 id44645856index0 10 0.3926621 pwa_35+64_0.5+0.5
45 Q0 id356957index0 1 0.6246059 pwa_35+64_0.5+0.5
45 Q0 id110844index0 2 0.5829222 pwa_35+64_0.5+0.5
45 Q0 id2560760index2 3 0.5815544 pwa_35+64_0.5+0.5
45 Q0 id504783index0 4 0.54862213 pwa_35+64_0.5+0.5
45 Q0 id62678270index0 5 0.54742247 pwa_35+64_0.5+0.5
45 Q0 id20502index0 6 0.5421879 pwa_35+64_0.5+0.5
45 Q0 id4799325index2 7 0.5024428 pwa_35+64_0.5+0.5
45 Q0 id1240321index2 8 0.48673385 pwa_35+64_0.5+0.5
45 Q0 id80609972index0 9 0.4767499 pwa_35+64_0.5+0.5
45 Q0 id48109index3 10 0.474393 pwa_35+64_0.5+0.5
46 Q0 id159038index0 1 0.61579937 pwa_35+64_0.5+0.5
46 Q0 id44592835index0 2 0.61372644 pwa_35+64_0.5+0.5
46 Q0 id14252958index0 3 0.5851146 pwa_35+64_0.5+0.5
46 Q0 id44587195index0 4 0.5720745 pwa_35+64_0.5+0.5
46 Q0 id4104209index2 5 0.5584337 pwa_35+64_0.5+0.5
46 Q0 id1447730index2 6 0.5583527 pwa_35+64_0.5+0.5
46 Q0 id197145index0 7 0.5571801 pwa_35+64_0.5+0.5
46 Q0 id1135374index0 8 0.5497705 pwa_35+64_0.5+0.5
46 Q0 id2972521index0 9 0.5482146 pwa_35+64_0.5+0.5
46 Q0 id60791927index0 10 0.5196877 pwa_35+64_0.5+0.5
47 Q0 id105130307index0 1 0.42819208 pwa_35+64_0.5+0.5
47 Q0 id87588063index0 2 0.38054675 pwa_35+64_0.5+0.5
47 Q0 id294854index0 3 0.36910105 pwa_35+64_0.5+0.5
47 Q0 id2418037index0 4 0.36910105 pwa_35+64_0.5+0.5
47 Q0 id503636index0 5 0.33856118 pwa_35+64_0.5+0.5
47 Q0 id23323465index0 6 0.33783144 pwa_35+64_0.5+0.5
47 Q0 id9557577index0 7 0.3228925 pwa_35+64_0.5+0.5
47 Q0 id520787index0 8 0.31385738 pwa_35+64_0.5+0.5
47 Q0 id8522488index0 9 0.30384594 pwa_35+64_0.5+0.5
47 Q0 id24196479index0 10 0.30384594 pwa_35+64_0.5+0.5
48 Q0 id1180418index5 1 0.45588955 pwa_35+64_0.5+0.5
48 Q0 id8277279index0 2 0.422368 pwa_35+64_0.5+0.5
48 Q0 id450299index4 3 0.38989207 pwa_35+64_0.5+0.5
48 Q0 id2063131index0 4 0.38351583 pwa_35+64_0.5+0.5
48 Q0 id35038438index3 5 0.37637758 pwa_35+64_0.5+0.5
48 Q0 id5546383index0 6 0.36462843 pwa_35+64_0.5+0.5
48 Q0 id5519398index0 7 0.3440219 pwa_35+64_0.5+0.5
48 Q0 id8973957index0 8 0.33772966 pwa_35+64_0.5+0.5
48 Q0 id5813373index0 9 0.33069092 pwa_35+64_0.5+0.5
48 Q0 id1496143index0 10 0.33022004 pwa_35+64_0.5+0.5
49 Q0 id21069index5 1 0.5252718 pwa_35+64_0.5+0.5
49 Q0 id156371index5 2 0.3898486 pwa_35+64_0.5+0.5
49 Q0 id1252181index5 3 0.386646 pwa_35+64_0.5+0.5
49 Q0 id741873index5 4 0.383556 pwa_35+64_0.5+0.5
49 Q0 id2868066index5 5 0.3802215 pwa_35+64_0.5+0.5
49 Q0 id209648index5 6 0.38003418 pwa_35+64_0.5+0.5
49 Q0 id3400226index5 7 0.3766132 pwa_35+64_0.5+0.5
49 Q0 id741903index5 8 0.37649614 pwa_35+64_0.5+0.5
49 Q0 id230852index5 9 0.37648445 pwa_35+64_0.5+0.5
49 Q0 id2868070index5 10 0.37272078 pwa_35+64_0.5+0.5
50 Q0 id649index3 1 0.6448387 pwa_35+64_0.5+0.5
50 Q0 id70481index0 2 0.6251571 pwa_35+64_0.5+0.5
50 Q0 id25085index0 3 0.61736834 pwa_35+64_0.5+0.5
50 Q0 id33514index0 4 0.6162102 pwa_35+64_0.5+0.5
50 Q0 id562index3 5 0.61593443 pwa_35+64_0.5+0.5
50 Q0 id85900index0 6 0.6156411 pwa_35+64_0.5+0.5
50 Q0 id726859index0 7 0.615378 pwa_35+64_0.5+0.5
50 Q0 id103993index2 8 0.61480856 pwa_35+64_0.5+0.5
50 Q0 id2184index4 9 0.6139565 pwa_35+64_0.5+0.5
50 Q0 id60115index0 10 0.60723454 pwa_35+64_0.5+0.5
