1 Q0 id982index5 1 0.7584107 pwa_35+62_0.5+0.5
1 Q0 id311010index0 2 0.71241033 pwa_35+62_0.5+0.5
1 Q0 id6453index5 3 0.70428276 pwa_35+62_0.5+0.5
1 Q0 id2872601index2 4 0.6992215 pwa_35+62_0.5+0.5
1 Q0 id687index1 5 0.697739 pwa_35+62_0.5+0.5
1 Q0 id1574index5 6 0.6965791 pwa_35+62_0.5+0.5
1 Q0 id15714index5 7 0.6909325 pwa_35+62_0.5+0.5
1 Q0 id3613index5 8 0.68432003 pwa_35+62_0.5+0.5
1 Q0 id21796index2 9 0.6800161 pwa_35+62_0.5+0.5
1 Q0 id367index1 10 0.678191 pwa_35+62_0.5+0.5
2 Q0 id983index5 1 0.77295804 pwa_35+62_0.5+0.5
2 Q0 id11354index5 2 0.714193 pwa_35+62_0.5+0.5
2 Q0 id5050index5 3 0.7111312 pwa_35+62_0.5+0.5
2 Q0 id23286index2 4 0.6933411 pwa_35+62_0.5+0.5
2 Q0 id1548index5 5 0.6773869 pwa_35+62_0.5+0.5
2 Q0 id91006index5 6 0.6771416 pwa_35+62_0.5+0.5
2 Q0 id42642index5 7 0.67713225 pwa_35+62_0.5+0.5
2 Q0 id32578index5 8 0.67651653 pwa_35+62_0.5+0.5
2 Q0 id25388index5 9 0.67636156 pwa_35+62_0.5+0.5
2 Q0 id39068index5 10 0.67559373 pwa_35+62_0.5+0.5
3 Q0 id922index3 1 0.7443877 pwa_35+62_0.5+0.5
3 Q0 id5854index5 2 0.716611 pwa_35+62_0.5+0.5
3 Q0 id5259index0 3 0.67792106 pwa_35+62_0.5+0.5
3 Q0 id6928index5 4 0.6778001 pwa_35+62_0.5+0.5
3 Q0 id79691index0 5 0.67775995 pwa_35+62_0.5+0.5
3 Q0 id110721index0 6 0.6774026 pwa_35+62_0.5+0.5
3 Q0 id33192index0 7 0.6773938 pwa_35+62_0.5+0.5
3 Q0 id234415index4 8 0.67738014 pwa_35+62_0.5+0.5
3 Q0 id8342index5 9 0.6770116 pwa_35+62_0.5+0.5
3 Q0 id24333index0 10 0.6768922 pwa_35+62_0.5+0.5
4 Q0 id2654index3 1 0.683594 pwa_35+62_0.5+0.5
4 Q0 id91383index0 2 0.6780615 pwa_35+62_0.5+0.5
4 Q0 id3143index2 3 0.6779147 pwa_35+62_0.5+0.5
4 Q0 id40442index0 4 0.67788553 pwa_35+62_0.5+0.5
4 Q0 id1378465index0 5 0.67788553 pwa_35+62_0.5+0.5
4 Q0 id110721index0 6 0.677616 pwa_35+62_0.5+0.5
4 Q0 id2006index5 7 0.67747605 pwa_35+62_0.5+0.5
4 Q0 id2020index4 8 0.6773218 pwa_35+62_0.5+0.5
4 Q0 id8430index0 9 0.6771056 pwa_35+62_0.5+0.5
4 Q0 id45705index0 10 0.67702484 pwa_35+62_0.5+0.5
5 Q0 id1255index3 1 0.82530224 pwa_35+62_0.5+0.5
5 Q0 id2642index4 2 0.7710245 pwa_35+62_0.5+0.5
5 Q0 id1919index4 3 0.76924205 pwa_35+62_0.5+0.5
5 Q0 id5003index0 4 0.7624196 pwa_35+62_0.5+0.5
5 Q0 id9056index3 5 0.74506587 pwa_35+62_0.5+0.5
5 Q0 id1694index3 6 0.7448687 pwa_35+62_0.5+0.5
5 Q0 id30624index4 7 0.73270655 pwa_35+62_0.5+0.5
5 Q0 id7776index4 8 0.7305999 pwa_35+62_0.5+0.5
5 Q0 id9326index0 9 0.72599065 pwa_35+62_0.5+0.5
5 Q0 id1168index3 10 0.7254494 pwa_35+62_0.5+0.5
6 Q0 id50844index4 1 0.7454633 pwa_35+62_0.5+0.5
6 Q0 id687684index0 2 0.71863407 pwa_35+62_0.5+0.5
6 Q0 id51740index3 3 0.71111065 pwa_35+62_0.5+0.5
6 Q0 id230693index4 4 0.7044029 pwa_35+62_0.5+0.5
6 Q0 id388242index4 5 0.69607866 pwa_35+62_0.5+0.5
6 Q0 id1667776index4 6 0.69354665 pwa_35+62_0.5+0.5
6 Q0 id1984902index3 7 0.69305396 pwa_35+62_0.5+0.5
6 Q0 id4746497index3 8 0.6929741 pwa_35+62_0.5+0.5
6 Q0 id607182index0 9 0.69168144 pwa_35+62_0.5+0.5
6 Q0 id293421index3 10 0.6910471 pwa_35+62_0.5+0.5
7 Q0 id33131index3 1 0.76312125 pwa_35+62_0.5+0.5
7 Q0 id268292index0 2 0.6913865 pwa_35+62_0.5+0.5
7 Q0 id620943index5 3 0.6832897 pwa_35+62_0.5+0.5
7 Q0 id48737index2 4 0.6780502 pwa_35+62_0.5+0.5
7 Q0 id1720804index0 5 0.67741746 pwa_35+62_0.5+0.5
7 Q0 id46489index5 6 0.6685096 pwa_35+62_0.5+0.5
7 Q0 id5751706index2 7 0.6683997 pwa_35+62_0.5+0.5
7 Q0 id15719index5 8 0.66726327 pwa_35+62_0.5+0.5
7 Q0 id2504887index3 9 0.6664866 pwa_35+62_0.5+0.5
7 Q0 id661index0 10 0.6658967 pwa_35+62_0.5+0.5
8 Q0 id63605index3 1 0.7310432 pwa_35+62_0.5+0.5
8 Q0 id5946index0 2 0.7003251 pwa_35+62_0.5+0.5
8 Q0 id296848index4 3 0.6817228 pwa_35+62_0.5+0.5
8 Q0 id24579index0 4 0.6781417 pwa_35+62_0.5+0.5
8 Q0 id40241index0 5 0.6778384 pwa_35+62_0.5+0.5
8 Q0 id42016index0 6 0.6778132 pwa_35+62_0.5+0.5
8 Q0 id374122index0 7 0.6778132 pwa_35+62_0.5+0.5
8 Q0 id15757index0 8 0.6773268 pwa_35+62_0.5+0.5
8 Q0 id75522index0 9 0.67716765 pwa_35+62_0.5+0.5
8 Q0 id164625index4 10 0.67684644 pwa_35+62_0.5+0.5
9 Q0 id2965index5 1 0.6774874 pwa_35+62_0.5+0.5
9 Q0 id459963index0 2 0.677087 pwa_35+62_0.5+0.5
9 Q0 id4562676index0 3 0.6757932 pwa_35+62_0.5+0.5
9 Q0 id71514index0 4 0.6752883 pwa_35+62_0.5+0.5
9 Q0 id745934index3 5 0.67433435 pwa_35+62_0.5+0.5
9 Q0 id2925473index0 6 0.67330015 pwa_35+62_0.5+0.5
9 Q0 id10612705index3 7 0.6731586 pwa_35+62_0.5+0.5
9 Q0 id1371165index0 8 0.6719972 pwa_35+62_0.5+0.5
9 Q0 id2689035index5 9 0.6719742 pwa_35+62_0.5+0.5
9 Q0 id338932index0 10 0.6717487 pwa_35+62_0.5+0.5
10 Q0 id2949index4 1 0.801244 pwa_35+62_0.5+0.5
10 Q0 id4997index3 2 0.76197875 pwa_35+62_0.5+0.5
10 Q0 id5622index4 3 0.71479416 pwa_35+62_0.5+0.5
10 Q0 id38413index4 4 0.70077056 pwa_35+62_0.5+0.5
10 Q0 id84413index4 5 0.6940648 pwa_35+62_0.5+0.5
10 Q0 id35709index4 6 0.68320113 pwa_35+62_0.5+0.5
10 Q0 id52791index3 7 0.6813498 pwa_35+62_0.5+0.5
10 Q0 id90750index0 8 0.67790055 pwa_35+62_0.5+0.5
10 Q0 id18636index0 9 0.6778404 pwa_35+62_0.5+0.5
10 Q0 id761index3 10 0.6778227 pwa_35+62_0.5+0.5
11 Q0 id1105029index0 1 0.68426055 pwa_35+62_0.5+0.5
11 Q0 id6369index4 2 0.681689 pwa_35+62_0.5+0.5
11 Q0 id111496633index0 3 0.6670284 pwa_35+62_0.5+0.5
11 Q0 id82137353index0 4 0.66304696 pwa_35+62_0.5+0.5
11 Q0 id20867768index0 5 0.65931374 pwa_35+62_0.5+0.5
11 Q0 id163605index3 6 0.65780663 pwa_35+62_0.5+0.5
11 Q0 id46736549index0 7 0.6503452 pwa_35+62_0.5+0.5
11 Q0 id3384822index5 8 0.6487113 pwa_35+62_0.5+0.5
11 Q0 id4329556index0 9 0.6478163 pwa_35+62_0.5+0.5
11 Q0 id46423123index0 10 0.64133745 pwa_35+62_0.5+0.5
12 Q0 id28529index4 1 0.7246758 pwa_35+62_0.5+0.5
12 Q0 id399637index0 2 0.6823298 pwa_35+62_0.5+0.5
12 Q0 id52600index1 3 0.6781603 pwa_35+62_0.5+0.5
12 Q0 id3143index2 4 0.67792356 pwa_35+62_0.5+0.5
12 Q0 id29892index4 5 0.677642 pwa_35+62_0.5+0.5
12 Q0 id437777index0 6 0.67754686 pwa_35+62_0.5+0.5
12 Q0 id674index2 7 0.6773585 pwa_35+62_0.5+0.5
12 Q0 id27632index0 8 0.67706347 pwa_35+62_0.5+0.5
12 Q0 id581614index0 9 0.6769353 pwa_35+62_0.5+0.5
12 Q0 id211691index0 10 0.6765884 pwa_35+62_0.5+0.5
13 Q0 id152498index4 1 0.7348995 pwa_35+62_0.5+0.5
13 Q0 id174820index0 2 0.68244064 pwa_35+62_0.5+0.5
13 Q0 id1274591index3 3 0.67662966 pwa_35+62_0.5+0.5
13 Q0 id6354812index2 4 0.6702236 pwa_35+62_0.5+0.5
13 Q0 id10478425index3 5 0.6624907 pwa_35+62_0.5+0.5
13 Q0 id536934index5 6 0.66204864 pwa_35+62_0.5+0.5
13 Q0 id586126index5 7 0.661697 pwa_35+62_0.5+0.5
13 Q0 id1237434index0 8 0.661484 pwa_35+62_0.5+0.5
13 Q0 id580794index5 9 0.661445 pwa_35+62_0.5+0.5
13 Q0 id31190index0 10 0.6614338 pwa_35+62_0.5+0.5
14 Q0 id2492195index0 1 0.68768364 pwa_35+62_0.5+0.5
14 Q0 id48362index0 2 0.6772324 pwa_35+62_0.5+0.5
14 Q0 id27632index0 3 0.6770023 pwa_35+62_0.5+0.5
14 Q0 id29631index0 4 0.6764314 pwa_35+62_0.5+0.5
14 Q0 id233114index0 5 0.6759896 pwa_35+62_0.5+0.5
14 Q0 id54644index0 6 0.67517793 pwa_35+62_0.5+0.5
14 Q0 id766094index0 7 0.6718637 pwa_35+62_0.5+0.5
14 Q0 id75331index0 8 0.6715452 pwa_35+62_0.5+0.5
14 Q0 id4258895index0 9 0.67126715 pwa_35+62_0.5+0.5
14 Q0 id1501999index0 10 0.66866636 pwa_35+62_0.5+0.5
15 Q0 id11961index4 1 0.76953435 pwa_35+62_0.5+0.5
15 Q0 id49099index4 2 0.7180482 pwa_35+62_0.5+0.5
15 Q0 id651382index0 3 0.70409566 pwa_35+62_0.5+0.5
15 Q0 id458573index0 4 0.6967284 pwa_35+62_0.5+0.5
15 Q0 id66227index3 5 0.69217145 pwa_35+62_0.5+0.5
15 Q0 id381321index0 6 0.6913866 pwa_35+62_0.5+0.5
15 Q0 id21940index2 7 0.68733156 pwa_35+62_0.5+0.5
15 Q0 id96984index4 8 0.6863675 pwa_35+62_0.5+0.5
15 Q0 id797866index5 9 0.6798801 pwa_35+62_0.5+0.5
15 Q0 id1673411index3 10 0.6790196 pwa_35+62_0.5+0.5
16 Q0 id445index3 1 0.775992 pwa_35+62_0.5+0.5
16 Q0 id2424index4 2 0.6898749 pwa_35+62_0.5+0.5
16 Q0 id48250index4 3 0.6880971 pwa_35+62_0.5+0.5
16 Q0 id77795index3 4 0.68378013 pwa_35+62_0.5+0.5
16 Q0 id34551index4 5 0.681978 pwa_35+62_0.5+0.5
16 Q0 id45661index5 6 0.67797494 pwa_35+62_0.5+0.5
16 Q0 id99142index3 7 0.6779712 pwa_35+62_0.5+0.5
16 Q0 id17464index3 8 0.6779101 pwa_35+62_0.5+0.5
16 Q0 id2151index3 9 0.6779083 pwa_35+62_0.5+0.5
16 Q0 id870index3 10 0.67789 pwa_35+62_0.5+0.5
17 Q0 id6364index0 1 0.6773883 pwa_35+62_0.5+0.5
17 Q0 id1272073index5 2 0.67394245 pwa_35+62_0.5+0.5
17 Q0 id189826index0 3 0.6696464 pwa_35+62_0.5+0.5
17 Q0 id1790085index5 4 0.6685062 pwa_35+62_0.5+0.5
17 Q0 id923632index0 5 0.6674028 pwa_35+62_0.5+0.5
17 Q0 id171058index0 6 0.667105 pwa_35+62_0.5+0.5
17 Q0 id910549index5 7 0.6667028 pwa_35+62_0.5+0.5
17 Q0 id1134145index0 8 0.6665734 pwa_35+62_0.5+0.5
17 Q0 id3427856index5 9 0.66531605 pwa_35+62_0.5+0.5
17 Q0 id2895645index5 10 0.66501206 pwa_35+62_0.5+0.5
18 Q0 id23660index0 1 0.72910774 pwa_35+62_0.5+0.5
18 Q0 id6699index4 2 0.7201305 pwa_35+62_0.5+0.5
18 Q0 id2353index5 3 0.7063284 pwa_35+62_0.5+0.5
18 Q0 id47715index3 4 0.70425224 pwa_35+62_0.5+0.5
18 Q0 id28991index3 5 0.70221996 pwa_35+62_0.5+0.5
18 Q0 id79663index0 6 0.70037854 pwa_35+62_0.5+0.5
18 Q0 id33851index4 7 0.696327 pwa_35+62_0.5+0.5
18 Q0 id306index3 8 0.6914579 pwa_35+62_0.5+0.5
18 Q0 id58460index0 9 0.6881512 pwa_35+62_0.5+0.5
18 Q0 id214059index4 10 0.68520755 pwa_35+62_0.5+0.5
19 Q0 id4126index4 1 0.7472666 pwa_35+62_0.5+0.5
19 Q0 id6182index4 2 0.72192425 pwa_35+62_0.5+0.5
19 Q0 id39910index0 3 0.7187607 pwa_35+62_0.5+0.5
19 Q0 id2353index5 4 0.7076816 pwa_35+62_0.5+0.5
19 Q0 id19824index0 5 0.70612955 pwa_35+62_0.5+0.5
19 Q0 id3274index4 6 0.70569646 pwa_35+62_0.5+0.5
19 Q0 id47715index3 7 0.70481277 pwa_35+62_0.5+0.5
19 Q0 id5022index2 8 0.703897 pwa_35+62_0.5+0.5
19 Q0 id10556index5 9 0.7037143 pwa_35+62_0.5+0.5
19 Q0 id12777index2 10 0.7016962 pwa_35+62_0.5+0.5
20 Q0 id101439index0 1 0.67793137 pwa_35+62_0.5+0.5
20 Q0 id110529index0 2 0.6757864 pwa_35+62_0.5+0.5
20 Q0 id79327index0 3 0.6751963 pwa_35+62_0.5+0.5
20 Q0 id24757720index3 4 0.6749928 pwa_35+62_0.5+0.5
20 Q0 id606601index0 5 0.67322725 pwa_35+62_0.5+0.5
20 Q0 id3674058index0 6 0.6723849 pwa_35+62_0.5+0.5
20 Q0 id713373index0 7 0.67202663 pwa_35+62_0.5+0.5
20 Q0 id5329969index0 8 0.6719846 pwa_35+62_0.5+0.5
20 Q0 id4358268index0 9 0.6718496 pwa_35+62_0.5+0.5
20 Q0 id26196621index3 10 0.67181045 pwa_35+62_0.5+0.5
21 Q0 id913064index3 1 0.661933 pwa_35+62_0.5+0.5
21 Q0 id198394index0 2 0.66165644 pwa_35+62_0.5+0.5
21 Q0 id1673573index0 3 0.6610906 pwa_35+62_0.5+0.5
21 Q0 id274193index5 4 0.6607705 pwa_35+62_0.5+0.5
21 Q0 id7980406index3 5 0.6584511 pwa_35+62_0.5+0.5
21 Q0 id507004index0 6 0.6579695 pwa_35+62_0.5+0.5
21 Q0 id22002652index0 7 0.65696836 pwa_35+62_0.5+0.5
21 Q0 id2734index0 8 0.65672183 pwa_35+62_0.5+0.5
21 Q0 id5312049index0 9 0.65670794 pwa_35+62_0.5+0.5
21 Q0 id31033733index0 10 0.655457 pwa_35+62_0.5+0.5
22 Q0 id894index0 1 0.7449239 pwa_35+62_0.5+0.5
22 Q0 id239364index0 2 0.7061284 pwa_35+62_0.5+0.5
22 Q0 id45203index0 3 0.70500684 pwa_35+62_0.5+0.5
22 Q0 id420846index0 4 0.6938405 pwa_35+62_0.5+0.5
22 Q0 id72878index0 5 0.689766 pwa_35+62_0.5+0.5
22 Q0 id759163index0 6 0.68474233 pwa_35+62_0.5+0.5
22 Q0 id108958index0 7 0.684458 pwa_35+62_0.5+0.5
22 Q0 id47791index0 8 0.6819228 pwa_35+62_0.5+0.5
22 Q0 id12049index0 9 0.6779153 pwa_35+62_0.5+0.5
22 Q0 id2006index5 10 0.6771438 pwa_35+62_0.5+0.5
23 Q0 id441575index0 1 0.6932359 pwa_35+62_0.5+0.5
23 Q0 id402866index0 2 0.66508526 pwa_35+62_0.5+0.5
23 Q0 id40877397index0 3 0.6468362 pwa_35+62_0.5+0.5
23 Q0 id25174137index0 4 0.64485496 pwa_35+62_0.5+0.5
23 Q0 id10294055index0 5 0.64312965 pwa_35+62_0.5+0.5
23 Q0 id1282995index0 6 0.6420413 pwa_35+62_0.5+0.5
23 Q0 id15296428index0 7 0.64078003 pwa_35+62_0.5+0.5
23 Q0 id9295656index0 8 0.63972586 pwa_35+62_0.5+0.5
23 Q0 id24968223index0 9 0.6389696 pwa_35+62_0.5+0.5
23 Q0 id41173020index0 10 0.63718235 pwa_35+62_0.5+0.5
24 Q0 id2499index0 1 0.7188245 pwa_35+62_0.5+0.5
24 Q0 id367index1 2 0.6783169 pwa_35+62_0.5+0.5
24 Q0 id234415index4 3 0.6775674 pwa_35+62_0.5+0.5
24 Q0 id86692index0 4 0.67575824 pwa_35+62_0.5+0.5
24 Q0 id41593index0 5 0.6751652 pwa_35+62_0.5+0.5
24 Q0 id1681927index0 6 0.67304146 pwa_35+62_0.5+0.5
24 Q0 id81288index5 7 0.67254347 pwa_35+62_0.5+0.5
24 Q0 id1946index5 8 0.67186475 pwa_35+62_0.5+0.5
24 Q0 id73964index4 9 0.6717905 pwa_35+62_0.5+0.5
24 Q0 id480index0 10 0.6717702 pwa_35+62_0.5+0.5
25 Q0 id86214index4 1 0.71528465 pwa_35+62_0.5+0.5
25 Q0 id2017index5 2 0.6780578 pwa_35+62_0.5+0.5
25 Q0 id462518index5 3 0.67030466 pwa_35+62_0.5+0.5
25 Q0 id1991955index0 4 0.6643454 pwa_35+62_0.5+0.5
25 Q0 id55540129index0 5 0.6523477 pwa_35+62_0.5+0.5
25 Q0 id199291index0 6 0.6519822 pwa_35+62_0.5+0.5
25 Q0 id41294902index4 7 0.6519468 pwa_35+62_0.5+0.5
25 Q0 id237878index5 8 0.65155005 pwa_35+62_0.5+0.5
25 Q0 id23060635index4 9 0.6507295 pwa_35+62_0.5+0.5
25 Q0 id112258994index0 10 0.64653784 pwa_35+62_0.5+0.5
26 Q0 id3706index5 1 0.7365817 pwa_35+62_0.5+0.5
26 Q0 id26808index5 2 0.67657727 pwa_35+62_0.5+0.5
26 Q0 id215021index5 3 0.67652094 pwa_35+62_0.5+0.5
26 Q0 id1376546index5 4 0.676508 pwa_35+62_0.5+0.5
26 Q0 id2861175index5 5 0.67519546 pwa_35+62_0.5+0.5
26 Q0 id721025index5 6 0.6738708 pwa_35+62_0.5+0.5
26 Q0 id18842index5 7 0.67189497 pwa_35+62_0.5+0.5
26 Q0 id717483index5 8 0.6706454 pwa_35+62_0.5+0.5
26 Q0 id1373472index5 9 0.67054534 pwa_35+62_0.5+0.5
26 Q0 id397186index5 10 0.6700889 pwa_35+62_0.5+0.5
27 Q0 id19542index0 1 0.6782988 pwa_35+62_0.5+0.5
27 Q0 id389330index0 2 0.67743737 pwa_35+62_0.5+0.5
27 Q0 id1021460index0 3 0.67717314 pwa_35+62_0.5+0.5
27 Q0 id427002index0 4 0.67613405 pwa_35+62_0.5+0.5
27 Q0 id1001108index0 5 0.67201513 pwa_35+62_0.5+0.5
27 Q0 id12921index0 6 0.67196816 pwa_35+62_0.5+0.5
27 Q0 id23946index0 7 0.67196816 pwa_35+62_0.5+0.5
27 Q0 id192789index0 8 0.67170167 pwa_35+62_0.5+0.5
27 Q0 id95955index0 9 0.6713427 pwa_35+62_0.5+0.5
27 Q0 id92998index0 10 0.6706759 pwa_35+62_0.5+0.5
28 Q0 id1023index4 1 0.88098264 pwa_35+62_0.5+0.5
28 Q0 id106653index4 2 0.6981791 pwa_35+62_0.5+0.5
28 Q0 id66928index4 3 0.6907377 pwa_35+62_0.5+0.5
28 Q0 id125773index3 4 0.68231165 pwa_35+62_0.5+0.5
28 Q0 id110931index2 5 0.6802435 pwa_35+62_0.5+0.5
28 Q0 id2349index0 6 0.67810106 pwa_35+62_0.5+0.5
28 Q0 id144163index0 7 0.6779909 pwa_35+62_0.5+0.5
28 Q0 id57869index3 8 0.6778703 pwa_35+62_0.5+0.5
28 Q0 id5940index5 9 0.677851 pwa_35+62_0.5+0.5
28 Q0 id290183index0 10 0.6775239 pwa_35+62_0.5+0.5
29 Q0 id3664index5 1 0.6990224 pwa_35+62_0.5+0.5
29 Q0 id14699index5 2 0.69789654 pwa_35+62_0.5+0.5
29 Q0 id70472index5 3 0.6834929 pwa_35+62_0.5+0.5
29 Q0 id2161306index5 4 0.67939734 pwa_35+62_0.5+0.5
29 Q0 id104460index5 5 0.67740107 pwa_35+62_0.5+0.5
29 Q0 id21062index5 6 0.67448795 pwa_35+62_0.5+0.5
29 Q0 id15393index5 7 0.67428714 pwa_35+62_0.5+0.5
29 Q0 id12063index5 8 0.6742737 pwa_35+62_0.5+0.5
29 Q0 id1805403index5 9 0.6742737 pwa_35+62_0.5+0.5
29 Q0 id32669index5 10 0.67314947 pwa_35+62_0.5+0.5
30 Q0 id23630index4 1 0.7061856 pwa_35+62_0.5+0.5
30 Q0 id52109index0 2 0.6779678 pwa_35+62_0.5+0.5
30 Q0 id1851index0 3 0.6779563 pwa_35+62_0.5+0.5
30 Q0 id326548index0 4 0.67713135 pwa_35+62_0.5+0.5
30 Q0 id536158index0 5 0.67702854 pwa_35+62_0.5+0.5
30 Q0 id74729index5 6 0.6742482 pwa_35+62_0.5+0.5
30 Q0 id3410042index5 7 0.6742482 pwa_35+62_0.5+0.5
30 Q0 id19111index5 8 0.6734401 pwa_35+62_0.5+0.5
30 Q0 id2833index0 9 0.6721916 pwa_35+62_0.5+0.5
30 Q0 id1304362index5 10 0.67185664 pwa_35+62_0.5+0.5
31 Q0 id7064index4 1 0.74866074 pwa_35+62_0.5+0.5
31 Q0 id74440index4 2 0.7183328 pwa_35+62_0.5+0.5
31 Q0 id26670index4 3 0.71170455 pwa_35+62_0.5+0.5
31 Q0 id478512index0 4 0.69070506 pwa_35+62_0.5+0.5
31 Q0 id166134index4 5 0.68767476 pwa_35+62_0.5+0.5
31 Q0 id87785index4 6 0.6869375 pwa_35+62_0.5+0.5
31 Q0 id404141index0 7 0.68425745 pwa_35+62_0.5+0.5
31 Q0 id663867index0 8 0.68341094 pwa_35+62_0.5+0.5
31 Q0 id166051index4 9 0.682259 pwa_35+62_0.5+0.5
31 Q0 id43903index4 10 0.6820921 pwa_35+62_0.5+0.5
32 Q0 id18302index4 1 0.72668505 pwa_35+62_0.5+0.5
32 Q0 id10207index0 2 0.70201206 pwa_35+62_0.5+0.5
32 Q0 id2098index4 3 0.6965874 pwa_35+62_0.5+0.5
32 Q0 id2725index0 4 0.678184 pwa_35+62_0.5+0.5
32 Q0 id56079index0 5 0.67753565 pwa_35+62_0.5+0.5
32 Q0 id326548index0 6 0.6771113 pwa_35+62_0.5+0.5
32 Q0 id47715index3 7 0.6768624 pwa_35+62_0.5+0.5
32 Q0 id85270index0 8 0.6766565 pwa_35+62_0.5+0.5
32 Q0 id31415index0 9 0.67646086 pwa_35+62_0.5+0.5
32 Q0 id110174index5 10 0.6763905 pwa_35+62_0.5+0.5
33 Q0 id10870index5 1 0.6776304 pwa_35+62_0.5+0.5
33 Q0 id48225index5 2 0.67717147 pwa_35+62_0.5+0.5
33 Q0 id74605index5 3 0.67708176 pwa_35+62_0.5+0.5
33 Q0 id25302index5 4 0.67706895 pwa_35+62_0.5+0.5
33 Q0 id46247index5 5 0.6770561 pwa_35+62_0.5+0.5
33 Q0 id25904index5 6 0.67686343 pwa_35+62_0.5+0.5
33 Q0 id74601index5 7 0.6766443 pwa_35+62_0.5+0.5
33 Q0 id694438index3 8 0.67593503 pwa_35+62_0.5+0.5
33 Q0 id589253index0 9 0.6732843 pwa_35+62_0.5+0.5
33 Q0 id15570index5 10 0.6707376 pwa_35+62_0.5+0.5
34 Q0 id61056index4 1 0.70441145 pwa_35+62_0.5+0.5
34 Q0 id3619152index0 2 0.6664375 pwa_35+62_0.5+0.5
34 Q0 id457363index0 3 0.66135436 pwa_35+62_0.5+0.5
34 Q0 id3468110index5 4 0.6611596 pwa_35+62_0.5+0.5
34 Q0 id277367index5 5 0.6611408 pwa_35+62_0.5+0.5
34 Q0 id1598index5 6 0.6600092 pwa_35+62_0.5+0.5
34 Q0 id669256index0 7 0.6599896 pwa_35+62_0.5+0.5
34 Q0 id319016index0 8 0.65931606 pwa_35+62_0.5+0.5
34 Q0 id15147index3 9 0.6536882 pwa_35+62_0.5+0.5
34 Q0 id6565322index3 10 0.6534965 pwa_35+62_0.5+0.5
35 Q0 id640234index4 1 0.63827795 pwa_35+62_0.5+0.5
35 Q0 id36116923index4 2 0.63131535 pwa_35+62_0.5+0.5
35 Q0 id16937620index4 3 0.6305511 pwa_35+62_0.5+0.5
35 Q0 id23332584index4 4 0.6295489 pwa_35+62_0.5+0.5
35 Q0 id4154847index4 5 0.6280712 pwa_35+62_0.5+0.5
35 Q0 id10547310index4 6 0.6267918 pwa_35+62_0.5+0.5
35 Q0 id16937621index4 7 0.62644726 pwa_35+62_0.5+0.5
35 Q0 id4890610index0 8 0.62341714 pwa_35+62_0.5+0.5
35 Q0 id2089517index3 9 0.617712 pwa_35+62_0.5+0.5
35 Q0 id9118138index3 10 0.6154478 pwa_35+62_0.5+0.5
36 Q0 id39564index3 1 0.75000083 pwa_35+62_0.5+0.5
36 Q0 id74377index4 2 0.7136949 pwa_35+62_0.5+0.5
36 Q0 id122672index0 3 0.69123477 pwa_35+62_0.5+0.5
36 Q0 id49177index3 4 0.6784262 pwa_35+62_0.5+0.5
36 Q0 id57869index3 5 0.6780202 pwa_35+62_0.5+0.5
36 Q0 id755428index0 6 0.6770953 pwa_35+62_0.5+0.5
36 Q0 id4669813index3 7 0.67126036 pwa_35+62_0.5+0.5
36 Q0 id20187439index0 8 0.67112863 pwa_35+62_0.5+0.5
36 Q0 id18945037index0 9 0.66869706 pwa_35+62_0.5+0.5
36 Q0 id991916index0 10 0.6684615 pwa_35+62_0.5+0.5
37 Q0 id317index3 1 1.626466 pwa_35+62_0.5+0.5
37 Q0 id96354index0 2 0.72047657 pwa_35+62_0.5+0.5
37 Q0 id4257index3 3 0.68691736 pwa_35+62_0.5+0.5
37 Q0 id288484index5 4 0.68097436 pwa_35+62_0.5+0.5
37 Q0 id2431762index0 5 0.6797157 pwa_35+62_0.5+0.5
37 Q0 id191597index5 6 0.67935884 pwa_35+62_0.5+0.5
37 Q0 id16586index0 7 0.6781732 pwa_35+62_0.5+0.5
37 Q0 id3282index1 8 0.67804015 pwa_35+62_0.5+0.5
37 Q0 id630index1 9 0.6779462 pwa_35+62_0.5+0.5
37 Q0 id171016index4 10 0.6774924 pwa_35+62_0.5+0.5
38 Q0 id1030096index4 1 0.662055 pwa_35+62_0.5+0.5
38 Q0 id520728index4 2 0.65283024 pwa_35+62_0.5+0.5
38 Q0 id1871index4 3 0.65255934 pwa_35+62_0.5+0.5
38 Q0 id1234301index4 4 0.64536625 pwa_35+62_0.5+0.5
38 Q0 id12544index3 5 0.6401246 pwa_35+62_0.5+0.5
38 Q0 id10843832index4 6 0.6385615 pwa_35+62_0.5+0.5
38 Q0 id8393940index4 7 0.63618994 pwa_35+62_0.5+0.5
38 Q0 id10481119index4 8 0.6334498 pwa_35+62_0.5+0.5
38 Q0 id10468806index4 9 0.6325202 pwa_35+62_0.5+0.5
38 Q0 id10337328index4 10 0.63212776 pwa_35+62_0.5+0.5
39 Q0 id11609index4 1 0.7289963 pwa_35+62_0.5+0.5
39 Q0 id338683index4 2 0.7192566 pwa_35+62_0.5+0.5
39 Q0 id69549index3 3 0.6938148 pwa_35+62_0.5+0.5
39 Q0 id545107index0 4 0.69020665 pwa_35+62_0.5+0.5
39 Q0 id360351index0 5 0.6898172 pwa_35+62_0.5+0.5
39 Q0 id336550index3 6 0.68012416 pwa_35+62_0.5+0.5
39 Q0 id2667index3 7 0.67796475 pwa_35+62_0.5+0.5
39 Q0 id13203index0 8 0.67793876 pwa_35+62_0.5+0.5
39 Q0 id75162index0 9 0.6776557 pwa_35+62_0.5+0.5
39 Q0 id298545index0 10 0.6771965 pwa_35+62_0.5+0.5
40 Q0 id22586index5 1 0.6917884 pwa_35+62_0.5+0.5
40 Q0 id607321index5 2 0.6917628 pwa_35+62_0.5+0.5
40 Q0 id16810index5 3 0.6902138 pwa_35+62_0.5+0.5
40 Q0 id52303index5 4 0.6852538 pwa_35+62_0.5+0.5
40 Q0 id59237index1 5 0.67832565 pwa_35+62_0.5+0.5
40 Q0 id2699index1 6 0.6780061 pwa_35+62_0.5+0.5
40 Q0 id55089index5 7 0.6780057 pwa_35+62_0.5+0.5
40 Q0 id253index1 8 0.6779235 pwa_35+62_0.5+0.5
40 Q0 id40484index5 9 0.67788756 pwa_35+62_0.5+0.5
40 Q0 id36398index5 10 0.6774572 pwa_35+62_0.5+0.5
41 Q0 id559968index0 1 0.71773064 pwa_35+62_0.5+0.5
41 Q0 id836480index5 2 0.68708134 pwa_35+62_0.5+0.5
41 Q0 id71056index5 3 0.6814106 pwa_35+62_0.5+0.5
41 Q0 id216332index0 4 0.67512965 pwa_35+62_0.5+0.5
41 Q0 id25433index5 5 0.6732665 pwa_35+62_0.5+0.5
41 Q0 id821218index5 6 0.6730841 pwa_35+62_0.5+0.5
41 Q0 id48463index5 7 0.6723255 pwa_35+62_0.5+0.5
41 Q0 id5127791index0 8 0.6709442 pwa_35+62_0.5+0.5
41 Q0 id2818418index2 9 0.6686121 pwa_35+62_0.5+0.5
41 Q0 id335350index0 10 0.66726506 pwa_35+62_0.5+0.5
42 Q0 id108981index0 1 0.712125 pwa_35+62_0.5+0.5
42 Q0 id44185index4 2 0.69451666 pwa_35+62_0.5+0.5
42 Q0 id301227index4 3 0.6720215 pwa_35+62_0.5+0.5
42 Q0 id358438index3 4 0.6673989 pwa_35+62_0.5+0.5
42 Q0 id264465index0 5 0.66693676 pwa_35+62_0.5+0.5
42 Q0 id53562325index0 6 0.6622336 pwa_35+62_0.5+0.5
42 Q0 id7079238index4 7 0.66216177 pwa_35+62_0.5+0.5
42 Q0 id65589962index0 8 0.6594729 pwa_35+62_0.5+0.5
42 Q0 id28677592index0 9 0.6568224 pwa_35+62_0.5+0.5
42 Q0 id4787319index0 10 0.65662444 pwa_35+62_0.5+0.5
43 Q0 id1310index4 1 0.7433423 pwa_35+62_0.5+0.5
43 Q0 id6368index0 2 0.71864593 pwa_35+62_0.5+0.5
43 Q0 id99index5 3 0.7047055 pwa_35+62_0.5+0.5
43 Q0 id276index5 4 0.69978803 pwa_35+62_0.5+0.5
43 Q0 id22820index5 5 0.6962295 pwa_35+62_0.5+0.5
43 Q0 id999049index0 6 0.69560874 pwa_35+62_0.5+0.5
43 Q0 id613index5 7 0.6951881 pwa_35+62_0.5+0.5
43 Q0 id23310index5 8 0.69341624 pwa_35+62_0.5+0.5
43 Q0 id193132index0 9 0.69295627 pwa_35+62_0.5+0.5
43 Q0 id59index5 10 0.69160485 pwa_35+62_0.5+0.5
44 Q0 id14654298index3 1 0.64598715 pwa_35+62_0.5+0.5
44 Q0 id748054index2 2 0.6404322 pwa_35+62_0.5+0.5
44 Q0 id41133301index0 3 0.63542074 pwa_35+62_0.5+0.5
44 Q0 id373920index0 4 0.63311756 pwa_35+62_0.5+0.5
44 Q0 id17753643index3 5 0.6307336 pwa_35+62_0.5+0.5
44 Q0 id111568778index0 6 0.6287748 pwa_35+62_0.5+0.5
44 Q0 id17305399index0 7 0.62624365 pwa_35+62_0.5+0.5
44 Q0 id14081256index3 8 0.62480366 pwa_35+62_0.5+0.5
44 Q0 id54803977index0 9 0.62425387 pwa_35+62_0.5+0.5
44 Q0 id3139116index3 10 0.6222278 pwa_35+62_0.5+0.5
45 Q0 id48109index3 1 0.68999785 pwa_35+62_0.5+0.5
45 Q0 id5677016index4 2 0.68446267 pwa_35+62_0.5+0.5
45 Q0 id20502index0 3 0.6752006 pwa_35+62_0.5+0.5
45 Q0 id89745193index0 4 0.66990495 pwa_35+62_0.5+0.5
45 Q0 id89618476index0 5 0.66987944 pwa_35+62_0.5+0.5
45 Q0 id6622288index0 6 0.66612494 pwa_35+62_0.5+0.5
45 Q0 id35489692index0 7 0.6636371 pwa_35+62_0.5+0.5
45 Q0 id1252201index5 8 0.6579328 pwa_35+62_0.5+0.5
45 Q0 id356957index0 9 0.6565345 pwa_35+62_0.5+0.5
45 Q0 id640137index0 10 0.6556404 pwa_35+62_0.5+0.5
46 Q0 id38940992index0 1 0.67776066 pwa_35+62_0.5+0.5
46 Q0 id159038index0 2 0.6759895 pwa_35+62_0.5+0.5
46 Q0 id32648752index4 3 0.66754663 pwa_35+62_0.5+0.5
46 Q0 id197145index0 4 0.6671793 pwa_35+62_0.5+0.5
46 Q0 id5092680index3 5 0.6657765 pwa_35+62_0.5+0.5
46 Q0 id93202174index0 6 0.6615916 pwa_35+62_0.5+0.5
46 Q0 id1283189index0 7 0.6593679 pwa_35+62_0.5+0.5
46 Q0 id57415570index0 8 0.6587275 pwa_35+62_0.5+0.5
46 Q0 id1583403index0 9 0.6562741 pwa_35+62_0.5+0.5
46 Q0 id2149338index3 10 0.65451694 pwa_35+62_0.5+0.5
47 Q0 id105130307index0 1 0.6624391 pwa_35+62_0.5+0.5
47 Q0 id294854index0 2 0.6473428 pwa_35+62_0.5+0.5
47 Q0 id87588063index0 3 0.60546625 pwa_35+62_0.5+0.5
47 Q0 id2418037index0 4 0.5986385 pwa_35+62_0.5+0.5
47 Q0 id87897628index0 5 0.59192383 pwa_35+62_0.5+0.5
47 Q0 id107535795index0 6 0.586684 pwa_35+62_0.5+0.5
47 Q0 id24196479index0 7 0.5830029 pwa_35+62_0.5+0.5
47 Q0 id503636index0 8 0.5816297 pwa_35+62_0.5+0.5
47 Q0 id56395355index0 9 0.5784621 pwa_35+62_0.5+0.5
47 Q0 id23323465index0 10 0.5774112 pwa_35+62_0.5+0.5
48 Q0 id1180418index5 1 0.6607043 pwa_35+62_0.5+0.5
48 Q0 id8277279index0 2 0.64270115 pwa_35+62_0.5+0.5
48 Q0 id13183205index0 3 0.63335764 pwa_35+62_0.5+0.5
48 Q0 id5813373index0 4 0.6262206 pwa_35+62_0.5+0.5
48 Q0 id5519398index0 5 0.6262008 pwa_35+62_0.5+0.5
48 Q0 id5546383index0 6 0.6261726 pwa_35+62_0.5+0.5
48 Q0 id8973957index0 7 0.62615776 pwa_35+62_0.5+0.5
48 Q0 id69910733index0 8 0.6180928 pwa_35+62_0.5+0.5
48 Q0 id35038438index3 9 0.61670244 pwa_35+62_0.5+0.5
48 Q0 id2063131index0 10 0.6033807 pwa_35+62_0.5+0.5
49 Q0 id21069index5 1 0.6723357 pwa_35+62_0.5+0.5
49 Q0 id156371index5 2 0.6617726 pwa_35+62_0.5+0.5
49 Q0 id1252181index5 3 0.65100193 pwa_35+62_0.5+0.5
49 Q0 id2868066index5 4 0.6341702 pwa_35+62_0.5+0.5
49 Q0 id2868070index5 5 0.6340693 pwa_35+62_0.5+0.5
49 Q0 id1273211index5 6 0.6340436 pwa_35+62_0.5+0.5
49 Q0 id741907index5 7 0.6340096 pwa_35+62_0.5+0.5
49 Q0 id2873550index5 8 0.63394165 pwa_35+62_0.5+0.5
49 Q0 id3400226index5 9 0.6338384 pwa_35+62_0.5+0.5
49 Q0 id2357202index5 10 0.6334765 pwa_35+62_0.5+0.5
50 Q0 id2184index4 1 0.7434001 pwa_35+62_0.5+0.5
50 Q0 id649index3 2 0.73420066 pwa_35+62_0.5+0.5
50 Q0 id8804index4 3 0.71835923 pwa_35+62_0.5+0.5
50 Q0 id25085index0 4 0.71589184 pwa_35+62_0.5+0.5
50 Q0 id17123index4 5 0.71058184 pwa_35+62_0.5+0.5
50 Q0 id52261index4 6 0.70831215 pwa_35+62_0.5+0.5
50 Q0 id3274index4 7 0.70386356 pwa_35+62_0.5+0.5
50 Q0 id134993index0 8 0.6977463 pwa_35+62_0.5+0.5
50 Q0 id10506index3 9 0.69572085 pwa_35+62_0.5+0.5
50 Q0 id77445index4 10 0.6939389 pwa_35+62_0.5+0.5
