1 Q0 id982index5 1 0.5885152 pwa_35+64_0.75+0.25
1 Q0 id17793index5 2 0.49219918 pwa_35+64_0.75+0.25
1 Q0 id6902index5 3 0.491894 pwa_35+64_0.75+0.25
1 Q0 id3613index5 4 0.48968193 pwa_35+64_0.75+0.25
1 Q0 id3590index5 5 0.48768306 pwa_35+64_0.75+0.25
1 Q0 id15714index5 6 0.4874549 pwa_35+64_0.75+0.25
1 Q0 id146index5 7 0.48330703 pwa_35+64_0.75+0.25
1 Q0 id4784index5 8 0.47521877 pwa_35+64_0.75+0.25
1 Q0 id4120index5 9 0.47319978 pwa_35+64_0.75+0.25
1 Q0 id8447index5 10 0.4729597 pwa_35+64_0.75+0.25
2 Q0 id983index5 1 0.59399205 pwa_35+64_0.75+0.25
2 Q0 id42642index5 2 0.49189824 pwa_35+64_0.75+0.25
2 Q0 id4962index5 3 0.486098 pwa_35+64_0.75+0.25
2 Q0 id22988index5 4 0.4788515 pwa_35+64_0.75+0.25
2 Q0 id5050index5 5 0.47649777 pwa_35+64_0.75+0.25
2 Q0 id11354index5 6 0.4714434 pwa_35+64_0.75+0.25
2 Q0 id1548index5 7 0.46878934 pwa_35+64_0.75+0.25
2 Q0 id5380index5 8 0.46437797 pwa_35+64_0.75+0.25
2 Q0 id3256index5 9 0.4567044 pwa_35+64_0.75+0.25
2 Q0 id13066index5 10 0.44521588 pwa_35+64_0.75+0.25
3 Q0 id922index3 1 0.5879662 pwa_35+64_0.75+0.25
3 Q0 id15280index0 2 0.49706057 pwa_35+64_0.75+0.25
3 Q0 id85395index0 3 0.49640846 pwa_35+64_0.75+0.25
3 Q0 id42581index0 4 0.4928788 pwa_35+64_0.75+0.25
3 Q0 id19572index0 5 0.4926595 pwa_35+64_0.75+0.25
3 Q0 id120index0 6 0.49243557 pwa_35+64_0.75+0.25
3 Q0 id33192index0 7 0.49229056 pwa_35+64_0.75+0.25
3 Q0 id61133index0 8 0.4920239 pwa_35+64_0.75+0.25
3 Q0 id59385index0 9 0.49187392 pwa_35+64_0.75+0.25
3 Q0 id1009index4 10 0.49123505 pwa_35+64_0.75+0.25
4 Q0 id2654index3 1 0.537664 pwa_35+64_0.75+0.25
4 Q0 id23532index4 2 0.51702744 pwa_35+64_0.75+0.25
4 Q0 id227437index0 3 0.49740925 pwa_35+64_0.75+0.25
4 Q0 id596925index0 4 0.497406 pwa_35+64_0.75+0.25
4 Q0 id4750index2 5 0.49354857 pwa_35+64_0.75+0.25
4 Q0 id34880index0 6 0.49317926 pwa_35+64_0.75+0.25
4 Q0 id966117index0 7 0.4927199 pwa_35+64_0.75+0.25
4 Q0 id2431index0 8 0.49257755 pwa_35+64_0.75+0.25
4 Q0 id2006index5 9 0.492414 pwa_35+64_0.75+0.25
4 Q0 id400824index0 10 0.49234396 pwa_35+64_0.75+0.25
5 Q0 id3579index3 1 0.68812394 pwa_35+64_0.75+0.25
5 Q0 id1255index3 2 0.6866443 pwa_35+64_0.75+0.25
5 Q0 id3322index3 3 0.6844689 pwa_35+64_0.75+0.25
5 Q0 id4375index3 4 0.63623214 pwa_35+64_0.75+0.25
5 Q0 id2642index4 5 0.59244967 pwa_35+64_0.75+0.25
5 Q0 id5003index0 6 0.59208775 pwa_35+64_0.75+0.25
5 Q0 id1919index4 7 0.5892354 pwa_35+64_0.75+0.25
5 Q0 id1694index3 8 0.583932 pwa_35+64_0.75+0.25
5 Q0 id9056index3 9 0.5657916 pwa_35+64_0.75+0.25
5 Q0 id30624index4 10 0.54913163 pwa_35+64_0.75+0.25
6 Q0 id50844index4 1 0.53754073 pwa_35+64_0.75+0.25
6 Q0 id52685index0 2 0.4970721 pwa_35+64_0.75+0.25
6 Q0 id1321754index0 3 0.49678665 pwa_35+64_0.75+0.25
6 Q0 id883273index0 4 0.493257 pwa_35+64_0.75+0.25
6 Q0 id31893index0 5 0.4926677 pwa_35+64_0.75+0.25
6 Q0 id2761316index0 6 0.49218553 pwa_35+64_0.75+0.25
6 Q0 id304890index0 7 0.4921437 pwa_35+64_0.75+0.25
6 Q0 id22242index0 8 0.4921419 pwa_35+64_0.75+0.25
6 Q0 id4164847index0 9 0.48336458 pwa_35+64_0.75+0.25
6 Q0 id13498index4 10 0.48283967 pwa_35+64_0.75+0.25
7 Q0 id33131index3 1 0.56310374 pwa_35+64_0.75+0.25
7 Q0 id268292index0 2 0.49890763 pwa_35+64_0.75+0.25
7 Q0 id809597index0 3 0.4974776 pwa_35+64_0.75+0.25
7 Q0 id1720804index0 4 0.49232608 pwa_35+64_0.75+0.25
7 Q0 id56250index0 5 0.4832091 pwa_35+64_0.75+0.25
7 Q0 id12330index2 6 0.482934 pwa_35+64_0.75+0.25
7 Q0 id298997index0 7 0.48118597 pwa_35+64_0.75+0.25
7 Q0 id2452593index2 8 0.4752705 pwa_35+64_0.75+0.25
7 Q0 id44564index0 9 0.47511405 pwa_35+64_0.75+0.25
7 Q0 id31766index0 10 0.46548396 pwa_35+64_0.75+0.25
8 Q0 id5946index0 1 0.5351574 pwa_35+64_0.75+0.25
8 Q0 id63605index3 2 0.52341 pwa_35+64_0.75+0.25
8 Q0 id68754index3 3 0.50163513 pwa_35+64_0.75+0.25
8 Q0 id49299index4 4 0.49998784 pwa_35+64_0.75+0.25
8 Q0 id25470index0 5 0.4972389 pwa_35+64_0.75+0.25
8 Q0 id585309index0 6 0.49674958 pwa_35+64_0.75+0.25
8 Q0 id157464index0 7 0.49304527 pwa_35+64_0.75+0.25
8 Q0 id347881index0 8 0.49283335 pwa_35+64_0.75+0.25
8 Q0 id562index3 9 0.49247384 pwa_35+64_0.75+0.25
8 Q0 id255331index0 10 0.49219036 pwa_35+64_0.75+0.25
9 Q0 id530645index0 1 0.4972072 pwa_35+64_0.75+0.25
9 Q0 id2554166index2 2 0.49672115 pwa_35+64_0.75+0.25
9 Q0 id3653index2 3 0.49319148 pwa_35+64_0.75+0.25
9 Q0 id486414index0 4 0.49262545 pwa_35+64_0.75+0.25
9 Q0 id17730index0 5 0.49252528 pwa_35+64_0.75+0.25
9 Q0 id2965index5 6 0.49243098 pwa_35+64_0.75+0.25
9 Q0 id4562676index0 7 0.49218163 pwa_35+64_0.75+0.25
9 Q0 id899803index0 8 0.49209285 pwa_35+64_0.75+0.25
9 Q0 id511297index0 9 0.48561364 pwa_35+64_0.75+0.25
9 Q0 id27362index0 10 0.48363182 pwa_35+64_0.75+0.25
10 Q0 id4997index3 1 0.75299567 pwa_35+64_0.75+0.25
10 Q0 id2949index4 2 0.6638077 pwa_35+64_0.75+0.25
10 Q0 id10137index3 3 0.57510215 pwa_35+64_0.75+0.25
10 Q0 id14340index3 4 0.5539039 pwa_35+64_0.75+0.25
10 Q0 id6751index4 5 0.54607695 pwa_35+64_0.75+0.25
10 Q0 id18268index3 6 0.53690577 pwa_35+64_0.75+0.25
10 Q0 id480index4 7 0.5340703 pwa_35+64_0.75+0.25
10 Q0 id5622index4 8 0.53176653 pwa_35+64_0.75+0.25
10 Q0 id38413index4 9 0.5278153 pwa_35+64_0.75+0.25
10 Q0 id18006index3 10 0.51763386 pwa_35+64_0.75+0.25
11 Q0 id6369index4 1 0.49288943 pwa_35+64_0.75+0.25
11 Q0 id4329556index0 2 0.48798156 pwa_35+64_0.75+0.25
11 Q0 id46423123index0 3 0.47709256 pwa_35+64_0.75+0.25
11 Q0 id111496633index0 4 0.45690525 pwa_35+64_0.75+0.25
11 Q0 id19591915index0 5 0.45027918 pwa_35+64_0.75+0.25
11 Q0 id2648038index2 6 0.41890436 pwa_35+64_0.75+0.25
11 Q0 id16492502index0 7 0.41860157 pwa_35+64_0.75+0.25
11 Q0 id515372index0 8 0.41726452 pwa_35+64_0.75+0.25
11 Q0 id3263788index0 9 0.41714036 pwa_35+64_0.75+0.25
11 Q0 id32366478index0 10 0.41465425 pwa_35+64_0.75+0.25
12 Q0 id6436index3 1 0.56452 pwa_35+64_0.75+0.25
12 Q0 id28529index4 2 0.55652344 pwa_35+64_0.75+0.25
12 Q0 id54106index0 3 0.49707046 pwa_35+64_0.75+0.25
12 Q0 id709876index0 4 0.49641544 pwa_35+64_0.75+0.25
12 Q0 id191369index0 5 0.49309725 pwa_35+64_0.75+0.25
12 Q0 id130index2 6 0.49245435 pwa_35+64_0.75+0.25
12 Q0 id70296index0 7 0.49224234 pwa_35+64_0.75+0.25
12 Q0 id674index2 8 0.49223763 pwa_35+64_0.75+0.25
12 Q0 id31868index0 9 0.492234 pwa_35+64_0.75+0.25
12 Q0 id21646index2 10 0.49198115 pwa_35+64_0.75+0.25
13 Q0 id152498index4 1 0.5322404 pwa_35+64_0.75+0.25
13 Q0 id1184184index3 2 0.50069374 pwa_35+64_0.75+0.25
13 Q0 id3302index2 3 0.49264866 pwa_35+64_0.75+0.25
13 Q0 id31279358index0 4 0.4921974 pwa_35+64_0.75+0.25
13 Q0 id6354812index2 5 0.48833087 pwa_35+64_0.75+0.25
13 Q0 id120946index0 6 0.48568445 pwa_35+64_0.75+0.25
13 Q0 id1645079index0 7 0.47948432 pwa_35+64_0.75+0.25
13 Q0 id31190index0 8 0.47881544 pwa_35+64_0.75+0.25
13 Q0 id4971index2 9 0.4787168 pwa_35+64_0.75+0.25
13 Q0 id693023index0 10 0.476932 pwa_35+64_0.75+0.25
14 Q0 id63576index0 1 0.49732566 pwa_35+64_0.75+0.25
14 Q0 id1280505index0 2 0.49664688 pwa_35+64_0.75+0.25
14 Q0 id393661index0 3 0.49276924 pwa_35+64_0.75+0.25
14 Q0 id48362index0 4 0.4920485 pwa_35+64_0.75+0.25
14 Q0 id3939679index2 5 0.49183273 pwa_35+64_0.75+0.25
14 Q0 id1243410index0 6 0.48293057 pwa_35+64_0.75+0.25
14 Q0 id2492195index0 7 0.48178703 pwa_35+64_0.75+0.25
14 Q0 id5476009index2 8 0.48116815 pwa_35+64_0.75+0.25
14 Q0 id1700070index2 9 0.4751305 pwa_35+64_0.75+0.25
14 Q0 id1801436index2 10 0.4749599 pwa_35+64_0.75+0.25
15 Q0 id11961index4 1 0.5988316 pwa_35+64_0.75+0.25
15 Q0 id49099index4 2 0.5026723 pwa_35+64_0.75+0.25
15 Q0 id28759index0 3 0.49710524 pwa_35+64_0.75+0.25
15 Q0 id120709index0 4 0.49658746 pwa_35+64_0.75+0.25
15 Q0 id5875index2 5 0.4929269 pwa_35+64_0.75+0.25
15 Q0 id27572index0 6 0.49252865 pwa_35+64_0.75+0.25
15 Q0 id229318index0 7 0.4923092 pwa_35+64_0.75+0.25
15 Q0 id36777index0 8 0.49190092 pwa_35+64_0.75+0.25
15 Q0 id132637index0 9 0.49179894 pwa_35+64_0.75+0.25
15 Q0 id136734index0 10 0.48779756 pwa_35+64_0.75+0.25
16 Q0 id445index3 1 0.66277254 pwa_35+64_0.75+0.25
16 Q0 id2424index4 2 0.5388932 pwa_35+64_0.75+0.25
16 Q0 id107524index0 3 0.51526576 pwa_35+64_0.75+0.25
16 Q0 id34551index4 4 0.5072817 pwa_35+64_0.75+0.25
16 Q0 id48250index4 5 0.4991513 pwa_35+64_0.75+0.25
16 Q0 id77795index3 6 0.49884403 pwa_35+64_0.75+0.25
16 Q0 id15544index4 7 0.497992 pwa_35+64_0.75+0.25
16 Q0 id57043index0 8 0.4965976 pwa_35+64_0.75+0.25
16 Q0 id209768index3 9 0.4953797 pwa_35+64_0.75+0.25
16 Q0 id87356index3 10 0.495031 pwa_35+64_0.75+0.25
17 Q0 id6364index0 1 0.4922824 pwa_35+64_0.75+0.25
17 Q0 id4539index2 2 0.48286375 pwa_35+64_0.75+0.25
17 Q0 id13283001index0 3 0.47683454 pwa_35+64_0.75+0.25
17 Q0 id3080737index0 4 0.4706645 pwa_35+64_0.75+0.25
17 Q0 id1496211index0 5 0.46353212 pwa_35+64_0.75+0.25
17 Q0 id171058index0 6 0.4608996 pwa_35+64_0.75+0.25
17 Q0 id189826index0 7 0.45635754 pwa_35+64_0.75+0.25
17 Q0 id197032index0 8 0.45487213 pwa_35+64_0.75+0.25
17 Q0 id1023046index0 9 0.45448226 pwa_35+64_0.75+0.25
17 Q0 id6141019index0 10 0.45191807 pwa_35+64_0.75+0.25
18 Q0 id306index3 1 0.5956763 pwa_35+64_0.75+0.25
18 Q0 id10979index3 2 0.59342194 pwa_35+64_0.75+0.25
18 Q0 id23660index0 3 0.5615373 pwa_35+64_0.75+0.25
18 Q0 id9119index3 4 0.5429 pwa_35+64_0.75+0.25
18 Q0 id6699index4 5 0.5305029 pwa_35+64_0.75+0.25
18 Q0 id79663index0 6 0.5235689 pwa_35+64_0.75+0.25
18 Q0 id209745index0 7 0.52218604 pwa_35+64_0.75+0.25
18 Q0 id28991index3 8 0.5155266 pwa_35+64_0.75+0.25
18 Q0 id19560index0 9 0.49717575 pwa_35+64_0.75+0.25
18 Q0 id109960index0 10 0.4966216 pwa_35+64_0.75+0.25
19 Q0 id4706index3 1 0.64256865 pwa_35+64_0.75+0.25
19 Q0 id7199index3 2 0.6290186 pwa_35+64_0.75+0.25
19 Q0 id6938index3 3 0.5965488 pwa_35+64_0.75+0.25
19 Q0 id475index3 4 0.5934654 pwa_35+64_0.75+0.25
19 Q0 id7376index3 5 0.57490987 pwa_35+64_0.75+0.25
19 Q0 id147index3 6 0.57148945 pwa_35+64_0.75+0.25
19 Q0 id12552index3 7 0.5455779 pwa_35+64_0.75+0.25
19 Q0 id6182index4 8 0.54470253 pwa_35+64_0.75+0.25
19 Q0 id10780index3 9 0.5399257 pwa_35+64_0.75+0.25
19 Q0 id4126index4 10 0.5354103 pwa_35+64_0.75+0.25
20 Q0 id2348719index0 1 0.4969996 pwa_35+64_0.75+0.25
20 Q0 id46756index0 2 0.49655604 pwa_35+64_0.75+0.25
20 Q0 id1452958index0 3 0.49253133 pwa_35+64_0.75+0.25
20 Q0 id14267916index0 4 0.49228334 pwa_35+64_0.75+0.25
20 Q0 id110529index0 5 0.49217147 pwa_35+64_0.75+0.25
20 Q0 id4131873index0 6 0.48329294 pwa_35+64_0.75+0.25
20 Q0 id402938index0 7 0.48322406 pwa_35+64_0.75+0.25
20 Q0 id4774245index2 8 0.48081267 pwa_35+64_0.75+0.25
20 Q0 id112597index0 9 0.47885352 pwa_35+64_0.75+0.25
20 Q0 id1582522index0 10 0.4788398 pwa_35+64_0.75+0.25
21 Q0 id553132index0 1 0.48109144 pwa_35+64_0.75+0.25
21 Q0 id198394index0 2 0.4791494 pwa_35+64_0.75+0.25
21 Q0 id13863index0 3 0.46436554 pwa_35+64_0.75+0.25
21 Q0 id1977632index0 4 0.46436256 pwa_35+64_0.75+0.25
21 Q0 id822824index0 5 0.46315515 pwa_35+64_0.75+0.25
21 Q0 id10024index2 6 0.45925832 pwa_35+64_0.75+0.25
21 Q0 id391585index0 7 0.45852435 pwa_35+64_0.75+0.25
21 Q0 id290934index0 8 0.4583063 pwa_35+64_0.75+0.25
21 Q0 id1673573index0 9 0.45483774 pwa_35+64_0.75+0.25
21 Q0 id30605892index0 10 0.4531246 pwa_35+64_0.75+0.25
22 Q0 id894index0 1 0.5787572 pwa_35+64_0.75+0.25
22 Q0 id27051index0 2 0.5126154 pwa_35+64_0.75+0.25
22 Q0 id239364index0 3 0.50684273 pwa_35+64_0.75+0.25
22 Q0 id47791index0 4 0.5038894 pwa_35+64_0.75+0.25
22 Q0 id9341index0 5 0.49682868 pwa_35+64_0.75+0.25
22 Q0 id11903index0 6 0.49633026 pwa_35+64_0.75+0.25
22 Q0 id991index0 7 0.4923126 pwa_35+64_0.75+0.25
22 Q0 id2006index5 8 0.49191564 pwa_35+64_0.75+0.25
22 Q0 id606906index0 9 0.48898593 pwa_35+64_0.75+0.25
22 Q0 id346087index0 10 0.48771614 pwa_35+64_0.75+0.25
23 Q0 id441575index0 1 0.502041 pwa_35+64_0.75+0.25
23 Q0 id4789080index2 2 0.48106027 pwa_35+64_0.75+0.25
23 Q0 id402866index0 3 0.47017848 pwa_35+64_0.75+0.25
23 Q0 id5502134index2 4 0.4593343 pwa_35+64_0.75+0.25
23 Q0 id1282995index0 5 0.43065494 pwa_35+64_0.75+0.25
23 Q0 id3885280index0 6 0.4241554 pwa_35+64_0.75+0.25
23 Q0 id9295656index0 7 0.4172147 pwa_35+64_0.75+0.25
23 Q0 id40877397index0 8 0.41432023 pwa_35+64_0.75+0.25
23 Q0 id24968223index0 9 0.41114974 pwa_35+64_0.75+0.25
23 Q0 id41173020index0 10 0.40764487 pwa_35+64_0.75+0.25
24 Q0 id68742index0 1 0.5386539 pwa_35+64_0.75+0.25
24 Q0 id2499index0 2 0.52913594 pwa_35+64_0.75+0.25
24 Q0 id145163index0 3 0.49695745 pwa_35+64_0.75+0.25
24 Q0 id723933index0 4 0.4965139 pwa_35+64_0.75+0.25
24 Q0 id472index3 5 0.49284673 pwa_35+64_0.75+0.25
24 Q0 id676186index0 6 0.49242404 pwa_35+64_0.75+0.25
24 Q0 id480index0 7 0.49225545 pwa_35+64_0.75+0.25
24 Q0 id86692index0 8 0.49212933 pwa_35+64_0.75+0.25
24 Q0 id1776298index0 9 0.49166203 pwa_35+64_0.75+0.25
24 Q0 id3835673index0 10 0.49149328 pwa_35+64_0.75+0.25
25 Q0 id86214index4 1 0.4990899 pwa_35+64_0.75+0.25
25 Q0 id2017index5 2 0.45299956 pwa_35+64_0.75+0.25
25 Q0 id13575index4 3 0.4128626 pwa_35+64_0.75+0.25
25 Q0 id30340976index4 4 0.40279713 pwa_35+64_0.75+0.25
25 Q0 id97332526index0 5 0.40254724 pwa_35+64_0.75+0.25
25 Q0 id2759563index0 6 0.40198463 pwa_35+64_0.75+0.25
25 Q0 id199291index0 7 0.4013486 pwa_35+64_0.75+0.25
25 Q0 id3298436index0 8 0.4005678 pwa_35+64_0.75+0.25
25 Q0 id6517116index0 9 0.39818543 pwa_35+64_0.75+0.25
25 Q0 id462518index5 10 0.39804164 pwa_35+64_0.75+0.25
26 Q0 id3706index5 1 0.51701933 pwa_35+64_0.75+0.25
26 Q0 id26808index5 2 0.40037495 pwa_35+64_0.75+0.25
26 Q0 id106066index5 3 0.3995248 pwa_35+64_0.75+0.25
26 Q0 id215021index5 4 0.39695975 pwa_35+64_0.75+0.25
26 Q0 id170292index5 5 0.3960806 pwa_35+64_0.75+0.25
26 Q0 id1376546index5 6 0.39604834 pwa_35+64_0.75+0.25
26 Q0 id93122index5 7 0.39506906 pwa_35+64_0.75+0.25
26 Q0 id397186index5 8 0.39506906 pwa_35+64_0.75+0.25
26 Q0 id1430037index5 9 0.39410478 pwa_35+64_0.75+0.25
26 Q0 id18842index5 10 0.39339554 pwa_35+64_0.75+0.25
27 Q0 id1268922index0 1 0.49753392 pwa_35+64_0.75+0.25
27 Q0 id177781index0 2 0.49736384 pwa_35+64_0.75+0.25
27 Q0 id44735index0 3 0.49321812 pwa_35+64_0.75+0.25
27 Q0 id192789index0 4 0.49320418 pwa_35+64_0.75+0.25
27 Q0 id482594index0 5 0.4928214 pwa_35+64_0.75+0.25
27 Q0 id427002index0 6 0.492693 pwa_35+64_0.75+0.25
27 Q0 id23946index0 7 0.4925524 pwa_35+64_0.75+0.25
27 Q0 id389330index0 8 0.49235594 pwa_35+64_0.75+0.25
27 Q0 id313505index0 9 0.48820418 pwa_35+64_0.75+0.25
27 Q0 id2201501index0 10 0.4877016 pwa_35+64_0.75+0.25
28 Q0 id1023index4 1 0.76497376 pwa_35+64_0.75+0.25
28 Q0 id893612index0 2 0.5118876 pwa_35+64_0.75+0.25
28 Q0 id70682index0 3 0.5003909 pwa_35+64_0.75+0.25
28 Q0 id138566index0 4 0.49722815 pwa_35+64_0.75+0.25
28 Q0 id465393index0 5 0.49643314 pwa_35+64_0.75+0.25
28 Q0 id96569index0 6 0.49312228 pwa_35+64_0.75+0.25
28 Q0 id63118index0 7 0.49260473 pwa_35+64_0.75+0.25
28 Q0 id27492index0 8 0.49246496 pwa_35+64_0.75+0.25
28 Q0 id131424index0 9 0.49231774 pwa_35+64_0.75+0.25
28 Q0 id258173index0 10 0.49204856 pwa_35+64_0.75+0.25
29 Q0 id3664index5 1 0.5201199 pwa_35+64_0.75+0.25
29 Q0 id2671310index5 2 0.42288285 pwa_35+64_0.75+0.25
29 Q0 id146052index5 3 0.42196327 pwa_35+64_0.75+0.25
29 Q0 id2969158index5 4 0.42184776 pwa_35+64_0.75+0.25
29 Q0 id91500index5 5 0.4178242 pwa_35+64_0.75+0.25
29 Q0 id687700index0 6 0.41639194 pwa_35+64_0.75+0.25
29 Q0 id1353060index5 7 0.41586688 pwa_35+64_0.75+0.25
29 Q0 id87497index5 8 0.4140691 pwa_35+64_0.75+0.25
29 Q0 id5977index5 9 0.41393876 pwa_35+64_0.75+0.25
29 Q0 id1362115index5 10 0.4132462 pwa_35+64_0.75+0.25
30 Q0 id2699index0 1 0.49723727 pwa_35+64_0.75+0.25
30 Q0 id23630index4 2 0.49303263 pwa_35+64_0.75+0.25
30 Q0 id2833index0 3 0.49288762 pwa_35+64_0.75+0.25
30 Q0 id743389index0 4 0.4925502 pwa_35+64_0.75+0.25
30 Q0 id483144index0 5 0.49215364 pwa_35+64_0.75+0.25
30 Q0 id10045index0 6 0.48562193 pwa_35+64_0.75+0.25
30 Q0 id2566index2 7 0.48300022 pwa_35+64_0.75+0.25
30 Q0 id6211index2 8 0.48289856 pwa_35+64_0.75+0.25
30 Q0 id3161694index0 9 0.47943258 pwa_35+64_0.75+0.25
30 Q0 id20754index0 10 0.4790752 pwa_35+64_0.75+0.25
31 Q0 id7064index4 1 0.56716806 pwa_35+64_0.75+0.25
31 Q0 id74440index4 2 0.505558 pwa_35+64_0.75+0.25
31 Q0 id18251index3 3 0.50348806 pwa_35+64_0.75+0.25
31 Q0 id26670index4 4 0.4988191 pwa_35+64_0.75+0.25
31 Q0 id75906index0 5 0.49699065 pwa_35+64_0.75+0.25
31 Q0 id13814index3 6 0.49683684 pwa_35+64_0.75+0.25
31 Q0 id177597index0 7 0.4965471 pwa_35+64_0.75+0.25
31 Q0 id249002index0 8 0.49282944 pwa_35+64_0.75+0.25
31 Q0 id16649index0 9 0.49232918 pwa_35+64_0.75+0.25
31 Q0 id2574index0 10 0.49217767 pwa_35+64_0.75+0.25
32 Q0 id18302index4 1 0.5972657 pwa_35+64_0.75+0.25
32 Q0 id2098index4 2 0.51672924 pwa_35+64_0.75+0.25
32 Q0 id1343591index2 3 0.49727187 pwa_35+64_0.75+0.25
32 Q0 id1344221index2 4 0.49707335 pwa_35+64_0.75+0.25
32 Q0 id109879index0 5 0.49320066 pwa_35+64_0.75+0.25
32 Q0 id1056index0 6 0.49293816 pwa_35+64_0.75+0.25
32 Q0 id9062index2 7 0.4928801 pwa_35+64_0.75+0.25
32 Q0 id56079index0 8 0.49250335 pwa_35+64_0.75+0.25
32 Q0 id39112index0 9 0.4921039 pwa_35+64_0.75+0.25
32 Q0 id147632index0 10 0.4920212 pwa_35+64_0.75+0.25
33 Q0 id398177index0 1 0.49253884 pwa_35+64_0.75+0.25
33 Q0 id76658index0 2 0.48571563 pwa_35+64_0.75+0.25
33 Q0 id9022index3 3 0.48191944 pwa_35+64_0.75+0.25
33 Q0 id36293index4 4 0.46847802 pwa_35+64_0.75+0.25
33 Q0 id2591index0 5 0.46750084 pwa_35+64_0.75+0.25
33 Q0 id1584047index0 6 0.46745715 pwa_35+64_0.75+0.25
33 Q0 id317548index0 7 0.46061015 pwa_35+64_0.75+0.25
33 Q0 id39442index0 8 0.4548605 pwa_35+64_0.75+0.25
33 Q0 id240868index0 9 0.44951773 pwa_35+64_0.75+0.25
33 Q0 id2191993index0 10 0.44766432 pwa_35+64_0.75+0.25
34 Q0 id61056index4 1 0.53578085 pwa_35+64_0.75+0.25
34 Q0 id211045index3 2 0.4600519 pwa_35+64_0.75+0.25
34 Q0 id275947index3 3 0.45989457 pwa_35+64_0.75+0.25
34 Q0 id13672315index3 4 0.45817715 pwa_35+64_0.75+0.25
34 Q0 id457363index0 5 0.45523342 pwa_35+64_0.75+0.25
34 Q0 id669256index0 6 0.44964188 pwa_35+64_0.75+0.25
34 Q0 id14019970index0 7 0.44864982 pwa_35+64_0.75+0.25
34 Q0 id15939645index0 8 0.4461221 pwa_35+64_0.75+0.25
34 Q0 id41906815index0 9 0.44583338 pwa_35+64_0.75+0.25
34 Q0 id2353738index3 10 0.44562638 pwa_35+64_0.75+0.25
35 Q0 id2089517index3 1 0.38449538 pwa_35+64_0.75+0.25
35 Q0 id445473index4 2 0.37918755 pwa_35+64_0.75+0.25
35 Q0 id640234index4 3 0.37359014 pwa_35+64_0.75+0.25
35 Q0 id33396408index3 4 0.37073326 pwa_35+64_0.75+0.25
35 Q0 id26254016index4 5 0.36642447 pwa_35+64_0.75+0.25
35 Q0 id23400455index3 6 0.3587864 pwa_35+64_0.75+0.25
35 Q0 id36116923index4 7 0.3564086 pwa_35+64_0.75+0.25
35 Q0 id12167103index4 8 0.35634562 pwa_35+64_0.75+0.25
35 Q0 id16937620index4 9 0.3558516 pwa_35+64_0.75+0.25
35 Q0 id26257062index3 10 0.3521485 pwa_35+64_0.75+0.25
36 Q0 id39564index3 1 0.54354286 pwa_35+64_0.75+0.25
36 Q0 id49177index3 2 0.49980292 pwa_35+64_0.75+0.25
36 Q0 id16323index0 3 0.48296025 pwa_35+64_0.75+0.25
36 Q0 id8849index3 4 0.48097086 pwa_35+64_0.75+0.25
36 Q0 id16498464index0 5 0.47683418 pwa_35+64_0.75+0.25
36 Q0 id79047index0 6 0.47566593 pwa_35+64_0.75+0.25
36 Q0 id74377index4 7 0.4752748 pwa_35+64_0.75+0.25
36 Q0 id122672index0 8 0.4699021 pwa_35+64_0.75+0.25
36 Q0 id102604index0 9 0.4676482 pwa_35+64_0.75+0.25
36 Q0 id32917index0 10 0.46646655 pwa_35+64_0.75+0.25
37 Q0 id317index3 1 1.8935443 pwa_35+64_0.75+0.25
37 Q0 id4257index3 2 0.5512117 pwa_35+64_0.75+0.25
37 Q0 id96354index0 3 0.5202218 pwa_35+64_0.75+0.25
37 Q0 id4624index5 4 0.487871 pwa_35+64_0.75+0.25
37 Q0 id1825515index2 5 0.46921974 pwa_35+64_0.75+0.25
37 Q0 id16586index0 6 0.4637661 pwa_35+64_0.75+0.25
37 Q0 id305972index0 7 0.46285003 pwa_35+64_0.75+0.25
37 Q0 id157822index0 8 0.46223056 pwa_35+64_0.75+0.25
37 Q0 id25466index5 9 0.45718756 pwa_35+64_0.75+0.25
37 Q0 id320942index0 10 0.4524837 pwa_35+64_0.75+0.25
38 Q0 id46130index0 1 0.44668356 pwa_35+64_0.75+0.25
38 Q0 id228734index0 2 0.433275 pwa_35+64_0.75+0.25
38 Q0 id1871index4 3 0.43142974 pwa_35+64_0.75+0.25
38 Q0 id270002index0 4 0.4267372 pwa_35+64_0.75+0.25
38 Q0 id520728index4 5 0.42093134 pwa_35+64_0.75+0.25
38 Q0 id1234301index4 6 0.4197734 pwa_35+64_0.75+0.25
38 Q0 id23819index0 7 0.4153982 pwa_35+64_0.75+0.25
38 Q0 id208308index0 8 0.41129 pwa_35+64_0.75+0.25
38 Q0 id20176index0 9 0.41033065 pwa_35+64_0.75+0.25
38 Q0 id17980index0 10 0.40933323 pwa_35+64_0.75+0.25
39 Q0 id11609index4 1 0.58782065 pwa_35+64_0.75+0.25
39 Q0 id69549index3 2 0.49041578 pwa_35+64_0.75+0.25
39 Q0 id72584index0 3 0.48322028 pwa_35+64_0.75+0.25
39 Q0 id1376958index0 4 0.48087025 pwa_35+64_0.75+0.25
39 Q0 id5201index0 5 0.4808678 pwa_35+64_0.75+0.25
39 Q0 id5078index3 6 0.47868305 pwa_35+64_0.75+0.25
39 Q0 id1459489index0 7 0.47517037 pwa_35+64_0.75+0.25
39 Q0 id495282index0 8 0.47260374 pwa_35+64_0.75+0.25
39 Q0 id360351index0 9 0.47110155 pwa_35+64_0.75+0.25
39 Q0 id338683index4 10 0.47101402 pwa_35+64_0.75+0.25
40 Q0 id64127index0 1 0.46224523 pwa_35+64_0.75+0.25
40 Q0 id54454673index0 2 0.46110085 pwa_35+64_0.75+0.25
40 Q0 id32870index0 3 0.45546493 pwa_35+64_0.75+0.25
40 Q0 id22694528index0 4 0.45189 pwa_35+64_0.75+0.25
40 Q0 id353index5 5 0.44995385 pwa_35+64_0.75+0.25
40 Q0 id16810index5 6 0.4459672 pwa_35+64_0.75+0.25
40 Q0 id52303index5 7 0.44506466 pwa_35+64_0.75+0.25
40 Q0 id607321index5 8 0.44021052 pwa_35+64_0.75+0.25
40 Q0 id1992738index0 9 0.43711635 pwa_35+64_0.75+0.25
40 Q0 id26609index0 10 0.43669528 pwa_35+64_0.75+0.25
41 Q0 id13656index0 1 0.50820684 pwa_35+64_0.75+0.25
41 Q0 id16951index0 2 0.49704477 pwa_35+64_0.75+0.25
41 Q0 id472961index0 3 0.4828124 pwa_35+64_0.75+0.25
41 Q0 id479828index0 4 0.48253286 pwa_35+64_0.75+0.25
41 Q0 id8709index3 5 0.48171416 pwa_35+64_0.75+0.25
41 Q0 id559968index0 6 0.4793608 pwa_35+64_0.75+0.25
41 Q0 id12407449index0 7 0.47739023 pwa_35+64_0.75+0.25
41 Q0 id17792index3 8 0.46917892 pwa_35+64_0.75+0.25
41 Q0 id14002752index0 9 0.468427 pwa_35+64_0.75+0.25
41 Q0 id231832index0 10 0.46817857 pwa_35+64_0.75+0.25
42 Q0 id108981index0 1 0.5004057 pwa_35+64_0.75+0.25
42 Q0 id47753index0 2 0.49738437 pwa_35+64_0.75+0.25
42 Q0 id5607054index2 3 0.47260362 pwa_35+64_0.75+0.25
42 Q0 id5552199index2 4 0.46475297 pwa_35+64_0.75+0.25
42 Q0 id1808index0 5 0.4582786 pwa_35+64_0.75+0.25
42 Q0 id44185index4 6 0.45701116 pwa_35+64_0.75+0.25
42 Q0 id689404index0 7 0.45640332 pwa_35+64_0.75+0.25
42 Q0 id981741index0 8 0.45443428 pwa_35+64_0.75+0.25
42 Q0 id1297230index2 9 0.43547678 pwa_35+64_0.75+0.25
42 Q0 id64642996index0 10 0.43495488 pwa_35+64_0.75+0.25
43 Q0 id1310index4 1 0.59961355 pwa_35+64_0.75+0.25
43 Q0 id61472index0 2 0.51401377 pwa_35+64_0.75+0.25
43 Q0 id85716index0 3 0.51290214 pwa_35+64_0.75+0.25
43 Q0 id276index5 4 0.5093395 pwa_35+64_0.75+0.25
43 Q0 id106index0 5 0.5087618 pwa_35+64_0.75+0.25
43 Q0 id350380index0 6 0.507737 pwa_35+64_0.75+0.25
43 Q0 id4734index0 7 0.50168586 pwa_35+64_0.75+0.25
43 Q0 id3564index0 8 0.50100905 pwa_35+64_0.75+0.25
43 Q0 id8005index2 9 0.5007813 pwa_35+64_0.75+0.25
43 Q0 id3339265index2 10 0.5001591 pwa_35+64_0.75+0.25
44 Q0 id373920index0 1 0.4409422 pwa_35+64_0.75+0.25
44 Q0 id701235index0 2 0.41722333 pwa_35+64_0.75+0.25
44 Q0 id4482394index0 3 0.4154133 pwa_35+64_0.75+0.25
44 Q0 id96475576index0 4 0.4105904 pwa_35+64_0.75+0.25
44 Q0 id3622605index0 5 0.4025461 pwa_35+64_0.75+0.25
44 Q0 id114977index3 6 0.40206605 pwa_35+64_0.75+0.25
44 Q0 id3170090index3 7 0.3963242 pwa_35+64_0.75+0.25
44 Q0 id916392index0 8 0.38712645 pwa_35+64_0.75+0.25
44 Q0 id5394729index0 9 0.38605273 pwa_35+64_0.75+0.25
44 Q0 id44645856index0 10 0.380387 pwa_35+64_0.75+0.25
45 Q0 id356957index0 1 0.49691677 pwa_35+64_0.75+0.25
45 Q0 id48109index3 2 0.47697884 pwa_35+64_0.75+0.25
45 Q0 id110844index0 3 0.4757679 pwa_35+64_0.75+0.25
45 Q0 id2560760index2 4 0.47523022 pwa_35+64_0.75+0.25
45 Q0 id504783index0 5 0.45858103 pwa_35+64_0.75+0.25
45 Q0 id62678270index0 6 0.45818818 pwa_35+64_0.75+0.25
45 Q0 id20502index0 7 0.4553544 pwa_35+64_0.75+0.25
45 Q0 id4799325index2 8 0.43570644 pwa_35+64_0.75+0.25
45 Q0 id1240321index2 9 0.4278329 pwa_35+64_0.75+0.25
45 Q0 id1780543index0 10 0.4258102 pwa_35+64_0.75+0.25
46 Q0 id159038index0 1 0.49247617 pwa_35+64_0.75+0.25
46 Q0 id44592835index0 2 0.49133128 pwa_35+64_0.75+0.25
46 Q0 id14252958index0 3 0.47676778 pwa_35+64_0.75+0.25
46 Q0 id44587195index0 4 0.47070128 pwa_35+64_0.75+0.25
46 Q0 id4104209index2 5 0.4637222 pwa_35+64_0.75+0.25
46 Q0 id1447730index2 6 0.46360067 pwa_35+64_0.75+0.25
46 Q0 id197145index0 7 0.4630581 pwa_35+64_0.75+0.25
46 Q0 id1135374index0 8 0.4594736 pwa_35+64_0.75+0.25
46 Q0 id2972521index0 9 0.45852888 pwa_35+64_0.75+0.25
46 Q0 id60791927index0 10 0.44442034 pwa_35+64_0.75+0.25
47 Q0 id105130307index0 1 0.39854935 pwa_35+64_0.75+0.25
47 Q0 id503636index0 2 0.37837932 pwa_35+64_0.75+0.25
47 Q0 id87588063index0 3 0.37492496 pwa_35+64_0.75+0.25
47 Q0 id294854index0 4 0.36918968 pwa_35+64_0.75+0.25
47 Q0 id2418037index0 5 0.36918968 pwa_35+64_0.75+0.25
47 Q0 id23323465index0 6 0.3535549 pwa_35+64_0.75+0.25
47 Q0 id74343844index0 7 0.3501937 pwa_35+64_0.75+0.25
47 Q0 id9557577index0 8 0.3459923 pwa_35+64_0.75+0.25
47 Q0 id520787index0 9 0.3413236 pwa_35+64_0.75+0.25
47 Q0 id8522488index0 10 0.33656213 pwa_35+64_0.75+0.25
48 Q0 id8277279index0 1 0.41678903 pwa_35+64_0.75+0.25
48 Q0 id1180418index5 2 0.41255355 pwa_35+64_0.75+0.25
48 Q0 id450299index4 3 0.37918934 pwa_35+64_0.75+0.25
48 Q0 id2063131index0 4 0.37596604 pwa_35+64_0.75+0.25
48 Q0 id35038438index3 5 0.37226838 pwa_35+64_0.75+0.25
48 Q0 id5546383index0 6 0.3667746 pwa_35+64_0.75+0.25
48 Q0 id5519398index0 7 0.35649955 pwa_35+64_0.75+0.25
48 Q0 id8973957index0 8 0.35340226 pwa_35+64_0.75+0.25
48 Q0 id5813373index0 9 0.3498538 pwa_35+64_0.75+0.25
48 Q0 id1496143index0 10 0.3491475 pwa_35+64_0.75+0.25
49 Q0 id21069index5 1 0.44700754 pwa_35+64_0.75+0.25
49 Q0 id156371index5 2 0.3791241 pwa_35+64_0.75+0.25
49 Q0 id1252181index5 3 0.37741524 pwa_35+64_0.75+0.25
49 Q0 id741873index5 4 0.3760263 pwa_35+64_0.75+0.25
49 Q0 id2868066index5 5 0.3744371 pwa_35+64_0.75+0.25
49 Q0 id209648index5 6 0.37415612 pwa_35+64_0.75+0.25
49 Q0 id3400226index5 7 0.37262177 pwa_35+64_0.75+0.25
49 Q0 id741903index5 8 0.37244618 pwa_35+64_0.75+0.25
49 Q0 id230852index5 9 0.37242866 pwa_35+64_0.75+0.25
49 Q0 id2868070index5 10 0.37058592 pwa_35+64_0.75+0.25
50 Q0 id649index3 1 0.56306195 pwa_35+64_0.75+0.25
50 Q0 id2184index4 2 0.5588477 pwa_35+64_0.75+0.25
50 Q0 id25085index0 3 0.53708565 pwa_35+64_0.75+0.25
50 Q0 id8804index4 4 0.51635516 pwa_35+64_0.75+0.25
50 Q0 id17123index4 5 0.4989227 pwa_35+64_0.75+0.25
50 Q0 id70481index0 6 0.49685648 pwa_35+64_0.75+0.25
50 Q0 id33514index0 7 0.49238303 pwa_35+64_0.75+0.25
50 Q0 id562index3 8 0.49227244 pwa_35+64_0.75+0.25
50 Q0 id85900index0 9 0.49223873 pwa_35+64_0.75+0.25
50 Q0 id726859index0 10 0.4920482 pwa_35+64_0.75+0.25
