1 Q0 id982index5 1 0.57542616 pwa_35+62_0.9+0.1
1 Q0 id190992index0 2 0.49326047 pwa_35+62_0.9+0.1
1 Q0 id1574index5 3 0.4834683 pwa_35+62_0.9+0.1
1 Q0 id6453index5 4 0.47935742 pwa_35+62_0.9+0.1
1 Q0 id687index1 5 0.476125 pwa_35+62_0.9+0.1
1 Q0 id906530index0 6 0.4760489 pwa_35+62_0.9+0.1
1 Q0 id15714index5 7 0.47121912 pwa_35+62_0.9+0.1
1 Q0 id3613index5 8 0.46929163 pwa_35+62_0.9+0.1
1 Q0 id2872601index2 9 0.46902695 pwa_35+62_0.9+0.1
1 Q0 id21419index5 10 0.46620375 pwa_35+62_0.9+0.1
2 Q0 id983index5 1 0.60163164 pwa_35+62_0.9+0.1
2 Q0 id5050index5 2 0.5195982 pwa_35+62_0.9+0.1
2 Q0 id11354index5 3 0.513088 pwa_35+62_0.9+0.1
2 Q0 id23286index2 4 0.47601664 pwa_35+62_0.9+0.1
2 Q0 id1883510index5 5 0.4520899 pwa_35+62_0.9+0.1
2 Q0 id3475624index5 6 0.4493935 pwa_35+62_0.9+0.1
2 Q0 id283882index5 7 0.44859686 pwa_35+62_0.9+0.1
2 Q0 id820688index5 8 0.44583577 pwa_35+62_0.9+0.1
2 Q0 id287229index5 9 0.44536248 pwa_35+62_0.9+0.1
2 Q0 id818620index5 10 0.44277114 pwa_35+62_0.9+0.1
3 Q0 id12774index3 1 0.5874214 pwa_35+62_0.9+0.1
3 Q0 id922index3 2 0.5676814 pwa_35+62_0.9+0.1
3 Q0 id19873index3 3 0.5634874 pwa_35+62_0.9+0.1
3 Q0 id28565index3 4 0.5332747 pwa_35+62_0.9+0.1
3 Q0 id38301index3 5 0.53159595 pwa_35+62_0.9+0.1
3 Q0 id25246index3 6 0.53056407 pwa_35+62_0.9+0.1
3 Q0 id26183index3 7 0.52942896 pwa_35+62_0.9+0.1
3 Q0 id47806index3 8 0.51679564 pwa_35+62_0.9+0.1
3 Q0 id39050index3 9 0.51637363 pwa_35+62_0.9+0.1
3 Q0 id32838index3 10 0.5162258 pwa_35+62_0.9+0.1
4 Q0 id2654index3 1 0.5538636 pwa_35+62_0.9+0.1
4 Q0 id23532index4 2 0.5392088 pwa_35+62_0.9+0.1
4 Q0 id44028index4 3 0.5049803 pwa_35+62_0.9+0.1
4 Q0 id582830index0 4 0.4700232 pwa_35+62_0.9+0.1
4 Q0 id16126index4 5 0.45842266 pwa_35+62_0.9+0.1
4 Q0 id83index3 6 0.4570803 pwa_35+62_0.9+0.1
4 Q0 id13618index4 7 0.4568379 pwa_35+62_0.9+0.1
4 Q0 id5668index3 8 0.4556073 pwa_35+62_0.9+0.1
4 Q0 id2758index4 9 0.44827098 pwa_35+62_0.9+0.1
4 Q0 id579724index5 10 0.4453608 pwa_35+62_0.9+0.1
5 Q0 id3579index3 1 0.83942556 pwa_35+62_0.9+0.1
5 Q0 id3322index3 2 0.8341533 pwa_35+62_0.9+0.1
5 Q0 id4375index3 3 0.7757032 pwa_35+62_0.9+0.1
5 Q0 id1255index3 4 0.69581085 pwa_35+62_0.9+0.1
5 Q0 id2642index4 5 0.59815127 pwa_35+62_0.9+0.1
5 Q0 id1919index4 6 0.5949025 pwa_35+62_0.9+0.1
5 Q0 id5003index0 7 0.5926623 pwa_35+62_0.9+0.1
5 Q0 id9056index3 8 0.5686592 pwa_35+62_0.9+0.1
5 Q0 id14948index3 9 0.5650495 pwa_35+62_0.9+0.1
5 Q0 id1694index3 10 0.5618146 pwa_35+62_0.9+0.1
6 Q0 id50844index4 1 0.56241083 pwa_35+62_0.9+0.1
6 Q0 id687684index0 2 0.5096762 pwa_35+62_0.9+0.1
6 Q0 id230693index4 3 0.50476843 pwa_35+62_0.9+0.1
6 Q0 id92070index4 4 0.50080806 pwa_35+62_0.9+0.1
6 Q0 id51740index3 5 0.49641377 pwa_35+62_0.9+0.1
6 Q0 id2394127index3 6 0.48880708 pwa_35+62_0.9+0.1
6 Q0 id464515index0 7 0.48775774 pwa_35+62_0.9+0.1
6 Q0 id4538611index3 8 0.48544464 pwa_35+62_0.9+0.1
6 Q0 id607182index0 9 0.4847267 pwa_35+62_0.9+0.1
6 Q0 id804369index0 10 0.48340192 pwa_35+62_0.9+0.1
7 Q0 id33131index3 1 0.59647465 pwa_35+62_0.9+0.1
7 Q0 id278381index4 2 0.50160897 pwa_35+62_0.9+0.1
7 Q0 id620943index5 3 0.4769161 pwa_35+62_0.9+0.1
7 Q0 id2504887index3 4 0.47690654 pwa_35+62_0.9+0.1
7 Q0 id268292index0 5 0.47206068 pwa_35+62_0.9+0.1
7 Q0 id48737index2 6 0.46748507 pwa_35+62_0.9+0.1
7 Q0 id5751706index2 7 0.4668478 pwa_35+62_0.9+0.1
7 Q0 id1485709index2 8 0.46398705 pwa_35+62_0.9+0.1
7 Q0 id48717index2 9 0.4619108 pwa_35+62_0.9+0.1
7 Q0 id761092index2 10 0.46146265 pwa_35+62_0.9+0.1
8 Q0 id63605index3 1 0.54005873 pwa_35+62_0.9+0.1
8 Q0 id5946index0 2 0.510708 pwa_35+62_0.9+0.1
8 Q0 id68754index3 3 0.51056916 pwa_35+62_0.9+0.1
8 Q0 id296848index4 4 0.49450845 pwa_35+62_0.9+0.1
8 Q0 id171080index3 5 0.49089444 pwa_35+62_0.9+0.1
8 Q0 id154457index3 6 0.48509502 pwa_35+62_0.9+0.1
8 Q0 id150986index3 7 0.4662342 pwa_35+62_0.9+0.1
8 Q0 id545101index0 8 0.45866764 pwa_35+62_0.9+0.1
8 Q0 id30499index4 9 0.4575752 pwa_35+62_0.9+0.1
8 Q0 id164476index3 10 0.4569105 pwa_35+62_0.9+0.1
9 Q0 id1070608index0 1 0.4750771 pwa_35+62_0.9+0.1
9 Q0 id867998index0 2 0.4740908 pwa_35+62_0.9+0.1
9 Q0 id15521index4 3 0.47201276 pwa_35+62_0.9+0.1
9 Q0 id728161index0 4 0.45632592 pwa_35+62_0.9+0.1
9 Q0 id168498index3 5 0.45613754 pwa_35+62_0.9+0.1
9 Q0 id4308920index2 6 0.44951725 pwa_35+62_0.9+0.1
9 Q0 id3048219index0 7 0.4473083 pwa_35+62_0.9+0.1
9 Q0 id3144142index0 8 0.44713643 pwa_35+62_0.9+0.1
9 Q0 id11272457index3 9 0.4471204 pwa_35+62_0.9+0.1
9 Q0 id3852638index0 10 0.4471064 pwa_35+62_0.9+0.1
10 Q0 id4997index3 1 0.9309961 pwa_35+62_0.9+0.1
10 Q0 id10137index3 2 0.7122987 pwa_35+62_0.9+0.1
10 Q0 id14340index3 3 0.66705734 pwa_35+62_0.9+0.1
10 Q0 id2949index4 4 0.662434 pwa_35+62_0.9+0.1
10 Q0 id17198index3 5 0.63448405 pwa_35+62_0.9+0.1
10 Q0 id18268index3 6 0.63318884 pwa_35+62_0.9+0.1
10 Q0 id18006index3 7 0.6242568 pwa_35+62_0.9+0.1
10 Q0 id18804index3 8 0.61649275 pwa_35+62_0.9+0.1
10 Q0 id22359index3 9 0.59365886 pwa_35+62_0.9+0.1
10 Q0 id26041index3 10 0.59109575 pwa_35+62_0.9+0.1
11 Q0 id1105029index0 1 0.5049406 pwa_35+62_0.9+0.1
11 Q0 id6369index4 2 0.48091248 pwa_35+62_0.9+0.1
11 Q0 id46736549index0 3 0.4565826 pwa_35+62_0.9+0.1
11 Q0 id82293695index0 4 0.4499342 pwa_35+62_0.9+0.1
11 Q0 id19591915index0 5 0.44423908 pwa_35+62_0.9+0.1
11 Q0 id2335999index0 6 0.44232458 pwa_35+62_0.9+0.1
11 Q0 id3464539index0 7 0.44065312 pwa_35+62_0.9+0.1
11 Q0 id44559198index4 8 0.43344998 pwa_35+62_0.9+0.1
11 Q0 id30594337index4 9 0.432736 pwa_35+62_0.9+0.1
11 Q0 id1294088index0 10 0.42966092 pwa_35+62_0.9+0.1
12 Q0 id6436index3 1 0.65694237 pwa_35+62_0.9+0.1
12 Q0 id16309index3 2 0.5699717 pwa_35+62_0.9+0.1
12 Q0 id16247index3 3 0.5681019 pwa_35+62_0.9+0.1
12 Q0 id16549index3 4 0.5625107 pwa_35+62_0.9+0.1
12 Q0 id28529index4 5 0.55550164 pwa_35+62_0.9+0.1
12 Q0 id15696index3 6 0.5150409 pwa_35+62_0.9+0.1
12 Q0 id97702index4 7 0.5134605 pwa_35+62_0.9+0.1
12 Q0 id20411index3 8 0.510037 pwa_35+62_0.9+0.1
12 Q0 id1814index4 9 0.48889947 pwa_35+62_0.9+0.1
12 Q0 id179278index0 10 0.48289615 pwa_35+62_0.9+0.1
13 Q0 id152498index4 1 0.55165446 pwa_35+62_0.9+0.1
13 Q0 id174820index0 2 0.54234475 pwa_35+62_0.9+0.1
13 Q0 id1274591index3 3 0.5038946 pwa_35+62_0.9+0.1
13 Q0 id6710206index3 4 0.46851787 pwa_35+62_0.9+0.1
13 Q0 id21567386index0 5 0.46550888 pwa_35+62_0.9+0.1
13 Q0 id15336678index0 6 0.4641275 pwa_35+62_0.9+0.1
13 Q0 id22421222index3 7 0.46378702 pwa_35+62_0.9+0.1
13 Q0 id40216009index0 8 0.46076536 pwa_35+62_0.9+0.1
13 Q0 id5281931index3 9 0.4590258 pwa_35+62_0.9+0.1
13 Q0 id7414734index0 10 0.45804453 pwa_35+62_0.9+0.1
14 Q0 id1147579index0 1 0.4758035 pwa_35+62_0.9+0.1
14 Q0 id2492195index0 2 0.4656384 pwa_35+62_0.9+0.1
14 Q0 id1031397index0 3 0.4559184 pwa_35+62_0.9+0.1
14 Q0 id844461index0 4 0.4549281 pwa_35+62_0.9+0.1
14 Q0 id6030785index0 5 0.44569975 pwa_35+62_0.9+0.1
14 Q0 id262396index0 6 0.44533724 pwa_35+62_0.9+0.1
14 Q0 id1212768index2 7 0.44513834 pwa_35+62_0.9+0.1
14 Q0 id505732index2 8 0.4450087 pwa_35+62_0.9+0.1
14 Q0 id6879486index0 9 0.4435474 pwa_35+62_0.9+0.1
14 Q0 id1153422index5 10 0.4425581 pwa_35+62_0.9+0.1
15 Q0 id11961index4 1 0.5990896 pwa_35+62_0.9+0.1
15 Q0 id4639index4 2 0.5564264 pwa_35+62_0.9+0.1
15 Q0 id21862index4 3 0.550053 pwa_35+62_0.9+0.1
15 Q0 id49099index4 4 0.5238654 pwa_35+62_0.9+0.1
15 Q0 id66227index3 5 0.5122448 pwa_35+62_0.9+0.1
15 Q0 id458573index0 6 0.51065725 pwa_35+62_0.9+0.1
15 Q0 id9000index3 7 0.507381 pwa_35+62_0.9+0.1
15 Q0 id381321index0 8 0.50274444 pwa_35+62_0.9+0.1
15 Q0 id287586index0 9 0.50258315 pwa_35+62_0.9+0.1
15 Q0 id13614index3 10 0.50215405 pwa_35+62_0.9+0.1
16 Q0 id15544index4 1 0.64085495 pwa_35+62_0.9+0.1
16 Q0 id445index3 2 0.6360721 pwa_35+62_0.9+0.1
16 Q0 id1139index4 3 0.6139298 pwa_35+62_0.9+0.1
16 Q0 id2982index4 4 0.5894156 pwa_35+62_0.9+0.1
16 Q0 id2016index4 5 0.5713931 pwa_35+62_0.9+0.1
16 Q0 id4075index4 6 0.5579241 pwa_35+62_0.9+0.1
16 Q0 id405index4 7 0.5574781 pwa_35+62_0.9+0.1
16 Q0 id4155index4 8 0.55271316 pwa_35+62_0.9+0.1
16 Q0 id11322index4 9 0.5505873 pwa_35+62_0.9+0.1
16 Q0 id3837index4 10 0.54927385 pwa_35+62_0.9+0.1
17 Q0 id359470index0 1 0.45796534 pwa_35+62_0.9+0.1
17 Q0 id8682863index0 2 0.44978502 pwa_35+62_0.9+0.1
17 Q0 id2569551index0 3 0.44959754 pwa_35+62_0.9+0.1
17 Q0 id1014833index0 4 0.44844857 pwa_35+62_0.9+0.1
17 Q0 id5859797index0 5 0.44606894 pwa_35+62_0.9+0.1
17 Q0 id5930919index0 6 0.4452251 pwa_35+62_0.9+0.1
17 Q0 id10413374index0 7 0.44483578 pwa_35+62_0.9+0.1
17 Q0 id9778628index0 8 0.4430713 pwa_35+62_0.9+0.1
17 Q0 id5021394index2 9 0.44119954 pwa_35+62_0.9+0.1
17 Q0 id7637264index0 10 0.43887675 pwa_35+62_0.9+0.1
18 Q0 id10979index3 1 0.6614977 pwa_35+62_0.9+0.1
18 Q0 id306index3 2 0.65299505 pwa_35+62_0.9+0.1
18 Q0 id9119index3 3 0.649871 pwa_35+62_0.9+0.1
18 Q0 id13320index3 4 0.5887476 pwa_35+62_0.9+0.1
18 Q0 id15142index3 5 0.5850852 pwa_35+62_0.9+0.1
18 Q0 id29890index3 6 0.55489105 pwa_35+62_0.9+0.1
18 Q0 id6699index4 7 0.5403184 pwa_35+62_0.9+0.1
18 Q0 id4244index4 8 0.53454334 pwa_35+62_0.9+0.1
18 Q0 id23660index0 9 0.5247823 pwa_35+62_0.9+0.1
18 Q0 id214059index4 10 0.5160411 pwa_35+62_0.9+0.1
19 Q0 id4706index3 1 0.80059814 pwa_35+62_0.9+0.1
19 Q0 id7199index3 2 0.74604505 pwa_35+62_0.9+0.1
19 Q0 id6938index3 3 0.72150064 pwa_35+62_0.9+0.1
19 Q0 id7376index3 4 0.6959092 pwa_35+62_0.9+0.1
19 Q0 id475index3 5 0.64325106 pwa_35+62_0.9+0.1
19 Q0 id12552index3 6 0.6418125 pwa_35+62_0.9+0.1
19 Q0 id147index3 7 0.6383404 pwa_35+62_0.9+0.1
19 Q0 id12574index3 8 0.62641364 pwa_35+62_0.9+0.1
19 Q0 id10780index3 9 0.6101805 pwa_35+62_0.9+0.1
19 Q0 id4126index4 10 0.57354695 pwa_35+62_0.9+0.1
20 Q0 id168407index0 1 0.50802016 pwa_35+62_0.9+0.1
20 Q0 id97631index0 2 0.49697745 pwa_35+62_0.9+0.1
20 Q0 id296133index4 3 0.48063743 pwa_35+62_0.9+0.1
20 Q0 id118281index4 4 0.48051485 pwa_35+62_0.9+0.1
20 Q0 id7303index4 5 0.45937154 pwa_35+62_0.9+0.1
20 Q0 id520376index5 6 0.44238827 pwa_35+62_0.9+0.1
20 Q0 id501872index0 7 0.44191092 pwa_35+62_0.9+0.1
20 Q0 id5609647index3 8 0.44084877 pwa_35+62_0.9+0.1
20 Q0 id2159832index5 9 0.4404841 pwa_35+62_0.9+0.1
20 Q0 id12220204index0 10 0.4403045 pwa_35+62_0.9+0.1
21 Q0 id7053201index0 1 0.45421174 pwa_35+62_0.9+0.1
21 Q0 id91752index4 2 0.45379564 pwa_35+62_0.9+0.1
21 Q0 id13863index0 3 0.44775498 pwa_35+62_0.9+0.1
21 Q0 id16702680index3 4 0.44184303 pwa_35+62_0.9+0.1
21 Q0 id32412815index3 5 0.4407996 pwa_35+62_0.9+0.1
21 Q0 id23844675index3 6 0.4384898 pwa_35+62_0.9+0.1
21 Q0 id3841686index0 7 0.438199 pwa_35+62_0.9+0.1
21 Q0 id10989603index3 8 0.43811005 pwa_35+62_0.9+0.1
21 Q0 id22002652index0 9 0.4334101 pwa_35+62_0.9+0.1
21 Q0 id9434index3 10 0.4326026 pwa_35+62_0.9+0.1
22 Q0 id27051index0 1 0.5902089 pwa_35+62_0.9+0.1
22 Q0 id894index0 2 0.56942815 pwa_35+62_0.9+0.1
22 Q0 id239364index0 3 0.49859604 pwa_35+62_0.9+0.1
22 Q0 id805614index0 4 0.49295253 pwa_35+62_0.9+0.1
22 Q0 id45203index0 5 0.49272633 pwa_35+62_0.9+0.1
22 Q0 id759163index0 6 0.48490947 pwa_35+62_0.9+0.1
22 Q0 id141578index0 7 0.48131388 pwa_35+62_0.9+0.1
22 Q0 id72878index0 8 0.4781811 pwa_35+62_0.9+0.1
22 Q0 id330770index0 9 0.47802794 pwa_35+62_0.9+0.1
22 Q0 id420846index0 10 0.47755164 pwa_35+62_0.9+0.1
23 Q0 id441575index0 1 0.5432652 pwa_35+62_0.9+0.1
23 Q0 id40877397index0 2 0.4862244 pwa_35+62_0.9+0.1
23 Q0 id1282995index0 3 0.4852146 pwa_35+62_0.9+0.1
23 Q0 id9295656index0 4 0.48480234 pwa_35+62_0.9+0.1
23 Q0 id24968223index0 5 0.4846511 pwa_35+62_0.9+0.1
23 Q0 id41173020index0 6 0.48429364 pwa_35+62_0.9+0.1
23 Q0 id43573888index0 7 0.43099785 pwa_35+62_0.9+0.1
23 Q0 id402866index0 8 0.4285574 pwa_35+62_0.9+0.1
23 Q0 id12834934index0 9 0.42825258 pwa_35+62_0.9+0.1
23 Q0 id25174137index0 10 0.42400417 pwa_35+62_0.9+0.1
24 Q0 id2499index0 1 0.5041711 pwa_35+62_0.9+0.1
24 Q0 id39530index0 2 0.49445426 pwa_35+62_0.9+0.1
24 Q0 id232872index0 3 0.46163633 pwa_35+62_0.9+0.1
24 Q0 id14393index0 4 0.4581889 pwa_35+62_0.9+0.1
24 Q0 id111021index3 5 0.45532545 pwa_35+62_0.9+0.1
24 Q0 id81288index5 6 0.44595912 pwa_35+62_0.9+0.1
24 Q0 id472index3 7 0.44312784 pwa_35+62_0.9+0.1
24 Q0 id62689index4 8 0.44118243 pwa_35+62_0.9+0.1
24 Q0 id2272827index5 9 0.43572697 pwa_35+62_0.9+0.1
24 Q0 id1676382index4 10 0.43458647 pwa_35+62_0.9+0.1
25 Q0 id86214index4 1 0.52785 pwa_35+62_0.9+0.1
25 Q0 id3298436index0 2 0.4577582 pwa_35+62_0.9+0.1
25 Q0 id290211index5 3 0.45346722 pwa_35+62_0.9+0.1
25 Q0 id6517116index0 4 0.44779572 pwa_35+62_0.9+0.1
25 Q0 id13548549index3 5 0.44732872 pwa_35+62_0.9+0.1
25 Q0 id10940424index0 6 0.4450565 pwa_35+62_0.9+0.1
25 Q0 id13533701index0 7 0.44457212 pwa_35+62_0.9+0.1
25 Q0 id29131583index3 8 0.44295728 pwa_35+62_0.9+0.1
25 Q0 id1780014index0 9 0.44142184 pwa_35+62_0.9+0.1
25 Q0 id14849895index3 10 0.44115013 pwa_35+62_0.9+0.1
26 Q0 id3706index5 1 0.54856503 pwa_35+62_0.9+0.1
26 Q0 id721025index5 2 0.44195056 pwa_35+62_0.9+0.1
26 Q0 id26808index5 3 0.44053403 pwa_35+62_0.9+0.1
26 Q0 id18842index5 4 0.43839395 pwa_35+62_0.9+0.1
26 Q0 id323243index5 5 0.43763417 pwa_35+62_0.9+0.1
26 Q0 id207939index5 6 0.4339002 pwa_35+62_0.9+0.1
26 Q0 id1258757index5 7 0.43111157 pwa_35+62_0.9+0.1
26 Q0 id158925index5 8 0.43060791 pwa_35+62_0.9+0.1
26 Q0 id215021index5 9 0.43060187 pwa_35+62_0.9+0.1
26 Q0 id1376546index5 10 0.43059927 pwa_35+62_0.9+0.1
27 Q0 id496559index0 1 0.5033234 pwa_35+62_0.9+0.1
27 Q0 id869782index0 2 0.46260843 pwa_35+62_0.9+0.1
27 Q0 id2481452index0 3 0.45284128 pwa_35+62_0.9+0.1
27 Q0 id1838688index0 4 0.43966722 pwa_35+62_0.9+0.1
27 Q0 id2341110index0 5 0.43950233 pwa_35+62_0.9+0.1
27 Q0 id3491898index0 6 0.4375435 pwa_35+62_0.9+0.1
27 Q0 id2315065index0 7 0.43728286 pwa_35+62_0.9+0.1
27 Q0 id2064411index0 8 0.4363073 pwa_35+62_0.9+0.1
27 Q0 id142185index2 9 0.43557888 pwa_35+62_0.9+0.1
27 Q0 id125369index2 10 0.4354989 pwa_35+62_0.9+0.1
28 Q0 id1023index4 1 0.7984463 pwa_35+62_0.9+0.1
28 Q0 id106653index4 2 0.5197392 pwa_35+62_0.9+0.1
28 Q0 id125773index3 3 0.50485665 pwa_35+62_0.9+0.1
28 Q0 id66928index4 4 0.5038955 pwa_35+62_0.9+0.1
28 Q0 id424index4 5 0.5028199 pwa_35+62_0.9+0.1
28 Q0 id16469index3 6 0.5021807 pwa_35+62_0.9+0.1
28 Q0 id34130index0 7 0.49064115 pwa_35+62_0.9+0.1
28 Q0 id344253index0 8 0.49046502 pwa_35+62_0.9+0.1
28 Q0 id232347index3 9 0.4875959 pwa_35+62_0.9+0.1
28 Q0 id190353index3 10 0.48617822 pwa_35+62_0.9+0.1
29 Q0 id14699index5 1 0.47710636 pwa_35+62_0.9+0.1
29 Q0 id3664index5 2 0.47613117 pwa_35+62_0.9+0.1
29 Q0 id687700index0 3 0.4710086 pwa_35+62_0.9+0.1
29 Q0 id4952index5 4 0.46971303 pwa_35+62_0.9+0.1
29 Q0 id2161306index5 5 0.45125982 pwa_35+62_0.9+0.1
29 Q0 id70472index5 6 0.44817805 pwa_35+62_0.9+0.1
29 Q0 id305756index5 7 0.44805238 pwa_35+62_0.9+0.1
29 Q0 id56802index5 8 0.44746274 pwa_35+62_0.9+0.1
29 Q0 id105081index5 9 0.44743732 pwa_35+62_0.9+0.1
29 Q0 id227754index5 10 0.44721514 pwa_35+62_0.9+0.1
30 Q0 id23630index4 1 0.55437183 pwa_35+62_0.9+0.1
30 Q0 id19181index5 2 0.49662104 pwa_35+62_0.9+0.1
30 Q0 id1010689index0 3 0.46330747 pwa_35+62_0.9+0.1
30 Q0 id42691index5 4 0.46045285 pwa_35+62_0.9+0.1
30 Q0 id7894843index0 5 0.45905772 pwa_35+62_0.9+0.1
30 Q0 id6741985index0 6 0.45629692 pwa_35+62_0.9+0.1
30 Q0 id39074index4 7 0.45623162 pwa_35+62_0.9+0.1
30 Q0 id5061631index0 8 0.45565677 pwa_35+62_0.9+0.1
30 Q0 id11604986index3 9 0.45547172 pwa_35+62_0.9+0.1
30 Q0 id237465index0 10 0.45377693 pwa_35+62_0.9+0.1
31 Q0 id18251index3 1 0.5974582 pwa_35+62_0.9+0.1
31 Q0 id7064index4 2 0.5764493 pwa_35+62_0.9+0.1
31 Q0 id23672index3 3 0.5555296 pwa_35+62_0.9+0.1
31 Q0 id28323index3 4 0.5520197 pwa_35+62_0.9+0.1
31 Q0 id36367index3 5 0.53607047 pwa_35+62_0.9+0.1
31 Q0 id36307index3 6 0.5339277 pwa_35+62_0.9+0.1
31 Q0 id29254index3 7 0.53202283 pwa_35+62_0.9+0.1
31 Q0 id32136index3 8 0.53144056 pwa_35+62_0.9+0.1
31 Q0 id31606index3 9 0.524883 pwa_35+62_0.9+0.1
31 Q0 id45818index3 10 0.52150035 pwa_35+62_0.9+0.1
32 Q0 id18302index4 1 0.5955012 pwa_35+62_0.9+0.1
32 Q0 id10207index0 2 0.5498551 pwa_35+62_0.9+0.1
32 Q0 id2098index4 3 0.5407747 pwa_35+62_0.9+0.1
32 Q0 id38597index0 4 0.5270354 pwa_35+62_0.9+0.1
32 Q0 id21519index0 5 0.5251025 pwa_35+62_0.9+0.1
32 Q0 id42859index3 6 0.5144322 pwa_35+62_0.9+0.1
32 Q0 id198936index3 7 0.49835557 pwa_35+62_0.9+0.1
32 Q0 id164669index3 8 0.4902253 pwa_35+62_0.9+0.1
32 Q0 id238135index4 9 0.47426617 pwa_35+62_0.9+0.1
32 Q0 id92295index4 10 0.46584272 pwa_35+62_0.9+0.1
33 Q0 id9022index3 1 0.562464 pwa_35+62_0.9+0.1
33 Q0 id83351index3 2 0.5370619 pwa_35+62_0.9+0.1
33 Q0 id31949index4 3 0.5158679 pwa_35+62_0.9+0.1
33 Q0 id651496index0 4 0.5080582 pwa_35+62_0.9+0.1
33 Q0 id327542index3 5 0.48702914 pwa_35+62_0.9+0.1
33 Q0 id240868index0 6 0.48295882 pwa_35+62_0.9+0.1
33 Q0 id381892index3 7 0.48080203 pwa_35+62_0.9+0.1
33 Q0 id417763index3 8 0.46891955 pwa_35+62_0.9+0.1
33 Q0 id13302977index0 9 0.46609974 pwa_35+62_0.9+0.1
33 Q0 id398165index3 10 0.4654767 pwa_35+62_0.9+0.1
34 Q0 id61056index4 1 0.5307803 pwa_35+62_0.9+0.1
34 Q0 id211045index3 2 0.51352346 pwa_35+62_0.9+0.1
34 Q0 id2353738index3 3 0.48948848 pwa_35+62_0.9+0.1
34 Q0 id13672315index3 4 0.48948848 pwa_35+62_0.9+0.1
34 Q0 id15101247index3 5 0.48948848 pwa_35+62_0.9+0.1
34 Q0 id19385808index3 6 0.48947757 pwa_35+62_0.9+0.1
34 Q0 id3677796index3 7 0.48946667 pwa_35+62_0.9+0.1
34 Q0 id275947index3 8 0.48933113 pwa_35+62_0.9+0.1
34 Q0 id23671312index3 9 0.48929065 pwa_35+62_0.9+0.1
34 Q0 id9389159index3 10 0.4891262 pwa_35+62_0.9+0.1
35 Q0 id640234index4 1 0.45710507 pwa_35+62_0.9+0.1
35 Q0 id16937620index4 2 0.4485776 pwa_35+62_0.9+0.1
35 Q0 id23332584index4 3 0.4467128 pwa_35+62_0.9+0.1
35 Q0 id4154847index4 4 0.4441137 pwa_35+62_0.9+0.1
35 Q0 id10547310index4 5 0.44175 pwa_35+62_0.9+0.1
35 Q0 id16937621index4 6 0.4411298 pwa_35+62_0.9+0.1
35 Q0 id36116923index4 7 0.43738556 pwa_35+62_0.9+0.1
35 Q0 id12167103index4 8 0.43546408 pwa_35+62_0.9+0.1
35 Q0 id445473index4 9 0.4341865 pwa_35+62_0.9+0.1
35 Q0 id4154846index4 10 0.43387127 pwa_35+62_0.9+0.1
36 Q0 id39564index3 1 0.57705826 pwa_35+62_0.9+0.1
36 Q0 id49177index3 2 0.5196134 pwa_35+62_0.9+0.1
36 Q0 id74377index4 3 0.5123371 pwa_35+62_0.9+0.1
36 Q0 id122672index0 4 0.4580874 pwa_35+62_0.9+0.1
36 Q0 id2683index4 5 0.45722502 pwa_35+62_0.9+0.1
36 Q0 id55803index3 6 0.44857442 pwa_35+62_0.9+0.1
36 Q0 id409734index3 7 0.4482268 pwa_35+62_0.9+0.1
36 Q0 id1092603index3 8 0.44815505 pwa_35+62_0.9+0.1
36 Q0 id848507index4 9 0.44730777 pwa_35+62_0.9+0.1
36 Q0 id20187439index0 10 0.44338608 pwa_35+62_0.9+0.1
37 Q0 id317index3 1 2.1809661 pwa_35+62_0.9+0.1
37 Q0 id4257index3 2 0.5328493 pwa_35+62_0.9+0.1
37 Q0 id96354index0 3 0.52574235 pwa_35+62_0.9+0.1
37 Q0 id71815index4 4 0.50337726 pwa_35+62_0.9+0.1
37 Q0 id59197index4 5 0.47392926 pwa_35+62_0.9+0.1
37 Q0 id2470828index3 6 0.47070962 pwa_35+62_0.9+0.1
37 Q0 id5551397index0 7 0.46842298 pwa_35+62_0.9+0.1
37 Q0 id288484index5 8 0.46678957 pwa_35+62_0.9+0.1
37 Q0 id123043index4 9 0.4658636 pwa_35+62_0.9+0.1
37 Q0 id1992026index0 10 0.46539688 pwa_35+62_0.9+0.1
38 Q0 id208308index0 1 0.48221594 pwa_35+62_0.9+0.1
38 Q0 id228734index0 2 0.4805584 pwa_35+62_0.9+0.1
38 Q0 id17570index0 3 0.43441808 pwa_35+62_0.9+0.1
38 Q0 id179637index4 4 0.4334515 pwa_35+62_0.9+0.1
38 Q0 id312699index0 5 0.43337423 pwa_35+62_0.9+0.1
38 Q0 id362080index0 6 0.43337423 pwa_35+62_0.9+0.1
38 Q0 id333769index0 7 0.43324545 pwa_35+62_0.9+0.1
38 Q0 id285042index0 8 0.43207127 pwa_35+62_0.9+0.1
38 Q0 id253430index0 9 0.4318962 pwa_35+62_0.9+0.1
38 Q0 id273309index0 10 0.4318962 pwa_35+62_0.9+0.1
39 Q0 id11609index4 1 0.623613 pwa_35+62_0.9+0.1
39 Q0 id69549index3 2 0.52680147 pwa_35+62_0.9+0.1
39 Q0 id360351index0 3 0.52486485 pwa_35+62_0.9+0.1
39 Q0 id338683index4 4 0.5153739 pwa_35+62_0.9+0.1
39 Q0 id1194954index0 5 0.48199221 pwa_35+62_0.9+0.1
39 Q0 id545107index0 6 0.47865424 pwa_35+62_0.9+0.1
39 Q0 id135590index3 7 0.46957198 pwa_35+62_0.9+0.1
39 Q0 id217606index3 8 0.46275494 pwa_35+62_0.9+0.1
39 Q0 id83307index3 9 0.45400447 pwa_35+62_0.9+0.1
39 Q0 id2934663index0 10 0.4488725 pwa_35+62_0.9+0.1
40 Q0 id1685603index0 1 0.46709615 pwa_35+62_0.9+0.1
40 Q0 id70704412index0 2 0.45986766 pwa_35+62_0.9+0.1
40 Q0 id22586index5 3 0.45666307 pwa_35+62_0.9+0.1
40 Q0 id607321index5 4 0.45665795 pwa_35+62_0.9+0.1
40 Q0 id16810index5 5 0.45652258 pwa_35+62_0.9+0.1
40 Q0 id729988index5 6 0.4518393 pwa_35+62_0.9+0.1
40 Q0 id738733index5 7 0.4515207 pwa_35+62_0.9+0.1
40 Q0 id1291515index5 8 0.4512112 pwa_35+62_0.9+0.1
40 Q0 id626166index5 9 0.44959247 pwa_35+62_0.9+0.1
40 Q0 id55089index5 10 0.4494673 pwa_35+62_0.9+0.1
41 Q0 id13656index0 1 0.51638645 pwa_35+62_0.9+0.1
41 Q0 id559968index0 2 0.51267225 pwa_35+62_0.9+0.1
41 Q0 id8709index3 3 0.49718672 pwa_35+62_0.9+0.1
41 Q0 id350290index0 4 0.49673793 pwa_35+62_0.9+0.1
41 Q0 id17792index3 5 0.47380316 pwa_35+62_0.9+0.1
41 Q0 id141533index3 6 0.47195885 pwa_35+62_0.9+0.1
41 Q0 id836480index5 7 0.4643841 pwa_35+62_0.9+0.1
41 Q0 id2677406index0 8 0.4582888 pwa_35+62_0.9+0.1
41 Q0 id2818418index2 9 0.45792207 pwa_35+62_0.9+0.1
41 Q0 id71056index5 10 0.454347 pwa_35+62_0.9+0.1
42 Q0 id108981index0 1 0.5110548 pwa_35+62_0.9+0.1
42 Q0 id44185index4 2 0.47225085 pwa_35+62_0.9+0.1
42 Q0 id64642996index0 3 0.45568502 pwa_35+62_0.9+0.1
42 Q0 id27421136index0 4 0.45361117 pwa_35+62_0.9+0.1
42 Q0 id17222634index0 5 0.4493592 pwa_35+62_0.9+0.1
42 Q0 id1540731index0 6 0.4466988 pwa_35+62_0.9+0.1
42 Q0 id17531477index0 7 0.44656175 pwa_35+62_0.9+0.1
42 Q0 id21928700index3 8 0.4464421 pwa_35+62_0.9+0.1
42 Q0 id20498702index3 9 0.4462319 pwa_35+62_0.9+0.1
42 Q0 id24784135index3 10 0.4462096 pwa_35+62_0.9+0.1
43 Q0 id1310index4 1 0.558054 pwa_35+62_0.9+0.1
43 Q0 id6368index0 2 0.53603864 pwa_35+62_0.9+0.1
43 Q0 id7643index3 3 0.526636 pwa_35+62_0.9+0.1
43 Q0 id99index5 4 0.507784 pwa_35+62_0.9+0.1
43 Q0 id43114index0 5 0.506183 pwa_35+62_0.9+0.1
43 Q0 id233818index0 6 0.5046989 pwa_35+62_0.9+0.1
43 Q0 id276index5 7 0.49879506 pwa_35+62_0.9+0.1
43 Q0 id12347index3 8 0.4960387 pwa_35+62_0.9+0.1
43 Q0 id613index5 9 0.48788753 pwa_35+62_0.9+0.1
43 Q0 id787index5 10 0.4821176 pwa_35+62_0.9+0.1
44 Q0 id3768index4 1 0.47826886 pwa_35+62_0.9+0.1
44 Q0 id5031index4 2 0.47375336 pwa_35+62_0.9+0.1
44 Q0 id101922260index0 3 0.45186132 pwa_35+62_0.9+0.1
44 Q0 id2256078index0 4 0.45181933 pwa_35+62_0.9+0.1
44 Q0 id85621925index0 5 0.45170054 pwa_35+62_0.9+0.1
44 Q0 id53799244index0 6 0.45067698 pwa_35+62_0.9+0.1
44 Q0 id14276528index4 7 0.43757614 pwa_35+62_0.9+0.1
44 Q0 id101895639index0 8 0.42984605 pwa_35+62_0.9+0.1
44 Q0 id14654298index3 9 0.4239682 pwa_35+62_0.9+0.1
44 Q0 id748054index2 10 0.42255563 pwa_35+62_0.9+0.1
45 Q0 id48109index3 1 0.52165127 pwa_35+62_0.9+0.1
45 Q0 id5677016index4 2 0.47248185 pwa_35+62_0.9+0.1
45 Q0 id4812288index3 3 0.45671988 pwa_35+62_0.9+0.1
45 Q0 id1561666index3 4 0.44618544 pwa_35+62_0.9+0.1
45 Q0 id24854401index4 5 0.44398695 pwa_35+62_0.9+0.1
45 Q0 id51248625index0 6 0.43987086 pwa_35+62_0.9+0.1
45 Q0 id7668668index3 7 0.43674487 pwa_35+62_0.9+0.1
45 Q0 id24807002index3 8 0.4366753 pwa_35+62_0.9+0.1
45 Q0 id33375255index3 9 0.4359517 pwa_35+62_0.9+0.1
45 Q0 id1780543index0 10 0.435918 pwa_35+62_0.9+0.1
46 Q0 id23444074index3 1 0.46391165 pwa_35+62_0.9+0.1
46 Q0 id30583457index3 2 0.46371353 pwa_35+62_0.9+0.1
46 Q0 id14874168index3 3 0.45694053 pwa_35+62_0.9+0.1
46 Q0 id2849257index0 4 0.44994488 pwa_35+62_0.9+0.1
46 Q0 id32011788index3 5 0.44932708 pwa_35+62_0.9+0.1
46 Q0 id30583458index3 6 0.44888484 pwa_35+62_0.9+0.1
46 Q0 id29558138index3 7 0.44524378 pwa_35+62_0.9+0.1
46 Q0 id24080757index0 8 0.44513613 pwa_35+62_0.9+0.1
46 Q0 id4876827index3 9 0.44313198 pwa_35+62_0.9+0.1
46 Q0 id29155971index3 10 0.4430282 pwa_35+62_0.9+0.1
47 Q0 id503636index0 1 0.45088387 pwa_35+62_0.9+0.1
47 Q0 id74343844index0 2 0.4365697 pwa_35+62_0.9+0.1
47 Q0 id105130307index0 3 0.42761314 pwa_35+62_0.9+0.1
47 Q0 id294854index0 4 0.42489126 pwa_35+62_0.9+0.1
47 Q0 id87588063index0 5 0.4165358 pwa_35+62_0.9+0.1
47 Q0 id2418037index0 6 0.41515037 pwa_35+62_0.9+0.1
47 Q0 id87897628index0 7 0.41380745 pwa_35+62_0.9+0.1
47 Q0 id107535795index0 8 0.41257954 pwa_35+62_0.9+0.1
47 Q0 id24196479index0 9 0.41202328 pwa_35+62_0.9+0.1
47 Q0 id56395355index0 10 0.4111151 pwa_35+62_0.9+0.1
48 Q0 id8277279index0 1 0.45750827 pwa_35+62_0.9+0.1
48 Q0 id1180418index5 2 0.42751485 pwa_35+62_0.9+0.1
48 Q0 id13183205index0 3 0.42175412 pwa_35+62_0.9+0.1
48 Q0 id8973957index0 4 0.4204914 pwa_35+62_0.9+0.1
48 Q0 id5813373index0 5 0.42045745 pwa_35+62_0.9+0.1
48 Q0 id5519398index0 6 0.42042193 pwa_35+62_0.9+0.1
48 Q0 id5546383index0 7 0.4203711 pwa_35+62_0.9+0.1
48 Q0 id69910733index0 8 0.41844493 pwa_35+62_0.9+0.1
48 Q0 id35038438index3 9 0.41786778 pwa_35+62_0.9+0.1
48 Q0 id2063131index0 10 0.41540915 pwa_35+62_0.9+0.1
49 Q0 id21069index5 1 0.42946178 pwa_35+62_0.9+0.1
49 Q0 id156371index5 2 0.42707422 pwa_35+62_0.9+0.1
49 Q0 id1252181index5 3 0.424748 pwa_35+62_0.9+0.1
49 Q0 id2868066index5 4 0.4217562 pwa_35+62_0.9+0.1
49 Q0 id3400226index5 5 0.42167196 pwa_35+62_0.9+0.1
49 Q0 id2873550index5 6 0.42164367 pwa_35+62_0.9+0.1
49 Q0 id741907index5 7 0.4215951 pwa_35+62_0.9+0.1
49 Q0 id2868070index5 8 0.4215747 pwa_35+62_0.9+0.1
49 Q0 id1273211index5 9 0.42157105 pwa_35+62_0.9+0.1
49 Q0 id2357202index5 10 0.4213639 pwa_35+62_0.9+0.1
50 Q0 id2184index4 1 0.55167115 pwa_35+62_0.9+0.1
50 Q0 id649index3 2 0.5318683 pwa_35+62_0.9+0.1
50 Q0 id8804index4 3 0.5130622 pwa_35+62_0.9+0.1
50 Q0 id25085index0 4 0.50862074 pwa_35+62_0.9+0.1
50 Q0 id60841index0 5 0.49686217 pwa_35+62_0.9+0.1
50 Q0 id3274index4 6 0.4945436 pwa_35+62_0.9+0.1
50 Q0 id17123index4 7 0.49291214 pwa_35+62_0.9+0.1
50 Q0 id625318index0 8 0.48673108 pwa_35+62_0.9+0.1
50 Q0 id52261index4 9 0.48526892 pwa_35+62_0.9+0.1
50 Q0 id248411index3 10 0.47753537 pwa_35+62_0.9+0.1
