1 Q0 id94index1 1 7.3288 pwa_31_1
1 Q0 id687index1 2 6.9251533 pwa_31_1
1 Q0 id69621index1 3 6.419678 pwa_31_1
1 Q0 id14201index1 4 5.916395 pwa_31_1
1 Q0 id53835index1 5 5.8636026 pwa_31_1
1 Q0 id53854index1 6 5.8600383 pwa_31_1
1 Q0 id22799index1 7 5.828175 pwa_31_1
1 Q0 id6966index1 8 5.675779 pwa_31_1
1 Q0 id11828index1 9 5.4400244 pwa_31_1
1 Q0 id17292index1 10 5.391371 pwa_31_1
2 Q0 id23286index2 1 9.198875 pwa_31_1
2 Q0 id983index5 2 8.040773 pwa_31_1
2 Q0 id5050index5 3 7.8141994 pwa_31_1
2 Q0 id5013719index2 4 7.4638705 pwa_31_1
2 Q0 id11354index5 5 7.3826256 pwa_31_1
2 Q0 id821932index5 6 7.3556037 pwa_31_1
2 Q0 id1879670index5 7 7.340609 pwa_31_1
2 Q0 id3474038index5 8 7.3151093 pwa_31_1
2 Q0 id2941566index5 9 7.3050976 pwa_31_1
2 Q0 id1883510index5 10 7.30195 pwa_31_1
3 Q0 id9063index1 1 8.313906 pwa_31_1
3 Q0 id73003index1 2 8.185726 pwa_31_1
3 Q0 id26087index1 3 7.97896 pwa_31_1
3 Q0 id49382index1 4 7.976033 pwa_31_1
3 Q0 id26101index1 5 7.9424486 pwa_31_1
3 Q0 id49384index1 6 7.7758436 pwa_31_1
3 Q0 id3718index1 7 7.681151 pwa_31_1
3 Q0 id26088index1 8 7.3867803 pwa_31_1
3 Q0 id72997index1 9 7.357592 pwa_31_1
3 Q0 id49372index1 10 7.33182 pwa_31_1
4 Q0 id24903index1 1 13.988655 pwa_31_1
4 Q0 id48185index1 2 12.642662 pwa_31_1
4 Q0 id87132index3 3 12.085696 pwa_31_1
4 Q0 id48205index1 4 11.891919 pwa_31_1
4 Q0 id457024index3 5 11.838743 pwa_31_1
4 Q0 id35030index3 6 11.798301 pwa_31_1
4 Q0 id216957index3 7 11.544187 pwa_31_1
4 Q0 id1872301index3 8 11.442447 pwa_31_1
4 Q0 id1402630index3 9 11.221665 pwa_31_1
4 Q0 id2291104index3 10 11.15336 pwa_31_1
5 Q0 id300index1 1 10.504895 pwa_31_1
5 Q0 id170index1 2 10.219302 pwa_31_1
5 Q0 id62420index1 3 10.023548 pwa_31_1
5 Q0 id9729index1 4 10.007864 pwa_31_1
5 Q0 id40630index1 5 9.997355 pwa_31_1
5 Q0 id51728index1 6 9.997355 pwa_31_1
5 Q0 id8841index1 7 9.994912 pwa_31_1
5 Q0 id22868index1 8 9.817767 pwa_31_1
5 Q0 id60859index1 9 9.741938 pwa_31_1
5 Q0 id5991index1 10 9.741494 pwa_31_1
6 Q0 id80503index3 1 13.005449 pwa_31_1
6 Q0 id2881685index3 2 12.796925 pwa_31_1
6 Q0 id4307160index3 3 12.7619915 pwa_31_1
6 Q0 id2035209index3 4 12.559073 pwa_31_1
6 Q0 id1671775index3 5 12.552975 pwa_31_1
6 Q0 id730690index3 6 12.381761 pwa_31_1
6 Q0 id1359002index3 7 12.381761 pwa_31_1
6 Q0 id58101index3 8 12.323542 pwa_31_1
6 Q0 id365353index3 9 12.288478 pwa_31_1
6 Q0 id721697index3 10 12.28264 pwa_31_1
7 Q0 id43814index4 1 22.970823 pwa_31_1
7 Q0 id4738055index4 2 22.377617 pwa_31_1
7 Q0 id5073115index4 3 22.162653 pwa_31_1
7 Q0 id30642451index4 4 22.085175 pwa_31_1
7 Q0 id24251085index4 5 22.082941 pwa_31_1
7 Q0 id30642443index4 6 22.051386 pwa_31_1
7 Q0 id5073117index4 7 21.983212 pwa_31_1
7 Q0 id18403295index4 8 21.794085 pwa_31_1
7 Q0 id37034465index4 9 21.708145 pwa_31_1
7 Q0 id43968643index4 10 21.694439 pwa_31_1
8 Q0 id63605index3 1 10.149449 pwa_31_1
8 Q0 id171080index3 2 9.53876 pwa_31_1
8 Q0 id436483index3 3 9.515368 pwa_31_1
8 Q0 id621447index3 4 9.411229 pwa_31_1
8 Q0 id547068index3 5 9.227317 pwa_31_1
8 Q0 id957581index3 6 9.1909685 pwa_31_1
8 Q0 id398979index3 7 9.169492 pwa_31_1
8 Q0 id337068index3 8 9.089843 pwa_31_1
8 Q0 id522310index3 9 9.085709 pwa_31_1
8 Q0 id523191index3 10 9.082409 pwa_31_1
9 Q0 id8054031index3 1 13.005574 pwa_31_1
9 Q0 id2737605index3 2 12.995569 pwa_31_1
9 Q0 id206214index3 3 12.908587 pwa_31_1
9 Q0 id3780737index3 4 12.874077 pwa_31_1
9 Q0 id586745index3 5 12.85666 pwa_31_1
9 Q0 id2081333index3 6 12.842937 pwa_31_1
9 Q0 id367515index3 7 12.793789 pwa_31_1
9 Q0 id373000index3 8 12.750285 pwa_31_1
9 Q0 id465113index3 9 12.7309885 pwa_31_1
9 Q0 id512542index3 10 12.730085 pwa_31_1
10 Q0 id4997index3 1 6.1689687 pwa_31_1
10 Q0 id10137index3 2 6.1648555 pwa_31_1
10 Q0 id14340index3 3 6.1632423 pwa_31_1
10 Q0 id17198index3 4 6.1613183 pwa_31_1
10 Q0 id18006index3 5 6.1597238 pwa_31_1
10 Q0 id18804index3 6 6.1595783 pwa_31_1
10 Q0 id22359index3 7 6.158508 pwa_31_1
10 Q0 id24862index3 8 6.1573772 pwa_31_1
10 Q0 id24346index3 9 6.156492 pwa_31_1
10 Q0 id26041index3 10 6.1562343 pwa_31_1
11 Q0 id13501213index3 1 16.757994 pwa_31_1
11 Q0 id31777912index4 2 16.473257 pwa_31_1
11 Q0 id9044716index3 3 16.414318 pwa_31_1
11 Q0 id39447389index4 4 16.341963 pwa_31_1
11 Q0 id34922326index3 5 16.13766 pwa_31_1
11 Q0 id13501216index3 6 15.896104 pwa_31_1
11 Q0 id26356462index3 7 15.896104 pwa_31_1
11 Q0 id27783991index3 8 15.894506 pwa_31_1
11 Q0 id13501215index3 9 15.686383 pwa_31_1
11 Q0 id1105029index0 10 15.678913 pwa_31_1
12 Q0 id3866253index5 1 7.877531 pwa_31_1
12 Q0 id3677259index5 2 7.675891 pwa_31_1
12 Q0 id1741458index5 3 7.629908 pwa_31_1
12 Q0 id221314index5 4 7.5936313 pwa_31_1
12 Q0 id616787index5 5 7.5844574 pwa_31_1
12 Q0 id230899index5 6 7.522917 pwa_31_1
12 Q0 id719750index5 7 7.522917 pwa_31_1
12 Q0 id251137index5 8 7.520062 pwa_31_1
12 Q0 id2313849index5 9 7.520062 pwa_31_1
12 Q0 id2777536index5 10 7.510343 pwa_31_1
13 Q0 id145619index3 1 12.643526 pwa_31_1
13 Q0 id172482index3 2 12.55069 pwa_31_1
13 Q0 id1889237index3 3 12.408624 pwa_31_1
13 Q0 id15540897index3 4 12.268572 pwa_31_1
13 Q0 id13849022index3 5 12.077796 pwa_31_1
13 Q0 id18461889index3 6 11.970879 pwa_31_1
13 Q0 id30640443index3 7 11.832721 pwa_31_1
13 Q0 id28132496index3 8 11.598924 pwa_31_1
13 Q0 id27312590index4 9 11.588488 pwa_31_1
13 Q0 id1469131index3 10 11.585083 pwa_31_1
14 Q0 id1031397index0 1 10.67033 pwa_31_1
14 Q0 id4800959index0 2 10.236704 pwa_31_1
14 Q0 id894294index5 3 10.089525 pwa_31_1
14 Q0 id2471096index5 4 10.089525 pwa_31_1
14 Q0 id2801946index5 5 10.089525 pwa_31_1
14 Q0 id740059index5 6 9.932704 pwa_31_1
14 Q0 id2198661index5 7 9.876099 pwa_31_1
14 Q0 id1250000index0 8 9.638555 pwa_31_1
14 Q0 id3307756index0 9 9.617505 pwa_31_1
14 Q0 id1121214index0 10 9.61742 pwa_31_1
15 Q0 id42223index1 1 14.425639 pwa_31_1
15 Q0 id65752index1 2 13.842537 pwa_31_1
15 Q0 id562index1 3 13.696979 pwa_31_1
15 Q0 id65750index1 4 13.677813 pwa_31_1
15 Q0 id65751index1 5 13.3652115 pwa_31_1
15 Q0 id65748index1 6 12.114708 pwa_31_1
15 Q0 id71827index1 7 10.908103 pwa_31_1
15 Q0 id46525index1 8 10.814316 pwa_31_1
15 Q0 id6917index3 9 10.285237 pwa_31_1
15 Q0 id127841index3 10 10.207594 pwa_31_1
16 Q0 id445index3 1 4.909325 pwa_31_1
16 Q0 id11063index3 2 4.896126 pwa_31_1
16 Q0 id10163index3 3 4.884907 pwa_31_1
16 Q0 id10342index3 4 4.883085 pwa_31_1
16 Q0 id3916index3 5 4.8689694 pwa_31_1
16 Q0 id22229index3 6 4.8568525 pwa_31_1
16 Q0 id102index3 7 4.8546605 pwa_31_1
16 Q0 id425210index0 8 4.854351 pwa_31_1
16 Q0 id14240index3 9 4.8540144 pwa_31_1
16 Q0 id209768index3 10 4.8514624 pwa_31_1
17 Q0 id11494724index0 1 11.581807 pwa_31_1
17 Q0 id9778628index0 2 11.053416 pwa_31_1
17 Q0 id3083959index0 3 11.025317 pwa_31_1
17 Q0 id12987061index0 4 10.926277 pwa_31_1
17 Q0 id11696531index0 5 10.907511 pwa_31_1
17 Q0 id11696527index0 6 10.897372 pwa_31_1
17 Q0 id8682863index0 7 10.851449 pwa_31_1
17 Q0 id12392764index0 8 10.796989 pwa_31_1
17 Q0 id10697032index0 9 10.721252 pwa_31_1
17 Q0 id11739531index0 10 10.68113 pwa_31_1
18 Q0 id10666index1 1 10.655375 pwa_31_1
18 Q0 id25609index1 2 10.149769 pwa_31_1
18 Q0 id1014index1 3 9.493804 pwa_31_1
18 Q0 id17259index1 4 9.404584 pwa_31_1
18 Q0 id51727index1 5 9.404584 pwa_31_1
18 Q0 id37668index1 6 9.095677 pwa_31_1
18 Q0 id62420index1 7 9.069651 pwa_31_1
18 Q0 id8841index1 8 8.941819 pwa_31_1
18 Q0 id5991index1 9 8.840247 pwa_31_1
18 Q0 id18122index1 10 8.801489 pwa_31_1
19 Q0 id24647index1 1 10.872225 pwa_31_1
19 Q0 id9064index1 2 10.182575 pwa_31_1
19 Q0 id40455index1 3 10.010284 pwa_31_1
19 Q0 id10666index1 4 9.913072 pwa_31_1
19 Q0 id65022index1 5 9.690742 pwa_31_1
19 Q0 id65027index1 6 9.627659 pwa_31_1
19 Q0 id62420index1 7 9.530236 pwa_31_1
19 Q0 id18123index1 8 9.528212 pwa_31_1
19 Q0 id17259index1 9 9.483336 pwa_31_1
19 Q0 id51727index1 10 9.483336 pwa_31_1
20 Q0 id399097index3 1 13.310307 pwa_31_1
20 Q0 id225536index3 2 13.082019 pwa_31_1
20 Q0 id33831378index3 3 13.082019 pwa_31_1
20 Q0 id3450518index3 4 12.824031 pwa_31_1
20 Q0 id17729112index3 5 12.824031 pwa_31_1
20 Q0 id19157546index3 6 12.824031 pwa_31_1
20 Q0 id34866184index3 7 12.824031 pwa_31_1
20 Q0 id10676417index3 8 12.740301 pwa_31_1
20 Q0 id3450517index3 9 12.690912 pwa_31_1
20 Q0 id14873887index3 10 12.690912 pwa_31_1
21 Q0 id24916363index3 1 13.234701 pwa_31_1
21 Q0 id20775237index3 2 13.174924 pwa_31_1
21 Q0 id30831465index3 3 13.018223 pwa_31_1
21 Q0 id12563413index0 4 12.620499 pwa_31_1
21 Q0 id32182471index3 5 12.479666 pwa_31_1
21 Q0 id5751312index0 6 12.215785 pwa_31_1
21 Q0 id21968747index0 7 12.215785 pwa_31_1
21 Q0 id23733047index0 8 12.215785 pwa_31_1
21 Q0 id3218431index5 9 12.201428 pwa_31_1
21 Q0 id14579715index3 10 12.141469 pwa_31_1
22 Q0 id18140index1 1 9.805699 pwa_31_1
22 Q0 id410index1 2 7.8553967 pwa_31_1
22 Q0 id2339863index5 3 7.203876 pwa_31_1
22 Q0 id1705615index5 4 7.084723 pwa_31_1
22 Q0 id646708index5 5 6.997652 pwa_31_1
22 Q0 id2175123index5 6 6.872663 pwa_31_1
22 Q0 id1372993index5 7 6.788671 pwa_31_1
22 Q0 id2192283index5 8 6.6903276 pwa_31_1
22 Q0 id16082index5 9 6.6388397 pwa_31_1
22 Q0 id318140index5 10 6.633362 pwa_31_1
23 Q0 id619009index0 1 15.872714 pwa_31_1
23 Q0 id31470158index0 2 13.619902 pwa_31_1
23 Q0 id73240342index0 3 13.58137 pwa_31_1
23 Q0 id24625940index0 4 13.170784 pwa_31_1
23 Q0 id41173020index0 5 13.170784 pwa_31_1
23 Q0 id12834934index0 6 13.036719 pwa_31_1
23 Q0 id90993029index0 7 12.590171 pwa_31_1
23 Q0 id42380925index0 8 12.534379 pwa_31_1
23 Q0 id110513874index0 9 12.132528 pwa_31_1
23 Q0 id31607829index0 10 12.053102 pwa_31_1
24 Q0 id227182index4 1 8.633535 pwa_31_1
24 Q0 id225936index4 2 8.629193 pwa_31_1
24 Q0 id4787310index3 3 8.335492 pwa_31_1
24 Q0 id248293index4 4 8.333078 pwa_31_1
24 Q0 id3361542index3 5 8.291868 pwa_31_1
24 Q0 id489732index4 6 8.259075 pwa_31_1
24 Q0 id3298901index3 7 8.248771 pwa_31_1
24 Q0 id251883index4 8 8.136378 pwa_31_1
24 Q0 id5028192index3 9 8.12431 pwa_31_1
24 Q0 id784889index4 10 8.095679 pwa_31_1
25 Q0 id32032525index4 1 16.322449 pwa_31_1
25 Q0 id25641154index4 2 16.316607 pwa_31_1
25 Q0 id38422935index4 3 16.148584 pwa_31_1
25 Q0 id32032526index4 4 16.1447 pwa_31_1
25 Q0 id44813769index4 5 16.113344 pwa_31_1
25 Q0 id38422957index4 6 16.105558 pwa_31_1
25 Q0 id44813758index4 7 15.409054 pwa_31_1
25 Q0 id38422947index4 8 15.400331 pwa_31_1
25 Q0 id44813757index4 9 15.30915 pwa_31_1
25 Q0 id12854243index4 10 15.299518 pwa_31_1
26 Q0 id3706index5 1 19.600988 pwa_31_1
26 Q0 id1307649index5 2 17.758698 pwa_31_1
26 Q0 id2321634index5 3 16.773996 pwa_31_1
26 Q0 id720836index5 4 16.54955 pwa_31_1
26 Q0 id3568344index5 5 16.54955 pwa_31_1
26 Q0 id721025index5 6 16.498634 pwa_31_1
26 Q0 id1307656index5 7 15.42157 pwa_31_1
26 Q0 id386225index5 8 14.93189 pwa_31_1
26 Q0 id143711index5 9 14.90446 pwa_31_1
26 Q0 id361621index5 10 14.90446 pwa_31_1
27 Q0 id2865033index0 1 9.892125 pwa_31_1
27 Q0 id3491898index0 2 9.841137 pwa_31_1
27 Q0 id3117264index0 3 9.790643 pwa_31_1
27 Q0 id3149475index0 4 9.756476 pwa_31_1
27 Q0 id1896222index0 5 9.744809 pwa_31_1
27 Q0 id724958index0 6 9.732383 pwa_31_1
27 Q0 id3467137index0 7 9.724116 pwa_31_1
27 Q0 id2319692index0 8 9.711653 pwa_31_1
27 Q0 id2056314index0 9 9.670944 pwa_31_1
27 Q0 id2884883index0 10 9.610906 pwa_31_1
28 Q0 id69096index1 1 13.921097 pwa_31_1
28 Q0 id1814index1 2 13.227596 pwa_31_1
28 Q0 id53850index1 3 11.850916 pwa_31_1
28 Q0 id41509index1 4 11.721767 pwa_31_1
28 Q0 id1978index1 5 11.705553 pwa_31_1
28 Q0 id68986index1 6 11.648315 pwa_31_1
28 Q0 id65016index1 7 10.640446 pwa_31_1
28 Q0 id2052index1 8 10.574336 pwa_31_1
28 Q0 id71790index1 9 10.391694 pwa_31_1
28 Q0 id125773index3 10 10.144404 pwa_31_1
29 Q0 id941index1 1 9.193597 pwa_31_1
29 Q0 id1946index1 2 8.431636 pwa_31_1
29 Q0 id3664index5 3 7.647209 pwa_31_1
29 Q0 id2985456index5 4 7.60386 pwa_31_1
29 Q0 id12107index5 5 7.586762 pwa_31_1
29 Q0 id921043index5 6 7.550899 pwa_31_1
29 Q0 id1004722index5 7 7.5476556 pwa_31_1
29 Q0 id2190891index5 8 7.456961 pwa_31_1
29 Q0 id2994184index5 9 7.456961 pwa_31_1
29 Q0 id2722687index5 10 7.4484725 pwa_31_1
30 Q0 id12147index1 1 16.426119 pwa_31_1
30 Q0 id12148index1 2 16.075083 pwa_31_1
30 Q0 id12140index1 3 14.261317 pwa_31_1
30 Q0 id58973index1 4 13.514907 pwa_31_1
30 Q0 id58967index1 5 13.467318 pwa_31_1
30 Q0 id533117index3 6 13.454405 pwa_31_1
30 Q0 id32937index3 7 13.44631 pwa_31_1
30 Q0 id162344index3 8 13.072266 pwa_31_1
30 Q0 id58980index1 9 13.068143 pwa_31_1
30 Q0 id12137index1 10 12.841746 pwa_31_1
31 Q0 id7064index4 1 6.639492 pwa_31_1
31 Q0 id74440index4 2 6.555237 pwa_31_1
31 Q0 id87785index4 3 6.496596 pwa_31_1
31 Q0 id49938index4 4 6.4935718 pwa_31_1
31 Q0 id26670index4 5 6.4831166 pwa_31_1
31 Q0 id38805index4 6 6.414872 pwa_31_1
31 Q0 id220587index4 7 6.382538 pwa_31_1
31 Q0 id237008index4 8 6.3488483 pwa_31_1
31 Q0 id1799113index4 9 6.320858 pwa_31_1
31 Q0 id166051index4 10 6.317902 pwa_31_1
32 Q0 id42859index3 1 13.027198 pwa_31_1
32 Q0 id7555index3 2 12.908456 pwa_31_1
32 Q0 id607957index3 3 12.69918 pwa_31_1
32 Q0 id3100978index3 4 12.691501 pwa_31_1
32 Q0 id3100974index3 5 12.686111 pwa_31_1
32 Q0 id3100979index3 6 12.666285 pwa_31_1
32 Q0 id299536index3 7 12.662517 pwa_31_1
32 Q0 id3100976index3 8 12.634964 pwa_31_1
32 Q0 id241844index3 9 12.632935 pwa_31_1
32 Q0 id2498226index3 10 12.631658 pwa_31_1
33 Q0 id83351index3 1 16.322426 pwa_31_1
33 Q0 id30467index3 2 16.096176 pwa_31_1
33 Q0 id1297164index3 3 16.084156 pwa_31_1
33 Q0 id23037232index3 4 16.017462 pwa_31_1
33 Q0 id13038422index3 5 16.015823 pwa_31_1
33 Q0 id17323189index3 6 16.012547 pwa_31_1
33 Q0 id33034509index3 7 16.012547 pwa_31_1
33 Q0 id302843index3 8 15.92611 pwa_31_1
33 Q0 id11135049index3 9 15.830465 pwa_31_1
33 Q0 id475339index3 10 15.783169 pwa_31_1
34 Q0 id77372index3 1 12.425425 pwa_31_1
34 Q0 id157285index3 2 12.231908 pwa_31_1
34 Q0 id142885index3 3 12.177498 pwa_31_1
34 Q0 id21552472index3 4 12.171411 pwa_31_1
34 Q0 id144307index3 5 11.947373 pwa_31_1
34 Q0 id23671310index3 6 11.830549 pwa_31_1
34 Q0 id30151552index3 7 11.823457 pwa_31_1
34 Q0 id26528090index3 8 11.727427 pwa_31_1
34 Q0 id35093684index3 9 11.688708 pwa_31_1
34 Q0 id1938597index3 10 11.656705 pwa_31_1
35 Q0 id640234index4 1 22.850025 pwa_31_1
35 Q0 id23332583index4 2 22.436289 pwa_31_1
35 Q0 id10547310index4 3 21.970697 pwa_31_1
35 Q0 id12167103index4 4 21.965834 pwa_31_1
35 Q0 id16937621index4 5 21.880348 pwa_31_1
35 Q0 id23400455index3 6 20.733662 pwa_31_1
35 Q0 id79269955index0 7 20.395782 pwa_31_1
35 Q0 id111690218index0 8 20.3175 pwa_31_1
35 Q0 id4154847index4 9 19.984226 pwa_31_1
35 Q0 id4154846index4 10 19.624086 pwa_31_1
36 Q0 id39564index3 1 15.757449 pwa_31_1
36 Q0 id49177index3 2 14.824025 pwa_31_1
36 Q0 id8250059index3 3 14.518371 pwa_31_1
36 Q0 id9320630index3 4 14.206091 pwa_31_1
36 Q0 id4234741index3 5 13.97538 pwa_31_1
36 Q0 id8520605index3 6 13.750166 pwa_31_1
36 Q0 id74377index4 7 13.622644 pwa_31_1
36 Q0 id2230579index3 8 13.545669 pwa_31_1
36 Q0 id2011874index3 9 13.338425 pwa_31_1
36 Q0 id9425538index3 10 13.313923 pwa_31_1
37 Q0 id88794index2 1 11.047472 pwa_31_1
37 Q0 id4128494index2 2 10.9119215 pwa_31_1
37 Q0 id1947663index2 3 10.714196 pwa_31_1
37 Q0 id607368index2 4 10.518981 pwa_31_1
37 Q0 id2325240index2 5 10.498544 pwa_31_1
37 Q0 id4799530index2 6 10.086589 pwa_31_1
37 Q0 id4799526index2 7 9.814019 pwa_31_1
37 Q0 id5512687index2 8 9.77881 pwa_31_1
37 Q0 id899524index2 9 9.616169 pwa_31_1
37 Q0 id88795index2 10 9.485943 pwa_31_1
38 Q0 id10468824index4 1 9.386269 pwa_31_1
38 Q0 id179637index4 2 9.374742 pwa_31_1
38 Q0 id10536745index4 3 8.936734 pwa_31_1
38 Q0 id1641873index4 4 8.879476 pwa_31_1
38 Q0 id456676index4 5 8.865099 pwa_31_1
38 Q0 id1775700index4 6 8.790376 pwa_31_1
38 Q0 id217929index4 7 8.77277 pwa_31_1
38 Q0 id1641866index4 8 8.755234 pwa_31_1
38 Q0 id1775680index4 9 8.755234 pwa_31_1
38 Q0 id256588index4 10 8.751736 pwa_31_1
39 Q0 id6258index3 1 13.12169 pwa_31_1
39 Q0 id69549index3 2 12.977458 pwa_31_1
39 Q0 id9165574index3 3 12.961562 pwa_31_1
39 Q0 id135590index3 4 12.910544 pwa_31_1
39 Q0 id217606index3 5 12.715518 pwa_31_1
39 Q0 id9344651index3 6 12.709875 pwa_31_1
39 Q0 id3722574index3 7 12.611132 pwa_31_1
39 Q0 id4311627index3 8 12.604878 pwa_31_1
39 Q0 id150067index3 9 12.572319 pwa_31_1
39 Q0 id7168789index3 10 12.411098 pwa_31_1
40 Q0 id729988index5 1 9.225159 pwa_31_1
40 Q0 id3314871index0 2 9.031433 pwa_31_1
40 Q0 id6427921index0 3 9.007947 pwa_31_1
40 Q0 id5783122index0 4 8.949145 pwa_31_1
40 Q0 id717307index5 5 8.908864 pwa_31_1
40 Q0 id22878981index0 6 8.892631 pwa_31_1
40 Q0 id54814920index0 7 8.892631 pwa_31_1
40 Q0 id70559990index0 8 8.871608 pwa_31_1
40 Q0 id21917336index0 9 8.860249 pwa_31_1
40 Q0 id756498index0 10 8.848838 pwa_31_1
41 Q0 id47957index1 1 16.016613 pwa_31_1
41 Q0 id37407index5 2 13.706941 pwa_31_1
41 Q0 id5994909index4 3 13.588477 pwa_31_1
41 Q0 id139672index3 4 13.574495 pwa_31_1
41 Q0 id118303index5 5 13.414702 pwa_31_1
41 Q0 id2566174index5 6 13.338442 pwa_31_1
41 Q0 id66596index5 7 13.331973 pwa_31_1
41 Q0 id1505129index5 8 13.331973 pwa_31_1
41 Q0 id2758887index4 9 13.324065 pwa_31_1
41 Q0 id817881index5 10 13.137061 pwa_31_1
42 Q0 id18399657index4 1 14.439938 pwa_31_1
42 Q0 id5613291index4 2 13.979619 pwa_31_1
42 Q0 id13994804index4 3 13.399013 pwa_31_1
42 Q0 id23422252index4 4 13.396615 pwa_31_1
42 Q0 id33173559index4 5 13.347237 pwa_31_1
42 Q0 id7605151index4 6 13.341472 pwa_31_1
42 Q0 id32600929index4 7 13.205286 pwa_31_1
42 Q0 id31183440index4 8 13.007425 pwa_31_1
42 Q0 id32811703index4 9 12.870008 pwa_31_1
42 Q0 id39563252index4 10 12.73895 pwa_31_1
43 Q0 id149814index4 1 11.888134 pwa_31_1
43 Q0 id289538index4 2 11.888044 pwa_31_1
43 Q0 id2880178index4 3 11.574253 pwa_31_1
43 Q0 id9231100index4 4 11.475446 pwa_31_1
43 Q0 id8749746index4 5 11.41345 pwa_31_1
43 Q0 id8236490index4 6 11.370031 pwa_31_1
43 Q0 id8749745index4 7 11.342503 pwa_31_1
43 Q0 id13802548index4 8 11.277902 pwa_31_1
43 Q0 id2421666index4 9 11.25847 pwa_31_1
43 Q0 id8812301index4 10 11.21632 pwa_31_1
44 Q0 id13155729index3 1 11.758414 pwa_31_1
44 Q0 id26011531index3 2 11.745033 pwa_31_1
44 Q0 id11727633index3 3 11.681568 pwa_31_1
44 Q0 id28867312index3 4 11.664996 pwa_31_1
44 Q0 id6015498index3 5 11.658093 pwa_31_1
44 Q0 id20297570index3 6 11.637436 pwa_31_1
44 Q0 id7444000index3 7 11.623704 pwa_31_1
44 Q0 id13155602index3 8 11.610005 pwa_31_1
44 Q0 id5903index3 9 11.564046 pwa_31_1
44 Q0 id6015509index3 10 11.5555315 pwa_31_1
45 Q0 id48109index3 1 17.692776 pwa_31_1
45 Q0 id19664517index3 2 15.465489 pwa_31_1
45 Q0 id4073287index4 3 15.3976345 pwa_31_1
45 Q0 id225536index3 4 15.352641 pwa_31_1
45 Q0 id33831378index3 5 15.352641 pwa_31_1
45 Q0 id17976642index3 6 15.250926 pwa_31_1
45 Q0 id33102428index4 7 15.042189 pwa_31_1
45 Q0 id52379529index0 8 14.816726 pwa_31_1
45 Q0 id16783063index3 9 14.715728 pwa_31_1
45 Q0 id85260134index0 10 14.589319 pwa_31_1
46 Q0 id14874168index3 1 16.553343 pwa_31_1
46 Q0 id31535148index4 2 15.689815 pwa_31_1
46 Q0 id3450796index3 3 15.298709 pwa_31_1
46 Q0 id21875358index4 4 14.977255 pwa_31_1
46 Q0 id13445376index3 5 14.975974 pwa_31_1
46 Q0 id24871531index3 6 14.975974 pwa_31_1
46 Q0 id4876827index3 7 14.646739 pwa_31_1
46 Q0 id20586446index3 8 14.646739 pwa_31_1
46 Q0 id21195275index4 9 14.636388 pwa_31_1
46 Q0 id12357180index4 10 14.613414 pwa_31_1
47 Q0 id503636index0 1 9.835217 pwa_31_1
47 Q0 id74343844index0 2 9.835217 pwa_31_1
47 Q0 id194466index0 3 8.971127 pwa_31_1
47 Q0 id4097323index0 4 8.860303 pwa_31_1
47 Q0 id57605042index0 5 8.816717 pwa_31_1
47 Q0 id56555147index0 6 8.498463 pwa_31_1
47 Q0 id73474888index0 7 8.375541 pwa_31_1
47 Q0 id8591173index0 8 8.359769 pwa_31_1
47 Q0 id8591174index0 9 8.359769 pwa_31_1
47 Q0 id8610158index0 10 8.359769 pwa_31_1
48 Q0 id12211407index4 1 24.008005 pwa_31_1
48 Q0 id67671537index0 2 23.576769 pwa_31_1
48 Q0 id17637637index0 3 23.11524 pwa_31_1
48 Q0 id44171485index4 4 16.939747 pwa_31_1
48 Q0 id6033229index0 5 10.024129 pwa_31_1
48 Q0 id13626596index4 6 9.645021 pwa_31_1
48 Q0 id18293727index4 7 9.079799 pwa_31_1
48 Q0 id2892530index4 8 8.714831 pwa_31_1
48 Q0 id267487index5 9 8.168004 pwa_31_1
48 Q0 id3381991index5 10 8.168004 pwa_31_1
49 Q0 id3399097index5 1 10.5345745 pwa_31_1
49 Q0 id3422063index5 2 9.445694 pwa_31_1
49 Q0 id3399098index5 3 8.893557 pwa_31_1
49 Q0 id1790169index5 4 7.807497 pwa_31_1
49 Q0 id2853944index5 5 6.910461 pwa_31_1
49 Q0 id737399index5 6 6.0082884 pwa_31_1
49 Q0 id765131index5 7 4.568967 pwa_31_1
49 Q0 id193378index5 8 4.2888346 pwa_31_1
49 Q0 id227403index5 9 3.2992435 pwa_31_1
49 Q0 id234562index5 10 2.825171 pwa_31_1
50 Q0 id48943index1 1 11.319597 pwa_31_1
50 Q0 id29885index1 2 10.628215 pwa_31_1
50 Q0 id2675index1 3 10.316577 pwa_31_1
50 Q0 id3273071index3 4 9.809466 pwa_31_1
50 Q0 id2778index1 5 9.48983 pwa_31_1
50 Q0 id36673index1 6 9.383833 pwa_31_1
50 Q0 id3081326index3 7 9.334108 pwa_31_1
50 Q0 id8804index4 8 9.31694 pwa_31_1
50 Q0 id763942index3 9 9.246543 pwa_31_1
50 Q0 id4697187index3 10 9.23034 pwa_31_1
