1 Q0 id982index5 1 16.006618 pwa_32_1
1 Q0 id906530index0 2 14.544712 pwa_32_1
1 Q0 id687index1 3 13.432019 pwa_32_1
1 Q0 id152651index0 4 13.379189 pwa_32_1
1 Q0 id2872601index2 5 13.023032 pwa_32_1
1 Q0 id791653index0 6 12.220002 pwa_32_1
1 Q0 id123784index5 7 12.09106 pwa_32_1
1 Q0 id1076064index0 8 11.875708 pwa_32_1
1 Q0 id22799index1 9 11.05081 pwa_32_1
1 Q0 id21419index5 10 10.247132 pwa_32_1
2 Q0 id11354index5 1 20.861122 pwa_32_1
2 Q0 id983index5 2 18.159441 pwa_32_1
2 Q0 id70164index5 3 15.783613 pwa_32_1
2 Q0 id23286index2 4 15.6963625 pwa_32_1
2 Q0 id1347943index5 5 15.073881 pwa_32_1
2 Q0 id1879669index5 6 14.898824 pwa_32_1
2 Q0 id5050index5 7 14.75104 pwa_32_1
2 Q0 id281822index5 8 14.349795 pwa_32_1
2 Q0 id813826index5 9 14.325049 pwa_32_1
2 Q0 id813825index5 10 14.307715 pwa_32_1
3 Q0 id560092index3 1 28.691929 pwa_32_1
3 Q0 id461426index3 2 28.644907 pwa_32_1
3 Q0 id401948index3 3 28.599289 pwa_32_1
3 Q0 id68011index0 4 27.953518 pwa_32_1
3 Q0 id73587index3 5 26.128742 pwa_32_1
3 Q0 id200505index3 6 26.085722 pwa_32_1
3 Q0 id97454index3 7 26.055239 pwa_32_1
3 Q0 id52469index3 8 26.054243 pwa_32_1
3 Q0 id38301index3 9 26.053034 pwa_32_1
3 Q0 id86063index3 10 26.052464 pwa_32_1
4 Q0 id582830index0 1 27.13502 pwa_32_1
4 Q0 id48349index4 2 24.029865 pwa_32_1
4 Q0 id5163index4 3 22.937101 pwa_32_1
4 Q0 id87132index3 4 21.623114 pwa_32_1
4 Q0 id326998index4 5 21.078802 pwa_32_1
4 Q0 id279905index4 6 20.936829 pwa_32_1
4 Q0 id84310index5 7 18.085915 pwa_32_1
4 Q0 id839233index4 8 17.679092 pwa_32_1
4 Q0 id710index2 9 17.584776 pwa_32_1
4 Q0 id48185index1 10 17.14701 pwa_32_1
5 Q0 id15181index4 1 22.665785 pwa_32_1
5 Q0 id172868index3 2 20.912695 pwa_32_1
5 Q0 id22999index3 3 20.538399 pwa_32_1
5 Q0 id294489index3 4 19.904987 pwa_32_1
5 Q0 id181475index0 5 19.492464 pwa_32_1
5 Q0 id141483index3 6 19.424486 pwa_32_1
5 Q0 id427285index3 7 19.081553 pwa_32_1
5 Q0 id452369index4 8 19.048084 pwa_32_1
5 Q0 id10723index3 9 18.43097 pwa_32_1
5 Q0 id280244index0 10 18.126524 pwa_32_1
6 Q0 id2394127index3 1 29.907326 pwa_32_1
6 Q0 id4538611index3 2 27.605122 pwa_32_1
6 Q0 id43500index4 3 25.811312 pwa_32_1
6 Q0 id306591index0 4 23.953312 pwa_32_1
6 Q0 id882230index0 5 23.06809 pwa_32_1
6 Q0 id4538609index3 6 22.222801 pwa_32_1
6 Q0 id51740index3 7 21.950888 pwa_32_1
6 Q0 id464515index0 8 19.937643 pwa_32_1
6 Q0 id869007index0 9 19.64174 pwa_32_1
6 Q0 id295552index5 10 19.01604 pwa_32_1
7 Q0 id33131index3 1 29.938953 pwa_32_1
7 Q0 id278381index4 2 29.31985 pwa_32_1
7 Q0 id2504887index3 3 25.536798 pwa_32_1
7 Q0 id1485709index2 4 24.479792 pwa_32_1
7 Q0 id1354899index5 5 23.898281 pwa_32_1
7 Q0 id761892index2 6 23.840425 pwa_32_1
7 Q0 id1474967index2 7 23.833681 pwa_32_1
7 Q0 id16062047index0 8 23.571981 pwa_32_1
7 Q0 id48717index2 9 23.484442 pwa_32_1
7 Q0 id27588205index0 10 23.458403 pwa_32_1
8 Q0 id407111index0 1 30.127377 pwa_32_1
8 Q0 id65051index4 2 25.554974 pwa_32_1
8 Q0 id296848index4 3 23.597563 pwa_32_1
8 Q0 id1070627index3 4 18.43194 pwa_32_1
8 Q0 id776669index3 5 18.159311 pwa_32_1
8 Q0 id739098index3 6 18.134287 pwa_32_1
8 Q0 id171080index3 7 17.79977 pwa_32_1
8 Q0 id724152index3 8 17.74233 pwa_32_1
8 Q0 id545149index0 9 15.948246 pwa_32_1
8 Q0 id418420index4 10 14.746934 pwa_32_1
9 Q0 id230343index4 1 24.49296 pwa_32_1
9 Q0 id11272457index3 2 19.859274 pwa_32_1
9 Q0 id906088index4 3 17.381855 pwa_32_1
9 Q0 id708464index3 4 16.71974 pwa_32_1
9 Q0 id4308920index2 5 16.317478 pwa_32_1
9 Q0 id2795758index0 6 16.111013 pwa_32_1
9 Q0 id2925254index5 7 16.101942 pwa_32_1
9 Q0 id911571index5 8 15.978494 pwa_32_1
9 Q0 id1070608index0 9 15.458035 pwa_32_1
9 Q0 id3570370index3 10 14.200614 pwa_32_1
10 Q0 id195844index4 1 20.318789 pwa_32_1
10 Q0 id172849index3 2 18.360365 pwa_32_1
10 Q0 id92844index3 3 18.307697 pwa_32_1
10 Q0 id89937index3 4 18.275242 pwa_32_1
10 Q0 id106740index3 5 18.260258 pwa_32_1
10 Q0 id123016index3 6 17.238306 pwa_32_1
10 Q0 id41738index3 7 16.82399 pwa_32_1
10 Q0 id14340index3 8 16.098537 pwa_32_1
10 Q0 id17198index3 9 16.095339 pwa_32_1
10 Q0 id29970index3 10 16.084852 pwa_32_1
11 Q0 id3742124index0 1 25.183052 pwa_32_1
11 Q0 id5392098index0 2 24.112825 pwa_32_1
11 Q0 id19591915index0 3 24.014107 pwa_32_1
11 Q0 id9916248index0 4 22.981834 pwa_32_1
11 Q0 id1484538index0 5 17.89354 pwa_32_1
11 Q0 id38634558index0 6 17.724588 pwa_32_1
11 Q0 id82293695index0 7 17.558636 pwa_32_1
11 Q0 id35143740index4 8 16.188112 pwa_32_1
11 Q0 id20808716index0 9 16.01037 pwa_32_1
11 Q0 id46431255index4 10 15.523555 pwa_32_1
12 Q0 id6436index3 1 29.786829 pwa_32_1
12 Q0 id407492index0 2 29.631027 pwa_32_1
12 Q0 id79760index4 3 28.637861 pwa_32_1
12 Q0 id578527index3 4 28.206163 pwa_32_1
12 Q0 id508262index3 5 28.192532 pwa_32_1
12 Q0 id1814index4 6 28.03424 pwa_32_1
12 Q0 id97702index4 7 27.58781 pwa_32_1
12 Q0 id179index4 8 27.48999 pwa_32_1
12 Q0 id506136index3 9 27.188387 pwa_32_1
12 Q0 id67100index3 10 26.925238 pwa_32_1
13 Q0 id145619index3 1 36.215355 pwa_32_1
13 Q0 id1274591index3 2 32.915924 pwa_32_1
13 Q0 id1889237index3 3 31.155918 pwa_32_1
13 Q0 id13849022index3 4 31.012327 pwa_32_1
13 Q0 id28132496index3 5 30.884748 pwa_32_1
13 Q0 id15277782index3 6 30.881126 pwa_32_1
13 Q0 id6710207index3 7 30.842703 pwa_32_1
13 Q0 id20991710index3 8 30.7795 pwa_32_1
13 Q0 id9565963index3 9 30.773449 pwa_32_1
13 Q0 id13849023index3 10 30.739508 pwa_32_1
14 Q0 id6096257index0 1 18.536139 pwa_32_1
14 Q0 id2492195index0 2 17.31227 pwa_32_1
14 Q0 id6030785index0 3 15.779551 pwa_32_1
14 Q0 id6879486index0 4 15.6834135 pwa_32_1
14 Q0 id5154263index0 5 15.610046 pwa_32_1
14 Q0 id7126217index0 6 13.897322 pwa_32_1
14 Q0 id1147579index0 7 13.844997 pwa_32_1
14 Q0 id2798334index0 8 13.776212 pwa_32_1
14 Q0 id1153422index5 9 13.6205435 pwa_32_1
14 Q0 id505732index2 10 13.555245 pwa_32_1
15 Q0 id264877index4 1 31.611881 pwa_32_1
15 Q0 id59781index4 2 25.885061 pwa_32_1
15 Q0 id381321index0 3 25.605972 pwa_32_1
15 Q0 id48570index5 4 23.498238 pwa_32_1
15 Q0 id781071index0 5 23.176855 pwa_32_1
15 Q0 id22426index5 6 22.702087 pwa_32_1
15 Q0 id127841index3 7 22.56614 pwa_32_1
15 Q0 id149926index3 8 22.56614 pwa_32_1
15 Q0 id287586index0 9 22.367487 pwa_32_1
15 Q0 id236505index4 10 22.289762 pwa_32_1
16 Q0 id20902index5 1 29.813854 pwa_32_1
16 Q0 id40209index4 2 24.645569 pwa_32_1
16 Q0 id329551index3 3 24.611769 pwa_32_1
16 Q0 id10166index0 4 23.939228 pwa_32_1
16 Q0 id42121index3 5 22.98398 pwa_32_1
16 Q0 id1684index3 6 22.730728 pwa_32_1
16 Q0 id102572index3 7 22.698198 pwa_32_1
16 Q0 id90903index3 8 22.365808 pwa_32_1
16 Q0 id5239index3 9 22.310629 pwa_32_1
16 Q0 id129520index3 10 22.133305 pwa_32_1
17 Q0 id8682863index0 1 21.755667 pwa_32_1
17 Q0 id10413374index0 2 14.154959 pwa_32_1
17 Q0 id12833096index0 3 14.07199 pwa_32_1
17 Q0 id12734739index0 4 12.6862755 pwa_32_1
17 Q0 id4539756index0 5 11.60354 pwa_32_1
17 Q0 id1708040index0 6 11.596751 pwa_32_1
17 Q0 id359470index0 7 10.361142 pwa_32_1
17 Q0 id2569551index0 8 10.286971 pwa_32_1
17 Q0 id5859797index0 9 10.225614 pwa_32_1
17 Q0 id9539683index0 10 10.190269 pwa_32_1
18 Q0 id312index4 1 28.175001 pwa_32_1
18 Q0 id306index3 2 26.760801 pwa_32_1
18 Q0 id29890index3 3 24.600468 pwa_32_1
18 Q0 id675index4 4 24.456615 pwa_32_1
18 Q0 id277157index0 5 23.897873 pwa_32_1
18 Q0 id264531index0 6 23.891983 pwa_32_1
18 Q0 id212379index3 7 23.845898 pwa_32_1
18 Q0 id233205index0 8 23.4769 pwa_32_1
18 Q0 id457362index3 9 23.436552 pwa_32_1
18 Q0 id621954index3 10 23.291346 pwa_32_1
19 Q0 id54675index4 1 25.767916 pwa_32_1
19 Q0 id675index4 2 24.886932 pwa_32_1
19 Q0 id56291index4 3 24.70307 pwa_32_1
19 Q0 id475index3 4 24.37277 pwa_32_1
19 Q0 id1433index4 5 23.899115 pwa_32_1
19 Q0 id81553index4 6 23.855114 pwa_32_1
19 Q0 id190213index3 7 23.758547 pwa_32_1
19 Q0 id147index3 8 23.284708 pwa_32_1
19 Q0 id36318index4 9 22.970484 pwa_32_1
19 Q0 id30564index4 10 22.002752 pwa_32_1
20 Q0 id399097index3 1 26.93798 pwa_32_1
20 Q0 id249767index3 2 26.382463 pwa_32_1
20 Q0 id1899729index3 3 21.697515 pwa_32_1
20 Q0 id136905index4 4 21.61028 pwa_32_1
20 Q0 id5609647index3 5 20.467365 pwa_32_1
20 Q0 id537873index0 6 19.798086 pwa_32_1
20 Q0 id2874832index4 7 19.595018 pwa_32_1
20 Q0 id2874831index4 8 19.578121 pwa_32_1
20 Q0 id2874830index4 9 19.554575 pwa_32_1
20 Q0 id2874906index4 10 19.544477 pwa_32_1
21 Q0 id184787index4 1 17.259836 pwa_32_1
21 Q0 id2795441index4 2 17.250826 pwa_32_1
21 Q0 id1473691index4 3 17.237034 pwa_32_1
21 Q0 id7053201index0 4 15.404527 pwa_32_1
21 Q0 id16702680index3 5 15.23792 pwa_32_1
21 Q0 id32412815index3 6 15.160301 pwa_32_1
21 Q0 id23844675index3 7 15.083573 pwa_32_1
21 Q0 id10989603index3 8 14.966465 pwa_32_1
21 Q0 id26555244index0 9 13.358892 pwa_32_1
21 Q0 id24689790index0 10 11.773025 pwa_32_1
22 Q0 id27051index0 1 27.552717 pwa_32_1
22 Q0 id805614index0 2 19.307343 pwa_32_1
22 Q0 id163045index0 3 18.291977 pwa_32_1
22 Q0 id2711706index0 4 18.029943 pwa_32_1
22 Q0 id168372index0 5 17.361767 pwa_32_1
22 Q0 id977861index0 6 17.307198 pwa_32_1
22 Q0 id2836512index0 7 16.88829 pwa_32_1
22 Q0 id1233084index0 8 16.165407 pwa_32_1
22 Q0 id2978279index0 9 15.51348 pwa_32_1
22 Q0 id220065index0 10 14.647968 pwa_32_1
23 Q0 id441575index0 1 36.92925 pwa_32_1
23 Q0 id73240342index0 2 28.803713 pwa_32_1
23 Q0 id31498985index0 3 28.542107 pwa_32_1
23 Q0 id45410860index0 4 28.542107 pwa_32_1
23 Q0 id2086623index0 5 28.439575 pwa_32_1
23 Q0 id2227528index0 6 28.435553 pwa_32_1
23 Q0 id60864781index0 7 21.281055 pwa_32_1
23 Q0 id28031436index0 8 12.741419 pwa_32_1
23 Q0 id110513874index0 9 11.125539 pwa_32_1
23 Q0 id94309571index0 10 11.1242485 pwa_32_1
24 Q0 id6214341index3 1 19.746464 pwa_32_1
24 Q0 id92371index0 2 16.750246 pwa_32_1
24 Q0 id85858index4 3 16.516422 pwa_32_1
24 Q0 id232872index0 4 15.43762 pwa_32_1
24 Q0 id111021index3 5 12.998017 pwa_32_1
24 Q0 id2212540index4 6 12.714601 pwa_32_1
24 Q0 id7642541index3 7 12.620503 pwa_32_1
24 Q0 id533880index2 8 11.611042 pwa_32_1
24 Q0 id298305index5 9 11.469396 pwa_32_1
24 Q0 id990842index5 10 11.281835 pwa_32_1
25 Q0 id63275index3 1 23.399012 pwa_32_1
25 Q0 id102767552index0 2 21.13336 pwa_32_1
25 Q0 id3298436index0 3 21.117529 pwa_32_1
25 Q0 id290211index5 4 20.069948 pwa_32_1
25 Q0 id70564174index4 5 19.884706 pwa_32_1
25 Q0 id22120257index3 6 19.860353 pwa_32_1
25 Q0 id29259492index3 7 19.842657 pwa_32_1
25 Q0 id6409042index3 8 19.652945 pwa_32_1
25 Q0 id34969923index3 9 19.532412 pwa_32_1
25 Q0 id27831888index3 10 19.48624 pwa_32_1
26 Q0 id12492index5 1 17.840748 pwa_32_1
26 Q0 id386225index5 2 17.394794 pwa_32_1
26 Q0 id1307649index5 3 15.788974 pwa_32_1
26 Q0 id735093index5 4 11.454076 pwa_32_1
26 Q0 id323243index5 5 10.6376 pwa_32_1
26 Q0 id188415index5 6 8.536221 pwa_32_1
26 Q0 id207939index5 7 8.536221 pwa_32_1
26 Q0 id1422619index5 8 8.536221 pwa_32_1
26 Q0 id720695index5 9 8.254831 pwa_32_1
26 Q0 id1354383index5 10 8.227336 pwa_32_1
27 Q0 id869782index0 1 20.95936 pwa_32_1
27 Q0 id459290index0 2 19.81967 pwa_32_1
27 Q0 id3506339index0 3 16.975893 pwa_32_1
27 Q0 id479505index0 4 14.760607 pwa_32_1
27 Q0 id821621index0 5 13.259731 pwa_32_1
27 Q0 id2469907index0 6 12.495455 pwa_32_1
27 Q0 id1641667index0 7 12.187377 pwa_32_1
27 Q0 id3117264index0 8 11.066307 pwa_32_1
27 Q0 id1896222index0 9 11.02061 pwa_32_1
27 Q0 id724958index0 10 11.009461 pwa_32_1
28 Q0 id12055index4 1 30.824766 pwa_32_1
28 Q0 id678384index0 2 20.345095 pwa_32_1
28 Q0 id951484index0 3 19.133371 pwa_32_1
28 Q0 id22978index4 4 19.061739 pwa_32_1
28 Q0 id744669index0 5 18.732061 pwa_32_1
28 Q0 id270249index4 6 17.973139 pwa_32_1
28 Q0 id34130index0 7 16.221968 pwa_32_1
28 Q0 id190353index3 8 15.970104 pwa_32_1
28 Q0 id57983index4 9 15.317903 pwa_32_1
28 Q0 id15412index4 10 14.275381 pwa_32_1
29 Q0 id687700index0 1 21.714838 pwa_32_1
29 Q0 id298721index5 2 19.38926 pwa_32_1
29 Q0 id5414125index0 3 18.844065 pwa_32_1
29 Q0 id5414126index0 4 18.844065 pwa_32_1
29 Q0 id5417180index0 5 18.844065 pwa_32_1
29 Q0 id5421850index0 6 18.844065 pwa_32_1
29 Q0 id37825946index0 7 18.844065 pwa_32_1
29 Q0 id37860027index0 8 18.844065 pwa_32_1
29 Q0 id37860029index0 9 18.844065 pwa_32_1
29 Q0 id54042205index0 10 18.844065 pwa_32_1
30 Q0 id23630index4 1 29.217293 pwa_32_1
30 Q0 id39074index4 2 27.66085 pwa_32_1
30 Q0 id19181index5 3 27.071815 pwa_32_1
30 Q0 id4122031index4 4 26.023813 pwa_32_1
30 Q0 id5381781index3 5 25.084753 pwa_32_1
30 Q0 id42691index5 6 25.06485 pwa_32_1
30 Q0 id93381index2 7 24.120998 pwa_32_1
30 Q0 id93508index2 8 24.120998 pwa_32_1
30 Q0 id4122032index4 9 24.050877 pwa_32_1
30 Q0 id1370128index4 10 24.008251 pwa_32_1
31 Q0 id328466index3 1 28.719433 pwa_32_1
31 Q0 id424637index0 2 25.359905 pwa_32_1
31 Q0 id13814index3 3 25.313597 pwa_32_1
31 Q0 id175031index3 4 24.789791 pwa_32_1
31 Q0 id335416index3 5 23.138346 pwa_32_1
31 Q0 id93532index0 6 22.497976 pwa_32_1
31 Q0 id2405290index3 7 22.407799 pwa_32_1
31 Q0 id570284index3 8 22.386297 pwa_32_1
31 Q0 id112284index3 9 22.137539 pwa_32_1
31 Q0 id1470338index3 10 21.809265 pwa_32_1
32 Q0 id309697index3 1 29.477722 pwa_32_1
32 Q0 id248146index3 2 24.765406 pwa_32_1
32 Q0 id42859index3 3 24.523195 pwa_32_1
32 Q0 id14497index4 4 21.884672 pwa_32_1
32 Q0 id908752index3 5 21.737211 pwa_32_1
32 Q0 id57275index4 6 21.643568 pwa_32_1
32 Q0 id126240index3 7 20.881924 pwa_32_1
32 Q0 id465147index2 8 20.532648 pwa_32_1
32 Q0 id9421index0 9 20.504448 pwa_32_1
32 Q0 id58002index4 10 20.343184 pwa_32_1
33 Q0 id597036index3 1 37.865284 pwa_32_1
33 Q0 id327542index3 2 37.783688 pwa_32_1
33 Q0 id83351index3 3 34.846664 pwa_32_1
33 Q0 id349985index3 4 33.011543 pwa_32_1
33 Q0 id381892index3 5 32.377224 pwa_32_1
33 Q0 id336459index3 6 32.335773 pwa_32_1
33 Q0 id302843index3 7 32.02459 pwa_32_1
33 Q0 id552313index3 8 31.862993 pwa_32_1
33 Q0 id601885index3 9 31.856333 pwa_32_1
33 Q0 id327915index3 10 31.775959 pwa_32_1
34 Q0 id144307index3 1 34.617237 pwa_32_1
34 Q0 id77372index3 2 34.453766 pwa_32_1
34 Q0 id9389159index3 3 34.182182 pwa_32_1
34 Q0 id211045index3 4 33.603413 pwa_32_1
34 Q0 id13672315index3 5 30.72375 pwa_32_1
34 Q0 id33666931index3 6 30.626638 pwa_32_1
34 Q0 id26528091index3 7 30.585592 pwa_32_1
34 Q0 id32239306index3 8 30.567352 pwa_32_1
34 Q0 id10816038index3 9 30.56075 pwa_32_1
34 Q0 id275947index3 10 30.543486 pwa_32_1
35 Q0 id79269955index0 1 28.13309 pwa_32_1
35 Q0 id111690218index0 2 25.937654 pwa_32_1
35 Q0 id45943702index0 3 25.495382 pwa_32_1
35 Q0 id3050983index3 4 24.518988 pwa_32_1
35 Q0 id14474034index3 5 24.518988 pwa_32_1
35 Q0 id27327897index3 6 24.518988 pwa_32_1
35 Q0 id30182976index3 7 24.518988 pwa_32_1
35 Q0 id34467646index3 8 24.518988 pwa_32_1
35 Q0 id13043935index3 9 23.536312 pwa_32_1
35 Q0 id44114662index0 10 23.44962 pwa_32_1
36 Q0 id9925index3 1 16.88395 pwa_32_1
36 Q0 id1259505index4 2 16.571548 pwa_32_1
36 Q0 id5736713index3 3 14.992623 pwa_32_1
36 Q0 id578301index4 4 14.714032 pwa_32_1
36 Q0 id1738403index4 5 14.700711 pwa_32_1
36 Q0 id37361index4 6 14.675016 pwa_32_1
36 Q0 id1604590index4 7 14.672251 pwa_32_1
36 Q0 id1339062index4 8 14.644381 pwa_32_1
36 Q0 id939684index4 9 14.453804 pwa_32_1
36 Q0 id10713878index3 10 13.593981 pwa_32_1
37 Q0 id707797index0 1 34.4589 pwa_32_1
37 Q0 id2516706index3 2 25.842728 pwa_32_1
37 Q0 id692541index0 3 25.807302 pwa_32_1
37 Q0 id317index3 4 25.324087 pwa_32_1
37 Q0 id958602index3 5 24.023975 pwa_32_1
37 Q0 id2083638index0 6 23.06666 pwa_32_1
37 Q0 id2264600index0 7 23.06666 pwa_32_1
37 Q0 id5838968index0 8 23.06666 pwa_32_1
37 Q0 id5839444index0 9 23.06666 pwa_32_1
37 Q0 id5955470index0 10 23.06666 pwa_32_1
38 Q0 id179637index4 1 25.527773 pwa_32_1
38 Q0 id208308index0 2 21.412785 pwa_32_1
38 Q0 id228734index0 3 21.138798 pwa_32_1
38 Q0 id15661758index4 4 20.202427 pwa_32_1
38 Q0 id1305802index4 5 16.495213 pwa_32_1
38 Q0 id1305803index4 6 15.97142 pwa_32_1
38 Q0 id1705034index4 7 15.97142 pwa_32_1
38 Q0 id7568456index4 8 15.97142 pwa_32_1
38 Q0 id14021510index4 9 15.494554 pwa_32_1
38 Q0 id17570index0 10 14.434184 pwa_32_1
39 Q0 id1194954index0 1 25.714504 pwa_32_1
39 Q0 id654054index0 2 21.51138 pwa_32_1
39 Q0 id217606index3 3 21.364038 pwa_32_1
39 Q0 id466781index0 4 21.091696 pwa_32_1
39 Q0 id150067index3 5 20.161264 pwa_32_1
39 Q0 id12019904index3 6 19.697824 pwa_32_1
39 Q0 id7737010index3 7 19.682594 pwa_32_1
39 Q0 id1857346index0 8 19.51899 pwa_32_1
39 Q0 id629315index0 9 19.473476 pwa_32_1
39 Q0 id338683index4 10 19.039148 pwa_32_1
40 Q0 id70704412index0 1 20.06064 pwa_32_1
40 Q0 id1685603index0 2 19.087236 pwa_32_1
40 Q0 id5847802index0 3 18.65496 pwa_32_1
40 Q0 id70692502index0 4 18.653316 pwa_32_1
40 Q0 id22053600index0 5 18.631453 pwa_32_1
40 Q0 id54465156index0 6 18.62165 pwa_32_1
40 Q0 id22045218index0 7 18.038042 pwa_32_1
40 Q0 id70704413index0 8 18.003736 pwa_32_1
40 Q0 id38295451index0 9 17.977726 pwa_32_1
40 Q0 id38275679index0 10 17.00891 pwa_32_1
41 Q0 id13656index0 1 24.965174 pwa_32_1
41 Q0 id1200200index0 2 23.909657 pwa_32_1
41 Q0 id37407index5 3 21.768908 pwa_32_1
41 Q0 id17792index3 4 19.089735 pwa_32_1
41 Q0 id12663207index3 5 18.234108 pwa_32_1
41 Q0 id24091512index3 6 18.11512 pwa_32_1
41 Q0 id690180index0 7 18.114437 pwa_32_1
41 Q0 id16948621index3 8 17.86347 pwa_32_1
41 Q0 id11236306index3 9 17.832125 pwa_32_1
41 Q0 id24091501index3 10 17.813084 pwa_32_1
42 Q0 id764156index0 1 22.895641 pwa_32_1
42 Q0 id42635780index0 2 20.826164 pwa_32_1
42 Q0 id62680667index0 3 20.368214 pwa_32_1
42 Q0 id93354504index0 4 20.297216 pwa_32_1
42 Q0 id39001846index0 5 19.991453 pwa_32_1
42 Q0 id57660598index0 6 19.989838 pwa_32_1
42 Q0 id38323590index0 7 19.620863 pwa_32_1
42 Q0 id1540731index0 8 18.349192 pwa_32_1
42 Q0 id69323424index0 9 17.636322 pwa_32_1
42 Q0 id95089509index0 10 17.615952 pwa_32_1
43 Q0 id251342index0 1 26.293585 pwa_32_1
43 Q0 id233818index0 2 23.766275 pwa_32_1
43 Q0 id1233index0 3 23.619871 pwa_32_1
43 Q0 id99index5 4 23.453974 pwa_32_1
43 Q0 id654770index0 5 22.535706 pwa_32_1
43 Q0 id123473index3 6 21.164078 pwa_32_1
43 Q0 id8749746index4 7 20.20039 pwa_32_1
43 Q0 id8749745index4 8 20.157143 pwa_32_1
43 Q0 id247038index0 9 19.560833 pwa_32_1
43 Q0 id247039index0 10 19.560833 pwa_32_1
44 Q0 id100160index0 1 23.719584 pwa_32_1
44 Q0 id101922260index0 2 21.949467 pwa_32_1
44 Q0 id2667582index0 3 21.834406 pwa_32_1
44 Q0 id2256078index0 4 21.791582 pwa_32_1
44 Q0 id101895639index0 5 21.785872 pwa_32_1
44 Q0 id85621925index0 6 21.772003 pwa_32_1
44 Q0 id53799244index0 7 21.744473 pwa_32_1
44 Q0 id53204870index0 8 20.782558 pwa_32_1
44 Q0 id37146908index0 9 20.739628 pwa_32_1
44 Q0 id69556268index0 10 20.739073 pwa_32_1
45 Q0 id48109index3 1 26.162868 pwa_32_1
45 Q0 id5677016index4 2 20.554268 pwa_32_1
45 Q0 id4812288index3 3 18.975437 pwa_32_1
45 Q0 id1561666index3 4 17.567331 pwa_32_1
45 Q0 id52379529index0 5 17.50963 pwa_32_1
45 Q0 id17624725index0 6 16.858698 pwa_32_1
45 Q0 id10869245index0 7 15.749554 pwa_32_1
45 Q0 id46841540index0 8 15.665287 pwa_32_1
45 Q0 id51248625index0 9 15.590416 pwa_32_1
45 Q0 id7668668index3 10 15.522168 pwa_32_1
46 Q0 id3645index4 1 19.140146 pwa_32_1
46 Q0 id29558138index3 2 17.327303 pwa_32_1
46 Q0 id23444074index3 3 16.47814 pwa_32_1
46 Q0 id30583457index3 4 16.47814 pwa_32_1
46 Q0 id30583459index3 5 16.47814 pwa_32_1
46 Q0 id5864997index0 6 16.128616 pwa_32_1
46 Q0 id39270386index0 7 16.112602 pwa_32_1
46 Q0 id14874168index3 8 15.271816 pwa_32_1
46 Q0 id28443699index4 9 13.641327 pwa_32_1
46 Q0 id9266729index4 10 13.636286 pwa_32_1
47 Q0 id503636index0 1 14.683783 pwa_32_1
47 Q0 id74343844index0 2 14.683783 pwa_32_1
47 Q0 id194466index0 3 1.1941226 pwa_32_1
47 Q0 id57605042index0 4 1.1381502 pwa_32_1
47 Q0 id4097323index0 5 0.8745532 pwa_32_1
47 Q0 id56555147index0 6 0.8216002 pwa_32_1
47 Q0 id73474888index0 7 0.8047938 pwa_32_1
47 Q0 id8591173index0 8 0.8026768 pwa_32_1
47 Q0 id8591174index0 9 0.8026768 pwa_32_1
47 Q0 id8610158index0 10 0.8026768 pwa_32_1
48 Q0 id17637637index0 1 14.485257 pwa_32_1
48 Q0 id67671537index0 2 11.189631 pwa_32_1
48 Q0 id44171485index4 3 9.715068 pwa_32_1
48 Q0 id12211407index4 4 6.505038 pwa_32_1
48 Q0 id267487index5 5 0.53162825 pwa_32_1
48 Q0 id3381991index5 6 0.53162825 pwa_32_1
48 Q0 id6033229index0 7 0.51086867 pwa_32_1
48 Q0 id1180418index5 8 0.4102713 pwa_32_1
48 Q0 id13626596index4 9 0.39838803 pwa_32_1
48 Q0 id15157332index3 10 0.39453316 pwa_32_1
49 Q0 id3399097index5 1 7.608385 pwa_32_1
49 Q0 id3422063index5 2 1.4971652 pwa_32_1
49 Q0 id3399098index5 3 0.80105907 pwa_32_1
49 Q0 id1790169index5 4 0.74630046 pwa_32_1
49 Q0 id2853944index5 5 0.6074446 pwa_32_1
49 Q0 id737399index5 6 0.47053376 pwa_32_1
49 Q0 id765131index5 7 0.37460902 pwa_32_1
49 Q0 id193378index5 8 0.34872612 pwa_32_1
49 Q0 id227403index5 9 0.30267745 pwa_32_1
49 Q0 id234562index5 10 0.27065548 pwa_32_1
50 Q0 id1468070index0 1 27.057133 pwa_32_1
50 Q0 id248411index3 2 21.150309 pwa_32_1
50 Q0 id530997index3 3 19.353977 pwa_32_1
50 Q0 id2759155index3 4 19.034523 pwa_32_1
50 Q0 id1484022index3 5 18.674963 pwa_32_1
50 Q0 id763942index3 6 18.577623 pwa_32_1
50 Q0 id2759153index3 7 18.484 pwa_32_1
50 Q0 id2419121index3 8 18.419401 pwa_32_1
50 Q0 id843189index3 9 18.348366 pwa_32_1
50 Q0 id4184949index3 10 18.126348 pwa_32_1
