1 Q0 id982index5 1 0.5532141 pwa_35+64_0.9+0.1
1 Q0 id3613index5 2 0.44519347 pwa_35+64_0.9+0.1
1 Q0 id15714index5 3 0.44475642 pwa_35+64_0.9+0.1
1 Q0 id190992index0 4 0.44438273 pwa_35+64_0.9+0.1
1 Q0 id6453index5 5 0.43992788 pwa_35+64_0.9+0.1
1 Q0 id1574index5 6 0.43369642 pwa_35+64_0.9+0.1
1 Q0 id906530index0 7 0.42290875 pwa_35+64_0.9+0.1
1 Q0 id17793index5 8 0.41798735 pwa_35+64_0.9+0.1
1 Q0 id6902index5 9 0.41786525 pwa_35+64_0.9+0.1
1 Q0 id1076064index0 10 0.41656962 pwa_35+64_0.9+0.1
2 Q0 id983index5 1 0.5728768 pwa_35+64_0.9+0.1
2 Q0 id5050index5 2 0.47362807 pwa_35+64_0.9+0.1
2 Q0 id11354index5 3 0.4662644 pwa_35+64_0.9+0.1
2 Q0 id23286index2 4 0.42521 pwa_35+64_0.9+0.1
2 Q0 id42642index5 5 0.4178703 pwa_35+64_0.9+0.1
2 Q0 id4962index5 6 0.41593426 pwa_35+64_0.9+0.1
2 Q0 id22988index5 7 0.4127605 pwa_35+64_0.9+0.1
2 Q0 id1548index5 8 0.40862677 pwa_35+64_0.9+0.1
2 Q0 id5380index5 9 0.40720442 pwa_35+64_0.9+0.1
2 Q0 id1883510index5 10 0.4038322 pwa_35+64_0.9+0.1
3 Q0 id922index3 1 0.54928935 pwa_35+64_0.9+0.1
3 Q0 id12774index3 2 0.54468006 pwa_35+64_0.9+0.1
3 Q0 id19873index3 3 0.5220263 pwa_35+64_0.9+0.1
3 Q0 id26183index3 4 0.4922256 pwa_35+64_0.9+0.1
3 Q0 id28565index3 5 0.49088505 pwa_35+64_0.9+0.1
3 Q0 id25246index3 6 0.48979974 pwa_35+64_0.9+0.1
3 Q0 id38301index3 7 0.48834607 pwa_35+64_0.9+0.1
3 Q0 id34550index3 8 0.4788782 pwa_35+64_0.9+0.1
3 Q0 id47806index3 9 0.47657245 pwa_35+64_0.9+0.1
3 Q0 id32838index3 10 0.4738836 pwa_35+64_0.9+0.1
4 Q0 id2654index3 1 0.5279242 pwa_35+64_0.9+0.1
4 Q0 id23532index4 2 0.5101749 pwa_35+64_0.9+0.1
4 Q0 id44028index4 3 0.4400791 pwa_35+64_0.9+0.1
4 Q0 id5668index3 4 0.43643236 pwa_35+64_0.9+0.1
4 Q0 id87132index3 5 0.43397152 pwa_35+64_0.9+0.1
4 Q0 id582830index0 6 0.42614818 pwa_35+64_0.9+0.1
4 Q0 id596925index0 7 0.42089036 pwa_35+64_0.9+0.1
4 Q0 id227437index0 8 0.42053944 pwa_35+64_0.9+0.1
4 Q0 id4750index2 9 0.41908517 pwa_35+64_0.9+0.1
4 Q0 id966117index0 10 0.41906154 pwa_35+64_0.9+0.1
5 Q0 id3579index3 1 0.79651225 pwa_35+64_0.9+0.1
5 Q0 id3322index3 2 0.79212624 pwa_35+64_0.9+0.1
5 Q0 id4375index3 3 0.7342421 pwa_35+64_0.9+0.1
5 Q0 id1255index3 4 0.6727205 pwa_35+64_0.9+0.1
5 Q0 id2642index4 5 0.5699397 pwa_35+64_0.9+0.1
5 Q0 id5003index0 6 0.56696886 pwa_35+64_0.9+0.1
5 Q0 id1919index4 7 0.56648475 pwa_35+64_0.9+0.1
5 Q0 id1694index3 8 0.5432034 pwa_35+64_0.9+0.1
5 Q0 id9056index3 9 0.54105115 pwa_35+64_0.9+0.1
5 Q0 id14948index3 10 0.52184826 pwa_35+64_0.9+0.1
6 Q0 id50844index4 1 0.5250049 pwa_35+64_0.9+0.1
6 Q0 id687684index0 2 0.46525487 pwa_35+64_0.9+0.1
6 Q0 id230693index4 3 0.4629356 pwa_35+64_0.9+0.1
6 Q0 id51740index3 4 0.45660597 pwa_35+64_0.9+0.1
6 Q0 id317index4 5 0.45657033 pwa_35+64_0.9+0.1
6 Q0 id464515index0 6 0.44427896 pwa_35+64_0.9+0.1
6 Q0 id327index4 7 0.44251326 pwa_35+64_0.9+0.1
6 Q0 id317280index0 8 0.44011387 pwa_35+64_0.9+0.1
6 Q0 id92070index4 9 0.4389625 pwa_35+64_0.9+0.1
6 Q0 id804369index0 10 0.43824092 pwa_35+64_0.9+0.1
7 Q0 id33131index3 1 0.5581293 pwa_35+64_0.9+0.1
7 Q0 id278381index4 2 0.4626413 pwa_35+64_0.9+0.1
7 Q0 id2504887index3 3 0.431366 pwa_35+64_0.9+0.1
7 Q0 id620943index5 4 0.42759606 pwa_35+64_0.9+0.1
7 Q0 id48737index2 5 0.41721418 pwa_35+64_0.9+0.1
7 Q0 id5751706index2 6 0.41710138 pwa_35+64_0.9+0.1
7 Q0 id2050249index2 7 0.41643676 pwa_35+64_0.9+0.1
7 Q0 id1485709index2 8 0.4157799 pwa_35+64_0.9+0.1
7 Q0 id2899430index2 9 0.41564694 pwa_35+64_0.9+0.1
7 Q0 id625049index2 10 0.4153717 pwa_35+64_0.9+0.1
8 Q0 id63605index3 1 0.50475156 pwa_35+64_0.9+0.1
8 Q0 id5946index0 2 0.4920452 pwa_35+64_0.9+0.1
8 Q0 id68754index3 3 0.4840483 pwa_35+64_0.9+0.1
8 Q0 id30499index4 4 0.4575752 pwa_35+64_0.9+0.1
8 Q0 id171080index3 5 0.44469613 pwa_35+64_0.9+0.1
8 Q0 id49299index4 6 0.4377021 pwa_35+64_0.9+0.1
8 Q0 id154457index3 7 0.43040538 pwa_35+64_0.9+0.1
8 Q0 id150986index3 8 0.4273956 pwa_35+64_0.9+0.1
8 Q0 id296848index4 9 0.42677572 pwa_35+64_0.9+0.1
8 Q0 id25470index0 10 0.42033502 pwa_35+64_0.9+0.1
9 Q0 id15521index4 1 0.43602324 pwa_35+64_0.9+0.1
9 Q0 id1070608index0 2 0.43197703 pwa_35+64_0.9+0.1
9 Q0 id867998index0 3 0.42947137 pwa_35+64_0.9+0.1
9 Q0 id530645index0 4 0.42029697 pwa_35+64_0.9+0.1
9 Q0 id509386index0 5 0.41988263 pwa_35+64_0.9+0.1
9 Q0 id2965index5 6 0.41850966 pwa_35+64_0.9+0.1
9 Q0 id2590448index0 7 0.41847077 pwa_35+64_0.9+0.1
9 Q0 id17730index0 8 0.41837868 pwa_35+64_0.9+0.1
9 Q0 id486414index0 9 0.41837764 pwa_35+64_0.9+0.1
9 Q0 id899803index0 10 0.4183091 pwa_35+64_0.9+0.1
10 Q0 id4997index3 1 0.8851485 pwa_35+64_0.9+0.1
10 Q0 id10137index3 2 0.67167634 pwa_35+64_0.9+0.1
10 Q0 id2949index4 3 0.64216197 pwa_35+64_0.9+0.1
10 Q0 id14340index3 4 0.62185395 pwa_35+64_0.9+0.1
10 Q0 id18268index3 5 0.5925019 pwa_35+64_0.9+0.1
10 Q0 id17198index3 6 0.5881854 pwa_35+64_0.9+0.1
10 Q0 id18006index3 7 0.5842683 pwa_35+64_0.9+0.1
10 Q0 id18804index3 8 0.5741927 pwa_35+64_0.9+0.1
10 Q0 id22359index3 9 0.55126923 pwa_35+64_0.9+0.1
10 Q0 id26041index3 10 0.5469273 pwa_35+64_0.9+0.1
11 Q0 id6369index4 1 0.45558676 pwa_35+64_0.9+0.1
11 Q0 id1105029index0 2 0.43999207 pwa_35+64_0.9+0.1
11 Q0 id19591915index0 3 0.43844637 pwa_35+64_0.9+0.1
11 Q0 id4329556index0 4 0.4166132 pwa_35+64_0.9+0.1
11 Q0 id46423123index0 5 0.41214937 pwa_35+64_0.9+0.1
11 Q0 id111496633index0 6 0.40403384 pwa_35+64_0.9+0.1
11 Q0 id2335999index0 7 0.4014457 pwa_35+64_0.9+0.1
11 Q0 id82293695index0 8 0.39801246 pwa_35+64_0.9+0.1
11 Q0 id46736549index0 9 0.39499703 pwa_35+64_0.9+0.1
11 Q0 id16492502index0 10 0.38926002 pwa_35+64_0.9+0.1
12 Q0 id6436index3 1 0.6220854 pwa_35+64_0.9+0.1
12 Q0 id28529index4 2 0.5305342 pwa_35+64_0.9+0.1
12 Q0 id16309index3 3 0.52680504 pwa_35+64_0.9+0.1
12 Q0 id16247index3 4 0.5250191 pwa_35+64_0.9+0.1
12 Q0 id16549index3 5 0.5192609 pwa_35+64_0.9+0.1
12 Q0 id15696index3 6 0.5150409 pwa_35+64_0.9+0.1
12 Q0 id20411index3 7 0.510037 pwa_35+64_0.9+0.1
12 Q0 id1814index4 8 0.48889947 pwa_35+64_0.9+0.1
12 Q0 id179index4 9 0.47210306 pwa_35+64_0.9+0.1
12 Q0 id97702index4 10 0.45022577 pwa_35+64_0.9+0.1
13 Q0 id152498index4 1 0.51640207 pwa_35+64_0.9+0.1
13 Q0 id1184184index3 2 0.47479174 pwa_35+64_0.9+0.1
13 Q0 id3302index2 3 0.41840547 pwa_35+64_0.9+0.1
13 Q0 id5593956index2 4 0.41811424 pwa_35+64_0.9+0.1
13 Q0 id6354812index2 5 0.41684693 pwa_35+64_0.9+0.1
13 Q0 id1677201index5 6 0.41671947 pwa_35+64_0.9+0.1
13 Q0 id4971index2 7 0.4130894 pwa_35+64_0.9+0.1
13 Q0 id1889237index3 8 0.4120286 pwa_35+64_0.9+0.1
13 Q0 id13849022index3 9 0.41150537 pwa_35+64_0.9+0.1
13 Q0 id4880806index2 10 0.41136512 pwa_35+64_0.9+0.1
14 Q0 id613904index2 1 0.42018846 pwa_35+64_0.9+0.1
14 Q0 id1212768index2 2 0.41866106 pwa_35+64_0.9+0.1
14 Q0 id6370index2 3 0.4182822 pwa_35+64_0.9+0.1
14 Q0 id3939679index2 4 0.41799694 pwa_35+64_0.9+0.1
14 Q0 id10400index2 5 0.4179463 pwa_35+64_0.9+0.1
14 Q0 id5476009index2 6 0.41383433 pwa_35+64_0.9+0.1
14 Q0 id505732index2 7 0.4117509 pwa_35+64_0.9+0.1
14 Q0 id1700070index2 8 0.41131604 pwa_35+64_0.9+0.1
14 Q0 id1801436index2 9 0.41124782 pwa_35+64_0.9+0.1
14 Q0 id3584675index2 10 0.40753838 pwa_35+64_0.9+0.1
15 Q0 id11961index4 1 0.5734197 pwa_35+64_0.9+0.1
15 Q0 id4639index4 2 0.4946886 pwa_35+64_0.9+0.1
15 Q0 id21862index4 3 0.48826116 pwa_35+64_0.9+0.1
15 Q0 id49099index4 4 0.48626074 pwa_35+64_0.9+0.1
15 Q0 id11575index4 5 0.48464334 pwa_35+64_0.9+0.1
15 Q0 id66227index3 6 0.4745655 pwa_35+64_0.9+0.1
15 Q0 id287586index0 7 0.4717431 pwa_35+64_0.9+0.1
15 Q0 id13614index3 8 0.46878302 pwa_35+64_0.9+0.1
15 Q0 id381321index0 9 0.46181047 pwa_35+64_0.9+0.1
15 Q0 id29788index3 10 0.45952445 pwa_35+64_0.9+0.1
16 Q0 id445index3 1 0.62576425 pwa_35+64_0.9+0.1
16 Q0 id15544index4 2 0.57914424 pwa_35+64_0.9+0.1
16 Q0 id1139index4 3 0.5522191 pwa_35+64_0.9+0.1
16 Q0 id2982index4 4 0.5277049 pwa_35+64_0.9+0.1
16 Q0 id2016index4 5 0.50968236 pwa_35+64_0.9+0.1
16 Q0 id2424index4 6 0.5055392 pwa_35+64_0.9+0.1
16 Q0 id4075index4 7 0.4961863 pwa_35+64_0.9+0.1
16 Q0 id405index4 8 0.4948293 pwa_35+64_0.9+0.1
16 Q0 id4155index4 9 0.49100244 pwa_35+64_0.9+0.1
16 Q0 id11322index4 10 0.4890681 pwa_35+64_0.9+0.1
17 Q0 id4539index2 1 0.41426575 pwa_35+64_0.9+0.1
17 Q0 id229101index2 2 0.39201435 pwa_35+64_0.9+0.1
17 Q0 id2215658index5 3 0.39014655 pwa_35+64_0.9+0.1
17 Q0 id2307414index5 4 0.38812277 pwa_35+64_0.9+0.1
17 Q0 id5021394index2 5 0.38651812 pwa_35+64_0.9+0.1
17 Q0 id38199index5 6 0.38572255 pwa_35+64_0.9+0.1
17 Q0 id1765581index5 7 0.38565338 pwa_35+64_0.9+0.1
17 Q0 id1339043index5 8 0.38552716 pwa_35+64_0.9+0.1
17 Q0 id1155303index5 9 0.38540843 pwa_35+64_0.9+0.1
17 Q0 id2895645index5 10 0.38475442 pwa_35+64_0.9+0.1
18 Q0 id10979index3 1 0.63374823 pwa_35+64_0.9+0.1
18 Q0 id306index3 2 0.62429816 pwa_35+64_0.9+0.1
18 Q0 id9119index3 3 0.6086493 pwa_35+64_0.9+0.1
18 Q0 id13320index3 4 0.54886883 pwa_35+64_0.9+0.1
18 Q0 id15142index3 5 0.5434324 pwa_35+64_0.9+0.1
18 Q0 id29890index3 6 0.51466787 pwa_35+64_0.9+0.1
18 Q0 id6699index4 7 0.5094204 pwa_35+64_0.9+0.1
18 Q0 id4244index4 8 0.49717134 pwa_35+64_0.9+0.1
18 Q0 id312index4 9 0.4812675 pwa_35+64_0.9+0.1
18 Q0 id28991index3 10 0.4794205 pwa_35+64_0.9+0.1
19 Q0 id4706index3 1 0.75263613 pwa_35+64_0.9+0.1
19 Q0 id7199index3 2 0.70713955 pwa_35+64_0.9+0.1
19 Q0 id6938index3 3 0.67896616 pwa_35+64_0.9+0.1
19 Q0 id7376index3 4 0.6529995 pwa_35+64_0.9+0.1
19 Q0 id12574index3 5 0.62641364 pwa_35+64_0.9+0.1
19 Q0 id475index3 6 0.61679304 pwa_35+64_0.9+0.1
19 Q0 id147index3 7 0.60742927 pwa_35+64_0.9+0.1
19 Q0 id12552index3 8 0.60290843 pwa_35+64_0.9+0.1
19 Q0 id10780index3 9 0.57965183 pwa_35+64_0.9+0.1
19 Q0 id4126index4 10 0.5322343 pwa_35+64_0.9+0.1
20 Q0 id118281index4 1 0.4431284 pwa_35+64_0.9+0.1
20 Q0 id3645index4 2 0.42379433 pwa_35+64_0.9+0.1
20 Q0 id296133index4 3 0.42233092 pwa_35+64_0.9+0.1
20 Q0 id5352255index2 4 0.41993022 pwa_35+64_0.9+0.1
20 Q0 id251695index2 5 0.4197528 pwa_35+64_0.9+0.1
20 Q0 id4070109index2 6 0.41797754 pwa_35+64_0.9+0.1
20 Q0 id4774245index2 7 0.41340777 pwa_35+64_0.9+0.1
20 Q0 id2643708index2 8 0.41122842 pwa_35+64_0.9+0.1
20 Q0 id1933209index2 9 0.41117465 pwa_35+64_0.9+0.1
20 Q0 id418157index2 10 0.40738073 pwa_35+64_0.9+0.1
21 Q0 id8405index2 1 0.4136544 pwa_35+64_0.9+0.1
21 Q0 id10024index2 2 0.40492743 pwa_35+64_0.9+0.1
21 Q0 id91752index4 3 0.39195007 pwa_35+64_0.9+0.1
21 Q0 id12789639index3 4 0.39096224 pwa_35+64_0.9+0.1
21 Q0 id15805index3 5 0.39063337 pwa_35+64_0.9+0.1
21 Q0 id336442index3 6 0.3901528 pwa_35+64_0.9+0.1
21 Q0 id798824index3 7 0.38896558 pwa_35+64_0.9+0.1
21 Q0 id28183index3 8 0.38865066 pwa_35+64_0.9+0.1
21 Q0 id70645index3 9 0.3882292 pwa_35+64_0.9+0.1
21 Q0 id5464index3 10 0.3878563 pwa_35+64_0.9+0.1
22 Q0 id27051index0 1 0.5490095 pwa_35+64_0.9+0.1
22 Q0 id894index0 2 0.5468354 pwa_35+64_0.9+0.1
22 Q0 id239364index0 3 0.47076485 pwa_35+64_0.9+0.1
22 Q0 id45203index0 4 0.45296097 pwa_35+64_0.9+0.1
22 Q0 id47791index0 5 0.44939 pwa_35+64_0.9+0.1
22 Q0 id72878index0 6 0.4490688 pwa_35+64_0.9+0.1
22 Q0 id420846index0 7 0.44403464 pwa_35+64_0.9+0.1
22 Q0 id606906index0 8 0.44373503 pwa_35+64_0.9+0.1
22 Q0 id330770index0 9 0.43816763 pwa_35+64_0.9+0.1
22 Q0 id759163index0 10 0.43714914 pwa_35+64_0.9+0.1
23 Q0 id441575index0 1 0.5042799 pwa_35+64_0.9+0.1
23 Q0 id1282995index0 2 0.4398667 pwa_35+64_0.9+0.1
23 Q0 id9295656index0 3 0.43452877 pwa_35+64_0.9+0.1
23 Q0 id40877397index0 4 0.43337098 pwa_35+64_0.9+0.1
23 Q0 id24968223index0 5 0.43210277 pwa_35+64_0.9+0.1
23 Q0 id41173020index0 6 0.43070084 pwa_35+64_0.9+0.1
23 Q0 id4789080index2 7 0.4137049 pwa_35+64_0.9+0.1
23 Q0 id402866index0 8 0.40972665 pwa_35+64_0.9+0.1
23 Q0 id5502134index2 9 0.40501863 pwa_35+64_0.9+0.1
23 Q0 id3885280index0 10 0.39075765 pwa_35+64_0.9+0.1
24 Q0 id68742index0 1 0.48464513 pwa_35+64_0.9+0.1
24 Q0 id2499index0 2 0.48195902 pwa_35+64_0.9+0.1
24 Q0 id232872index0 3 0.44256958 pwa_35+64_0.9+0.1
24 Q0 id472index3 4 0.43492204 pwa_35+64_0.9+0.1
24 Q0 id14393index0 5 0.42232364 pwa_35+64_0.9+0.1
24 Q0 id145163index0 6 0.41999727 pwa_35+64_0.9+0.1
24 Q0 id723933index0 7 0.41981986 pwa_35+64_0.9+0.1
24 Q0 id676186index0 8 0.41813594 pwa_35+64_0.9+0.1
24 Q0 id3835673index0 9 0.41808861 pwa_35+64_0.9+0.1
24 Q0 id86692index0 10 0.41806602 pwa_35+64_0.9+0.1
25 Q0 id86214index4 1 0.48823076 pwa_35+64_0.9+0.1
25 Q0 id3298436index0 2 0.41242236 pwa_35+64_0.9+0.1
25 Q0 id2017index5 3 0.40259948 pwa_35+64_0.9+0.1
25 Q0 id290211index5 4 0.40093327 pwa_35+64_0.9+0.1
25 Q0 id6517116index0 5 0.4009033 pwa_35+64_0.9+0.1
25 Q0 id13533701index0 6 0.39809006 pwa_35+64_0.9+0.1
25 Q0 id10940424index0 7 0.39675608 pwa_35+64_0.9+0.1
25 Q0 id1780014index0 8 0.39514768 pwa_35+64_0.9+0.1
25 Q0 id531510index5 9 0.3938802 pwa_35+64_0.9+0.1
25 Q0 id392334index5 10 0.38940433 pwa_35+64_0.9+0.1
26 Q0 id3706index5 1 0.50774425 pwa_35+64_0.9+0.1
26 Q0 id323243index5 2 0.39623243 pwa_35+64_0.9+0.1
26 Q0 id26808index5 3 0.3890639 pwa_35+64_0.9+0.1
26 Q0 id18842index5 4 0.38536945 pwa_35+64_0.9+0.1
26 Q0 id386225index5 5 0.38290215 pwa_35+64_0.9+0.1
26 Q0 id106066index5 6 0.38126048 pwa_35+64_0.9+0.1
26 Q0 id215021index5 7 0.38025716 pwa_35+64_0.9+0.1
26 Q0 id170292index5 8 0.37993133 pwa_35+64_0.9+0.1
26 Q0 id1376546index5 9 0.3798926 pwa_35+64_0.9+0.1
26 Q0 id93122index5 10 0.3794672 pwa_35+64_0.9+0.1
27 Q0 id496559index0 1 0.4682315 pwa_35+64_0.9+0.1
27 Q0 id1268922index0 2 0.4210438 pwa_35+64_0.9+0.1
27 Q0 id177781index0 3 0.42048493 pwa_35+64_0.9+0.1
27 Q0 id482594index0 4 0.4191833 pwa_35+64_0.9+0.1
27 Q0 id44735index0 5 0.41908884 pwa_35+64_0.9+0.1
27 Q0 id427002index0 6 0.41874245 pwa_35+64_0.9+0.1
27 Q0 id192789index0 7 0.4186719 pwa_35+64_0.9+0.1
27 Q0 id389330index0 8 0.41841957 pwa_35+64_0.9+0.1
27 Q0 id23946index0 9 0.4184112 pwa_35+64_0.9+0.1
27 Q0 id313505index0 10 0.41669488 pwa_35+64_0.9+0.1
28 Q0 id1023index4 1 0.7726768 pwa_35+64_0.9+0.1
28 Q0 id106653index4 2 0.4733093 pwa_35+64_0.9+0.1
28 Q0 id66928index4 3 0.46977425 pwa_35+64_0.9+0.1
28 Q0 id16469index3 4 0.46702984 pwa_35+64_0.9+0.1
28 Q0 id125773index3 5 0.45727432 pwa_35+64_0.9+0.1
28 Q0 id337index0 6 0.4543586 pwa_35+64_0.9+0.1
28 Q0 id12055index4 7 0.45378876 pwa_35+64_0.9+0.1
28 Q0 id70682index0 8 0.45089766 pwa_35+64_0.9+0.1
28 Q0 id190353index3 9 0.44691935 pwa_35+64_0.9+0.1
28 Q0 id15412index4 10 0.44619164 pwa_35+64_0.9+0.1
29 Q0 id3664index5 1 0.46029297 pwa_35+64_0.9+0.1
29 Q0 id687700index0 2 0.42760307 pwa_35+64_0.9+0.1
29 Q0 id14699index5 3 0.417417 pwa_35+64_0.9+0.1
29 Q0 id4952index5 4 0.41570374 pwa_35+64_0.9+0.1
29 Q0 id5977index5 5 0.40211076 pwa_35+64_0.9+0.1
29 Q0 id56802index5 6 0.40049592 pwa_35+64_0.9+0.1
29 Q0 id2671310index5 7 0.39986482 pwa_35+64_0.9+0.1
29 Q0 id437928index5 8 0.39865768 pwa_35+64_0.9+0.1
29 Q0 id5560index5 9 0.3976336 pwa_35+64_0.9+0.1
29 Q0 id305756index5 10 0.39711377 pwa_35+64_0.9+0.1
30 Q0 id23630index4 1 0.5070641 pwa_35+64_0.9+0.1
30 Q0 id39074index4 2 0.45623162 pwa_35+64_0.9+0.1
30 Q0 id19181index5 3 0.43929306 pwa_35+64_0.9+0.1
30 Q0 id4613index4 4 0.4299173 pwa_35+64_0.9+0.1
30 Q0 id4176806index2 5 0.4200062 pwa_35+64_0.9+0.1
30 Q0 id203989index3 6 0.41706288 pwa_35+64_0.9+0.1
30 Q0 id6211index2 7 0.4146858 pwa_35+64_0.9+0.1
30 Q0 id2566index2 8 0.4144295 pwa_35+64_0.9+0.1
30 Q0 id3938952index2 9 0.4113266 pwa_35+64_0.9+0.1
30 Q0 id162344index3 10 0.41028038 pwa_35+64_0.9+0.1
31 Q0 id18251index3 1 0.55650294 pwa_35+64_0.9+0.1
31 Q0 id7064index4 2 0.54690504 pwa_35+64_0.9+0.1
31 Q0 id28323index3 3 0.5135111 pwa_35+64_0.9+0.1
31 Q0 id23672index3 4 0.5068019 pwa_35+64_0.9+0.1
31 Q0 id29254index3 5 0.49351427 pwa_35+64_0.9+0.1
31 Q0 id32136index3 6 0.49293196 pwa_35+64_0.9+0.1
31 Q0 id31606index3 7 0.4900518 pwa_35+64_0.9+0.1
31 Q0 id36367index3 8 0.48702258 pwa_35+64_0.9+0.1
31 Q0 id36307index3 9 0.48632273 pwa_35+64_0.9+0.1
31 Q0 id74440index4 10 0.47948653 pwa_35+64_0.9+0.1
32 Q0 id18302index4 1 0.57652944 pwa_35+64_0.9+0.1
32 Q0 id42859index3 2 0.5144322 pwa_35+64_0.9+0.1
32 Q0 id2098index4 3 0.5077846 pwa_35+64_0.9+0.1
32 Q0 id10207index0 4 0.49369872 pwa_35+64_0.9+0.1
32 Q0 id198936index3 5 0.47133526 pwa_35+64_0.9+0.1
32 Q0 id164669index3 6 0.46376222 pwa_35+64_0.9+0.1
32 Q0 id21519index0 7 0.46136522 pwa_35+64_0.9+0.1
32 Q0 id38597index0 8 0.46115354 pwa_35+64_0.9+0.1
32 Q0 id89361index3 9 0.44123206 pwa_35+64_0.9+0.1
32 Q0 id34123index3 10 0.44092175 pwa_35+64_0.9+0.1
33 Q0 id9022index3 1 0.52651834 pwa_35+64_0.9+0.1
33 Q0 id83351index3 2 0.47448856 pwa_35+64_0.9+0.1
33 Q0 id31949index4 3 0.45321915 pwa_35+64_0.9+0.1
33 Q0 id327542index3 4 0.44960722 pwa_35+64_0.9+0.1
33 Q0 id597036index3 5 0.4369838 pwa_35+64_0.9+0.1
33 Q0 id381892index3 6 0.43174952 pwa_35+64_0.9+0.1
33 Q0 id349985index3 7 0.431372 pwa_35+64_0.9+0.1
33 Q0 id398165index3 8 0.42919093 pwa_35+64_0.9+0.1
33 Q0 id417763index3 9 0.42878747 pwa_35+64_0.9+0.1
33 Q0 id302843index3 10 0.42793888 pwa_35+64_0.9+0.1
34 Q0 id61056index4 1 0.50673586 pwa_35+64_0.9+0.1
34 Q0 id77372index3 2 0.48579755 pwa_35+64_0.9+0.1
34 Q0 id211045index3 3 0.4737042 pwa_35+64_0.9+0.1
34 Q0 id275947index3 4 0.45577893 pwa_35+64_0.9+0.1
34 Q0 id13672315index3 5 0.45519686 pwa_35+64_0.9+0.1
34 Q0 id2353738index3 6 0.45017654 pwa_35+64_0.9+0.1
34 Q0 id3677796index3 7 0.44961023 pwa_35+64_0.9+0.1
34 Q0 id29383817index3 8 0.44775057 pwa_35+64_0.9+0.1
34 Q0 id15101247index3 9 0.44706804 pwa_35+64_0.9+0.1
34 Q0 id29383816index3 10 0.44706804 pwa_35+64_0.9+0.1
35 Q0 id640234index4 1 0.39652315 pwa_35+64_0.9+0.1
35 Q0 id445473index4 2 0.38889617 pwa_35+64_0.9+0.1
35 Q0 id79269955index0 3 0.3864067 pwa_35+64_0.9+0.1
35 Q0 id2089517index3 4 0.38447526 pwa_35+64_0.9+0.1
35 Q0 id16937620index4 5 0.38419116 pwa_35+64_0.9+0.1
35 Q0 id111690218index0 6 0.38222754 pwa_35+64_0.9+0.1
35 Q0 id12167103index4 7 0.37993205 pwa_35+64_0.9+0.1
35 Q0 id23400455index3 8 0.37875867 pwa_35+64_0.9+0.1
35 Q0 id33396408index3 9 0.37875104 pwa_35+64_0.9+0.1
35 Q0 id36116923index4 10 0.3759053 pwa_35+64_0.9+0.1
36 Q0 id39564index3 1 0.53771067 pwa_35+64_0.9+0.1
36 Q0 id49177index3 2 0.4878673 pwa_35+64_0.9+0.1
36 Q0 id74377index4 3 0.4673085 pwa_35+64_0.9+0.1
36 Q0 id122672index0 4 0.4278412 pwa_35+64_0.9+0.1
36 Q0 id95618index0 5 0.4174982 pwa_35+64_0.9+0.1
36 Q0 id16323index0 6 0.41438153 pwa_35+64_0.9+0.1
36 Q0 id8849index3 7 0.41359758 pwa_35+64_0.9+0.1
36 Q0 id2775959index0 8 0.4130916 pwa_35+64_0.9+0.1
36 Q0 id16498464index0 9 0.4118393 pwa_35+64_0.9+0.1
36 Q0 id79047index0 10 0.41135293 pwa_35+64_0.9+0.1
37 Q0 id317index3 1 2.1491723 pwa_35+64_0.9+0.1
37 Q0 id4257index3 2 0.51708406 pwa_35+64_0.9+0.1
37 Q0 id71815index4 3 0.50337726 pwa_35+64_0.9+0.1
37 Q0 id96354index0 4 0.49432403 pwa_35+64_0.9+0.1
37 Q0 id59197index4 5 0.47392926 pwa_35+64_0.9+0.1
37 Q0 id114081index4 6 0.43789634 pwa_35+64_0.9+0.1
37 Q0 id1992026index0 7 0.42176074 pwa_35+64_0.9+0.1
37 Q0 id288484index5 8 0.41761205 pwa_35+64_0.9+0.1
37 Q0 id5762203index0 9 0.41747648 pwa_35+64_0.9+0.1
37 Q0 id338115index4 10 0.41655642 pwa_35+64_0.9+0.1
38 Q0 id228734index0 1 0.451671 pwa_35+64_0.9+0.1
38 Q0 id208308index0 2 0.44586527 pwa_35+64_0.9+0.1
38 Q0 id179637index4 3 0.4334515 pwa_35+64_0.9+0.1
38 Q0 id46130index0 4 0.4137339 pwa_35+64_0.9+0.1
38 Q0 id270002index0 5 0.40962362 pwa_35+64_0.9+0.1
38 Q0 id23819index0 6 0.40311244 pwa_35+64_0.9+0.1
38 Q0 id20176index0 7 0.40101075 pwa_35+64_0.9+0.1
38 Q0 id17980index0 8 0.40068644 pwa_35+64_0.9+0.1
38 Q0 id21123index0 9 0.40068644 pwa_35+64_0.9+0.1
38 Q0 id20907index0 10 0.40023535 pwa_35+64_0.9+0.1
39 Q0 id11609index4 1 0.5934886 pwa_35+64_0.9+0.1
39 Q0 id69549index3 2 0.48719516 pwa_35+64_0.9+0.1
39 Q0 id360351index0 3 0.47861668 pwa_35+64_0.9+0.1
39 Q0 id338683index4 4 0.46704754 pwa_35+64_0.9+0.1
39 Q0 id545107index0 5 0.43675128 pwa_35+64_0.9+0.1
39 Q0 id135590index3 6 0.43259138 pwa_35+64_0.9+0.1
39 Q0 id1194954index0 7 0.43166488 pwa_35+64_0.9+0.1
39 Q0 id217606index3 8 0.4242975 pwa_35+64_0.9+0.1
39 Q0 id150067index3 9 0.42250583 pwa_35+64_0.9+0.1
39 Q0 id72584index0 10 0.41485503 pwa_35+64_0.9+0.1
40 Q0 id1685603index0 1 0.42361015 pwa_35+64_0.9+0.1
40 Q0 id16810index5 2 0.41724673 pwa_35+64_0.9+0.1
40 Q0 id607321index5 3 0.41481325 pwa_35+64_0.9+0.1
40 Q0 id125800index5 4 0.41306385 pwa_35+64_0.9+0.1
40 Q0 id52303index5 5 0.4109968 pwa_35+64_0.9+0.1
40 Q0 id64127index0 6 0.40610507 pwa_35+64_0.9+0.1
40 Q0 id54454673index0 7 0.4053389 pwa_35+64_0.9+0.1
40 Q0 id32870index0 8 0.4033869 pwa_35+64_0.9+0.1
40 Q0 id22586index5 9 0.40243223 pwa_35+64_0.9+0.1
40 Q0 id22694528index0 10 0.40167016 pwa_35+64_0.9+0.1
41 Q0 id13656index0 1 0.49100044 pwa_35+64_0.9+0.1
41 Q0 id8709index3 2 0.4785893 pwa_35+64_0.9+0.1
41 Q0 id559968index0 3 0.4685889 pwa_35+64_0.9+0.1
41 Q0 id17792index3 4 0.45838007 pwa_35+64_0.9+0.1
41 Q0 id350290index0 5 0.45303816 pwa_35+64_0.9+0.1
41 Q0 id146726index0 6 0.44010508 pwa_35+64_0.9+0.1
41 Q0 id2818418index2 7 0.42979613 pwa_35+64_0.9+0.1
41 Q0 id16951index0 8 0.42010203 pwa_35+64_0.9+0.1
41 Q0 id9809105index3 9 0.4186712 pwa_35+64_0.9+0.1
41 Q0 id472961index0 10 0.4144196 pwa_35+64_0.9+0.1
42 Q0 id44185index4 1 0.4328151 pwa_35+64_0.9+0.1
42 Q0 id16620index2 2 0.42210206 pwa_35+64_0.9+0.1
42 Q0 id24784120index3 3 0.4139463 pwa_35+64_0.9+0.1
42 Q0 id5607054index2 4 0.41055608 pwa_35+64_0.9+0.1
42 Q0 id3469969index2 5 0.4101503 pwa_35+64_0.9+0.1
42 Q0 id5552199index2 6 0.40718502 pwa_35+64_0.9+0.1
42 Q0 id3336894index5 7 0.40354595 pwa_35+64_0.9+0.1
42 Q0 id501459index2 8 0.40121615 pwa_35+64_0.9+0.1
42 Q0 id711487index2 9 0.4003915 pwa_35+64_0.9+0.1
42 Q0 id3927467index2 10 0.39839035 pwa_35+64_0.9+0.1
43 Q0 id1310index4 1 0.54688454 pwa_35+64_0.9+0.1
43 Q0 id6368index0 2 0.49229246 pwa_35+64_0.9+0.1
43 Q0 id7643index3 3 0.48284054 pwa_35+64_0.9+0.1
43 Q0 id276index5 4 0.4728639 pwa_35+64_0.9+0.1
43 Q0 id12347index3 5 0.4721579 pwa_35+64_0.9+0.1
43 Q0 id99index5 6 0.46884346 pwa_35+64_0.9+0.1
43 Q0 id43114index0 7 0.46268648 pwa_35+64_0.9+0.1
43 Q0 id59index5 8 0.45707855 pwa_35+64_0.9+0.1
43 Q0 id154270index3 9 0.4553428 pwa_35+64_0.9+0.1
43 Q0 id613index5 10 0.45500126 pwa_35+64_0.9+0.1
44 Q0 id3768index4 1 0.41957968 pwa_35+64_0.9+0.1
44 Q0 id5031index4 2 0.41886997 pwa_35+64_0.9+0.1
44 Q0 id373920index0 3 0.39743313 pwa_35+64_0.9+0.1
44 Q0 id101922260index0 4 0.39339572 pwa_35+64_0.9+0.1
44 Q0 id2256078index0 5 0.39319676 pwa_35+64_0.9+0.1
44 Q0 id53799244index0 6 0.39307797 pwa_35+64_0.9+0.1
44 Q0 id85621925index0 7 0.39307797 pwa_35+64_0.9+0.1
44 Q0 id701235index0 8 0.387989 pwa_35+64_0.9+0.1
44 Q0 id101895639index0 9 0.38768283 pwa_35+64_0.9+0.1
44 Q0 id4482394index0 10 0.38699993 pwa_35+64_0.9+0.1
45 Q0 id48109index3 1 0.47853032 pwa_35+64_0.9+0.1
45 Q0 id2559653index2 2 0.42008638 pwa_35+64_0.9+0.1
45 Q0 id5677016index4 3 0.416717 pwa_35+64_0.9+0.1
45 Q0 id2560760index2 4 0.4114357 pwa_35+64_0.9+0.1
45 Q0 id4812288index3 5 0.41142336 pwa_35+64_0.9+0.1
45 Q0 id24854401index4 6 0.4067698 pwa_35+64_0.9+0.1
45 Q0 id1561666index3 7 0.39845097 pwa_35+64_0.9+0.1
45 Q0 id4799325index2 8 0.3956646 pwa_35+64_0.9+0.1
45 Q0 id1240321index2 9 0.39249232 pwa_35+64_0.9+0.1
45 Q0 id27399index3 10 0.3847994 pwa_35+64_0.9+0.1
46 Q0 id23444074index3 1 0.41939563 pwa_35+64_0.9+0.1
46 Q0 id14874168index3 2 0.41199815 pwa_35+64_0.9+0.1
46 Q0 id4104209index2 3 0.40689528 pwa_35+64_0.9+0.1
46 Q0 id1447730index2 4 0.40674946 pwa_35+64_0.9+0.1
46 Q0 id3645index4 5 0.39676893 pwa_35+64_0.9+0.1
46 Q0 id30583457index3 6 0.39631483 pwa_35+64_0.9+0.1
46 Q0 id4876827index3 7 0.39462006 pwa_35+64_0.9+0.1
46 Q0 id4816937index2 8 0.3931177 pwa_35+64_0.9+0.1
46 Q0 id32648752index4 9 0.39183173 pwa_35+64_0.9+0.1
46 Q0 id32011788index3 10 0.3909121 pwa_35+64_0.9+0.1
47 Q0 id503636index0 1 0.40227017 pwa_35+64_0.9+0.1
47 Q0 id74343844index0 2 0.39099592 pwa_35+64_0.9+0.1
47 Q0 id105130307index0 3 0.3807637 pwa_35+64_0.9+0.1
47 Q0 id87588063index0 4 0.3715519 pwa_35+64_0.9+0.1
47 Q0 id294854index0 5 0.3692429 pwa_35+64_0.9+0.1
47 Q0 id2418037index0 6 0.3692429 pwa_35+64_0.9+0.1
47 Q0 id23323465index0 7 0.36298898 pwa_35+64_0.9+0.1
47 Q0 id9557577index0 8 0.35985222 pwa_35+64_0.9+0.1
47 Q0 id520787index0 9 0.35780331 pwa_35+64_0.9+0.1
47 Q0 id8522488index0 10 0.35619187 pwa_35+64_0.9+0.1
48 Q0 id8277279index0 1 0.41344166 pwa_35+64_0.9+0.1
48 Q0 id1180418index5 2 0.38655192 pwa_35+64_0.9+0.1
48 Q0 id450299index4 3 0.3727677 pwa_35+64_0.9+0.1
48 Q0 id2063131index0 4 0.37143618 pwa_35+64_0.9+0.1
48 Q0 id35038438index3 5 0.3698028 pwa_35+64_0.9+0.1
48 Q0 id5546383index0 6 0.36806226 pwa_35+64_0.9+0.1
48 Q0 id5519398index0 7 0.36398613 pwa_35+64_0.9+0.1
48 Q0 id67671537index0 8 0.36288053 pwa_35+64_0.9+0.1
48 Q0 id8973957index0 9 0.36280578 pwa_35+64_0.9+0.1
48 Q0 id5813373index0 10 0.36135152 pwa_35+64_0.9+0.1
49 Q0 id21069index5 1 0.400049 pwa_35+64_0.9+0.1
49 Q0 id156371index5 2 0.37268943 pwa_35+64_0.9+0.1
49 Q0 id1252181index5 3 0.3718768 pwa_35+64_0.9+0.1
49 Q0 id741873index5 4 0.37150842 pwa_35+64_0.9+0.1
49 Q0 id2868066index5 5 0.37096646 pwa_35+64_0.9+0.1
49 Q0 id209648index5 6 0.37062928 pwa_35+64_0.9+0.1
49 Q0 id3400226index5 7 0.3702269 pwa_35+64_0.9+0.1
49 Q0 id741903index5 8 0.37001622 pwa_35+64_0.9+0.1
49 Q0 id230852index5 9 0.36999518 pwa_35+64_0.9+0.1
49 Q0 id2868070index5 10 0.36930498 pwa_35+64_0.9+0.1
50 Q0 id2184index4 1 0.52578247 pwa_35+64_0.9+0.1
50 Q0 id649index3 2 0.5139959 pwa_35+64_0.9+0.1
50 Q0 id25085index0 3 0.48891607 pwa_35+64_0.9+0.1
50 Q0 id8804index4 4 0.4835848 pwa_35+64_0.9+0.1
50 Q0 id17123index4 5 0.46266592 pwa_35+64_0.9+0.1
50 Q0 id3274index4 6 0.45940155 pwa_35+64_0.9+0.1
50 Q0 id60841index0 7 0.45282593 pwa_35+64_0.9+0.1
50 Q0 id52261index4 8 0.45231134 pwa_35+64_0.9+0.1
50 Q0 id625318index0 9 0.4473211 pwa_35+64_0.9+0.1
50 Q0 id34505index4 10 0.44508415 pwa_35+64_0.9+0.1
