Connection to PostgreSQL 8.1.11 successful.

QUERY: público
URL:http://p15.arquivo.pt/nutchwax/searchTests.jsp?summary=false&hitsPerPage=1500&hitsPerDup=0&queryMatches=-2&query=p%C3%BAblico&sfunctions=31&sboosts=1&dateStart=01%2F01%2F1996&dateEnd=31%2F12%2F2000
1 FILTERED FROM other model: http://www.publico.pt/ http://publico.pt
TREC_FORMAT: 1 Q0 id94index1 1 7.3288 pwa_31_1
2 FILTERED FROM other model: http://www.publico.com/ http://publico.com
TREC_FORMAT: 1 Q0 id687index1 2 6.9251533 pwa_31_1
3 FILTERED FROM other model: http://www.publico.pt/copyright.html http://publico.pt/copyright.html
TREC_FORMAT: 1 Q0 id69621index1 3 6.419678 pwa_31_1
4 FILTERED FROM other model: http://www.di.uminho.pt/~cdrom/LIVRO/Anexos/g3.html http://di.uminho.pt/~cdrom/LIVRO/Anexos/g3.html
TREC_FORMAT: 1 Q0 id14201index1 4 5.916395 pwa_31_1
5 FILTERED FROM other model: http://infocid.esoterica.pt/ES/welcome.html http://infocid.esoterica.pt/ES/welcome.html
TREC_FORMAT: 1 Q0 id53835index1 5 5.8636026 pwa_31_1
6 FILTERED FROM other model: http://infocid.sma.pt/Infocid/ES/welcome.html http://infocid.sma.pt/Infocid/ES/welcome.html
TREC_FORMAT: 1 Q0 id53854index1 6 5.8600383 pwa_31_1
7 FILTERED FROM other model: http://www.publico.pt/publico/hoje/s700.html http://publico.pt/publico/hoje/s700.html
TREC_FORMAT: 1 Q0 id22799index1 7 5.828175 pwa_31_1
8 FILTERED FROM other model: http://info.uminho.pt/x500particip.html http://info.uminho.pt/x500particip.html
TREC_FORMAT: 1 Q0 id6966index1 8 5.675779 pwa_31_1
9 FILTERED FROM other model: http://www.caleida.pt/fantasporto/textos/premios.html http://caleida.pt/fantasporto/textos/premios.html
TREC_FORMAT: 1 Q0 id11828index1 9 5.4400244 pwa_31_1
10 FILTERED FROM other model: http://www.infarmed.pt/infarmed/farm.html http://infarmed.pt/infarmed/farm.html
TREC_FORMAT: 1 Q0 id17292index1 10 5.391371 pwa_31_1
QUERY: expo 98
URL:http://p15.arquivo.pt/nutchwax/searchTests.jsp?summary=false&hitsPerPage=1500&hitsPerDup=0&queryMatches=-2&query=expo+98&sfunctions=31&sboosts=1&dateStart=01%2F01%2F1998&dateEnd=31%2F12%2F1998
1 FILTERED FROM other model: http://www.ipv.pt/millenium/pers10_expo.htm http://ipv.pt/millenium/pers10_expo.htm
TREC_FORMAT: 2 Q0 id23286index2 1 9.198875 pwa_31_1
2 FILTERED FROM other model: http://www.expo98.pt/ http://expo98.pt
TREC_FORMAT: 2 Q0 id983index5 2 8.040773 pwa_31_1
3 FILTERED FROM other model: http://www.expo98.pt/pt/default.html http://expo98.pt/pt
TREC_FORMAT: 2 Q0 id5050index5 3 7.8141994 pwa_31_1
4 FILTERED FROM other model: http://www.eb2-miranda-douro.rcts.pt/34/pagina1.htm http://eb2-miranda-douro.rcts.pt/34/pagina1.htm
TREC_FORMAT: 2 Q0 id5013719index2 4 7.4638705 pwa_31_1
FILTERED: http://www.expo98.pt/ http://expo98.pt
5 FILTERED FROM other model: http://www.expo98.pt/en/default.html http://expo98.pt/en
TREC_FORMAT: 2 Q0 id11354index5 5 7.3826256 pwa_31_1
6 FILTERED FROM other model: http://www.expo98.pt/pt/informacao/correioEXPO98.html http://expo98.pt/pt/informacao/correioEXPO98.html
TREC_FORMAT: 2 Q0 id821932index5 6 7.3556037 pwa_31_1
7 FILTERED FROM other model: http://www.expo98.pt/en/informacao/correioEXPO98.html http://expo98.pt/en/informacao/correioEXPO98.html
TREC_FORMAT: 2 Q0 id1879670index5 7 7.340609 pwa_31_1
8 FILTERED FROM other model: http://www.expo98.pt/en/imprensa/di/dossier_imprensa.html http://expo98.pt/en/imprensa/di/dossier_imprensa.html
TREC_FORMAT: 2 Q0 id3474038index5 8 7.3151093 pwa_31_1
9 FILTERED FROM other model: http://www.expo98.pt/en/az/expo/expo98az_z.html http://expo98.pt/en/az/expo/expo98az_z.html
TREC_FORMAT: 2 Q0 id2941566index5 9 7.3050976 pwa_31_1
10 FILTERED FROM other model: http://www.expo98.pt/en/homepage.asp http://expo98.pt/en/homepage.asp
TREC_FORMAT: 2 Q0 id1883510index5 10 7.30195 pwa_31_1
QUERY: benfica
URL:http://p15.arquivo.pt/nutchwax/searchTests.jsp?summary=false&hitsPerPage=1500&hitsPerDup=0&queryMatches=-2&query=benfica&sfunctions=31&sboosts=1
1 FILTERED FROM other model: http://shiva.di.uminho.pt/~miguel/FUTEBOL/pt/cup/cups.html http://shiva.di.uminho.pt/~miguel/FUTEBOL/pt/cup/cups.html
TREC_FORMAT: 3 Q0 id9063index1 1 8.313906 pwa_31_1
2 FILTERED FROM other model: http://www.uninova.pt/UNIAGUA/ppf/slb/football/94_95/players1.html http://uninova.pt/UNIAGUA/ppf/slb/football/94_95/players1.html
TREC_FORMAT: 3 Q0 id73003index1 2 8.185726 pwa_31_1
3 FILTERED FROM other model: http://www.uninova.pt/UNIAGUA/ppf/slb/football/94_95/players2.html http://uninova.pt/UNIAGUA/ppf/slb/football/94_95/players2.html
TREC_FORMAT: 3 Q0 id26087index1 3 7.97896 pwa_31_1
4 FILTERED FROM other model: http://www.uninova.pt/UNIAGUA/ppf/slb/football/95_96/players1.html http://uninova.pt/UNIAGUA/ppf/slb/football/95_96/players1.html
TREC_FORMAT: 3 Q0 id49382index1 4 7.976033 pwa_31_1
5 FILTERED FROM other model: http://www.uninova.pt/UNIAGUA/ppf/slb/general/slbinfo1.html http://uninova.pt/UNIAGUA/ppf/slb/general/slbinfo1.html
TREC_FORMAT: 3 Q0 id26101index1 5 7.9424486 pwa_31_1
6 FILTERED FROM other model: http://www.uninova.pt/UNIAGUA/ppf/slb/football/95_96/staff1.html http://uninova.pt/UNIAGUA/ppf/slb/football/95_96/staff1.html
TREC_FORMAT: 3 Q0 id49384index1 6 7.7758436 pwa_31_1
7 FILTERED FROM other model: http://jupiter.di.uminho.pt/~rui/futebol/r1div.html http://jupiter.di.uminho.pt/~rui/futebol/r1div.html
TREC_FORMAT: 3 Q0 id3718index1 7 7.681151 pwa_31_1
8 FILTERED FROM other model: http://www.uninova.pt/UNIAGUA/ppf/slb/football/94_95/staff1.html http://uninova.pt/UNIAGUA/ppf/slb/football/94_95/staff1.html
TREC_FORMAT: 3 Q0 id26088index1 8 7.3867803 pwa_31_1
9 FILTERED FROM other model: http://www.uninova.pt/UNIAGUA/ppf/slb/basketball/95_96/soon.html http://uninova.pt/UNIAGUA/ppf/slb/basketball/95_96/soon.html
TREC_FORMAT: 3 Q0 id72997index1 9 7.357592 pwa_31_1
10 FILTERED FROM other model: http://www.uninova.pt/UNIAGUA/ppf/slb/football/94_95/players3.html http://uninova.pt/UNIAGUA/ppf/slb/football/94_95/players3.html
TREC_FORMAT: 3 Q0 id49372index1 10 7.33182 pwa_31_1
QUERY: cavaco silva
URL:http://p15.arquivo.pt/nutchwax/searchTests.jsp?summary=false&hitsPerPage=1500&hitsPerDup=0&queryMatches=-2&query=cavaco+silva&sfunctions=31&sboosts=1
1 FILTERED FROM other model: http://www.telepac.pt/pres96/campanha/index.html http://telepac.pt/pres96/campanha
TREC_FORMAT: 4 Q0 id24903index1 1 13.988655 pwa_31_1
2 FILTERED FROM other model: http://www.telepac.pt/pres96/cand/cavaco/cavaco.html http://telepac.pt/pres96/cand/cavaco/cavaco.html
TREC_FORMAT: 4 Q0 id48185index1 2 12.642662 pwa_31_1
3 FILTERED FROM other model: http://odivelas-lisboa.olx.pt/anibal-cavaco-silva-vol-i-e-ii-iid-6667878 http://odivelas-lisboa.olx.pt/anibal-cavaco-silva-vol-i-e-ii-iid-6667878
TREC_FORMAT: 4 Q0 id87132index3 3 12.085696 pwa_31_1
4 FILTERED FROM other model: http://www.telepac.pt/pres96/votacao/vota.html http://telepac.pt/pres96/votacao/vota.html
TREC_FORMAT: 4 Q0 id48205index1 4 11.891919 pwa_31_1
5 FILTERED FROM other model: http://info.sapo.pt/nn1/602623.html http://info.sapo.pt/nn1/602623.html
TREC_FORMAT: 4 Q0 id457024index3 5 11.838743 pwa_31_1
6 FILTERED FROM other model: http://www.cavacosilva.pt/ http://cavacosilva.pt
TREC_FORMAT: 4 Q0 id35030index3 6 11.798301 pwa_31_1
7 FILTERED FROM other model: http://info.sapo.pt/nn/602342.html http://info.sapo.pt/nn/602342.html
TREC_FORMAT: 4 Q0 id216957index3 7 11.544187 pwa_31_1
8 FILTERED FROM other model: http://oldblogs.sapo.pt/comentar?entry_id=990678 http://oldblogs.sapo.pt/comentar?entry_id=990678
TREC_FORMAT: 4 Q0 id1872301index3 8 11.442447 pwa_31_1
9 FILTERED FROM other model: http://oldblogs.sapo.pt/comentar?entry_id=898600 http://oldblogs.sapo.pt/comentar?entry_id=898600
TREC_FORMAT: 4 Q0 id1402630index3 9 11.221665 pwa_31_1
10 FILTERED FROM other model: http://solnascente.weblog.com.pt/arquivo/2006/03/post_18.html http://solnascente.weblog.com.pt/arquivo/2006/03/post_18.html
TREC_FORMAT: 4 Q0 id2291104index3 10 11.15336 pwa_31_1
QUERY: universidade de lisboa
URL:http://p15.arquivo.pt/nutchwax/searchTests.jsp?summary=false&hitsPerPage=1500&hitsPerDup=0&queryMatches=-2&query=universidade+de+lisboa&sfunctions=31&sboosts=1
1 FILTERED FROM other model: http://w3.ist.utl.pt/ http://w3.ist.utl.pt
TREC_FORMAT: 5 Q0 id300index1 1 10.504895 pwa_31_1
2 FILTERED FROM other model: http://www.fc.ul.pt/ http://fc.ul.pt
TREC_FORMAT: 5 Q0 id170index1 2 10.219302 pwa_31_1
3 FILTERED FROM other model: http://www.fccn.pt//servidoresWWW.html http://fccn.pt/servidoresWWW.html
TREC_FORMAT: 5 Q0 id62420index1 3 10.023548 pwa_31_1
4 FILTERED FROM other model: http://ursa.di.fct.unl.pt:8888/ http://ursa.di.fct.unl.pt:8888
TREC_FORMAT: 5 Q0 id9729index1 4 10.007864 pwa_31_1
5 FILTERED FROM other model: http://www.inesc.pt/inesc/nacionais.html http://inesc.pt/inesc/nacionais.html
TREC_FORMAT: 5 Q0 id40630index1 5 9.997355 pwa_31_1
6 FILTERED FROM other model: http://archie.inesc.pt/inesc/nacionais.html http://archie.inesc.pt/inesc/nacionais.html
TREC_FORMAT: 5 Q0 id51728index1 6 9.997355 pwa_31_1
7 FILTERED FROM other model: http://sapo.ua.pt/educacional/universidades/ http://sapo.ua.pt/educacional/universidades
TREC_FORMAT: 5 Q0 id8841index1 7 9.994912 pwa_31_1
8 FILTERED FROM other model: http://www.puug.pt/Portugal/ensino.html http://puug.pt/Portugal/ensino.html
TREC_FORMAT: 5 Q0 id22868index1 8 9.817767 pwa_31_1
9 FILTERED FROM other model: http://www.dei.uc.pt/World/index.html http://dei.uc.pt/World
TREC_FORMAT: 5 Q0 id60859index1 9 9.741938 pwa_31_1
10 FILTERED FROM other model: http://eden.dei.uc.pt/World/ http://eden.dei.uc.pt/World
TREC_FORMAT: 5 Q0 id5991index1 10 9.741494 pwa_31_1
QUERY: josé saramago
URL:http://p15.arquivo.pt/nutchwax/searchTests.jsp?summary=false&hitsPerPage=1500&hitsPerDup=0&queryMatches=-2&query=jos%C3%A9+saramago&sfunctions=31&sboosts=1
1 FILTERED FROM other model: http://www.caleida.pt/saramago/ http://caleida.pt/saramago
TREC_FORMAT: 6 Q0 id80503index3 1 13.005449 pwa_31_1
2 FILTERED FROM other model: http://html.editorial-caminho.pt/produto_coleccao_listaprodutos__q1area_--_3Dcatalogo__--_3D_obj_--_3D32620__--_3D_col_--_3DObras_--_2520de_--_2520Jos_--_E9_--_2520Saramago__q236__q30__q41__q5.htm http://html.editorial-caminho.pt/produto_coleccao_listaprodutos__q1area_--_3Dcatalogo__--_3D_obj_--_3D32620__--_3D_col_--_3DObras_--_2520de_--_2520Jos_--_E9_--_2520Saramago__q236__q30__q41__q5.htm
TREC_FORMAT: 6 Q0 id2881685index3 2 12.796925 pwa_31_1
3 FILTERED FROM other model: http://html.editorial-caminho.pt/produto_coleccao_listaprodutos__q1pg_--_3D2__--_3D_obj_--_3D32620__--_3D_area_--_3Dcatalogo__--_3D_col_--_3DObras_--_2520de_--_2520Jos_--_E9_--_2520Saramago__q236__q30__q41__q5.htm http://html.editorial-caminho.pt/produto_coleccao_listaprodutos__q1pg_--_3D2__--_3D_obj_--_3D32620__--_3D_area_--_3Dcatalogo__--_3D_col_--_3DObras_--_2520de_--_2520Jos_--_E9_--_2520Saramago__q236__q30__q41__q5.htm
TREC_FORMAT: 6 Q0 id4307160index3 3 12.7619915 pwa_31_1
4 FILTERED FROM other model: http://www.aeiou.pt/catalogo/Arte_e_Cultura/Literatura/Bibliografias/Jose_Saramago.html http://aeiou.pt/catalogo/Arte_e_Cultura/Literatura/Bibliografias/Jose_Saramago.html
TREC_FORMAT: 6 Q0 id2035209index3 4 12.559073 pwa_31_1
5 FILTERED FROM other model: http://www.aeiou.pt/catalogo/Arte_e_Cultura/Vidas_e_Obras/Jose_Saramago/Jose_Saramago.html http://aeiou.pt/catalogo/Arte_e_Cultura/Vidas_e_Obras/Jose_Saramago/Jose_Saramago.html
TREC_FORMAT: 6 Q0 id1671775index3 5 12.552975 pwa_31_1
6 FILTERED FROM other model: http://www.aeiou.pt/registos/c/Cartoons_de_Jose_Saramago.html http://aeiou.pt/registos/c/Cartoons_de_Jose_Saramago.html
TREC_FORMAT: 6 Q0 id730690index3 6 12.381761 pwa_31_1
7 FILTERED FROM other model: http://www.aeiou.pt/catalogo/Arte_e_Cultura/Vidas_e_Obras/Jose_Saramago/Cartoons_de_Jose_Saramago.html http://aeiou.pt/catalogo/Arte_e_Cultura/Vidas_e_Obras/Jose_Saramago/Cartoons_de_Jose_Saramago.html
TREC_FORMAT: 6 Q0 id1359002index3 7 12.381761 pwa_31_1
8 FILTERED FROM other model: http://alfarrabio.di.uminho.pt/vercial/saramago.htm http://alfarrabio.di.uminho.pt/vercial/saramago.htm
TREC_FORMAT: 6 Q0 id58101index3 8 12.323542 pwa_31_1
9 FILTERED FROM other model: http://html.editorial-caminho.pt/show_autor__q1obj_--_3D32198__--_3D_area_--_3Dcatalogo__q236__q30__q41__q5.htm http://html.editorial-caminho.pt/show_autor__q1obj_--_3D32198__--_3D_area_--_3Dcatalogo__q236__q30__q41__q5.htm
TREC_FORMAT: 6 Q0 id365353index3 9 12.288478 pwa_31_1
10 FILTERED FROM other model: http://html.editorial-caminho.pt/show_autor__q1area_--_3Dcatalogo__--_3D_obj_--_3D32198__q236__q30__q41__q5.htm http://html.editorial-caminho.pt/show_autor__q1area_--_3Dcatalogo__--_3D_obj_--_3D32198__q236__q30__q41__q5.htm
TREC_FORMAT: 6 Q0 id721697index3 10 12.28264 pwa_31_1
QUERY: câmara municipal do marco de canaveses
URL:http://p15.arquivo.pt/nutchwax/searchTests.jsp?summary=false&hitsPerPage=1500&hitsPerDup=0&queryMatches=-2&query=c%C3%A2mara+municipal+do+marco+de+canaveses&sfunctions=31&sboosts=1
1 FILTERED FROM other model: http://www.cm-marco-canaveses.pt/ http://cm-marco-canaveses.pt
TREC_FORMAT: 7 Q0 id43814index4 1 22.970823 pwa_31_1
FILTERED: http://www.cm-marco-canaveses.pt/ http://cm-marco-canaveses.pt
2 FILTERED FROM other model: http://transparencia-pt.org/?search_str=nif:501073655 http://transparencia-pt.org/?search_str=nif:501073655
TREC_FORMAT: 7 Q0 id4738055index4 2 22.377617 pwa_31_1
3 FILTERED FROM other model: http://www.am-marco-canaveses.pt/ficheiros/EDITAL%2014%20DE%20%202007_179.pdf http://am-marco-canaveses.pt/ficheiros/EDITAL%2014%20DE%20%202007_179.pdf
TREC_FORMAT: 7 Q0 id5073115index4 3 22.162653 pwa_31_1
4 FILTERED FROM other model: http://www.am-marco-canaveses.pt/ficheiros/Edital%204%20de%202007_174.pdf http://am-marco-canaveses.pt/ficheiros/Edital%204%20de%202007_174.pdf
TREC_FORMAT: 7 Q0 id30642451index4 4 22.085175 pwa_31_1
5 FILTERED FROM other model: http://www.am-marco-canaveses.pt/ficheiros/2009Edital3-Conv_230.pdf http://am-marco-canaveses.pt/ficheiros/2009Edital3-Conv_230.pdf
TREC_FORMAT: 7 Q0 id24251085index4 5 22.082941 pwa_31_1
6 FILTERED FROM other model: http://www.am-marco-canaveses.pt/ficheiros/2009Edital4-Conv_231.pdf http://am-marco-canaveses.pt/ficheiros/2009Edital4-Conv_231.pdf
TREC_FORMAT: 7 Q0 id30642443index4 6 22.051386 pwa_31_1
7 FILTERED FROM other model: http://www.am-marco-canaveses.pt/ficheiros/Edital%20N3%20%20de%202007_173.pdf http://am-marco-canaveses.pt/ficheiros/Edital%20N3%20%20de%202007_173.pdf
TREC_FORMAT: 7 Q0 id5073117index4 7 21.983212 pwa_31_1
8 FILTERED FROM other model: http://www.cm-marco-canaveses.pt/Noticias/info_91.html http://cm-marco-canaveses.pt/Noticias/info_91.html
TREC_FORMAT: 7 Q0 id18403295index4 8 21.794085 pwa_31_1
9 FILTERED FROM other model: http://www.am-marco-canaveses.pt/ficheiros/EDITAL%20N6%20de%202008%20Deliberacao_161.pdf http://am-marco-canaveses.pt/ficheiros/EDITAL%20N6%20de%202008%20Deliberacao_161.pdf
TREC_FORMAT: 7 Q0 id37034465index4 9 21.708145 pwa_31_1
10 FILTERED FROM other model: http://www.cm-marco-canaveses.pt/Noticias/info_09.html http://cm-marco-canaveses.pt/Noticias/info_09.html
TREC_FORMAT: 7 Q0 id43968643index4 10 21.694439 pwa_31_1
QUERY: primeiro ministro
URL:http://p15.arquivo.pt/nutchwax/searchTests.jsp?summary=false&hitsPerPage=1500&hitsPerDup=0&queryMatches=-2&query=primeiro+ministro&sfunctions=31&sboosts=1&dateStart=01%2F01%2F2005&dateEnd=31%2F12%2F2009
1 FILTERED FROM other model: http://www.primeiro-ministro.gov.pt/ http://primeiro-ministro.gov.pt
TREC_FORMAT: 8 Q0 id63605index3 1 10.149449 pwa_31_1
2 FILTERED FROM other model: http://www.portugal.gov.pt/Portal/PT/Governos/Governos_Constitucionais/GC17/Composicao/Perfil/JoseSocratesCarvalhoPintodeSousa.htm http://portugal.gov.pt/Portal/PT/Governos/Governos_Constitucionais/GC17/Composicao/Perfil/JoseSocratesCarvalhoPintodeSousa.htm
TREC_FORMAT: 8 Q0 id171080index3 2 9.53876 pwa_31_1
3 FILTERED FROM other model: http://www.eu2007.pt/UE/vPT/Media/Fotografia/?guid={80863A07-F021-4C50-979C-5A6BE8F5B310} http://eu2007.pt/UE/vPT/Media/Fotografia/?guid={80863A07-F021-4C50-979C-5A6BE8F5B310}
TREC_FORMAT: 8 Q0 id436483index3 3 9.515368 pwa_31_1
4 FILTERED FROM other model: http://www.portugal.gov.pt/Portal/Print.aspx?guid={DE5E7338-6F32-4197-A2AC-3CEFC6F6A078} http://portugal.gov.pt/Portal/Print.aspx?guid={DE5E7338-6F32-4197-A2AC-3CEFC6F6A078}
TREC_FORMAT: 8 Q0 id621447index3 4 9.411229 pwa_31_1
5 FILTERED FROM other model: http://www.portugal.gov.pt/Portal/Print.aspx?guid={DA882E01-AC69-4217-87B5-92693CFE6D9C} http://portugal.gov.pt/Portal/Print.aspx?guid={DA882E01-AC69-4217-87B5-92693CFE6D9C}
TREC_FORMAT: 8 Q0 id547068index3 5 9.227317 pwa_31_1
6 FILTERED FROM other model: http://www.portugal.gov.pt/Portal/PT/Governos/Governos_Constitucionais/GC17/Composicao/?Ministro=PrimeiroMinistro&data http://portugal.gov.pt/Portal/PT/Governos/Governos_Constitucionais/GC17/Composicao/?Ministro=PrimeiroMinistro&data
TREC_FORMAT: 8 Q0 id957581index3 6 9.1909685 pwa_31_1
7 FILTERED FROM other model: http://www.portugal.gov.pt/Portal/PT/Governos/Governos_Constitucionais/GC15/Composicao/ http://portugal.gov.pt/Portal/PT/Governos/Governos_Constitucionais/GC15/Composicao
TREC_FORMAT: 8 Q0 id398979index3 7 9.169492 pwa_31_1
8 FILTERED FROM other model: http://www.portugal.gov.pt/Portal/PT/Primeiro_Ministro/Documentos/20080129_PM_Doc_Novos_Ministros.htm http://portugal.gov.pt/Portal/PT/Primeiro_Ministro/Documentos/20080129_PM_Doc_Novos_Ministros.htm
TREC_FORMAT: 8 Q0 id337068index3 8 9.089843 pwa_31_1
9 FILTERED FROM other model: http://www.portugal.gov.pt/Portal/PT/Governos/Governos_Constitucionais/GC16/Composicao/ http://portugal.gov.pt/Portal/PT/Governos/Governos_Constitucionais/GC16/Composicao
TREC_FORMAT: 8 Q0 id522310index3 9 9.085709 pwa_31_1
10 FILTERED FROM other model: http://blogs.sapo.pt/commentsrss.bml?blog=mota_34&ditemid=57106 http://blogs.sapo.pt/commentsrss.bml?blog=mota_34&ditemid=57106
TREC_FORMAT: 8 Q0 id523191index3 10 9.082409 pwa_31_1
QUERY: festival da canção
URL:http://p15.arquivo.pt/nutchwax/searchTests.jsp?summary=false&hitsPerPage=1500&hitsPerDup=0&queryMatches=-2&query=festival+da+can%C3%A7%C3%A3o&sfunctions=31&sboosts=1
1 FILTERED FROM other model: http://www.promusica.web.pt/apuradas1.html http://promusica.web.pt/apuradas1.html
TREC_FORMAT: 9 Q0 id8054031index3 1 13.005574 pwa_31_1
2 FILTERED FROM other model: http://dre.madeira-edu.pt/gcea/index.php?option=com_content&task=view&id=124&Itemid=228&lang=pt http://dre.madeira-edu.pt/gcea/index.php?option=com_content&task=view&id=124&Itemid=228&lang=pt
TREC_FORMAT: 9 Q0 id2737605index3 2 12.995569 pwa_31_1
3 FILTERED FROM other model: http://www.promusica.web.pt/ http://promusica.web.pt
TREC_FORMAT: 9 Q0 id206214index3 3 12.908587 pwa_31_1
FILTERED: http://www.promusica.web.pt/index.htm http://promusica.web.pt
4 FILTERED FROM other model: http://www.radio.com.pt/PortalRadio/Templates/noticia.aspx?NRMODE=Published&NRORIGINALURL=%2fportalradio%2fradios%2fRadio%2bVoz%2bde%2bAlenquer%2fconteudos%2fnoticias%2f2008%2fMarco%2fRicardo%2bSoler%2bparticipa%2bno%2bFestival%2bda%2bCan%25C3%25A7%25C3%25A3o%2b2008%2ehtm&NRNODEGUID=%7bFD54010F-45B7-4776-8A56-B3B99DF4C5A9%7d&NRCACHEHINT=NoModifyGuest http://radio.com.pt/PortalRadio/Templates/noticia.aspx?NRMODE=Published&NRORIGINALURL=%2fportalradio%2fradios%2fRadio%2bVoz%2bde%2bAlenquer%2fconteudos%2fnoticias%2f2008%2fMarco%2fRicardo%2bSoler%2bparticipa%2bno%2bFestival%2bda%2bCan%25C3%25A7%25C3%25A3o%2b2008%2ehtm&NRNODEGUID=%7bFD54010F-45B7-4776-8A56-B3B99DF4C5A9%7d&NRCACHEHINT=NoModifyGuest
TREC_FORMAT: 9 Q0 id3780737index3 4 12.874077 pwa_31_1
5 FILTERED FROM other model: http://fes01.no.sapo.pt/ http://fes01.no.sapo.pt
TREC_FORMAT: 9 Q0 id586745index3 5 12.85666 pwa_31_1
6 FILTERED FROM other model: http://praiaclaridade.no.sapo.pt/ http://praiaclaridade.no.sapo.pt
TREC_FORMAT: 9 Q0 id2081333index3 6 12.842937 pwa_31_1
7 FILTERED FROM other model: http://fes097.no.sapo.pt/ http://fes097.no.sapo.pt
TREC_FORMAT: 9 Q0 id367515index3 7 12.793789 pwa_31_1
8 FILTERED FROM other model: http://fes996.no.sapo.pt/ http://fes996.no.sapo.pt
TREC_FORMAT: 9 Q0 id373000index3 8 12.750285 pwa_31_1
9 FILTERED FROM other model: http://fes991.no.sapo.pt/ http://fes991.no.sapo.pt
TREC_FORMAT: 9 Q0 id465113index3 9 12.7309885 pwa_31_1
10 FILTERED FROM other model: http://fes095.no.sapo.pt/ http://fes095.no.sapo.pt
TREC_FORMAT: 9 Q0 id512542index3 10 12.730085 pwa_31_1
QUERY: finanças
URL:http://p15.arquivo.pt/nutchwax/searchTests.jsp?summary=false&hitsPerPage=1500&hitsPerDup=0&queryMatches=-2&query=finan%C3%A7as&sfunctions=31&sboosts=1&dateStart=01%2F01%2F2007&dateEnd=31%2F12%2F2009
1 FILTERED FROM other model: http://lisboacity.olx.pt/contabilidade-financas-cat-254 http://lisboacity.olx.pt/contabilidade-financas-cat-254
TREC_FORMAT: 10 Q0 id4997index3 1 6.1689687 pwa_31_1
2 FILTERED FROM other model: http://coimbracity.olx.pt/contabilidade-financas-cat-254 http://coimbracity.olx.pt/contabilidade-financas-cat-254
TREC_FORMAT: 10 Q0 id10137index3 2 6.1648555 pwa_31_1
3 FILTERED FROM other model: http://portocity.olx.pt/contabilidade-financas-cat-254 http://portocity.olx.pt/contabilidade-financas-cat-254
TREC_FORMAT: 10 Q0 id14340index3 3 6.1632423 pwa_31_1
4 FILTERED FROM other model: http://gondomar-porto.olx.pt/contabilidade-financas-cat-254 http://gondomar-porto.olx.pt/contabilidade-financas-cat-254
TREC_FORMAT: 10 Q0 id17198index3 4 6.1613183 pwa_31_1
5 FILTERED FROM other model: http://aveiro-aveiro.olx.pt/contabilidade-financas-cat-254 http://aveiro-aveiro.olx.pt/contabilidade-financas-cat-254
TREC_FORMAT: 10 Q0 id18006index3 5 6.1597238 pwa_31_1
6 FILTERED FROM other model: http://oeiras.olx.pt/contabilidade-financas-cat-254 http://oeiras.olx.pt/contabilidade-financas-cat-254
TREC_FORMAT: 10 Q0 id18804index3 6 6.1595783 pwa_31_1
7 FILTERED FROM other model: http://sintra-lisboa.olx.pt/contabilidade-financas-cat-254 http://sintra-lisboa.olx.pt/contabilidade-financas-cat-254
TREC_FORMAT: 10 Q0 id22359index3 7 6.158508 pwa_31_1
8 FILTERED FROM other model: http://bejacity.olx.pt/contabilidade-financas-cat-254 http://bejacity.olx.pt/contabilidade-financas-cat-254
TREC_FORMAT: 10 Q0 id24862index3 8 6.1573772 pwa_31_1
9 FILTERED FROM other model: http://leiria-leiria.olx.pt/contabilidade-financas-cat-254 http://leiria-leiria.olx.pt/contabilidade-financas-cat-254
TREC_FORMAT: 10 Q0 id24346index3 9 6.156492 pwa_31_1
10 FILTERED FROM other model: http://funchal.olx.pt/contabilidade-financas-cat-254 http://funchal.olx.pt/contabilidade-financas-cat-254
TREC_FORMAT: 10 Q0 id26041index3 10 6.1562343 pwa_31_1
QUERY: federação de kickboxing
URL:http://p15.arquivo.pt/nutchwax/searchTests.jsp?summary=false&hitsPerPage=1500&hitsPerDup=0&queryMatches=-2&query=federa%C3%A7%C3%A3o+de+kickboxing&sfunctions=31&sboosts=1
1 FILTERED FROM other model: http://www.fpkickboxing-muaythai.pt/download/Regulamentos/ESTATUTOS%20-%20Aprovados%20Ass_Ger_16Set2006.pdf http://fpkickboxing-muaythai.pt/download/Regulamentos/ESTATUTOS%20-%20Aprovados%20Ass_Ger_16Set2006.pdf
TREC_FORMAT: 11 Q0 id13501213index3 1 16.757994 pwa_31_1
2 FILTERED FROM other model: http://www.fpkickboxing-muaythai.pt/download/Regulamentos/documentos/estatutos_aprovados_as_ger_16_set_2006.pdf http://fpkickboxing-muaythai.pt/download/Regulamentos/documentos/estatutos_aprovados_as_ger_16_set_2006.pdf
TREC_FORMAT: 11 Q0 id31777912index4 2 16.473257 pwa_31_1
3 FILTERED FROM other model: http://www.cdp.pt/index.php?option=com_content&task=category&sectionid=11&id=229&Itemid=231 http://cdp.pt/index.php?option=com_content&task=category&sectionid=11&id=229&Itemid=231
TREC_FORMAT: 11 Q0 id9044716index3 3 16.414318 pwa_31_1
4 FILTERED FROM other model: http://www.realsportclube.com/JanelaDestaques.cfm?uq=926&l=1&Z http://realsportclube.com/JanelaDestaques.cfm?uq=926&l=1&Z
TREC_FORMAT: 11 Q0 id39447389index4 4 16.341963 pwa_31_1
5 FILTERED FROM other model: http://www.fpkickboxing-muaythai.pt/federacao_historia.html http://fpkickboxing-muaythai.pt/federacao_historia.html
TREC_FORMAT: 11 Q0 id34922326index3 5 16.13766 pwa_31_1
6 FILTERED FROM other model: http://www.fpkickboxing-muaythai.pt/index.php http://fpkickboxing-muaythai.pt
TREC_FORMAT: 11 Q0 id13501216index3 6 15.896104 pwa_31_1
7 FILTERED FROM other model: http://www.fpkickboxing-muaythai.pt/index_en.php http://fpkickboxing-muaythai.pt/index_en.php
TREC_FORMAT: 11 Q0 id26356462index3 7 15.896104 pwa_31_1
FILTERED: http://www.fpkickboxing-muaythai.pt/ http://fpkickboxing-muaythai.pt
8 FILTERED FROM other model: http://www.fpkickboxing-muaythai.pt/front_fotos.php http://fpkickboxing-muaythai.pt/front_fotos.php
TREC_FORMAT: 11 Q0 id27783991index3 8 15.894506 pwa_31_1
9 FILTERED FROM other model: http://www.fpkickboxing-muaythai.pt/federacao_estatutos.html http://fpkickboxing-muaythai.pt/federacao_estatutos.html
TREC_FORMAT: 11 Q0 id13501215index3 9 15.686383 pwa_31_1
10 FILTERED FROM other model: http://www.terravista.pt/aguaalto/3110/ http://terravista.pt/aguaalto/3110
TREC_FORMAT: 11 Q0 id1105029index0 10 15.678913 pwa_31_1
QUERY: volkswagen
URL:http://p15.arquivo.pt/nutchwax/searchTests.jsp?summary=false&hitsPerPage=1500&hitsPerDup=0&queryMatches=-2&query=volkswagen&sfunctions=31&sboosts=1
1 FILTERED FROM other model: http://mundial.sapo.pt/cgi/google?kw=volkswagen http://mundial.sapo.pt/cgi/google?kw=volkswagen
TREC_FORMAT: 12 Q0 id3866253index5 1 7.877531 pwa_31_1
2 FILTERED FROM other model: http://www.moticristo.pt/cgi_mot/moticristo.cgi/_Procura38............3.... http://moticristo.pt/cgi_mot/moticristo.cgi/_Procura38............3....
TREC_FORMAT: 12 Q0 id3677259index5 2 7.675891 pwa_31_1
FILTERED: http://www.moticristo.pt/cgi_mot/moticristo.cgi/_Procura38............3.... http://moticristo.pt/cgi_mot/moticristo.cgi/_Procura38............3....
3 FILTERED FROM other model: http://www.emotor.pt/ http://emotor.pt
TREC_FORMAT: 12 Q0 id1741458index5 3 7.629908 pwa_31_1
4 FILTERED FROM other model: http://info.uminho.pt:8888/Ro%3dVolkswagen%2c%20c%3dDE http://info.uminho.pt:8888/Ro%3dVolkswagen%2c%20c%3dDE
TREC_FORMAT: 12 Q0 id221314index5 4 7.5936313 pwa_31_1
5 FILTERED FROM other model: http://www.moticristo.pt/cgi_mot/moticristo.cgi/_Procura37............3.... http://moticristo.pt/cgi_mot/moticristo.cgi/_Procura37............3....
TREC_FORMAT: 12 Q0 id616787index5 5 7.5844574 pwa_31_1
6 FILTERED FROM other model: http://www.cats.pt/dentinho/miniaturas/city.htm http://cats.pt/dentinho/miniaturas/city.htm
TREC_FORMAT: 12 Q0 id230899index5 6 7.522917 pwa_31_1
7 FILTERED FROM other model: http://maquina1.cats.pt/dentinho/miniaturas/city.htm http://maquina1.cats.pt/dentinho/miniaturas/city.htm
TREC_FORMAT: 12 Q0 id719750index5 7 7.522917 pwa_31_1
FILTERED: http://www.cats.pt/dentinho/miniaturas/city.htm http://cats.pt/dentinho/miniaturas/city.htm
FILTERED: http://www.cats.pt/dentinho/miniaturas/city.htm http://cats.pt/dentinho/miniaturas/city.htm
8 FILTERED FROM other model: http://www.cats.pt/dentinho/miniaturas/victoria.htm http://cats.pt/dentinho/miniaturas/victoria.htm
TREC_FORMAT: 12 Q0 id251137index5 8 7.520062 pwa_31_1
FILTERED: http://www.cats.pt/dentinho/miniaturas/victoria.htm http://cats.pt/dentinho/miniaturas/victoria.htm
FILTERED: http://www.cats.pt/dentinho/miniaturas/victoria.htm http://cats.pt/dentinho/miniaturas/victoria.htm
9 FILTERED FROM other model: http://maquina1.cats.pt/dentinho/miniaturas/victoria.htm http://maquina1.cats.pt/dentinho/miniaturas/victoria.htm
TREC_FORMAT: 12 Q0 id2313849index5 9 7.520062 pwa_31_1
10 FILTERED FROM other model: http://www.autodirecto.pt/pesquisar/lista.asp?st=0&marca=Volkswagen&preco_ate=2000&ordem=caixa_vel http://autodirecto.pt/pesquisar/lista.asp?st=0&marca=Volkswagen&preco_ate=2000&ordem=caixa_vel
TREC_FORMAT: 12 Q0 id2777536index5 10 7.510343 pwa_31_1
QUERY: telepizza
URL:http://p15.arquivo.pt/nutchwax/searchTests.jsp?summary=false&hitsPerPage=1500&hitsPerDup=0&queryMatches=-2&query=telepizza&sfunctions=31&sboosts=1
1 FILTERED FROM other model: http://www.telepizza.pt/ http://telepizza.pt
TREC_FORMAT: 13 Q0 id145619index3 1 12.643526 pwa_31_1
2 FILTERED FROM other model: http://coimbracity.olx.pt/compro-garrafas-coca-cola-replica-1899-telepizza-iid-7994596 http://coimbracity.olx.pt/compro-garrafas-coca-cola-replica-1899-telepizza-iid-7994596
TREC_FORMAT: 13 Q0 id172482index3 2 12.55069 pwa_31_1
3 FILTERED FROM other model: http://www.telepizza.pt/portal/index.php?id=6 http://telepizza.pt/portal/index.php?id=6
TREC_FORMAT: 13 Q0 id1889237index3 3 12.408624 pwa_31_1
FILTERED: http://www.telepizza.pt/ http://telepizza.pt
4 FILTERED FROM other model: http://codigopostal.ciberforma.pt/dir/empresa2.asp?emp=264355 http://codigopostal.ciberforma.pt/dir/empresa2.asp?emp=264355
TREC_FORMAT: 13 Q0 id15540897index3 4 12.268572 pwa_31_1
FILTERED: http://www.telepizza.pt/portal/index.php?id=6 http://telepizza.pt/portal/index.php?id=6
5 FILTERED FROM other model: http://www.telepizza.pt/portal/index.php?id=11 http://telepizza.pt/portal/index.php?id=11
TREC_FORMAT: 13 Q0 id13849022index3 5 12.077796 pwa_31_1
6 FILTERED FROM other model: http://emprego.trovit.pt/emprego/gerencia-hotelaria http://emprego.trovit.pt/emprego/gerencia-hotelaria
TREC_FORMAT: 13 Q0 id18461889index3 6 11.970879 pwa_31_1
FILTERED: http://www.telepizza.pt/portal/index.php?id=11 http://telepizza.pt/portal/index.php?id=11
7 FILTERED FROM other model: http://www.franchising.pt/portal/site/pages/imprimir.aspx?marca=376&zona=ficha http://franchising.pt/portal/site/pages/imprimir.aspx?marca=376&zona=ficha
TREC_FORMAT: 13 Q0 id30640443index3 7 11.832721 pwa_31_1
8 FILTERED FROM other model: http://www.telepizza.pt/portal/index.php?id=2604 http://telepizza.pt/portal/index.php?id=2604
TREC_FORMAT: 13 Q0 id28132496index3 8 11.598924 pwa_31_1
9 FILTERED FROM other model: http://www.wisefranchising.com/Franchising/Telepizza/default.aspx http://wisefranchising.com/Franchising/Telepizza/default.aspx
TREC_FORMAT: 13 Q0 id27312590index4 9 11.588488 pwa_31_1
FILTERED: http://www.telepizza.pt/portal/index.php?id=2604 http://telepizza.pt/portal/index.php?id=2604
10 FILTERED FROM other model: http://www.infofranchising.pt/marcas/telepizza http://infofranchising.pt/marcas/telepizza
TREC_FORMAT: 13 Q0 id1469131index3 10 11.585083 pwa_31_1
QUERY: hospital barreiro
URL:http://p15.arquivo.pt/nutchwax/searchTests.jsp?summary=false&hitsPerPage=1500&hitsPerDup=0&queryMatches=-2&query=hospital+barreiro&sfunctions=31&sboosts=1&dateStart=01%2F01%2F1996&dateEnd=31%2F12%2F2007
1 FILTERED FROM other model: http://www.hbarreiro.min-saude.pt/ComunicacaoImagem/PressReleases/Transversais/Utente_Psiquiatria_realiza_exposicao_Hospital_Barreiro.htm http://hbarreiro.min-saude.pt/ComunicacaoImagem/PressReleases/Transversais/Utente_Psiquiatria_realiza_exposicao_Hospital_Barreiro.htm
TREC_FORMAT: 14 Q0 id1031397index0 1 10.67033 pwa_31_1
2 FILTERED FROM other model: http://jornal.publico.pt/2003/09/26/LocalLisboa/LL45.html http://jornal.publico.pt/2003/09/26/LocalLisboa/LL45.html
TREC_FORMAT: 14 Q0 id4800959index0 2 10.236704 pwa_31_1
3 FILTERED FROM other model: http://www.expresso.pt/ed1335/n113.asp http://expresso.pt/ed1335/n113.asp
TREC_FORMAT: 14 Q0 id894294index5 3 10.089525 pwa_31_1
FILTERED: http://www.expresso.pt/ed1335/n113.asp http://expresso.pt/ed1335/n113.asp
4 FILTERED FROM other model: http://www.expresso.pt/ed1335/n113.asp?p http://expresso.pt/ed1335/n113.asp?p
TREC_FORMAT: 14 Q0 id2471096index5 4 10.089525 pwa_31_1
5 FILTERED FROM other model: http://www.expresso.pt/ed1335/n113.asp?a http://expresso.pt/ed1335/n113.asp?a
TREC_FORMAT: 14 Q0 id2801946index5 5 10.089525 pwa_31_1
FILTERED: http://www.expresso.pt/ed1335/n113.asp http://expresso.pt/ed1335/n113.asp
FILTERED: http://www.expresso.pt/ed1335/n113.asp?p http://expresso.pt/ed1335/n113.asp?p
6 FILTERED FROM other model: http://www.nst.pt/institui/barrei.html http://nst.pt/institui/barrei.html
TREC_FORMAT: 14 Q0 id740059index5 6 9.932704 pwa_31_1
FILTERED: http://www.nst.pt/institui/barrei.html http://nst.pt/institui/barrei.html
7 FILTERED FROM other model: http://www.jnoticias.pt/textos/out40410.htm http://jnoticias.pt/textos/out40410.htm
TREC_FORMAT: 14 Q0 id2198661index5 7 9.876099 pwa_31_1
8 FILTERED FROM other model: http://www.soshepatites.org.pt/sos/index.php?option=com_content&task=view&id=54&Itemid=9 http://soshepatites.org.pt/sos/index.php?option=com_content&task=view&id=54&Itemid=9
TREC_FORMAT: 14 Q0 id1250000index0 8 9.638555 pwa_31_1
9 FILTERED FROM other model: http://jornal.publico.pt/publico/2000/11/16/LocalLisboa/LL05.html http://jornal.publico.pt/publico/2000/11/16/LocalLisboa/LL05.html
TREC_FORMAT: 14 Q0 id3307756index0 9 9.617505 pwa_31_1
10 FILTERED FROM other model: http://www.lahdb.inet.pt/ http://lahdb.inet.pt
TREC_FORMAT: 14 Q0 id1121214index0 10 9.61742 pwa_31_1
QUERY: fernando pessoa
URL:http://p15.arquivo.pt/nutchwax/searchTests.jsp?summary=false&hitsPerPage=1500&hitsPerDup=0&queryMatches=-2&query=fernando+pessoa&sfunctions=31&sboosts=1
1 FILTERED FROM other model: http://www.lsi.usp.br/art/pessoa/creditos.html http://lsi.usp.br/art/pessoa/creditos.html
TREC_FORMAT: 15 Q0 id42223index1 1 14.425639 pwa_31_1
2 FILTERED FROM other model: http://www.lsi.usp.br/art/pessoa/lista.html http://lsi.usp.br/art/pessoa/lista.html
TREC_FORMAT: 15 Q0 id65752index1 2 13.842537 pwa_31_1
3 FILTERED FROM other model: http://www.lsi.usp.br/art/pessoa/ http://lsi.usp.br/art/pessoa
TREC_FORMAT: 15 Q0 id562index1 3 13.696979 pwa_31_1
4 FILTERED FROM other model: http://www.lsi.usp.br/art/pessoa/dedic.html http://lsi.usp.br/art/pessoa/dedic.html
TREC_FORMAT: 15 Q0 id65750index1 4 13.677813 pwa_31_1
5 FILTERED FROM other model: http://www.lsi.usp.br/art/pessoa/intro.html http://lsi.usp.br/art/pessoa/intro.html
TREC_FORMAT: 15 Q0 id65751index1 5 13.3652115 pwa_31_1
6 FILTERED FROM other model: http://www.lsi.usp.br/art/index.html http://lsi.usp.br/art
TREC_FORMAT: 15 Q0 id65748index1 6 12.114708 pwa_31_1
7 FILTERED FROM other model: http://www.telepac.pt/paging/pri.html http://telepac.pt/paging/pri.html
TREC_FORMAT: 15 Q0 id71827index1 7 10.908103 pwa_31_1
8 FILTERED FROM other model: http://www.rtp.pt/rtpinternacional/lusofone/index.htm http://rtp.pt/rtpinternacional/lusofone
TREC_FORMAT: 15 Q0 id46525index1 8 10.814316 pwa_31_1
9 FILTERED FROM other model: http://www.ufp.pt/ http://ufp.pt
TREC_FORMAT: 15 Q0 id6917index3 9 10.285237 pwa_31_1
10 FILTERED FROM other model: http://lisboacity.olx.pt/livros-de-esoterismo-fernando-pessoa-iid-8067222 http://lisboacity.olx.pt/livros-de-esoterismo-fernando-pessoa-iid-8067222
TREC_FORMAT: 15 Q0 id127841index3 10 10.207594 pwa_31_1
QUERY: google
URL:http://p15.arquivo.pt/nutchwax/searchTests.jsp?summary=false&hitsPerPage=1500&hitsPerDup=0&queryMatches=-2&query=google&sfunctions=31&sboosts=1
1 FILTERED FROM other model: http://www.google.pt/ http://google.pt
TREC_FORMAT: 16 Q0 id445index3 1 4.909325 pwa_31_1
2 FILTERED FROM other model: http://images.google.com/ http://images.google.com
TREC_FORMAT: 16 Q0 id11063index3 2 4.896126 pwa_31_1
3 ADDED: http://www.google.com.br/ http://google.com.br
TREC_FORMAT: 16 Q0 id10163index3 3 4.884907 pwa_31_1
4 FILTERED FROM other model: http://earth.google.com/ http://earth.google.com
TREC_FORMAT: 16 Q0 id10342index3 4 4.883085 pwa_31_1
5 ADDED: http://www.google.com/about.html http://google.com/about.html
TREC_FORMAT: 16 Q0 id3916index3 5 4.8689694 pwa_31_1
6 ADDED: http://www.google.com/language_tools http://google.com/language_tools
TREC_FORMAT: 16 Q0 id22229index3 6 4.8568525 pwa_31_1
7 FILTERED FROM other model: http://maps.google.com/ http://maps.google.com
TREC_FORMAT: 16 Q0 id102index3 7 4.8546605 pwa_31_1
8 ADDED: http://homepage.oninet.pt/645mva/firstGoogle.htm http://homepage.oninet.pt/645mva/firstGoogle.htm
TREC_FORMAT: 16 Q0 id425210index0 8 4.854351 pwa_31_1
9 ADDED: http://www.google.pt/language_tools?hl=pt-PT http://google.pt/language_tools?hl=pt-PT
TREC_FORMAT: 16 Q0 id14240index3 9 4.8540144 pwa_31_1
10 ADDED: http://www.google.pt/language_tools http://google.pt/language_tools
TREC_FORMAT: 16 Q0 id209768index3 10 4.8514624 pwa_31_1
QUERY: adelaide ferreira
URL:http://p15.arquivo.pt/nutchwax/searchTests.jsp?summary=false&hitsPerPage=1500&hitsPerDup=0&queryMatches=-2&query=adelaide+ferreira&sfunctions=31&sboosts=1&dateStart=01%2F01%2F1996&dateEnd=31%2F12%2F2005
1 FILTERED FROM other model: http://vmagenciamento.planetaclix.pt/acustico_musicas_do_espect_culo.html http://vmagenciamento.planetaclix.pt/acustico_musicas_do_espect_culo.html
TREC_FORMAT: 17 Q0 id11494724index0 1 11.581807 pwa_31_1
2 FILTERED FROM other model: http://vida.aeiou.pt/registos/n/Novo_Single_de_Adelaide_Ferreira.html http://vida.aeiou.pt/registos/n/Novo_Single_de_Adelaide_Ferreira.html
TREC_FORMAT: 17 Q0 id9778628index0 2 11.053416 pwa_31_1
3 FILTERED FROM other model: http://neptuno.uevora.pt/ambio/012002/threads.html http://neptuno.uevora.pt/ambio/012002/threads.html
TREC_FORMAT: 17 Q0 id3083959index0 3 11.025317 pwa_31_1
FILTERED: http://neptuno.uevora.pt/ambio/012002/threads.html http://neptuno.uevora.pt/ambio/012002/threads.html
FILTERED: http://neptuno.uevora.pt/ambio/012002/threads.html http://neptuno.uevora.pt/ambio/012002/threads.html
4 FILTERED FROM other model: http://neptuno.uevora.pt/ambio/022002/threads.html http://neptuno.uevora.pt/ambio/022002/threads.html
TREC_FORMAT: 17 Q0 id12987061index0 4 10.926277 pwa_31_1
5 FILTERED FROM other model: http://neptuno.uevora.pt/ambio/052001/threads.html http://neptuno.uevora.pt/ambio/052001/threads.html
TREC_FORMAT: 17 Q0 id11696531index0 5 10.907511 pwa_31_1
6 FILTERED FROM other model: http://neptuno.uevora.pt/ambio/012002/maillist.html http://neptuno.uevora.pt/ambio/012002/maillist.html
TREC_FORMAT: 17 Q0 id11696527index0 6 10.897372 pwa_31_1
FILTERED: http://neptuno.uevora.pt/ambio/012002/maillist.html http://neptuno.uevora.pt/ambio/012002/maillist.html
7 FILTERED FROM other model: http://guitartabs.com.sapo.pt/arquivo-nacional/a/adelaide-ferreira/adelaide-ferreira.htm http://guitartabs.com.sapo.pt/arquivo-nacional/a/adelaide-ferreira/adelaide-ferreira.htm
TREC_FORMAT: 17 Q0 id8682863index0 7 10.851449 pwa_31_1
8 FILTERED FROM other model: http://neptuno.uevora.pt/ambio/072001/threads.html http://neptuno.uevora.pt/ambio/072001/threads.html
TREC_FORMAT: 17 Q0 id12392764index0 8 10.796989 pwa_31_1
FILTERED: http://neptuno.uevora.pt/ambio/072001/threads.html http://neptuno.uevora.pt/ambio/072001/threads.html
FILTERED: http://neptuno.uevora.pt/ambio/072001/threads.html http://neptuno.uevora.pt/ambio/072001/threads.html
9 FILTERED FROM other model: http://vmagenciamento.planetaclix.pt/index_adelaide_ferreira.html http://vmagenciamento.planetaclix.pt/index_adelaide_ferreira.html
TREC_FORMAT: 17 Q0 id10697032index0 9 10.721252 pwa_31_1
10 FILTERED FROM other model: http://neptuno.uevora.pt/ambio/072001/maillist.html http://neptuno.uevora.pt/ambio/072001/maillist.html
TREC_FORMAT: 17 Q0 id11739531index0 10 10.68113 pwa_31_1
QUERY: porto aveiro
URL:http://p15.arquivo.pt/nutchwax/searchTests.jsp?summary=false&hitsPerPage=1500&hitsPerDup=0&queryMatches=-2&query=porto+aveiro&sfunctions=31&sboosts=1
1 FILTERED FROM other model: http://www.ajc.pt/ajc/onde.html http://ajc.pt/ajc/onde.html
TREC_FORMAT: 18 Q0 id10666index1 1 10.655375 pwa_31_1
2 FILTERED FROM other model: http://www.ua.pt/ua/ss95abc/cv/ruilaa.html http://ua.pt/ua/ss95abc/cv/ruilaa.html
TREC_FORMAT: 18 Q0 id25609index1 2 10.149769 pwa_31_1
3 FILTERED FROM other model: http://www.inescn.pt/ http://inescn.pt
TREC_FORMAT: 18 Q0 id1014index1 3 9.493804 pwa_31_1
4 FILTERED FROM other model: http://www.inesc.pt/inesc/index.html http://inesc.pt/inesc
TREC_FORMAT: 18 Q0 id17259index1 4 9.404584 pwa_31_1
5 FILTERED FROM other model: http://archie.inesc.pt/inesc/index.html http://archie.inesc.pt/inesc
TREC_FORMAT: 18 Q0 id51727index1 5 9.404584 pwa_31_1
6 FILTERED FROM other model: http://www.di.uminho.pt/~esteves/turismo/praias.html http://di.uminho.pt/~esteves/turismo/praias.html
TREC_FORMAT: 18 Q0 id37668index1 6 9.095677 pwa_31_1
7 FILTERED FROM other model: http://www.fccn.pt//servidoresWWW.html http://fccn.pt/servidoresWWW.html
TREC_FORMAT: 18 Q0 id62420index1 7 9.069651 pwa_31_1
8 FILTERED FROM other model: http://sapo.ua.pt/educacional/universidades/ http://sapo.ua.pt/educacional/universidades
TREC_FORMAT: 18 Q0 id8841index1 8 8.941819 pwa_31_1
9 FILTERED FROM other model: http://eden.dei.uc.pt/World/ http://eden.dei.uc.pt/World
TREC_FORMAT: 18 Q0 id5991index1 9 8.840247 pwa_31_1
10 FILTERED FROM other model: http://www.jnoticias.pt/email/email_M.htm http://jnoticias.pt/email/email_M.htm
TREC_FORMAT: 18 Q0 id18122index1 10 8.801489 pwa_31_1
QUERY: porto de lisboa
URL:http://p15.arquivo.pt/nutchwax/searchTests.jsp?summary=false&hitsPerPage=1500&hitsPerDup=0&queryMatches=-2&query=porto+de+lisboa&sfunctions=31&sboosts=1
1 FILTERED FROM other model: http://www.telepac.pt/csonline/camaras/est.html http://telepac.pt/csonline/camaras/est.html
TREC_FORMAT: 19 Q0 id24647index1 1 10.872225 pwa_31_1
2 FILTERED FROM other model: http://shiva.di.uminho.pt/~miguel/FUTEBOL/pt/national/seleccao.html http://shiva.di.uminho.pt/~miguel/FUTEBOL/pt/national/seleccao.html
TREC_FORMAT: 19 Q0 id9064index1 2 10.182575 pwa_31_1
3 FILTERED FROM other model: http://www.imagine.pt/imagine/gv/vp/vp_04_p.htm http://imagine.pt/imagine/gv/vp/vp_04_p.htm
TREC_FORMAT: 19 Q0 id40455index1 3 10.010284 pwa_31_1
4 FILTERED FROM other model: http://www.ajc.pt/ajc/onde.html http://ajc.pt/ajc/onde.html
TREC_FORMAT: 19 Q0 id10666index1 4 9.913072 pwa_31_1
5 FILTERED FROM other model: http://www.jnoticias.pt/email/email_C.htm http://jnoticias.pt/email/email_C.htm
TREC_FORMAT: 19 Q0 id65022index1 5 9.690742 pwa_31_1
6 FILTERED FROM other model: http://www.jnoticias.pt/email/email_R.htm http://jnoticias.pt/email/email_R.htm
TREC_FORMAT: 19 Q0 id65027index1 6 9.627659 pwa_31_1
7 FILTERED FROM other model: http://www.fccn.pt//servidoresWWW.html http://fccn.pt/servidoresWWW.html
TREC_FORMAT: 19 Q0 id62420index1 7 9.530236 pwa_31_1
8 FILTERED FROM other model: http://www.jnoticias.pt/email/email_P.htm http://jnoticias.pt/email/email_P.htm
TREC_FORMAT: 19 Q0 id18123index1 8 9.528212 pwa_31_1
9 FILTERED FROM other model: http://www.inesc.pt/inesc/index.html http://inesc.pt/inesc
TREC_FORMAT: 19 Q0 id17259index1 9 9.483336 pwa_31_1
10 FILTERED FROM other model: http://archie.inesc.pt/inesc/index.html http://archie.inesc.pt/inesc
TREC_FORMAT: 19 Q0 id51727index1 10 9.483336 pwa_31_1
QUERY: embaixada do brasil
URL:http://p15.arquivo.pt/nutchwax/searchTests.jsp?summary=false&hitsPerPage=1500&hitsPerDup=0&queryMatches=-2&query=embaixada+do+brasil&sfunctions=31&sboosts=1
1 FILTERED FROM other model: http://zonaindustrialdecasalinhosdealfaiata.olx.pt/embaixada-turistica-brasil-iid-2923358 http://zonaindustrialdecasalinhosdealfaiata.olx.pt/embaixada-turistica-brasil-iid-2923358
TREC_FORMAT: 20 Q0 id399097index3 1 13.310307 pwa_31_1
2 ADDED: http://sindicato.stcde.pt/estatuto/dconj644-01.htm http://sindicato.stcde.pt/estatuto/dconj644-01.htm
TREC_FORMAT: 20 Q0 id225536index3 2 13.082019 pwa_31_1
3 ADDED: http://www.stcde.pt/estatuto/dconj644-01.htm http://stcde.pt/estatuto/dconj644-01.htm
TREC_FORMAT: 20 Q0 id33831378index3 3 13.082019 pwa_31_1
4 ADDED: http://www.embaixadadobrasil.pt/docs/conteudos.asp?idConteudo=220&id1=220&cont1=A%20Embaixada&Lingua=Por http://embaixadadobrasil.pt/docs/conteudos.asp?idConteudo=220&id1=220&cont1=A%20Embaixada&Lingua=Por
TREC_FORMAT: 20 Q0 id3450518index3 4 12.824031 pwa_31_1
5 ADDED: http://www.embaixadadobrasil.tecladigital.pt/docs/conteudos.asp?idConteudo=220&id1=220&cont1=A%20Embaixada&Lingua=Por http://embaixadadobrasil.tecladigital.pt/docs/conteudos.asp?idConteudo=220&id1=220&cont1=A%20Embaixada&Lingua=Por
TREC_FORMAT: 20 Q0 id17729112index3 5 12.824031 pwa_31_1
6 ADDED: http://www.embaixadadobrasil.pt/docs/conteudos.asp?idConteudo=220&id1=220&Lingua=Por http://embaixadadobrasil.pt/docs/conteudos.asp?idConteudo=220&id1=220&Lingua=Por
TREC_FORMAT: 20 Q0 id19157546index3 6 12.824031 pwa_31_1
7 ADDED: http://www.embaixadadobrasil.tecladigital.pt/docs/conteudos.asp?idConteudo=220&id1=220&Lingua=Por http://embaixadadobrasil.tecladigital.pt/docs/conteudos.asp?idConteudo=220&id1=220&Lingua=Por
TREC_FORMAT: 20 Q0 id34866184index3 7 12.824031 pwa_31_1
8 ADDED: http://www.guine.org/ http://guine.org
TREC_FORMAT: 20 Q0 id10676417index3 8 12.740301 pwa_31_1
9 ADDED: http://www.embaixadadobrasil.pt/docs/conteudos.asp?id1=220&id2=236&idConteudo=236&cont1=A%20Embaixada&cont2=Localiza%C3%A7%C3%A3o%20e%20atendimento&Lingua=Por http://embaixadadobrasil.pt/docs/conteudos.asp?id1=220&id2=236&idConteudo=236&cont1=A%20Embaixada&cont2=Localiza%C3%A7%C3%A3o%20e%20atendimento&Lingua=Por
TREC_FORMAT: 20 Q0 id3450517index3 9 12.690912 pwa_31_1
10 ADDED: http://www.embaixadadobrasil.tecladigital.pt/docs/conteudos.asp?id1=220&id2=236&idConteudo=236&cont1=A%20Embaixada&cont2=Localiza%C3%A7%C3%A3o%20e%20atendimento&Lingua=Por http://embaixadadobrasil.tecladigital.pt/docs/conteudos.asp?id1=220&id2=236&idConteudo=236&cont1=A%20Embaixada&cont2=Localiza%C3%A7%C3%A3o%20e%20atendimento&Lingua=Por
TREC_FORMAT: 20 Q0 id14873887index3 10 12.690912 pwa_31_1
QUERY: teatro dona maria segunda
URL:http://p15.arquivo.pt/nutchwax/searchTests.jsp?summary=false&hitsPerPage=1500&hitsPerDup=0&queryMatches=-2&query=teatro+dona+maria+segunda&sfunctions=31&sboosts=1
1 ADDED: http://www.fl.ul.pt/biblioteca/biblioteca_digital/publicacoes/th/html/francisco-araujo.html http://fl.ul.pt/biblioteca/biblioteca_digital/publicacoes/th/html/francisco-araujo.html
TREC_FORMAT: 21 Q0 id24916363index3 1 13.234701 pwa_31_1
2 ADDED: http://www.madragoafilmes.pt/filme.asp?ID=89 http://madragoafilmes.pt/filme.asp?ID=89
TREC_FORMAT: 21 Q0 id20775237index3 2 13.174924 pwa_31_1
3 ADDED: http://www.netparque.pt/NPShowStory.asp?id=240138 http://netparque.pt/NPShowStory.asp?id=240138
TREC_FORMAT: 21 Q0 id30831465index3 3 13.018223 pwa_31_1
4 ADDED: http://www.bragacom.pt/ent_res.asp?entID=1056 http://bragacom.pt/ent_res.asp?entID=1056
TREC_FORMAT: 21 Q0 id12563413index0 4 12.620499 pwa_31_1
5 ADDED: http://www.lifecooler.iol.pt/Portugal/patrimonio/CasaMuseuACampos http://lifecooler.iol.pt/Portugal/patrimonio/CasaMuseuACampos
TREC_FORMAT: 21 Q0 id32182471index3 5 12.479666 pwa_31_1
6 ADDED: http://www.expresso.pt/ed1412/pu-breves.asp?p http://expresso.pt/ed1412/pu-breves.asp?p
TREC_FORMAT: 21 Q0 id5751312index0 6 12.215785 pwa_31_1
7 ADDED: http://www.expresso.pt/ed1412/pu-breves.asp http://expresso.pt/ed1412/pu-breves.asp
TREC_FORMAT: 21 Q0 id21968747index0 7 12.215785 pwa_31_1
8 ADDED: http://primeirasedicoes.expresso.pt/ed1412/pu-breves.asp?a http://primeirasedicoes.expresso.pt/ed1412/pu-breves.asp?a
TREC_FORMAT: 21 Q0 id23733047index0 8 12.215785 pwa_31_1
FILTERED: http://www.expresso.pt/ed1412/pu-breves.asp?p http://expresso.pt/ed1412/pu-breves.asp?p
FILTERED: http://www.expresso.pt/ed1412/pu-breves.asp http://expresso.pt/ed1412/pu-breves.asp
9 ADDED: http://www.expresso.pt/ed1412/pu-breves.asp?a http://expresso.pt/ed1412/pu-breves.asp?a
TREC_FORMAT: 21 Q0 id3218431index5 9 12.201428 pwa_31_1
10 ADDED: http://tektix.serveftp.com:8080/gfisica/index.jsp?page=news&id=9 http://tektix.serveftp.com:8080/gfisica/index.jsp?page=news&id=9
TREC_FORMAT: 21 Q0 id14579715index3 10 12.141469 pwa_31_1
QUERY: notícias de leiria
URL:http://p15.arquivo.pt/nutchwax/searchTests.jsp?summary=false&hitsPerPage=1500&hitsPerDup=0&queryMatches=-2&query=not%C3%ADcias+de+leiria&sfunctions=31&sboosts=1&dateStart=01%2F01%2F1996&dateEnd=31%2F12%2F2003
1 FILTERED FROM other model: http://www.jnoticias.pt/presid96.htm http://jnoticias.pt/presid96.htm
TREC_FORMAT: 22 Q0 id18140index1 1 9.805699 pwa_31_1
2 FILTERED FROM other model: http://shiva.di.uminho.pt/~miguel/FUTEBOL/pt/portugal.html http://shiva.di.uminho.pt/~miguel/FUTEBOL/pt/portugal.html
TREC_FORMAT: 22 Q0 id410index1 2 7.8553967 pwa_31_1
3 FILTERED FROM other model: http://www.pcp.pt/autarq/autarq97/leiriac.html http://pcp.pt/autarq/autarq97/leiriac.html
TREC_FORMAT: 22 Q0 id2339863index5 3 7.203876 pwa_31_1
4 FILTERED FROM other model: http://mundial.sapo.pt/cgi/google?kw=mapa+leiria&ar=&selsearch=&strict=1&fs=0 http://mundial.sapo.pt/cgi/google?kw=mapa+leiria&ar=&selsearch=&strict=1&fs=0
TREC_FORMAT: 22 Q0 id1705615index5 4 7.084723 pwa_31_1
5 FILTERED FROM other model: http://mundial.sapo.pt/cgi/google?kw=leiria http://mundial.sapo.pt/cgi/google?kw=leiria
TREC_FORMAT: 22 Q0 id646708index5 5 6.997652 pwa_31_1
6 FILTERED FROM other model: http://www.sapo.pt/cgi/pesquisa?selsearch=0&ar=-&ds=on&tt=on&ur=on&md=none&strict=1&kw=jornal+leiria&x=8&y=9 http://sapo.pt/cgi/pesquisa?selsearch=0&ar=-&ds=on&tt=on&ur=on&md=none&strict=1&kw=jornal+leiria&x=8&y=9
TREC_FORMAT: 22 Q0 id2175123index5 6 6.872663 pwa_31_1
7 FILTERED FROM other model: http://www.sapo.pt/educacional/universidades/leiria/index.html http://sapo.pt/educacional/universidades/leiria
TREC_FORMAT: 22 Q0 id1372993index5 7 6.788671 pwa_31_1
8 FILTERED FROM other model: http://mundial.sapo.pt/cgi/google?kw=mapa+Leiria http://mundial.sapo.pt/cgi/google?kw=mapa+Leiria
TREC_FORMAT: 22 Q0 id2192283index5 8 6.6903276 pwa_31_1
FILTERED: http://www.sapo.pt/cgi/pesquisa?selsearch=0&ar=-&ds=on&tt=on&ur=on&md=none&strict=1&kw=jornal+leiria&x=8&y=9 http://sapo.pt/cgi/pesquisa?selsearch=0&ar=-&ds=on&tt=on&ur=on&md=none&strict=1&kw=jornal+leiria&x=8&y=9
9 FILTERED FROM other model: http://www.regiaodeleiria.pt/ http://regiaodeleiria.pt
TREC_FORMAT: 22 Q0 id16082index5 9 6.6388397 pwa_31_1
10 FILTERED FROM other model: http://www.sapo.pt/regional/camaras/leiria/index.html http://sapo.pt/regional/camaras/leiria
TREC_FORMAT: 22 Q0 id318140index5 10 6.633362 pwa_31_1
QUERY: horários soflusa
URL:http://p15.arquivo.pt/nutchwax/searchTests.jsp?summary=false&hitsPerPage=1500&hitsPerDup=0&queryMatches=-2&query=hor%C3%A1rios+soflusa&sfunctions=31&sboosts=1&dateStart=01%2F01%2F2003&dateEnd=31%2F12%2F2006
1 FILTERED FROM other model: http://www.soflusa.pt/ http://soflusa.pt
TREC_FORMAT: 23 Q0 id619009index0 1 15.872714 pwa_31_1
FILTERED: http://www.soflusa.pt/ http://soflusa.pt
FILTERED: http://www.soflusa.pt/ http://soflusa.pt
FILTERED: http://www.soflusa.pt/ http://soflusa.pt
FILTERED: http://www.soflusa.pt/ http://soflusa.pt
FILTERED: http://www.soflusa.pt/ http://soflusa.pt
FILTERED: http://www.soflusa.pt/default.htm http://soflusa.pt
FILTERED: http://www.soflusa.pt/ http://soflusa.pt
FILTERED: http://www.soflusa.pt/ http://soflusa.pt
FILTERED: http://www.soflusa.pt/ http://soflusa.pt
FILTERED: http://www.soflusa.pt/ http://soflusa.pt
FILTERED: http://www.soflusa.pt/default.htm http://soflusa.pt
FILTERED: http://www.soflusa.pt/default.htm http://soflusa.pt
FILTERED: http://www.soflusa.pt/ http://soflusa.pt
FILTERED: http://www.soflusa.pt/ http://soflusa.pt
FILTERED: http://www.soflusa.pt/ http://soflusa.pt
FILTERED: http://www.soflusa.pt/default.htm http://soflusa.pt
FILTERED: http://www.soflusa.pt/ http://soflusa.pt
FILTERED: http://www.soflusa.pt/ http://soflusa.pt
FILTERED: http://www.soflusa.pt/ http://soflusa.pt
FILTERED: http://www.soflusa.pt/ http://soflusa.pt
FILTERED: http://www.soflusa.pt/ http://soflusa.pt
FILTERED: http://www.soflusa.pt/ http://soflusa.pt
FILTERED: http://www.soflusa.pt/ http://soflusa.pt
FILTERED: http://www.soflusa.pt/ http://soflusa.pt
FILTERED: http://www.soflusa.pt/ http://soflusa.pt
FILTERED: http://www.soflusa.pt/ http://soflusa.pt
FILTERED: http://www.soflusa.pt/ http://soflusa.pt
FILTERED: http://www.soflusa.pt/ http://soflusa.pt
FILTERED: http://www.soflusa.pt/default.htm http://soflusa.pt
FILTERED: http://www.soflusa.pt/ http://soflusa.pt
FILTERED: http://www.soflusa.pt/ http://soflusa.pt
FILTERED: http://www.soflusa.pt/default.htm http://soflusa.pt
2 FILTERED FROM other model: http://www.cp.pt/cp/displayPage.do?contentId=54353533514ab010VgnVCM1000007b01a8c0RCRD&vgnextoid=1c341c639f984010VgnVCM1000007b01a8c0RCRD http://cp.pt/cp/displayPage.do?contentId=54353533514ab010VgnVCM1000007b01a8c0RCRD&vgnextoid=1c341c639f984010VgnVCM1000007b01a8c0RCRD
TREC_FORMAT: 23 Q0 id31470158index0 2 13.619902 pwa_31_1
3 FILTERED FROM other model: http://www.soflusa.pt/horar_soflusa.htm http://soflusa.pt/horar_soflusa.htm
TREC_FORMAT: 23 Q0 id73240342index0 3 13.58137 pwa_31_1
FILTERED: http://www.soflusa.pt/horar_soflusa.htm http://soflusa.pt/horar_soflusa.htm
FILTERED: http://www.soflusa.pt/horar_soflusa.htm http://soflusa.pt/horar_soflusa.htm
FILTERED: http://www.soflusa.pt/horar_soflusa.htm http://soflusa.pt/horar_soflusa.htm
FILTERED: http://www.soflusa.pt/horar_soflusa.htm http://soflusa.pt/horar_soflusa.htm
FILTERED: http://www.soflusa.pt/horar_soflusa.htm http://soflusa.pt/horar_soflusa.htm
FILTERED: http://www.soflusa.pt/horar_soflusa.htm http://soflusa.pt/horar_soflusa.htm
FILTERED: http://www.soflusa.pt/horar_soflusa.htm http://soflusa.pt/horar_soflusa.htm
FILTERED: http://www.soflusa.pt/horar_soflusa.htm http://soflusa.pt/horar_soflusa.htm
FILTERED: http://www.soflusa.pt/horar_soflusa.htm http://soflusa.pt/horar_soflusa.htm
FILTERED: http://www.soflusa.pt/horar_soflusa.htm http://soflusa.pt/horar_soflusa.htm
FILTERED: http://www.soflusa.pt/horar_soflusa.htm http://soflusa.pt/horar_soflusa.htm
FILTERED: http://www.soflusa.pt/horar_soflusa.htm http://soflusa.pt/horar_soflusa.htm
FILTERED: http://www.soflusa.pt/horar_soflusa.htm http://soflusa.pt/horar_soflusa.htm
FILTERED: http://www.soflusa.pt/horar_soflusa.htm http://soflusa.pt/horar_soflusa.htm
FILTERED: http://www.soflusa.pt/horar_soflusa.htm http://soflusa.pt/horar_soflusa.htm
FILTERED: http://www.soflusa.pt/horar_soflusa.htm http://soflusa.pt/horar_soflusa.htm
FILTERED: http://www.soflusa.pt/horar_soflusa.htm http://soflusa.pt/horar_soflusa.htm
4 FILTERED FROM other model: http://www.soflusa.pt/horar_soflusa4.htm http://soflusa.pt/horar_soflusa4.htm
TREC_FORMAT: 23 Q0 id24625940index0 4 13.170784 pwa_31_1
5 FILTERED FROM other model: http://www.soflusa.pt/horar_soflusa3.htm http://soflusa.pt/horar_soflusa3.htm
TREC_FORMAT: 23 Q0 id41173020index0 5 13.170784 pwa_31_1
FILTERED: http://www.soflusa.pt/horar_soflusa4.htm http://soflusa.pt/horar_soflusa4.htm
FILTERED: http://www.soflusa.pt/horar_soflusa4.htm http://soflusa.pt/horar_soflusa4.htm
FILTERED: http://www.soflusa.pt/horar_soflusa4.htm http://soflusa.pt/horar_soflusa4.htm
FILTERED: http://www.soflusa.pt/horar_soflusa4.htm http://soflusa.pt/horar_soflusa4.htm
FILTERED: http://www.soflusa.pt/horar_soflusa3.htm http://soflusa.pt/horar_soflusa3.htm
FILTERED: http://www.soflusa.pt/horar_soflusa3.htm http://soflusa.pt/horar_soflusa3.htm
FILTERED: http://www.soflusa.pt/horar_soflusa4.htm http://soflusa.pt/horar_soflusa4.htm
6 FILTERED FROM other model: http://transportugal.blogs.sapo.pt/arquivo/352413.html http://transportugal.blogs.sapo.pt/arquivo/352413.html
TREC_FORMAT: 23 Q0 id12834934index0 6 13.036719 pwa_31_1
FILTERED: http://transportugal.blogs.sapo.pt/arquivo/352413.html http://transportugal.blogs.sapo.pt/arquivo/352413.html
FILTERED: http://www.soflusa.pt/horar_soflusa3.htm http://soflusa.pt/horar_soflusa3.htm
FILTERED: http://www.soflusa.pt/horar_soflusa3.htm http://soflusa.pt/horar_soflusa3.htm
FILTERED: http://www.soflusa.pt/horar_soflusa4.htm http://soflusa.pt/horar_soflusa4.htm
FILTERED: http://www.soflusa.pt/horar_soflusa3.htm http://soflusa.pt/horar_soflusa3.htm
FILTERED: http://www.soflusa.pt/horar_soflusa4.htm http://soflusa.pt/horar_soflusa4.htm
FILTERED: http://www.soflusa.pt/horar_soflusa3.htm http://soflusa.pt/horar_soflusa3.htm
FILTERED: http://www.soflusa.pt/horar_soflusa4.htm http://soflusa.pt/horar_soflusa4.htm
FILTERED: http://www.soflusa.pt/horar_soflusa4.htm http://soflusa.pt/horar_soflusa4.htm
FILTERED: http://www.soflusa.pt/horar_soflusa3.htm http://soflusa.pt/horar_soflusa3.htm
FILTERED: http://www.soflusa.pt/horar_soflusa4.htm http://soflusa.pt/horar_soflusa4.htm
FILTERED: http://www.soflusa.pt/horar_soflusa4.htm http://soflusa.pt/horar_soflusa4.htm
FILTERED: http://www.soflusa.pt/horar_soflusa3.htm http://soflusa.pt/horar_soflusa3.htm
7 FILTERED FROM other model: http://www.soflusa.pt/horar_soflusa1.htm http://soflusa.pt/horar_soflusa1.htm
TREC_FORMAT: 23 Q0 id90993029index0 7 12.590171 pwa_31_1
8 FILTERED FROM other model: http://www.soflusa.pt/horar_soflusa2.htm http://soflusa.pt/horar_soflusa2.htm
TREC_FORMAT: 23 Q0 id42380925index0 8 12.534379 pwa_31_1
FILTERED: http://www.soflusa.pt/horar_soflusa1.htm http://soflusa.pt/horar_soflusa1.htm
FILTERED: http://www.soflusa.pt/horar_soflusa2.htm http://soflusa.pt/horar_soflusa2.htm
FILTERED: http://www.soflusa.pt/horar_soflusa2.htm http://soflusa.pt/horar_soflusa2.htm
FILTERED: http://www.soflusa.pt/horar_soflusa1.htm http://soflusa.pt/horar_soflusa1.htm
FILTERED: http://www.soflusa.pt/horar_soflusa1.htm http://soflusa.pt/horar_soflusa1.htm
FILTERED: http://www.soflusa.pt/horar_soflusa1.htm http://soflusa.pt/horar_soflusa1.htm
FILTERED: http://www.soflusa.pt/horar_soflusa1.htm http://soflusa.pt/horar_soflusa1.htm
FILTERED: http://www.soflusa.pt/horar_soflusa1.htm http://soflusa.pt/horar_soflusa1.htm
FILTERED: http://www.soflusa.pt/horar_soflusa1.htm http://soflusa.pt/horar_soflusa1.htm
FILTERED: http://www.soflusa.pt/horar_soflusa1.htm http://soflusa.pt/horar_soflusa1.htm
FILTERED: http://www.soflusa.pt/horar_soflusa1.htm http://soflusa.pt/horar_soflusa1.htm
FILTERED: http://www.soflusa.pt/horar_soflusa2.htm http://soflusa.pt/horar_soflusa2.htm
FILTERED: http://www.soflusa.pt/horar_soflusa2.htm http://soflusa.pt/horar_soflusa2.htm
FILTERED: http://www.soflusa.pt/horar_soflusa2.htm http://soflusa.pt/horar_soflusa2.htm
FILTERED: http://www.soflusa.pt/horar_soflusa2.htm http://soflusa.pt/horar_soflusa2.htm
FILTERED: http://www.soflusa.pt/horar_soflusa2.htm http://soflusa.pt/horar_soflusa2.htm
FILTERED: http://www.soflusa.pt/horar_soflusa2.htm http://soflusa.pt/horar_soflusa2.htm
FILTERED: http://www.soflusa.pt/horar_soflusa2.htm http://soflusa.pt/horar_soflusa2.htm
FILTERED: http://www.soflusa.pt/horar_soflusa2.htm http://soflusa.pt/horar_soflusa2.htm
9 FILTERED FROM other model: http://www.sntsf.pt/Comunicados/Comunicados2004/SOFLUSA_14_2004.htm http://sntsf.pt/Comunicados/Comunicados2004/SOFLUSA_14_2004.htm
TREC_FORMAT: 23 Q0 id110513874index0 9 12.132528 pwa_31_1
10 FILTERED FROM other model: http://www.escolajazzbarreiro.com.pt/localizacao.htm http://escolajazzbarreiro.com.pt/localizacao.htm
TREC_FORMAT: 23 Q0 id31607829index0 10 12.053102 pwa_31_1
QUERY: restaurantes público
URL:http://p15.arquivo.pt/nutchwax/searchTests.jsp?summary=false&hitsPerPage=1500&hitsPerDup=0&queryMatches=-2&query=restaurantes+p%C3%BAblico&sfunctions=31&sboosts=1
1 FILTERED FROM other model: http://www.lifecooler.com/Portugal/natureza/JardimPublicodeReguengosdeMonsaraz http://lifecooler.com/Portugal/natureza/JardimPublicodeReguengosdeMonsaraz
TREC_FORMAT: 24 Q0 id227182index4 1 8.633535 pwa_31_1
2 FILTERED FROM other model: http://www.lifecooler.com/Portugal/natureza/JardimPublicodeSaoPedrodoCorval http://lifecooler.com/Portugal/natureza/JardimPublicodeSaoPedrodoCorval
TREC_FORMAT: 24 Q0 id225936index4 2 8.629193 pwa_31_1
3 FILTERED FROM other model: http://www.cm-cantanhede.pt/xsite_cantanhede/CantanhedeOnline/Turismo/Restaurantes.jsp?PCH=544&CH=555&PID=16596 http://cm-cantanhede.pt/xsite_cantanhede/CantanhedeOnline/Turismo/Restaurantes.jsp?PCH=544&CH=555&PID=16596
TREC_FORMAT: 24 Q0 id4787310index3 3 8.335492 pwa_31_1
4 FILTERED FROM other model: http://www.lifecooler.com/Portugal/restaurantes/RestaurantedoHotelRuralHortadaMoura http://lifecooler.com/Portugal/restaurantes/RestaurantedoHotelRuralHortadaMoura
TREC_FORMAT: 24 Q0 id248293index4 4 8.333078 pwa_31_1
5 FILTERED FROM other model: http://www.cm-cantanhede.pt/xsite_cantanhede/CantanhedeOnline/Turismo/Restaurantes.jsp?PCH=544&CH=555&PID=16615 http://cm-cantanhede.pt/xsite_cantanhede/CantanhedeOnline/Turismo/Restaurantes.jsp?PCH=544&CH=555&PID=16615
TREC_FORMAT: 24 Q0 id3361542index3 5 8.291868 pwa_31_1
6 FILTERED FROM other model: http://lazer.publico.clix.pt/artigo.asp?id=229070 http://lazer.publico.clix.pt/artigo.asp?id=229070
TREC_FORMAT: 24 Q0 id489732index4 6 8.259075 pwa_31_1
7 FILTERED FROM other model: http://www.bellaitalia.pt/papizafone.htm http://bellaitalia.pt/papizafone.htm
TREC_FORMAT: 24 Q0 id3298901index3 7 8.248771 pwa_31_1
8 FILTERED FROM other model: http://www.lifecooler.com/Portugal/restaurantes/RestauranteAdegadoCachete http://lifecooler.com/Portugal/restaurantes/RestauranteAdegadoCachete
TREC_FORMAT: 24 Q0 id251883index4 8 8.136378 pwa_31_1
9 FILTERED FROM other model: http://www.jornaldocentro.pt/?lop=conteudo&op=a87ff679a2f3e71d9181a67b7542122c&drops[drop_edicao]=75 http://jornaldocentro.pt/?lop=conteudo&op=a87ff679a2f3e71d9181a67b7542122c&drops[drop_edicao]=75
TREC_FORMAT: 24 Q0 id5028192index3 9 8.12431 pwa_31_1
10 FILTERED FROM other model: http://lazer.publico.clix.pt/artigo.asp?id=229443 http://lazer.publico.clix.pt/artigo.asp?id=229443
TREC_FORMAT: 24 Q0 id784889index4 10 8.095679 pwa_31_1
QUERY: icat projectos
URL:http://p15.arquivo.pt/nutchwax/searchTests.jsp?summary=false&hitsPerPage=1500&hitsPerDup=0&queryMatches=-2&query=icat+projectos&sfunctions=31&sboosts=1
1 FILTERED FROM other model: http://www.icat.fc.ul.pt/?m=99 http://icat.fc.ul.pt/?m=99
TREC_FORMAT: 25 Q0 id32032525index4 1 16.322449 pwa_31_1
2 FILTERED FROM other model: http://www.icat.fc.ul.pt/index.php?m=99 http://icat.fc.ul.pt/index.php?m=99
TREC_FORMAT: 25 Q0 id25641154index4 2 16.316607 pwa_31_1
3 FILTERED FROM other model: http://www.icat.fc.ul.pt/?m=16 http://icat.fc.ul.pt/?m=16
TREC_FORMAT: 25 Q0 id38422935index4 3 16.148584 pwa_31_1
4 FILTERED FROM other model: http://www.icat.fc.ul.pt/index.php?m=16 http://icat.fc.ul.pt/index.php?m=16
TREC_FORMAT: 25 Q0 id32032526index4 4 16.1447 pwa_31_1
5 FILTERED FROM other model: http://www.icat.fc.ul.pt/?m=94 http://icat.fc.ul.pt/?m=94
TREC_FORMAT: 25 Q0 id44813769index4 5 16.113344 pwa_31_1
6 FILTERED FROM other model: http://www.icat.fc.ul.pt/index.php?m=94 http://icat.fc.ul.pt/index.php?m=94
TREC_FORMAT: 25 Q0 id38422957index4 6 16.105558 pwa_31_1
FILTERED: http://www.icat.fc.ul.pt/?m=99 http://icat.fc.ul.pt/?m=99
FILTERED: http://www.icat.fc.ul.pt/?m=94 http://icat.fc.ul.pt/?m=94
7 FILTERED FROM other model: http://www.icat.fc.ul.pt/?m=10 http://icat.fc.ul.pt/?m=10
TREC_FORMAT: 25 Q0 id44813758index4 7 15.409054 pwa_31_1
8 FILTERED FROM other model: http://www.icat.fc.ul.pt/index.php?m=10 http://icat.fc.ul.pt/index.php?m=10
TREC_FORMAT: 25 Q0 id38422947index4 8 15.400331 pwa_31_1
FILTERED: http://www.icat.fc.ul.pt/?m=16 http://icat.fc.ul.pt/?m=16
FILTERED: http://www.icat.fc.ul.pt/index.php?m=16 http://icat.fc.ul.pt/index.php?m=16
9 FILTERED FROM other model: http://www.icat.fc.ul.pt/?m=1 http://icat.fc.ul.pt/?m=1
TREC_FORMAT: 25 Q0 id44813757index4 9 15.30915 pwa_31_1
10 FILTERED FROM other model: http://www.icat.fc.ul.pt/index.php?m=1 http://icat.fc.ul.pt/index.php?m=1
TREC_FORMAT: 25 Q0 id12854243index4 10 15.299518 pwa_31_1
15 pairs of query-document inserted.
0 pairs of query-document excluded.
