Connection to PostgreSQL 8.1.11 successful.

QUERY: público
URL:http://p15.arquivo.pt/nutchwax/searchTests.jsp?summary=false&hitsPerPage=1500&hitsPerDup=0&queryMatches=-2&query=p%C3%BAblico&sfunctions=34&sboosts=1&dateStart=01%2F01%2F1996&dateEnd=31%2F12%2F2000
1 FILTERED FROM other model: http://www.publico.pt/ http://publico.pt
TREC_FORMAT: 1 Q0 id982index5 1 41.19053 pwa_34_1
FILTERED: http://www.publico.pt/ http://publico.pt
FILTERED: http://www.publico.pt/ http://publico.pt
FILTERED: http://www.publico.pt/ http://publico.pt
FILTERED: http://www.publico.pt/ http://publico.pt
FILTERED: http://www.publico.pt/ http://publico.pt
FILTERED: http://www.publico.pt/ http://publico.pt
FILTERED: http://www.publico.pt/ http://publico.pt
FILTERED: http://www.publico.pt/ http://publico.pt
FILTERED: http://www.publico.pt/ http://publico.pt
FILTERED: http://www.publico.pt/ http://publico.pt
FILTERED: http://www.publico.pt/ http://publico.pt
FILTERED: http://www.publico.pt/ http://publico.pt
FILTERED: http://www.publico.pt/ http://publico.pt
FILTERED: http://www.publico.pt/ http://publico.pt
FILTERED: http://www.publico.pt/ http://publico.pt
FILTERED: http://www.publico.pt/ http://publico.pt
FILTERED: http://www.publico.pt/ http://publico.pt
FILTERED: http://www.publico.pt/ http://publico.pt
FILTERED: http://www.publico.pt/ http://publico.pt
FILTERED: http://www.publico.pt/ http://publico.pt
FILTERED: http://www.publico.pt/ http://publico.pt
FILTERED: http://www.publico.pt/ http://publico.pt
2 FILTERED FROM other model: http://www.publico.pt/publico/hoje http://publico.pt/publico/hoje
TREC_FORMAT: 1 Q0 id190992index0 2 20.428782 pwa_34_1
FILTERED: http://www.publico.pt/publico/hoje http://publico.pt/publico/hoje
FILTERED: http://www.publico.pt/ http://publico.pt
FILTERED: http://www.publico.pt/publico/hoje/ http://publico.pt/publico/hoje
FILTERED: http://www.publico.pt/publico/hoje http://publico.pt/publico/hoje
FILTERED: http://www.publico.pt/publico/hoje http://publico.pt/publico/hoje
3 FILTERED FROM other model: http://www.publico.pt/docs/copyright.html http://publico.pt/docs/copyright.html
TREC_FORMAT: 1 Q0 id1574index5 3 17.68145 pwa_34_1
FILTERED: http://www.publico.pt/docs/copyright.html http://publico.pt/docs/copyright.html
4 FILTERED FROM other model: http://www.publico.pt/canal http://publico.pt/canal
TREC_FORMAT: 1 Q0 id906530index0 4 17.343807 pwa_34_1
FILTERED: http://www.publico.pt/docs/copyright.html http://publico.pt/docs/copyright.html
5 FILTERED FROM other model: http://educom.fct.unl.pt/cgi-bin/public/viewtitles?minerva-sigs.educ-ambiental.vf-ambiente http://educom.fct.unl.pt/cgi-bin/public/viewtitles?minerva-sigs.educ-ambiental.vf-ambiente
TREC_FORMAT: 1 Q0 id791653index0 5 16.898735 pwa_34_1
FILTERED: http://www.publico.pt/docs/copyright.html http://publico.pt/docs/copyright.html
FILTERED: http://www.publico.pt/docs/copyright.html http://publico.pt/docs/copyright.html
FILTERED: http://www.publico.pt/docs/copyright.html http://publico.pt/docs/copyright.html
6 FILTERED FROM other model: http://www.publico.pt/saramago/saramago.htm http://publico.pt/saramago/saramago.htm
TREC_FORMAT: 1 Q0 id1076064index0 6 16.000301 pwa_34_1
7 FILTERED FROM other model: http://www.smmp.pt/ http://smmp.pt
TREC_FORMAT: 1 Q0 id6453index5 7 15.81039 pwa_34_1
FILTERED: http://www.smmp.pt/ http://smmp.pt
FILTERED: http://www.publico.pt/docs/copyright.html http://publico.pt/docs/copyright.html
FILTERED: http://www.publico.pt/docs/copyright.html http://publico.pt/docs/copyright.html
FILTERED: http://www.smmp.pt/ http://smmp.pt
8 FILTERED FROM other model: http://www.publico.com/ http://publico.com
TREC_FORMAT: 1 Q0 id687index1 8 15.166387 pwa_34_1
FILTERED: http://www.smmp.pt/ http://smmp.pt
9 FILTERED FROM other model: http://ultimahora.publico.pt/index-geral.asp http://ultimahora.publico.pt/index-geral.asp
TREC_FORMAT: 1 Q0 id21419index5 9 14.984463 pwa_34_1
FILTERED: http://www.smmp.pt/ http://smmp.pt
FILTERED: http://www.publico.pt/docs/copyright.html http://publico.pt/docs/copyright.html
FILTERED: http://ultimahora.publico.pt/index-geral.asp http://ultimahora.publico.pt/index-geral.asp
FILTERED: http://www.publico.pt/docs/copyright.html http://publico.pt/docs/copyright.html
10 FILTERED FROM other model: http://www.igcp.pt/ http://igcp.pt
TREC_FORMAT: 1 Q0 id15714index5 10 13.97006 pwa_34_1
QUERY: expo 98
URL:http://p15.arquivo.pt/nutchwax/searchTests.jsp?summary=false&hitsPerPage=1500&hitsPerDup=0&queryMatches=-2&query=expo+98&sfunctions=34&sboosts=1&dateStart=01%2F01%2F1998&dateEnd=31%2F12%2F1998
1 FILTERED FROM other model: http://www.expo98.pt/ http://expo98.pt
TREC_FORMAT: 2 Q0 id983index5 1 47.238113 pwa_34_1
2 FILTERED FROM other model: http://www.expo98.pt/pt/default.html http://expo98.pt/pt
TREC_FORMAT: 2 Q0 id5050index5 2 28.094017 pwa_34_1
3 FILTERED FROM other model: http://www.expo98.pt/en/default.html http://expo98.pt/en
TREC_FORMAT: 2 Q0 id11354index5 3 25.94086 pwa_34_1
FILTERED: http://www.expo98.pt/ http://expo98.pt
4 FILTERED FROM other model: http://www.ipv.pt/millenium/pers10_expo.htm http://ipv.pt/millenium/pers10_expo.htm
TREC_FORMAT: 2 Q0 id23286index2 4 15.425017 pwa_34_1
5 FILTERED FROM other model: http://www.expo.dgv.pt/ http://expo.dgv.pt
TREC_FORMAT: 2 Q0 id70164index5 5 11.852411 pwa_34_1
6 FILTERED FROM other model: http://www.expo.dgv.pt/en/index.html http://expo.dgv.pt/en
TREC_FORMAT: 2 Q0 id1347943index5 6 11.38749 pwa_34_1
7 FILTERED FROM other model: http://www.expo.dgv.pt/pt/b4/itinerario_5.html http://expo.dgv.pt/pt/b4/itinerario_5.html
TREC_FORMAT: 2 Q0 id281822index5 7 11.284174 pwa_34_1
8 FILTERED FROM other model: http://www.expo.dgv.pt/pt/b4/itinerario_1.html http://expo.dgv.pt/pt/b4/itinerario_1.html
TREC_FORMAT: 2 Q0 id813825index5 8 11.284174 pwa_34_1
9 FILTERED FROM other model: http://www.expo.dgv.pt/pt/b4/mapslx02.html http://expo.dgv.pt/pt/b4/mapslx02.html
TREC_FORMAT: 2 Q0 id813826index5 9 11.284174 pwa_34_1
10 FILTERED FROM other model: http://www.expo.dgv.pt/pt/b4/itinerario_6.html http://expo.dgv.pt/pt/b4/itinerario_6.html
TREC_FORMAT: 2 Q0 id815310index5 10 11.284174 pwa_34_1
QUERY: benfica
URL:http://p15.arquivo.pt/nutchwax/searchTests.jsp?summary=false&hitsPerPage=1500&hitsPerDup=0&queryMatches=-2&query=benfica&sfunctions=34&sboosts=1
1 FILTERED FROM other model: http://benfica-lisboa.olx.pt/desencontros-perda-de-contato-cat-297 http://benfica-lisboa.olx.pt/desencontros-perda-de-contato-cat-297
TREC_FORMAT: 3 Q0 id12774index3 1 53.17767 pwa_34_1
2 FILTERED FROM other model: http://benfica-lisboa.olx.pt/trabalho-voluntario-cat-268 http://benfica-lisboa.olx.pt/trabalho-voluntario-cat-268
TREC_FORMAT: 3 Q0 id19873index3 2 48.242035 pwa_34_1
3 FILTERED FROM other model: http://benfica-lisboa.olx.pt/aulas-particulares-cat-278 http://benfica-lisboa.olx.pt/aulas-particulares-cat-278
TREC_FORMAT: 3 Q0 id26183index3 3 42.67186 pwa_34_1
4 FILTERED FROM other model: http://benfica-lisboa.olx.pt/escritorios-lojas-cat-368 http://benfica-lisboa.olx.pt/escritorios-lojas-cat-368
TREC_FORMAT: 3 Q0 id28565index3 4 41.084927 pwa_34_1
5 FILTERED FROM other model: http://benfica-lisboa.olx.pt/vagas-de-estacionamento-aparcamento-cat-302 http://benfica-lisboa.olx.pt/vagas-de-estacionamento-aparcamento-cat-302
TREC_FORMAT: 3 Q0 id25246index3 5 40.82713 pwa_34_1
6 FILTERED FROM other model: http://benfica-lisboa.olx.pt/imobiliaria-cat-374 http://benfica-lisboa.olx.pt/imobiliaria-cat-374
TREC_FORMAT: 3 Q0 id38301index3 6 40.48092 pwa_34_1
7 FILTERED FROM other model: http://www.slbenfica.pt/ http://slbenfica.pt
TREC_FORMAT: 3 Q0 id922index3 7 39.865376 pwa_34_1
FILTERED: http://www.slbenfica.pt/ http://slbenfica.pt
8 FILTERED FROM other model: http://benfica-lisboa.olx.pt/telemoveis-acessorios-cat-219 http://benfica-lisboa.olx.pt/telemoveis-acessorios-cat-219
TREC_FORMAT: 3 Q0 id34550index3 8 37.26407 pwa_34_1
9 FILTERED FROM other model: http://benfica-lisboa.olx.pt/video-game-cat-209 http://benfica-lisboa.olx.pt/video-game-cat-209
TREC_FORMAT: 3 Q0 id39050index3 9 37.183167 pwa_34_1
FILTERED: http://www.slbenfica.pt/ http://slbenfica.pt
10 FILTERED FROM other model: http://benfica-lisboa.olx.pt/jogos-brinquedos-cat-211 http://benfica-lisboa.olx.pt/jogos-brinquedos-cat-211
TREC_FORMAT: 3 Q0 id41644index3 10 36.746696 pwa_34_1
QUERY: cavaco silva
URL:http://p15.arquivo.pt/nutchwax/searchTests.jsp?summary=false&hitsPerPage=1500&hitsPerDup=0&queryMatches=-2&query=cavaco+silva&sfunctions=34&sboosts=1
1 FILTERED FROM other model: http://eunaodesisto.blogs.sapo.pt/ http://eunaodesisto.blogs.sapo.pt
TREC_FORMAT: 4 Q0 id2654index3 1 39.41686 pwa_34_1
2 FILTERED FROM other model: http://www.cavacosilva.pt/ http://cavacosilva.pt
TREC_FORMAT: 4 Q0 id23532index4 2 35.9344 pwa_34_1
FILTERED: http://eunaodesisto.blogs.sapo.pt/ http://eunaodesisto.blogs.sapo.pt
3 FILTERED FROM other model: http://odivelas-lisboa.olx.pt/anibal-cavaco-silva-vol-i-e-ii-iid-6667878 http://odivelas-lisboa.olx.pt/anibal-cavaco-silva-vol-i-e-ii-iid-6667878
TREC_FORMAT: 4 Q0 id87132index3 3 30.57601 pwa_34_1
4 FILTERED FROM other model: http://supercavaco.blogspot.com/ http://supercavaco.blogspot.com
TREC_FORMAT: 4 Q0 id44028index4 4 27.31666 pwa_34_1
FILTERED: http://www.cavacosilva.pt/ http://cavacosilva.pt
5 FILTERED FROM other model: http://mega-cavaco.blogspot.com/ http://mega-cavaco.blogspot.com
TREC_FORMAT: 4 Q0 id48349index4 5 26.399101 pwa_34_1
6 FILTERED FROM other model: http://hiper-cavaco.blogspot.com/ http://hiper-cavaco.blogspot.com
TREC_FORMAT: 4 Q0 id5163index4 6 25.783043 pwa_34_1
FILTERED: http://eunaodesisto.blogs.sapo.pt/ http://eunaodesisto.blogs.sapo.pt
FILTERED: http://www.cavacosilva.pt/ http://cavacosilva.pt
7 FILTERED FROM other model: http://cavacoforabelem.blogspot.com/ http://cavacoforabelem.blogspot.com
TREC_FORMAT: 4 Q0 id6740index4 7 23.551502 pwa_34_1
8 FILTERED FROM other model: http://www.telepac.pt/Cavaco.Silva/ http://telepac.pt/Cavaco.Silva/
TREC_FORMAT: 4 Q0 id582830index0 8 22.694061 pwa_34_1
9 FILTERED FROM other model: http://www.publico.clix.pt/shownews.asp?id=1293309 http://publico.clix.pt/shownews.asp?id=1293309
TREC_FORMAT: 4 Q0 id592352index0 9 22.483397 pwa_34_1
10 FILTERED FROM other model: http://barvelho.blogs.sapo.pt/381434.html http://barvelho.blogs.sapo.pt/381434.html
TREC_FORMAT: 4 Q0 id235268index3 10 21.96406 pwa_34_1
QUERY: universidade de lisboa
URL:http://p15.arquivo.pt/nutchwax/searchTests.jsp?summary=false&hitsPerPage=1500&hitsPerDup=0&queryMatches=-2&query=universidade+de+lisboa&sfunctions=34&sboosts=1
1 FILTERED FROM other model: http://lisboacity.olx.pt/outras-aulas-cat-283 http://lisboacity.olx.pt/outras-aulas-cat-283
TREC_FORMAT: 5 Q0 id3579index3 1 97.10365 pwa_34_1
2 FILTERED FROM other model: http://lisboacity.olx.pt/aulas-particulares-cat-278 http://lisboacity.olx.pt/aulas-particulares-cat-278
TREC_FORMAT: 5 Q0 id3322index3 2 96.468 pwa_34_1
3 FILTERED FROM other model: http://lisboacity.olx.pt/comunidade-varios-cat-381 http://lisboacity.olx.pt/comunidade-varios-cat-381
TREC_FORMAT: 5 Q0 id4375index3 3 87.72572 pwa_34_1
4 FILTERED FROM other model: http://www.ul.pt/ http://ul.pt
TREC_FORMAT: 5 Q0 id1255index3 4 66.63385 pwa_34_1
FILTERED: http://www.ul.pt/ http://ul.pt
5 FILTERED FROM other model: http://www.crie.min-edu.pt/index.php?action=view&id=381&date_id=457&module=calendarmodule&section=9 http://crie.min-edu.pt/index.php?action=view&id=381&date_id=457&module=calendarmodule&section=9
TREC_FORMAT: 5 Q0 id10712index4 5 50.201904 pwa_34_1
6 FILTERED FROM other model: http://www.fc.ul.pt/ http://fc.ul.pt
TREC_FORMAT: 5 Q0 id2642index4 6 46.453396 pwa_34_1
7 FILTERED FROM other model: http://lisboa.olx.pt/comunidade-varios-cat-381 http://lisboa.olx.pt/comunidade-varios-cat-381
TREC_FORMAT: 5 Q0 id14948index3 7 46.12877 pwa_34_1
8 FILTERED FROM other model: http://www.utl.pt/ http://utl.pt
TREC_FORMAT: 5 Q0 id1919index4 8 45.714817 pwa_34_1
9 FILTERED FROM other model: http://www.unl.pt/ http://unl.pt
TREC_FORMAT: 5 Q0 id5003index0 9 45.49021 pwa_34_1
FILTERED: http://www.utl.pt/ http://utl.pt
FILTERED: http://www.unl.pt/ http://unl.pt
FILTERED: http://www.unl.pt/ http://unl.pt
FILTERED: http://www.ul.pt/ http://ul.pt
FILTERED: http://www.fc.ul.pt/ http://fc.ul.pt
FILTERED: http://www.ul.pt/ http://ul.pt
10 FILTERED FROM other model: http://lisboa.olx.pt/aulas-particulares-cat-278 http://lisboa.olx.pt/aulas-particulares-cat-278
TREC_FORMAT: 5 Q0 id21180index3 10 40.164795 pwa_34_1
QUERY: josé saramago
URL:http://p15.arquivo.pt/nutchwax/searchTests.jsp?summary=false&hitsPerPage=1500&hitsPerDup=0&queryMatches=-2&query=jos%C3%A9+saramago&sfunctions=34&sboosts=1
1 FILTERED FROM other model: http://www.caleida.pt/saramago/ http://caleida.pt/saramago
TREC_FORMAT: 6 Q0 id50844index4 1 38.375477 pwa_34_1
2 FILTERED FROM other model: http://blog.josesaramago.org/ http://blog.josesaramago.org
TREC_FORMAT: 6 Q0 id317index4 2 36.312325 pwa_34_1
3 FILTERED FROM other model: http://caderno.josesaramago.org/ http://caderno.josesaramago.org
TREC_FORMAT: 6 Q0 id327index4 3 32.778545 pwa_34_1
FILTERED: http://www.caleida.pt/saramago/ http://caleida.pt/saramago
FILTERED: http://www.caleida.pt/saramago/ http://caleida.pt/saramago
FILTERED: http://www.caleida.pt/saramago/ http://caleida.pt/saramago
4 FILTERED FROM other model: http://pt.wikipedia.org/wiki/Jos%C3%A9_Saramago http://pt.wikipedia.org/wiki/Jos%C3%A9_Saramago
TREC_FORMAT: 6 Q0 id92070index4 4 29.46861 pwa_34_1
FILTERED: http://www.caleida.pt/saramago/ http://caleida.pt/saramago
FILTERED: http://www.caleida.pt/saramago/ http://caleida.pt/saramago
FILTERED: http://www.caleida.pt/saramago http://caleida.pt/saramago
FILTERED: http://www.caleida.pt/saramago/ http://caleida.pt/saramago
FILTERED: http://www.caleida.pt/saramago/ http://caleida.pt/saramago
FILTERED: http://www.caleida.pt/saramago/ http://caleida.pt/saramago
FILTERED: http://www.caleida.pt/saramago/ http://caleida.pt/saramago
FILTERED: http://www.caleida.pt/saramago/ http://caleida.pt/saramago
FILTERED: http://www.caleida.pt/saramago/ http://caleida.pt/saramago
FILTERED: http://www.caleida.pt/saramago/ http://caleida.pt/saramago
FILTERED: http://www.caleida.pt/saramago/index.html http://caleida.pt/saramago
FILTERED: http://www.caleida.pt/saramago/ http://caleida.pt/saramago
FILTERED: http://www.caleida.pt/saramago/ http://caleida.pt/saramago
5 FILTERED FROM other model: http://www.fnac.pt/search.php?id=Jos%E9+Saramago http://fnac.pt/search.php?id=Jos%E9+Saramago
TREC_FORMAT: 6 Q0 id306591index0 5 24.87953 pwa_34_1
FILTERED: http://www.caleida.pt/saramago/ http://caleida.pt/saramago
6 FILTERED FROM other model: http://www.citi.pt/cultura/literatura/romance/saramago/index.html http://citi.pt/cultura/literatura/romance/saramago
TREC_FORMAT: 6 Q0 id687684index0 6 24.620834 pwa_34_1
FILTERED: http://www.caleida.pt/saramago/index.html http://caleida.pt/saramago
FILTERED: http://www.caleida.pt/saramago/ http://caleida.pt/saramago
FILTERED: http://www.citi.pt/cultura/literatura/romance/saramago/index.html http://citi.pt/cultura/literatura/romance/saramago
FILTERED: http://www.caleida.pt/saramago/index.html http://caleida.pt/saramago
FILTERED: http://www.caleida.pt/saramago/index.html http://caleida.pt/saramago
FILTERED: http://www.caleida.pt/saramago/ http://caleida.pt/saramago
FILTERED: http://www.caleida.pt/saramago/ http://caleida.pt/saramago
FILTERED: http://www.caleida.pt/saramago http://caleida.pt/saramago
FILTERED: http://www.caleida.pt/saramago/ http://caleida.pt/saramago
FILTERED: http://www.citi.pt/cultura/literatura/romance/saramago/index.html http://citi.pt/cultura/literatura/romance/saramago
7 FILTERED FROM other model: http://www.esec-mafra.rcts.pt/ http://esec-mafra.rcts.pt
TREC_FORMAT: 6 Q0 id230693index4 7 23.982445 pwa_34_1
8 FILTERED FROM other model: http://www.millenniumbcp.pt/site/conteudos/55/cultura/noticias_cultura/article.jhtml?articleID=483354 http://millenniumbcp.pt/site/conteudos/55/cultura/noticias_cultura/article.jhtml?articleID=483354
TREC_FORMAT: 6 Q0 id69715index3 8 23.929993 pwa_34_1
FILTERED: http://www.caleida.pt/saramago/ http://caleida.pt/saramago
FILTERED: http://www.citi.pt/cultura/literatura/romance/saramago/index.html http://citi.pt/cultura/literatura/romance/saramago
FILTERED: http://www.citi.pt/cultura/literatura/romance/saramago/index.html http://citi.pt/cultura/literatura/romance/saramago
FILTERED: http://www.caleida.pt/saramago/index.html http://caleida.pt/saramago
FILTERED: http://www.caleida.pt/saramago/index.html http://caleida.pt/saramago
FILTERED: http://www.caleida.pt/saramago http://caleida.pt/saramago
FILTERED: http://www.citi.pt/cultura/literatura/romance/saramago/index.html http://citi.pt/cultura/literatura/romance/saramago
FILTERED: http://www.citi.pt/cultura/literatura/romance/saramago/index.html http://citi.pt/cultura/literatura/romance/saramago
FILTERED: http://www.caleida.pt/saramago/ http://caleida.pt/saramago
FILTERED: http://www.caleida.pt/saramago http://caleida.pt/saramago
FILTERED: http://www.caleida.pt/saramago/index.html http://caleida.pt/saramago
FILTERED: http://www.caleida.pt/saramago/ http://caleida.pt/saramago
FILTERED: http://www.caleida.pt/saramago/index.html http://caleida.pt/saramago
FILTERED: http://www.citi.pt/cultura/literatura/romance/saramago/index.html http://citi.pt/cultura/literatura/romance/saramago
FILTERED: http://www.citi.pt/cultura/literatura/romance/saramago/index.html http://citi.pt/cultura/literatura/romance/saramago
FILTERED: http://www.caleida.pt/saramago/index.html http://caleida.pt/saramago
9 FILTERED FROM other model: http://www.liv-arcoiris.pt/bienal98/Bibliografia/paginas/saramago.html http://liv-arcoiris.pt/bienal98/Bibliografia/paginas/saramago.html
TREC_FORMAT: 6 Q0 id464515index0 9 23.208584 pwa_34_1
FILTERED: http://www.caleida.pt/saramago http://caleida.pt/saramago
FILTERED: http://www.caleida.pt/saramago/ http://caleida.pt/saramago
FILTERED: http://www.citi.pt/cultura/literatura/romance/saramago/index.html http://citi.pt/cultura/literatura/romance/saramago
FILTERED: http://www.caleida.pt/saramago/ http://caleida.pt/saramago
FILTERED: http://www.caleida.pt/saramago http://caleida.pt/saramago
FILTERED: http://www.citi.pt/cultura/literatura/romance/saramago/index.html http://citi.pt/cultura/literatura/romance/saramago
FILTERED: http://www.caleida.pt/saramago/ http://caleida.pt/saramago
FILTERED: http://www.caleida.pt/saramago/index.html http://caleida.pt/saramago
FILTERED: http://www.caleida.pt/saramago/index.html http://caleida.pt/saramago
FILTERED: http://www.caleida.pt/saramago/index.html http://caleida.pt/saramago
FILTERED: http://www.citi.pt/cultura/literatura/romance/saramago/index.html http://citi.pt/cultura/literatura/romance/saramago
FILTERED: http://www.citi.pt/cultura/literatura/romance/saramago/index.html http://citi.pt/cultura/literatura/romance/saramago
FILTERED: http://www.citi.pt/cultura/literatura/romance/saramago/index.html http://citi.pt/cultura/literatura/romance/saramago
FILTERED: http://www.caleida.pt/saramago/ http://caleida.pt/saramago
FILTERED: http://www.citi.pt/cultura/literatura/romance/saramago/index.html http://citi.pt/cultura/literatura/romance/saramago
FILTERED: http://www.caleida.pt/saramago/ http://caleida.pt/saramago
FILTERED: http://www.caleida.pt/saramago/ http://caleida.pt/saramago
10 FILTERED FROM other model: http://torradaemeiadeleite.blogs.sapo.pt/18695.html http://torradaemeiadeleite.blogs.sapo.pt/18695.html
TREC_FORMAT: 6 Q0 id393138index3 10 22.374273 pwa_34_1
QUERY: câmara municipal do marco de canaveses
URL:http://p15.arquivo.pt/nutchwax/searchTests.jsp?summary=false&hitsPerPage=1500&hitsPerDup=0&queryMatches=-2&query=c%C3%A2mara+municipal+do+marco+de+canaveses&sfunctions=34&sboosts=1
1 FILTERED FROM other model: http://www.cm-marco-canaveses.pt/ http://cm-marco-canaveses.pt
TREC_FORMAT: 7 Q0 id33131index3 1 46.428974 pwa_34_1
FILTERED: http://www.cm-marco-canaveses.pt/ http://cm-marco-canaveses.pt
FILTERED: http://www.cm-marco-canaveses.pt/ http://cm-marco-canaveses.pt
FILTERED: http://www.cm-marco-canaveses.pt/ http://cm-marco-canaveses.pt
FILTERED: http://www.cm-marco-canaveses.pt/ http://cm-marco-canaveses.pt
FILTERED: http://www.cm-marco-canaveses.pt/ http://cm-marco-canaveses.pt
FILTERED: http://www.cm-marco-canaveses.pt/ http://cm-marco-canaveses.pt
FILTERED: http://www.cm-marco-canaveses.pt/ http://cm-marco-canaveses.pt
FILTERED: http://www.cm-marco-canaveses.pt/ http://cm-marco-canaveses.pt
FILTERED: http://www.cm-marco-canaveses.pt/ http://cm-marco-canaveses.pt
FILTERED: http://www.cm-marco-canaveses.pt/ http://cm-marco-canaveses.pt
FILTERED: http://www.cm-marco-canaveses.pt/ http://cm-marco-canaveses.pt
FILTERED: http://www.cm-marco-canaveses.pt/ http://cm-marco-canaveses.pt
FILTERED: http://www.cm-marco-canaveses.pt/ http://cm-marco-canaveses.pt
FILTERED: http://www.cm-marco-canaveses.pt/ http://cm-marco-canaveses.pt
2 FILTERED FROM other model: http://www.cm-marco-canaveses.pt/main.html http://cm-marco-canaveses.pt/main.html
TREC_FORMAT: 7 Q0 id278381index4 2 27.449942 pwa_34_1
FILTERED: http://www.cm-marco-canaveses.pt/ http://cm-marco-canaveses.pt
FILTERED: http://www.cm-marco-canaveses.pt/ http://cm-marco-canaveses.pt
FILTERED: http://www.cm-marco-canaveses.pt/ http://cm-marco-canaveses.pt
FILTERED: http://www.cm-marco-canaveses.pt/ http://cm-marco-canaveses.pt
FILTERED: http://www.cm-marco-canaveses.pt/ http://cm-marco-canaveses.pt
FILTERED: http://www.cm-marco-canaveses.pt/ http://cm-marco-canaveses.pt
FILTERED: http://www.cm-marco-canaveses.pt/ http://cm-marco-canaveses.pt
FILTERED: http://www.cm-marco-canaveses.pt/ http://cm-marco-canaveses.pt
FILTERED: http://www.cm-marco-canaveses.pt/ http://cm-marco-canaveses.pt
FILTERED: http://www.cm-marco-canaveses.pt/ http://cm-marco-canaveses.pt
FILTERED: http://www.cm-marco-canaveses.pt/ http://cm-marco-canaveses.pt
FILTERED: http://www.cm-marco-canaveses.pt/ http://cm-marco-canaveses.pt
FILTERED: http://www.cm-marco-canaveses.pt/ http://cm-marco-canaveses.pt
FILTERED: http://www.cm-marco-canaveses.pt/ http://cm-marco-canaveses.pt
FILTERED: http://www.cm-marco-canaveses.pt/ http://cm-marco-canaveses.pt
FILTERED: http://www.cm-marco-canaveses.pt/ http://cm-marco-canaveses.pt
FILTERED: http://www.cm-marco-canaveses.pt/ http://cm-marco-canaveses.pt
FILTERED: http://cm-marco-canaveses.pt/ http://cm-marco-canaveses.pt
3 FILTERED FROM other model: http://www.cm-marco-canaveses.pt/main.htm http://cm-marco-canaveses.pt/main.htm
TREC_FORMAT: 7 Q0 id2504887index3 3 17.502943 pwa_34_1
FILTERED: http://cm-marco-canaveses.pt/ http://cm-marco-canaveses.pt
4 FILTERED FROM other model: http://www.cm-marco-canaveses.pt/camara/ http://cm-marco-canaveses.pt/camara
TREC_FORMAT: 7 Q0 id1354899index5 4 16.86882 pwa_34_1
FILTERED: http://www.cm-marco-canaveses.pt/ http://cm-marco-canaveses.pt
FILTERED: http://www.cm-marco-canaveses.pt/ http://cm-marco-canaveses.pt
FILTERED: http://www.cm-marco-canaveses.pt/ http://cm-marco-canaveses.pt
FILTERED: http://www.cm-marco-canaveses.pt/ http://cm-marco-canaveses.pt
FILTERED: http://www.cm-marco-canaveses.pt/ http://cm-marco-canaveses.pt
FILTERED: http://www.cm-marco-canaveses.pt/ http://cm-marco-canaveses.pt
FILTERED: http://www.cm-marco-canaveses.pt/ http://cm-marco-canaveses.pt
FILTERED: http://www.cm-marco-canaveses.pt/ http://cm-marco-canaveses.pt
FILTERED: http://www.cm-marco-canaveses.pt/ http://cm-marco-canaveses.pt
FILTERED: http://www.cm-marco-canaveses.pt/ http://cm-marco-canaveses.pt
FILTERED: http://www.cm-marco-canaveses.pt/ http://cm-marco-canaveses.pt
FILTERED: http://www.cm-marco-canaveses.pt/ http://cm-marco-canaveses.pt
FILTERED: http://www.cm-marco-canaveses.pt/ http://cm-marco-canaveses.pt
FILTERED: http://www.cm-marco-canaveses.pt/ http://cm-marco-canaveses.pt
FILTERED: http://www.cm-marco-canaveses.pt/ http://cm-marco-canaveses.pt
FILTERED: http://www.cm-marco-canaveses.pt/ http://cm-marco-canaveses.pt
FILTERED: http://www.cm-marco-canaveses.pt/ http://cm-marco-canaveses.pt
FILTERED: http://www.cm-marco-canaveses.pt/ http://cm-marco-canaveses.pt
FILTERED: http://www.cm-marco-canaveses.pt/camara/ http://cm-marco-canaveses.pt/camara
FILTERED: http://www.cm-marco-canaveses.pt/camara/index.htm http://cm-marco-canaveses.pt/camara
FILTERED: http://www.cm-marco-canaveses.pt/camara/index.htm http://cm-marco-canaveses.pt/camara
FILTERED: http://www.cm-marco-canaveses.pt/camara/index.htm http://cm-marco-canaveses.pt/camara
FILTERED: http://www.cm-marco-canaveses.pt/index.htm http://cm-marco-canaveses.pt
FILTERED: http://www.cm-marco-canaveses.pt/index.htm http://cm-marco-canaveses.pt
FILTERED: http://www.cm-marco-canaveses.pt/index.htm http://cm-marco-canaveses.pt
FILTERED: http://www.cm-marco-canaveses.pt/index.htm http://cm-marco-canaveses.pt
FILTERED: http://www.cm-marco-canaveses.pt/index.htm http://cm-marco-canaveses.pt
FILTERED: http://www.cm-marco-canaveses.pt/index.htm http://cm-marco-canaveses.pt
FILTERED: http://www.cm-marco-canaveses.pt/index.htm http://cm-marco-canaveses.pt
5 FILTERED FROM other model: http://www.cm-marco-canaveses.pt/indexcmmc.htm http://cm-marco-canaveses.pt/indexcmmc.htm
TREC_FORMAT: 7 Q0 id16062047index0 5 16.139402 pwa_34_1
FILTERED: http://www.cm-marco-canaveses.pt/camara/index.htm http://cm-marco-canaveses.pt/camara
FILTERED: http://www.cm-marco-canaveses.pt/camara/index.htm http://cm-marco-canaveses.pt/camara
6 FILTERED FROM other model: http://www.cm-marco-canaveses.pt/old/camara/index.htm http://cm-marco-canaveses.pt/old/camara
TREC_FORMAT: 7 Q0 id6537159index0 6 15.907034 pwa_34_1
FILTERED: http://www.cm-marco-canaveses.pt/old/camara/index.htm http://cm-marco-canaveses.pt/old/camara
FILTERED: http://www.cm-marco-canaveses.pt/old/camara/index.htm http://cm-marco-canaveses.pt/old/camara
7 FILTERED FROM other model: http://www.cm-marco-canaveses.pt/Rede_Social/Pre_Diagnostico_Social.pdf http://cm-marco-canaveses.pt/Rede_Social/Pre_Diagnostico_Social.pdf
TREC_FORMAT: 7 Q0 id6219869index3 7 15.716485 pwa_34_1
FILTERED: http://www.cm-marco-canaveses.pt/Rede_Social/Pre_Diagnostico_Social.pdf http://cm-marco-canaveses.pt/Rede_Social/Pre_Diagnostico_Social.pdf
8 FILTERED FROM other model: http://www2.eb23-marco-canaveses.rcts.pt/Plano_Anual_de_Actividades_2008-2009.pdf http://www2.eb23-marco-canaveses.rcts.pt/Plano_Anual_de_Actividades_2008-2009.pdf
TREC_FORMAT: 7 Q0 id46551981index4 8 15.112977 pwa_34_1
9 FILTERED FROM other model: http://cm-marco-canaveses.pt/camara/mensagem.htm http://cm-marco-canaveses.pt/camara/mensagem.htm
TREC_FORMAT: 7 Q0 id11435237index0 9 15.084765 pwa_34_1
10 FILTERED FROM other model: http://cm-marco-canaveses.pt/camara/obras.htm http://cm-marco-canaveses.pt/camara/obras.htm
TREC_FORMAT: 7 Q0 id12558154index0 10 15.077971 pwa_34_1
QUERY: primeiro ministro
URL:http://p15.arquivo.pt/nutchwax/searchTests.jsp?summary=false&hitsPerPage=1500&hitsPerDup=0&queryMatches=-2&query=primeiro+ministro&sfunctions=34&sboosts=1&dateStart=01%2F01%2F2005&dateEnd=31%2F12%2F2009
1 FILTERED FROM other model: http://www.primeiroministro.blogspot.com/ http://primeiroministro.blogspot.com
TREC_FORMAT: 8 Q0 id30499index4 1 36.560753 pwa_34_1
FILTERED: http://primeiroministro.blogspot.com/ http://primeiroministro.blogspot.com
2 FILTERED FROM other model: http://www.primeiro-ministro.gov.pt/ http://primeiro-ministro.gov.pt
TREC_FORMAT: 8 Q0 id63605index3 2 32.923542 pwa_34_1
FILTERED: http://www.primeiro-ministro.gov.pt/ http://primeiro-ministro.gov.pt
FILTERED: http://www.primeiro-ministro.gov.pt/ http://primeiro-ministro.gov.pt
FILTERED: http://www.primeiro-ministro.gov.pt/ http://primeiro-ministro.gov.pt
3 FILTERED FROM other model: http://www.portugal.gov.pt/Portal/PT/Primeiro_Ministro/ http://portugal.gov.pt/Portal/PT/Primeiro_Ministro
TREC_FORMAT: 8 Q0 id68754index3 3 28.239765 pwa_34_1
FILTERED: http://www.primeiro-ministro.gov.pt/ http://primeiro-ministro.gov.pt
FILTERED: http://www.primeiro-ministro.gov.pt/ http://primeiro-ministro.gov.pt
FILTERED: http://www.primeiro-ministro.gov.pt/ http://primeiro-ministro.gov.pt
FILTERED: http://www.primeiro-ministro.gov.pt/ http://primeiro-ministro.gov.pt
FILTERED: http://www.primeiro-ministro.gov.pt/ http://primeiro-ministro.gov.pt
FILTERED: http://www.primeiro-ministro.gov.pt/ http://primeiro-ministro.gov.pt
4 FILTERED FROM other model: http://www.oprimeirodejaneiro.pt/ http://oprimeirodejaneiro.pt
TREC_FORMAT: 8 Q0 id5946index0 4 26.060919 pwa_34_1
FILTERED: http://www.oprimeirodejaneiro.pt/ http://oprimeirodejaneiro.pt
FILTERED: http://www.primeiro-ministro.gov.pt/ http://primeiro-ministro.gov.pt
FILTERED: http://www.primeiro-ministro.gov.pt/ http://primeiro-ministro.gov.pt
FILTERED: http://www.primeiro-ministro.gov.pt/ http://primeiro-ministro.gov.pt
5 FILTERED FROM other model: http://www.portugal.gov.pt/Portal/PT/Governos/Governos_Constitucionais/GC17/Composicao/Perfil/JoseSocratesCarvalhoPintodeSousa.htm http://portugal.gov.pt/Portal/PT/Governos/Governos_Constitucionais/GC17/Composicao/Perfil/JoseSocratesCarvalhoPintodeSousa.htm
TREC_FORMAT: 8 Q0 id171080index3 5 23.32447 pwa_34_1
6 FILTERED FROM other model: http://ultimahora.publico.clix.pt/noticia.aspx?id=1311424 http://ultimahora.publico.clix.pt/noticia.aspx?id=1311424
TREC_FORMAT: 8 Q0 id219941index0 6 22.72686 pwa_34_1
FILTERED: http://www.portugal.gov.pt/Portal/PT/Primeiro_Ministro/ http://portugal.gov.pt/Portal/PT/Primeiro_Ministro
7 FILTERED FROM other model: http://www.portugal.gov.pt/pt/Primeiro-Ministro/Default.htm http://portugal.gov.pt/pt/Primeiro-Ministro/Default.htm
TREC_FORMAT: 8 Q0 id296848index4 7 22.190826 pwa_34_1
8 FILTERED FROM other model: http://www.portugal.gov.pt/Portal/PT/Primeiro_Ministro/Intervencoes/20060329_PM_Int_AR_Ciencia.htm http://portugal.gov.pt/Portal/PT/Primeiro_Ministro/Intervencoes/20060329_PM_Int_AR_Ciencia.htm
TREC_FORMAT: 8 Q0 id154457index3 8 22.135202 pwa_34_1
9 FILTERED FROM other model: http://www.publico.clix.pt/shownews.asp?id=1291534 http://publico.clix.pt/shownews.asp?id=1291534
TREC_FORMAT: 8 Q0 id212487index0 9 21.526285 pwa_34_1
10 FILTERED FROM other model: http://ultimahora.publico.clix.pt/noticia.aspx?id=1357888&idCanal=12 http://ultimahora.publico.clix.pt/noticia.aspx?id=1357888&idCanal=12
TREC_FORMAT: 8 Q0 id98980index4 10 20.76845 pwa_34_1
QUERY: festival da canção
URL:http://p15.arquivo.pt/nutchwax/searchTests.jsp?summary=false&hitsPerPage=1500&hitsPerDup=0&queryMatches=-2&query=festival+da+can%C3%A7%C3%A3o&sfunctions=34&sboosts=1
1 FILTERED FROM other model: http://searchservice.myspace.com/index.cfm?fuseaction=sitesearch.results&t=can%c3%a7%c3%a3o&type=MySpaceTV http://searchservice.myspace.com/index.cfm?fuseaction=sitesearch.results&t=can%c3%a7%c3%a3o&type=MySpaceTV
TREC_FORMAT: 9 Q0 id230343index4 1 25.42107 pwa_34_1
2 FILTERED FROM other model: http://festivalcancao07.no.sapo.pt/ http://festivalcancao07.no.sapo.pt
TREC_FORMAT: 9 Q0 id1070608index0 2 20.213058 pwa_34_1
3 FILTERED FROM other model: http://festivalstamaria.blogs.sapo.pt/ http://festivalstamaria.blogs.sapo.pt
TREC_FORMAT: 9 Q0 id168498index3 3 20.024902 pwa_34_1
4 FILTERED FROM other model: http://www.rtp.pt/wportal/sites/tv/festival_cancao08/index.php http://rtp.pt/wportal/sites/tv/festival_cancao08
TREC_FORMAT: 9 Q0 id114165index3 4 19.582512 pwa_34_1
5 FILTERED FROM other model: http://solnascente.com.sapo.pt/ http://solnascente.com.sapo.pt
TREC_FORMAT: 9 Q0 id867998index0 5 18.588655 pwa_34_1
6 FILTERED FROM other model: http://ohpositivo.blogs.sapo.pt/39197.html http://ohpositivo.blogs.sapo.pt/39197.html
TREC_FORMAT: 9 Q0 id728161index0 6 18.307133 pwa_34_1
7 FILTERED FROM other model: http://www.eurovision.tv/ http://eurovision.tv
TREC_FORMAT: 9 Q0 id11530index4 7 17.551458 pwa_34_1
8 FILTERED FROM other model: http://escnoticias.no.sapo.pt/ http://escnoticias.no.sapo.pt
TREC_FORMAT: 9 Q0 id145194index4 8 16.355267 pwa_34_1
9 FILTERED FROM other model: http://festivais.home.sapo.pt/ http://festivais.home.sapo.pt
TREC_FORMAT: 9 Q0 id15521index4 9 16.026781 pwa_34_1
10 FILTERED FROM other model: http://www.festival-da-cancao.com/ http://festival-da-cancao.com
TREC_FORMAT: 9 Q0 id906088index4 10 14.070122 pwa_34_1
QUERY: finanças
URL:http://p15.arquivo.pt/nutchwax/searchTests.jsp?summary=false&hitsPerPage=1500&hitsPerDup=0&queryMatches=-2&query=finan%C3%A7as&sfunctions=34&sboosts=1&dateStart=01%2F01%2F2007&dateEnd=31%2F12%2F2009
1 FILTERED FROM other model: http://lisboacity.olx.pt/contabilidade-financas-cat-254 http://lisboacity.olx.pt/contabilidade-financas-cat-254
TREC_FORMAT: 10 Q0 id4997index3 1 109.93614 pwa_34_1
2 FILTERED FROM other model: http://coimbracity.olx.pt/contabilidade-financas-cat-254 http://coimbracity.olx.pt/contabilidade-financas-cat-254
TREC_FORMAT: 10 Q0 id10137index3 2 78.37174 pwa_34_1
3 FILTERED FROM other model: http://portocity.olx.pt/contabilidade-financas-cat-254 http://portocity.olx.pt/contabilidade-financas-cat-254
TREC_FORMAT: 10 Q0 id14340index3 3 67.26502 pwa_34_1
4 FILTERED FROM other model: http://gondomar-porto.olx.pt/contabilidade-financas-cat-254 http://gondomar-porto.olx.pt/contabilidade-financas-cat-254
TREC_FORMAT: 10 Q0 id17198index3 4 62.09127 pwa_34_1
5 FILTERED FROM other model: http://lisboa.olx.pt/contabilidade-financas-cat-254 http://lisboa.olx.pt/contabilidade-financas-cat-254
TREC_FORMAT: 10 Q0 id18268index3 5 60.71212 pwa_34_1
6 FILTERED FROM other model: http://aveiro-aveiro.olx.pt/contabilidade-financas-cat-254 http://aveiro-aveiro.olx.pt/contabilidade-financas-cat-254
TREC_FORMAT: 10 Q0 id18006index3 6 60.554993 pwa_34_1
7 FILTERED FROM other model: http://www.min-financas.pt/ http://min-financas.pt
TREC_FORMAT: 10 Q0 id2949index4 7 60.38237 pwa_34_1
8 FILTERED FROM other model: http://oeiras.olx.pt/contabilidade-financas-cat-254 http://oeiras.olx.pt/contabilidade-financas-cat-254
TREC_FORMAT: 10 Q0 id18804index3 8 59.300343 pwa_34_1
9 FILTERED FROM other model: http://sintra-lisboa.olx.pt/contabilidade-financas-cat-254 http://sintra-lisboa.olx.pt/contabilidade-financas-cat-254
TREC_FORMAT: 10 Q0 id22359index3 9 54.573708 pwa_34_1
10 FILTERED FROM other model: http://leiria-leiria.olx.pt/contabilidade-financas-cat-254 http://leiria-leiria.olx.pt/contabilidade-financas-cat-254
TREC_FORMAT: 10 Q0 id24346index3 10 52.746574 pwa_34_1
QUERY: federação de kickboxing
URL:http://p15.arquivo.pt/nutchwax/searchTests.jsp?summary=false&hitsPerPage=1500&hitsPerDup=0&queryMatches=-2&query=federa%C3%A7%C3%A3o+de+kickboxing&sfunctions=34&sboosts=1
1 FILTERED FROM other model: http://www.terravista.pt/aguaalto/3110/ http://terravista.pt/aguaalto/3110
TREC_FORMAT: 11 Q0 id1105029index0 1 25.279423 pwa_34_1
FILTERED: http://www.terravista.pt/aguaalto/3110/ http://terravista.pt/aguaalto/3110
2 FILTERED FROM other model: http://www.fpr.pt/ http://fpr.pt
TREC_FORMAT: 11 Q0 id6369index4 2 17.819992 pwa_34_1
3 FILTERED FROM other model: http://kickboxing.blogs.sapo.pt/2007/04/ http://kickboxing.blogs.sapo.pt/2007/04
TREC_FORMAT: 11 Q0 id19591915index0 3 17.777884 pwa_34_1
FILTERED: http://kickboxing.blogs.sapo.pt/2007/04/ http://kickboxing.blogs.sapo.pt/2007/04
FILTERED: http://kickboxing.blogs.sapo.pt/2007/04/ http://kickboxing.blogs.sapo.pt/2007/04
FILTERED: http://kickboxing.blogs.sapo.pt/2007/04/ http://kickboxing.blogs.sapo.pt/2007/04
FILTERED: http://kickboxing.blogs.sapo.pt/2007/04/ http://kickboxing.blogs.sapo.pt/2007/04
FILTERED: http://kickboxing.blogs.sapo.pt/2007/04/ http://kickboxing.blogs.sapo.pt/2007/04
FILTERED: http://kickboxing.blogs.sapo.pt/2007/04/ http://kickboxing.blogs.sapo.pt/2007/04
FILTERED: http://kickboxing.blogs.sapo.pt/2007/04/ http://kickboxing.blogs.sapo.pt/2007/04
FILTERED: http://kickboxing.blogs.sapo.pt/2007/04/ http://kickboxing.blogs.sapo.pt/2007/04
FILTERED: http://kickboxing.blogs.sapo.pt/2007/04/ http://kickboxing.blogs.sapo.pt/2007/04
FILTERED: http://kickboxing.blogs.sapo.pt/2007/04/ http://kickboxing.blogs.sapo.pt/2007/04
FILTERED: http://kickboxing.blogs.sapo.pt/2007/04/ http://kickboxing.blogs.sapo.pt/2007/04
FILTERED: http://kickboxing.blogs.sapo.pt/2007/04/ http://kickboxing.blogs.sapo.pt/2007/04
FILTERED: http://kickboxing.blogs.sapo.pt/2007/04/ http://kickboxing.blogs.sapo.pt/2007/04
FILTERED: http://kickboxing.blogs.sapo.pt/2007/04/ http://kickboxing.blogs.sapo.pt/2007/04
FILTERED: http://kickboxing.blogs.sapo.pt/2007/04/ http://kickboxing.blogs.sapo.pt/2007/04
FILTERED: http://kickboxing.blogs.sapo.pt/2007/04/ http://kickboxing.blogs.sapo.pt/2007/04
FILTERED: http://kickboxing.blogs.sapo.pt/2007/04/ http://kickboxing.blogs.sapo.pt/2007/04
FILTERED: http://kickboxing.blogs.sapo.pt/2007/04/ http://kickboxing.blogs.sapo.pt/2007/04
FILTERED: http://kickboxing.blogs.sapo.pt/2007/04/ http://kickboxing.blogs.sapo.pt/2007/04
FILTERED: http://kickboxing.blogs.sapo.pt/2007/04/ http://kickboxing.blogs.sapo.pt/2007/04
FILTERED: http://kickboxing.blogs.sapo.pt/2007/04/ http://kickboxing.blogs.sapo.pt/2007/04
FILTERED: http://kickboxing.blogs.sapo.pt/2007/04/ http://kickboxing.blogs.sapo.pt/2007/04
FILTERED: http://kickboxing.blogs.sapo.pt/2007/04/ http://kickboxing.blogs.sapo.pt/2007/04
FILTERED: http://kickboxing.blogs.sapo.pt/2007/04/ http://kickboxing.blogs.sapo.pt/2007/04
FILTERED: http://kickboxing.blogs.sapo.pt/2007/04/ http://kickboxing.blogs.sapo.pt/2007/04
FILTERED: http://kickboxing.blogs.sapo.pt/2007/04/ http://kickboxing.blogs.sapo.pt/2007/04
FILTERED: http://kickboxing.blogs.sapo.pt/2007/04/ http://kickboxing.blogs.sapo.pt/2007/04
FILTERED: http://kickboxing.blogs.sapo.pt/2007/04/ http://kickboxing.blogs.sapo.pt/2007/04
FILTERED: http://kickboxing.blogs.sapo.pt/2007/04/ http://kickboxing.blogs.sapo.pt/2007/04
FILTERED: http://kickboxing.blogs.sapo.pt/2007/04/ http://kickboxing.blogs.sapo.pt/2007/04
FILTERED: http://kickboxing.blogs.sapo.pt/2007/04/ http://kickboxing.blogs.sapo.pt/2007/04
FILTERED: http://kickboxing.blogs.sapo.pt/2007/04/ http://kickboxing.blogs.sapo.pt/2007/04
FILTERED: http://kickboxing.blogs.sapo.pt/2007/04/ http://kickboxing.blogs.sapo.pt/2007/04
FILTERED: http://kickboxing.blogs.sapo.pt/2007/04/ http://kickboxing.blogs.sapo.pt/2007/04
FILTERED: http://kickboxing.blogs.sapo.pt/2007/04/ http://kickboxing.blogs.sapo.pt/2007/04
FILTERED: http://kickboxing.blogs.sapo.pt/2007/04/ http://kickboxing.blogs.sapo.pt/2007/04
FILTERED: http://kickboxing.blogs.sapo.pt/2007/04/ http://kickboxing.blogs.sapo.pt/2007/04
FILTERED: http://kickboxing.blogs.sapo.pt/2007/04/ http://kickboxing.blogs.sapo.pt/2007/04
FILTERED: http://kickboxing.blogs.sapo.pt/2007/04/ http://kickboxing.blogs.sapo.pt/2007/04
FILTERED: http://kickboxing.blogs.sapo.pt/2007/04/ http://kickboxing.blogs.sapo.pt/2007/04
FILTERED: http://kickboxing.blogs.sapo.pt/2007/04/ http://kickboxing.blogs.sapo.pt/2007/04
FILTERED: http://kickboxing.blogs.sapo.pt/2007/04/ http://kickboxing.blogs.sapo.pt/2007/04
FILTERED: http://kickboxing.blogs.sapo.pt/2007/04/ http://kickboxing.blogs.sapo.pt/2007/04
FILTERED: http://kickboxing.blogs.sapo.pt/2007/04/ http://kickboxing.blogs.sapo.pt/2007/04
FILTERED: http://kickboxing.blogs.sapo.pt/2007/04/ http://kickboxing.blogs.sapo.pt/2007/04
4 FILTERED FROM other model: http://kickboxing.blogs.sapo.pt/2219.html http://kickboxing.blogs.sapo.pt/2219.html
TREC_FORMAT: 11 Q0 id5392098index0 4 17.674116 pwa_34_1
5 FILTERED FROM other model: http://kickboxing.planetaclix.pt/historia.html http://kickboxing.planetaclix.pt/historia.html
TREC_FORMAT: 11 Q0 id3742124index0 5 16.819448 pwa_34_1
6 FILTERED FROM other model: http://www.tecnet.pt/portugal/33294.html http://tecnet.pt/portugal/33294.html
TREC_FORMAT: 11 Q0 id82293695index0 6 16.573599 pwa_34_1
FILTERED: http://www.tecnet.pt/portugal/33294.html http://tecnet.pt/portugal/33294.html
FILTERED: http://www.tecnet.pt/portugal/33294.html http://tecnet.pt/portugal/33294.html
7 FILTERED FROM other model: http://www.vitoriasempre.net/main/index.php?option=com_content&view=category&layout=blog&id=94&Itemid=318 http://vitoriasempre.net/main/index.php?option=com_content&view=category&layout=blog&id=94&Itemid=318
TREC_FORMAT: 11 Q0 id46431255index4 7 15.523555 pwa_34_1
8 FILTERED FROM other model: http://kickboxing.planetaclix.pt/noticias.html http://kickboxing.planetaclix.pt/noticias.html
TREC_FORMAT: 11 Q0 id9916248index0 8 15.381939 pwa_34_1
9 FILTERED FROM other model: http://aeiou.pt/registos/k/KickBoxing_Mundial.html http://aeiou.pt/registos/k/KickBoxing_Mundial.html
TREC_FORMAT: 11 Q0 id46736549index0 9 11.73615 pwa_34_1
10 FILTERED FROM other model: http://nacionalkickboxing.dyndns.org/portugal/index.php?option=com_vemod_news_mailer&Itemid= http://nacionalkickboxing.dyndns.org/portugal/index.php?option=com_vemod_news_mailer&Itemid=
TREC_FORMAT: 11 Q0 id42220224index4 10 11.544823 pwa_34_1
QUERY: volkswagen
URL:http://p15.arquivo.pt/nutchwax/searchTests.jsp?summary=false&hitsPerPage=1500&hitsPerDup=0&queryMatches=-2&query=volkswagen&sfunctions=34&sboosts=1
1 FILTERED FROM other model: http://www.olx.pt/q/volkswagen/c-378 http://olx.pt/q/volkswagen/c-378
TREC_FORMAT: 12 Q0 id6436index3 1 66.12589 pwa_34_1
FILTERED: http://www.olx.pt/q/volkswagen/c-378 http://olx.pt/q/volkswagen/c-378
2 FILTERED FROM other model: http://www.olx.pt/q/volkswagen-golf/c-378 http://olx.pt/q/volkswagen-golf/c-378
TREC_FORMAT: 12 Q0 id15696index3 2 49.929222 pwa_34_1
3 FILTERED FROM other model: http://www.olx.pt/q/volkswagen-polo/c-378 http://olx.pt/q/volkswagen-polo/c-378
TREC_FORMAT: 12 Q0 id16309index3 3 49.301296 pwa_34_1
4 FILTERED FROM other model: http://www.olx.pt/q/volkswagen-passat/c-378 http://olx.pt/q/volkswagen-passat/c-378
TREC_FORMAT: 12 Q0 id16247index3 4 48.906578 pwa_34_1
5 FILTERED FROM other model: http://antanhol.olx.pt/volkswagen-golf-4-iid-4405346 http://antanhol.olx.pt/volkswagen-golf-4-iid-4405346
TREC_FORMAT: 12 Q0 id20411index3 5 48.826004 pwa_34_1
6 FILTERED FROM other model: http://www.olx.pt/q/volkswagen-beetle/c-378 http://olx.pt/q/volkswagen-beetle/c-378
TREC_FORMAT: 12 Q0 id16549index3 6 47.624496 pwa_34_1
7 FILTERED FROM other model: http://volkswagen.netcarros.pt/ http://volkswagen.netcarros.pt
TREC_FORMAT: 12 Q0 id1814index4 7 44.04312 pwa_34_1
8 FILTERED FROM other model: http://volkswagen.netcarros.com/ http://volkswagen.netcarros.com
TREC_FORMAT: 12 Q0 id179index4 8 40.09269 pwa_34_1
FILTERED: http://www.olx.pt/q/volkswagen-polo/c-378 http://olx.pt/q/volkswagen-polo/c-378
FILTERED: http://www.olx.pt/q/volkswagen-passat/c-378 http://olx.pt/q/volkswagen-passat/c-378
FILTERED: http://www.olx.pt/q/volkswagen-beetle/c-378 http://olx.pt/q/volkswagen-beetle/c-378
9 FILTERED FROM other model: http://www.volkswagen.pt/ http://volkswagen.pt
TREC_FORMAT: 12 Q0 id28529index4 9 37.620647 pwa_34_1
FILTERED: http://www.olx.pt/q/volkswagen/c-378 http://olx.pt/q/volkswagen/c-378
10 FILTERED FROM other model: http://volkswagen.co.pt/ http://volkswagen.co.pt
TREC_FORMAT: 12 Q0 id80053index3 10 33.92341 pwa_34_1
QUERY: telepizza
URL:http://p15.arquivo.pt/nutchwax/searchTests.jsp?summary=false&hitsPerPage=1500&hitsPerDup=0&queryMatches=-2&query=telepizza&sfunctions=34&sboosts=1
1 FILTERED FROM other model: http://planeta.clix.pt/telecunha/index.html http://planeta.clix.pt/telecunha
TREC_FORMAT: 13 Q0 id174820index0 1 36.316864 pwa_34_1
2 FILTERED FROM other model: http://www.telepizza.pt/ http://telepizza.pt
TREC_FORMAT: 13 Q0 id152498index4 2 35.98728 pwa_34_1
FILTERED: http://www.telepizza.pt/ http://telepizza.pt
FILTERED: http://planeta.clix.pt/telecunha/index.html http://planeta.clix.pt/telecunha
FILTERED: http://www.telepizza.pt/ http://telepizza.pt
FILTERED: http://www.telepizza.pt/ http://telepizza.pt
FILTERED: http://www.telepizza.pt/ http://telepizza.pt
3 FILTERED FROM other model: http://www.telepizza.pt/portal/ http://telepizza.pt/portal
TREC_FORMAT: 13 Q0 id1274591index3 3 25.426737 pwa_34_1
FILTERED: http://telepizza.pt/ http://telepizza.pt
FILTERED: http://www.telepizza.pt/portal/ http://telepizza.pt/portal
4 FILTERED FROM other model: http://www.telepizza.pt/portal/index.php?id=6 http://telepizza.pt/portal/index.php?id=6
TREC_FORMAT: 13 Q0 id1889237index3 4 24.71288 pwa_34_1
FILTERED: http://www.telepizza.pt/portal/index.php http://telepizza.pt/portal
5 FILTERED FROM other model: http://www.telepizza.pt/portal/index.php?id=11 http://telepizza.pt/portal/index.php?id=11
TREC_FORMAT: 13 Q0 id13849022index3 5 24.569288 pwa_34_1
6 FILTERED FROM other model: http://www.telepizza.pt/portal/index.php?id=2604 http://telepizza.pt/portal/index.php?id=2604
TREC_FORMAT: 13 Q0 id28132496index3 6 24.402977 pwa_34_1
FILTERED: http://www.telepizza.pt/portal/index.php?id=6 http://telepizza.pt/portal/index.php?id=6
FILTERED: http://www.telepizza.pt/portal/index.php http://telepizza.pt/portal
7 FILTERED FROM other model: http://www.telepizza.pt/portal/index.php?id=12 http://telepizza.pt/portal/index.php?id=12
TREC_FORMAT: 13 Q0 id15277782index3 7 24.190489 pwa_34_1
8 FILTERED FROM other model: http://www.telepizza.pt/portal/index.php?id=9087 http://telepizza.pt/portal/index.php?id=9087
TREC_FORMAT: 13 Q0 id29560334index3 8 24.190489 pwa_34_1
FILTERED: http://www.telepizza.pt/portal/index.php?id=11 http://telepizza.pt/portal/index.php?id=11
9 FILTERED FROM other model: http://www.telepizza.pt/portal/index.php?id=19781 http://telepizza.pt/portal/index.php?id=19781
TREC_FORMAT: 13 Q0 id6710207index3 9 24.119356 pwa_34_1
10 FILTERED FROM other model: http://www.telepizza.pt/portal/index.php?id=6644 http://telepizza.pt/portal/index.php?id=6644
TREC_FORMAT: 13 Q0 id9565963index3 10 24.0745 pwa_34_1
QUERY: hospital barreiro
URL:http://p15.arquivo.pt/nutchwax/searchTests.jsp?summary=false&hitsPerPage=1500&hitsPerDup=0&queryMatches=-2&query=hospital+barreiro&sfunctions=34&sboosts=1&dateStart=01%2F01%2F1996&dateEnd=31%2F12%2F2007
1 FILTERED FROM other model: http://www.hbarreiro.min-saude.pt/ComunicacaoImagem/PressReleases/Transversais/Utente_Psiquiatria_realiza_exposicao_Hospital_Barreiro.htm http://hbarreiro.min-saude.pt/ComunicacaoImagem/PressReleases/Transversais/Utente_Psiquiatria_realiza_exposicao_Hospital_Barreiro.htm
TREC_FORMAT: 14 Q0 id1031397index0 1 19.047262 pwa_34_1
2 FILTERED FROM other model: http://www.jornaldobarreiro.com.pt/ http://jornaldobarreiro.com.pt
TREC_FORMAT: 14 Q0 id1147579index0 2 17.18609 pwa_34_1
FILTERED: http://www.jornaldobarreiro.com.pt/ http://jornaldobarreiro.com.pt
FILTERED: http://www.jornaldobarreiro.com.pt/ http://jornaldobarreiro.com.pt
FILTERED: http://www.jornaldobarreiro.com.pt/ http://jornaldobarreiro.com.pt
3 FILTERED FROM other model: http://www.cm-barreiro.pt/ http://cm-barreiro.pt
TREC_FORMAT: 14 Q0 id2492195index0 3 12.284444 pwa_34_1
FILTERED: http://www.cm-barreiro.pt/ http://cm-barreiro.pt
4 FILTERED FROM other model: http://clientes.netvisao.pt/jomapaen/index.htm http://clientes.netvisao.pt/jomapaen
TREC_FORMAT: 14 Q0 id2167048index0 4 11.374367 pwa_34_1
FILTERED: http://clientes.netvisao.pt/jomapaen/index.htm http://clientes.netvisao.pt/jomapaen
FILTERED: http://clientes.netvisao.pt/jomapaen/index.htm http://clientes.netvisao.pt/jomapaen
5 FILTERED FROM other model: http://clientes.netvisao.pt/jomapaen/index2.htm http://clientes.netvisao.pt/jomapaen/index2.htm
TREC_FORMAT: 14 Q0 id1080980index0 5 11.364271 pwa_34_1
FILTERED: http://clientes.netvisao.pt/jomapaen/ http://clientes.netvisao.pt/jomapaen
FILTERED: http://clientes.netvisao.pt/jomapaen/ http://clientes.netvisao.pt/jomapaen
FILTERED: http://clientes.netvisao.pt/jomapaen/ http://clientes.netvisao.pt/jomapaen
FILTERED: http://clientes.netvisao.pt/jomapaen/ http://clientes.netvisao.pt/jomapaen
FILTERED: http://clientes.netvisao.pt/jomapaen/index.htm http://clientes.netvisao.pt/jomapaen
FILTERED: http://clientes.netvisao.pt/jomapaen/ http://clientes.netvisao.pt/jomapaen
FILTERED: http://clientes.netvisao.pt/jomapaen/ http://clientes.netvisao.pt/jomapaen
FILTERED: http://clientes.netvisao.pt/jomapaen/ http://clientes.netvisao.pt/jomapaen
FILTERED: http://clientes.netvisao.pt/jomapaen/index.htm http://clientes.netvisao.pt/jomapaen
FILTERED: http://clientes.netvisao.pt/jomapaen/index2.htm http://clientes.netvisao.pt/jomapaen/index2.htm
FILTERED: http://clientes.netvisao.pt/jomapaen/index.htm http://clientes.netvisao.pt/jomapaen
FILTERED: http://clientes.netvisao.pt/jomapaen/ http://clientes.netvisao.pt/jomapaen
FILTERED: http://clientes.netvisao.pt/jomapaen/index.htm http://clientes.netvisao.pt/jomapaen
FILTERED: http://clientes.netvisao.pt/jomapaen/index.htm http://clientes.netvisao.pt/jomapaen
FILTERED: http://clientes.netvisao.pt/jomapaen/index.htm http://clientes.netvisao.pt/jomapaen
FILTERED: http://clientes.netvisao.pt/jomapaen/index.htm http://clientes.netvisao.pt/jomapaen
6 FILTERED FROM other model: http://www.gge.pt/pt/sobrerodas/A-B/Barreiro/Barreiro.htm http://gge.pt/pt/sobrerodas/A-B/Barreiro/Barreiro.htm
TREC_FORMAT: 14 Q0 id6096257index0 6 11.216782 pwa_34_1
7 FILTERED FROM other model: http://www.cm-barreiro.pt/Miolo1.htm http://cm-barreiro.pt/Miolo1.htm
TREC_FORMAT: 14 Q0 id5154263index0 7 10.918898 pwa_34_1
8 FILTERED FROM other model: http://www.cm-barreiro.pt/Noticias.htm http://cm-barreiro.pt/Noticias.htm
TREC_FORMAT: 14 Q0 id6030785index0 8 10.90488 pwa_34_1
9 FILTERED FROM other model: http://www.cm-barreiro.pt/Telefones5.htm http://cm-barreiro.pt/Telefones5.htm
TREC_FORMAT: 14 Q0 id6879486index0 9 10.778176 pwa_34_1
10 FILTERED FROM other model: http://www.hbarreiro.min-saude.pt/ http://hbarreiro.min-saude.pt
TREC_FORMAT: 14 Q0 id262396index0 10 9.593544 pwa_34_1
QUERY: fernando pessoa
URL:http://p15.arquivo.pt/nutchwax/searchTests.jsp?summary=false&hitsPerPage=1500&hitsPerDup=0&queryMatches=-2&query=fernando+pessoa&sfunctions=34&sboosts=1
1 FILTERED FROM other model: http://www.ufp.pt/ http://ufp.pt
TREC_FORMAT: 15 Q0 id11961index4 1 46.767662 pwa_34_1
FILTERED: http://www.ufp.pt/ http://ufp.pt
2 FILTERED FROM other model: http://mundopessoa.blogspot.com/ http://mundopessoa.blogspot.com
TREC_FORMAT: 15 Q0 id4639index4 2 43.24663 pwa_34_1
3 FILTERED FROM other model: http://www.casafernandopessoa.com/ http://casafernandopessoa.com
TREC_FORMAT: 15 Q0 id11575index4 3 43.055084 pwa_34_1
4 FILTERED FROM other model: http://pt.wikipedia.org/wiki/Fernando_Pessoa http://pt.wikipedia.org/wiki/Fernando_Pessoa
TREC_FORMAT: 15 Q0 id21862index4 4 41.740547 pwa_34_1
FILTERED: http://www.ufp.pt/ http://ufp.pt
FILTERED: http://www.ufp.pt/ http://ufp.pt
FILTERED: http://www.ufp.pt/ http://ufp.pt
FILTERED: http://www.ufp.pt/ http://ufp.pt
FILTERED: http://www.ufp.pt/ http://ufp.pt
FILTERED: http://www.ufp.pt/ http://ufp.pt
FILTERED: http://www.ufp.pt/ http://ufp.pt
FILTERED: http://www.ufp.pt/ http://ufp.pt
FILTERED: http://www.ufp.pt/ http://ufp.pt
5 FILTERED FROM other model: http://www.pensador.info/autor/Fernando_Pessoa/ http://pensador.info/autor/Fernando_Pessoa
TREC_FORMAT: 15 Q0 id59781index4 5 33.583076 pwa_34_1
FILTERED: http://www.ufp.pt/ http://ufp.pt
FILTERED: http://pt.wikipedia.org/wiki/Fernando_Pessoa http://pt.wikipedia.org/wiki/Fernando_Pessoa
FILTERED: http://www.ufp.pt/ http://ufp.pt
FILTERED: http://www.ufp.pt/ http://ufp.pt
FILTERED: http://www.ufp.pt/ http://ufp.pt
FILTERED: http://www.ufp.pt/ http://ufp.pt
FILTERED: http://www.ufp.pt/ http://ufp.pt
FILTERED: http://www.ufp.pt/ http://ufp.pt
FILTERED: http://www.ufp.pt/ http://ufp.pt
6 FILTERED FROM other model: http://www.dominiopublico.gov.br/pesquisa/DetalheObraForm.do?select_action=&co_obra=16090 http://dominiopublico.gov.br/pesquisa/DetalheObraForm.do?select_action=&co_obra=16090
TREC_FORMAT: 15 Q0 id160067index4 6 31.576962 pwa_34_1
FILTERED: http://www.ufp.pt/ http://ufp.pt
FILTERED: http://www.ufp.pt/ http://ufp.pt
7 FILTERED FROM other model: http://fernando-pessoa.com/ http://fernando-pessoa.com
TREC_FORMAT: 15 Q0 id264877index4 7 31.005047 pwa_34_1
8 FILTERED FROM other model: http://lusomerlin.blogspot.com/ http://lusomerlin.blogspot.com
TREC_FORMAT: 15 Q0 id9000index3 8 30.956253 pwa_34_1
FILTERED: http://www.ufp.pt/ http://ufp.pt
FILTERED: http://www.ufp.pt/ http://ufp.pt
9 FILTERED FROM other model: http://lisboacity.olx.pt/livros-de-esoterismo-fernando-pessoa-iid-8067222 http://lisboacity.olx.pt/livros-de-esoterismo-fernando-pessoa-iid-8067222
TREC_FORMAT: 15 Q0 id127841index3 9 30.735521 pwa_34_1
FILTERED: http://www.ufp.pt/ http://ufp.pt
FILTERED: http://www.ufp.pt/ http://ufp.pt
FILTERED: http://www.ufp.pt/ http://ufp.pt
FILTERED: http://www.ufp.pt/ http://ufp.pt
FILTERED: http://mundopessoa.blogspot.com/ http://mundopessoa.blogspot.com
FILTERED: http://www.ufp.pt/ http://ufp.pt
10 FILTERED FROM other model: http://casafernandopessoa.cm-lisboa.pt/index.php?id=2233 http://casafernandopessoa.cm-lisboa.pt/index.php?id=2233
TREC_FORMAT: 15 Q0 id11056index4 10 29.780151 pwa_34_1
QUERY: google
URL:http://p15.arquivo.pt/nutchwax/searchTests.jsp?summary=false&hitsPerPage=1500&hitsPerDup=0&queryMatches=-2&query=google&sfunctions=34&sboosts=1
1 ADDED: http://images.google.com/ http://images.google.com
TREC_FORMAT: 16 Q0 id15544index4 1 61.370663 pwa_34_1
FILTERED: http://images.google.com/ http://images.google.com
2 ADDED: http://earth.google.com/ http://earth.google.com
TREC_FORMAT: 16 Q0 id1139index4 2 55.90191 pwa_34_1
3 ADDED: http://www.google.pt/ http://google.pt
TREC_FORMAT: 16 Q0 id445index3 3 55.482212 pwa_34_1
4 ADDED: http://maps.google.com/ http://maps.google.com
TREC_FORMAT: 16 Q0 id2982index4 4 50.68164 pwa_34_1
FILTERED: http://www.google.pt/ http://google.pt
5 ADDED: http://scholar.google.com/ http://scholar.google.com
TREC_FORMAT: 16 Q0 id2016index4 5 46.683853 pwa_34_1
FILTERED: http://www.google.pt/ http://google.pt
6 ADDED: http://googleblog.blogspot.com/ http://googleblog.blogspot.com
TREC_FORMAT: 16 Q0 id4075index4 6 43.5947 pwa_34_1
7 ADDED: http://news.google.com/ http://news.google.com
TREC_FORMAT: 16 Q0 id405index4 7 43.279373 pwa_34_1
FILTERED: http://www.google.pt/ http://google.pt
8 ADDED: http://labs.google.com/ http://labs.google.com
TREC_FORMAT: 16 Q0 id8949index4 8 42.571434 pwa_34_1
9 ADDED: http://groups.google.com/ http://groups.google.com
TREC_FORMAT: 16 Q0 id4155index4 9 42.385334 pwa_34_1
FILTERED: http://www.google.pt/ http://google.pt
FILTERED: http://www.google.pt/ http://google.pt
10 ADDED: http://video.google.com/ http://video.google.com
TREC_FORMAT: 16 Q0 id11322index4 10 41.93072 pwa_34_1
QUERY: adelaide ferreira
URL:http://p15.arquivo.pt/nutchwax/searchTests.jsp?summary=false&hitsPerPage=1500&hitsPerDup=0&queryMatches=-2&query=adelaide+ferreira&sfunctions=34&sboosts=1&dateStart=01%2F01%2F1996&dateEnd=31%2F12%2F2005
1 FILTERED FROM other model: http://planeta.clix.pt/chicoferreira/index.htm http://planeta.clix.pt/chicoferreira
TREC_FORMAT: 17 Q0 id359470index0 1 18.123856 pwa_34_1
FILTERED: http://planeta.clix.pt/chicoferreira/index.htm http://planeta.clix.pt/chicoferreira
FILTERED: http://planeta.clix.pt/chicoferreira/index.htm http://planeta.clix.pt/chicoferreira
2 FILTERED FROM other model: http://midiarte.pt/loja/pt/dept_125.html http://midiarte.pt/loja/pt/dept_125.html
TREC_FORMAT: 17 Q0 id10413374index0 2 13.279137 pwa_34_1
3 FILTERED FROM other model: http://helios.cnig.pt/~jcf/curr.html http://helios.cnig.pt/~jcf/curr.html
TREC_FORMAT: 17 Q0 id1014833index0 3 12.75006 pwa_34_1
4 FILTERED FROM other model: http://www.aeiou.pt/registos/p/PTVip_Adelaide_Ferreira.html http://aeiou.pt/registos/p/PTVip_Adelaide_Ferreira.html
TREC_FORMAT: 17 Q0 id1708040index0 4 10.921741 pwa_34_1
FILTERED: http://www.aeiou.pt/registos/p/PTVip_Adelaide_Ferreira.html http://aeiou.pt/registos/p/PTVip_Adelaide_Ferreira.html
5 FILTERED FROM other model: http://www.aeiou.pt/catalogo/Sociedade/Pessoas/A/PTVip_Adelaide_Ferreira.html http://aeiou.pt/catalogo/Sociedade/Pessoas/A/PTVip_Adelaide_Ferreira.html
TREC_FORMAT: 17 Q0 id3116175index0 5 10.921741 pwa_34_1
FILTERED: http://www.aeiou.pt/catalogo/Sociedade/Pessoas/A/PTVip_Adelaide_Ferreira.html http://aeiou.pt/catalogo/Sociedade/Pessoas/A/PTVip_Adelaide_Ferreira.html
FILTERED: http://aeiou.pt/registos/p/PTVip_Adelaide_Ferreira.html http://aeiou.pt/registos/p/PTVip_Adelaide_Ferreira.html
6 FILTERED FROM other model: http://www.educ.fc.ul.pt/hyper/amiranda.htm http://educ.fc.ul.pt/hyper/amiranda.htm
TREC_FORMAT: 17 Q0 id2569551index0 6 10.224443 pwa_34_1
7 FILTERED FROM other model: http://www.expressoemprego.pt/scripts/indexpage.asp?headingID=4203 http://expressoemprego.pt/scripts/indexpage.asp?headingID=4203
TREC_FORMAT: 17 Q0 id9539683index0 7 10.190269 pwa_34_1
8 FILTERED FROM other model: http://www.fajalta.pt/pt/livro_de_visitas/lista.php3 http://fajalta.pt/pt/livro_de_visitas/lista.php3
TREC_FORMAT: 17 Q0 id5859797index0 8 10.186527 pwa_34_1
FILTERED: http://www.fajalta.pt/pt/livro_de_visitas/lista.php3 http://fajalta.pt/pt/livro_de_visitas/lista.php3
FILTERED: http://www.fajalta.pt/pt/livro_de_visitas/lista.php3 http://fajalta.pt/pt/livro_de_visitas/lista.php3
9 FILTERED FROM other model: http://www.fe.uc.pt/pt/people/employee/fnc00001.htm http://fe.uc.pt/pt/people/employee/fnc00001.htm
TREC_FORMAT: 17 Q0 id5930919index0 9 9.446712 pwa_34_1
10 FILTERED FROM other model: http://www.fe.uc.pt/pt/PEOPLE/EMPLOYEE/fnc00001.htm http://fe.uc.pt/pt/PEOPLE/EMPLOYEE/fnc00001.htm
TREC_FORMAT: 17 Q0 id7637264index0 10 9.446712 pwa_34_1
QUERY: porto aveiro
URL:http://p15.arquivo.pt/nutchwax/searchTests.jsp?summary=false&hitsPerPage=1500&hitsPerDup=0&queryMatches=-2&query=porto+aveiro&sfunctions=34&sboosts=1
1 FILTERED FROM other model: http://portocity.olx.pt/industrial-cat-259 http://portocity.olx.pt/industrial-cat-259
TREC_FORMAT: 18 Q0 id10979index3 1 66.15499 pwa_34_1
2 FILTERED FROM other model: http://portocity.olx.pt/tecnologia-informatica-programacao-cat-375 http://portocity.olx.pt/tecnologia-informatica-programacao-cat-375
TREC_FORMAT: 18 Q0 id9119index3 2 64.752235 pwa_34_1
3 FILTERED FROM other model: http://aveiro.olx.pt/ http://aveiro.olx.pt
TREC_FORMAT: 18 Q0 id306index3 3 63.164665 pwa_34_1
4 FILTERED FROM other model: http://aveiro-aveiro.olx.pt/homem-procura-homem-cat-299 http://aveiro-aveiro.olx.pt/homem-procura-homem-cat-299
TREC_FORMAT: 18 Q0 id15142index3 4 52.91138 pwa_34_1
5 FILTERED FROM other model: http://portocity.olx.pt/aluguer-por-temporada-cat-388 http://portocity.olx.pt/aluguer-por-temporada-cat-388
TREC_FORMAT: 18 Q0 id13320index3 5 52.620255 pwa_34_1
6 FILTERED FROM other model: http://aveiro-aveiro.olx.pt/curriculum-cat-387 http://aveiro-aveiro.olx.pt/curriculum-cat-387
TREC_FORMAT: 18 Q0 id29890index3 6 45.722973 pwa_34_1
FILTERED: http://aveiro.olx.pt/ http://aveiro.olx.pt
7 FILTERED FROM other model: http://aveiro.netcarros.com/ http://aveiro.netcarros.com
TREC_FORMAT: 18 Q0 id312index4 7 42.265232 pwa_34_1
8 FILTERED FROM other model: http://www.moo.pt/ http://moo.pt
TREC_FORMAT: 18 Q0 id4244index4 8 36.034737 pwa_34_1
FILTERED: http://aveiro.olx.pt/ http://aveiro.olx.pt
9 FILTERED FROM other model: http://porto.netcarros.com/ http://porto.netcarros.com
TREC_FORMAT: 18 Q0 id675index4 9 34.790356 pwa_34_1
10 FILTERED FROM other model: http://www.portodeaveiro.pt/ http://portodeaveiro.pt
TREC_FORMAT: 18 Q0 id6699index4 10 33.622074 pwa_34_1
QUERY: porto de lisboa
URL:http://p15.arquivo.pt/nutchwax/searchTests.jsp?summary=false&hitsPerPage=1500&hitsPerDup=0&queryMatches=-2&query=porto+de+lisboa&sfunctions=34&sboosts=1
1 FILTERED FROM other model: http://lisboacity.olx.pt/transporte-mudancas-cat-371 http://lisboacity.olx.pt/transporte-mudancas-cat-371
TREC_FORMAT: 19 Q0 id4706index3 1 91.40085 pwa_34_1
2 FILTERED FROM other model: http://portocity.olx.pt/entradas-cat-402 http://portocity.olx.pt/entradas-cat-402
TREC_FORMAT: 19 Q0 id7199index3 2 81.87265 pwa_34_1
3 FILTERED FROM other model: http://portocity.olx.pt/transporte-mudancas-cat-371 http://portocity.olx.pt/transporte-mudancas-cat-371
TREC_FORMAT: 19 Q0 id6938index3 3 78.04149 pwa_34_1
4 FILTERED FROM other model: http://portocity.olx.pt/publicidade-relacoes-publicas-cat-266 http://portocity.olx.pt/publicidade-relacoes-publicas-cat-266
TREC_FORMAT: 19 Q0 id7376index3 4 73.5095 pwa_34_1
5 FILTERED FROM other model: http://portocity.olx.pt/troco-portishead-lisboa-por-porto-iid-8208823 http://portocity.olx.pt/troco-portishead-lisboa-por-porto-iid-8208823
TREC_FORMAT: 19 Q0 id12574index3 5 72.05063 pwa_34_1
6 FILTERED FROM other model: http://portocity.olx.pt/desporto-cat-234 http://portocity.olx.pt/desporto-cat-234
TREC_FORMAT: 19 Q0 id12552index3 6 62.768696 pwa_34_1
7 FILTERED FROM other model: http://porto.olx.pt/ http://porto.olx.pt
TREC_FORMAT: 19 Q0 id475index3 7 61.20979 pwa_34_1
8 FILTERED FROM other model: http://lisboa.olx.pt/ http://lisboa.olx.pt
TREC_FORMAT: 19 Q0 id147index3 8 61.038883 pwa_34_1
9 FILTERED FROM other model: http://portocity.olx.pt/casa-partamento-para-aluguer-cat-363 http://portocity.olx.pt/casa-partamento-para-aluguer-cat-363
TREC_FORMAT: 19 Q0 id10780index3 9 56.426437 pwa_34_1
FILTERED: http://porto.olx.pt/ http://porto.olx.pt
10 FILTERED FROM other model: http://lisboa.olx.pt/contabilidade-financas-cat-254 http://lisboa.olx.pt/contabilidade-financas-cat-254
TREC_FORMAT: 19 Q0 id18268index3 10 43.333576 pwa_34_1
QUERY: embaixada do brasil
URL:http://p15.arquivo.pt/nutchwax/searchTests.jsp?summary=false&hitsPerPage=1500&hitsPerDup=0&queryMatches=-2&query=embaixada+do+brasil&sfunctions=34&sboosts=1
1 ADDED: http://www.emb-brasil.pt/ http://emb-brasil.pt
TREC_FORMAT: 20 Q0 id168407index0 1 29.031597 pwa_34_1
2 ADDED: http://embaixada-portugal-brasil.blogspot.com/ http://embaixada-portugal-brasil.blogspot.com
TREC_FORMAT: 20 Q0 id3645index4 2 27.894447 pwa_34_1
FILTERED: http://www.embaixada-portugal-brasil.blogspot.com/ http://embaixada-portugal-brasil.blogspot.com
3 ADDED: http://zonaindustrialdecasalinhosdealfaiata.olx.pt/embaixada-turistica-brasil-iid-2923358 http://zonaindustrialdecasalinhosdealfaiata.olx.pt/embaixada-turistica-brasil-iid-2923358
TREC_FORMAT: 20 Q0 id399097index3 3 26.689142 pwa_34_1
4 ADDED: http://planeta.clix.pt/helderfreitas/index.html http://planeta.clix.pt/helderfreitas
TREC_FORMAT: 20 Q0 id97631index0 4 24.859451 pwa_34_1
FILTERED: http://www.emb-brasil.pt/ http://emb-brasil.pt
FILTERED: http://www.emb-brasil.pt/ http://emb-brasil.pt
5 ADDED: http://www.embaixadadobrasil.pt/docs/default.asp http://embaixadadobrasil.pt/docs/default.asp
TREC_FORMAT: 20 Q0 id296133index4 5 23.522972 pwa_34_1
FILTERED: http://www.emb-brasil.pt/ http://emb-brasil.pt
FILTERED: http://planeta.clix.pt/helderfreitas/index.html http://planeta.clix.pt/helderfreitas
6 ADDED: http://es.wikipedia.org/wiki/Brasil http://es.wikipedia.org/wiki/Brasil
TREC_FORMAT: 20 Q0 id136905index4 6 20.127192 pwa_34_1
7 ADDED: http://nogueirajr.blogspot.com/ http://nogueirajr.blogspot.com
TREC_FORMAT: 20 Q0 id101279index3 7 18.984367 pwa_34_1
8 ADDED: http://www.embaixadadobrasil.pt/ http://embaixadadobrasil.pt
TREC_FORMAT: 20 Q0 id118281index4 8 18.814903 pwa_34_1
9 ADDED: http://www.embaixadadeportugal.org.br/index.php http://embaixadadeportugal.org.br
TREC_FORMAT: 20 Q0 id300158index4 9 18.50944 pwa_34_1
FILTERED: http://www.emb-brasil.pt/ http://emb-brasil.pt
FILTERED: http://www.embaixadadeportugal.org.br/ http://embaixadadeportugal.org.br
FILTERED: http://www.emb-brasil.pt/ http://emb-brasil.pt
FILTERED: http://www.emb-brasil.pt/ http://emb-brasil.pt
FILTERED: http://www.emb-brasil.pt/ http://emb-brasil.pt
FILTERED: http://planeta.clix.pt/helderfreitas/index.html http://planeta.clix.pt/helderfreitas
FILTERED: http://www.emb-brasil.pt/ http://emb-brasil.pt
FILTERED: http://www.emb-brasil.pt/ http://emb-brasil.pt
FILTERED: http://www.emb-brasil.pt/ http://emb-brasil.pt
10 ADDED: http://embaixada-portugal-brasil.blogspot.com/feeds/posts/default http://embaixada-portugal-brasil.blogspot.com/feeds/posts/default
TREC_FORMAT: 20 Q0 id1899729index3 10 15.802053 pwa_34_1
QUERY: teatro dona maria segunda
URL:http://p15.arquivo.pt/nutchwax/searchTests.jsp?summary=false&hitsPerPage=1500&hitsPerDup=0&queryMatches=-2&query=teatro+dona+maria+segunda&sfunctions=34&sboosts=1
1 ADDED: http://pt.wikipedia.org/wiki/Maria_II_de_Portugal http://pt.wikipedia.org/wiki/Maria_II_de_Portugal
TREC_FORMAT: 21 Q0 id91752index4 1 16.376768 pwa_34_1
2 ADDED: http://teatromunicipaldaguarda.blogspot.com/ http://teatromunicipaldaguarda.blogspot.com
TREC_FORMAT: 21 Q0 id42741index4 2 13.360252 pwa_34_1
3 ADDED: http://dona-redonda.blogspot.com/2007_12_01_archive.html http://dona-redonda.blogspot.com/2007_12_01_archive.html
TREC_FORMAT: 21 Q0 id184787index4 3 12.439143 pwa_34_1
4 ADDED: http://atuaamiga.blogs.sapo.pt/ http://atuaamiga.blogs.sapo.pt
TREC_FORMAT: 21 Q0 id13863index0 4 12.434023 pwa_34_1
5 ADDED: http://dona-redonda.blogspot.com/2007_07_01_archive.html http://dona-redonda.blogspot.com/2007_07_01_archive.html
TREC_FORMAT: 21 Q0 id2795441index4 5 12.430133 pwa_34_1
6 ADDED: http://dona-redonda.blogspot.com/2008_02_01_archive.html http://dona-redonda.blogspot.com/2008_02_01_archive.html
TREC_FORMAT: 21 Q0 id1473691index4 6 12.416342 pwa_34_1
7 ADDED: http://marionetasportugal.blogspot.com/ http://marionetasportugal.blogspot.com
TREC_FORMAT: 21 Q0 id25042index4 7 11.723 pwa_34_1
8 ADDED: http://www.teatro-cornucopia.pt/htmls/conteudos/EElVkylyyutvwTReJA.shtml http://teatro-cornucopia.pt/htmls/conteudos/EElVkylyyutvwTReJA.shtml
TREC_FORMAT: 21 Q0 id16702680index3 8 11.67192 pwa_34_1
9 ADDED: http://www.teatro-cornucopia.pt/htmls/conteudos/EElVkplpupbhjwvSdm.shtml http://teatro-cornucopia.pt/htmls/conteudos/EElVkplpupbhjwvSdm.shtml
TREC_FORMAT: 21 Q0 id32412815index3 9 11.594301 pwa_34_1
10 ADDED: http://www.teatro-cornucopia.pt/htmls/conteudos/EElVkpFAVlvPtzLZGP.shtml http://teatro-cornucopia.pt/htmls/conteudos/EElVkpFAVlvPtzLZGP.shtml
TREC_FORMAT: 21 Q0 id23844675index3 10 11.517574 pwa_34_1
QUERY: notícias de leiria
URL:http://p15.arquivo.pt/nutchwax/searchTests.jsp?summary=false&hitsPerPage=1500&hitsPerDup=0&queryMatches=-2&query=not%C3%ADcias+de+leiria&sfunctions=34&sboosts=1&dateStart=01%2F01%2F1996&dateEnd=31%2F12%2F2003
1 FILTERED FROM other model: http://leiria.daaz.pt/ http://leiria.daaz.pt
TREC_FORMAT: 22 Q0 id27051index0 1 50.12743 pwa_34_1
FILTERED: http://leiria.daaz.pt/ http://leiria.daaz.pt
2 FILTERED FROM other model: http://noticias.sapo.pt/ http://noticias.sapo.pt
TREC_FORMAT: 22 Q0 id894index0 2 40.306892 pwa_34_1
FILTERED: http://noticias.sapo.pt/ http://noticias.sapo.pt
FILTERED: http://noticias.sapo.pt/ http://noticias.sapo.pt
FILTERED: http://noticias.sapo.pt/ http://noticias.sapo.pt
FILTERED: http://noticias.sapo.pt/ http://noticias.sapo.pt
FILTERED: http://noticias.sapo.pt/ http://noticias.sapo.pt
FILTERED: http://noticias.sapo.pt/ http://noticias.sapo.pt
FILTERED: http://noticias.sapo.pt/ http://noticias.sapo.pt
FILTERED: http://noticias.sapo.pt/ http://noticias.sapo.pt
FILTERED: http://noticias.sapo.pt/ http://noticias.sapo.pt
FILTERED: http://noticias.sapo.pt/ http://noticias.sapo.pt
FILTERED: http://noticias.sapo.pt/ http://noticias.sapo.pt
FILTERED: http://noticias.sapo.pt/ http://noticias.sapo.pt
FILTERED: http://noticias.sapo.pt/ http://noticias.sapo.pt
FILTERED: http://noticias.sapo.pt/ http://noticias.sapo.pt
FILTERED: http://noticias.sapo.pt/ http://noticias.sapo.pt
FILTERED: http://noticias.sapo.pt/ http://noticias.sapo.pt
FILTERED: http://noticias.sapo.pt/ http://noticias.sapo.pt
FILTERED: http://noticias.sapo.pt/ http://noticias.sapo.pt
FILTERED: http://noticias.sapo.pt/ http://noticias.sapo.pt
FILTERED: http://noticias.sapo.pt/ http://noticias.sapo.pt
FILTERED: http://leiria.daaz.pt/ http://leiria.daaz.pt
FILTERED: http://noticias.sapo.pt/ http://noticias.sapo.pt
FILTERED: http://noticias.sapo.pt/ http://noticias.sapo.pt
3 FILTERED FROM other model: http://www.noticiasleiria.pt/ http://noticiasleiria.pt
TREC_FORMAT: 22 Q0 id330770index0 3 22.797422 pwa_34_1
4 FILTERED FROM other model: http://www.tudosobrerodas.pt/i.aspx?imc=2489&ic=1223&l=T http://tudosobrerodas.pt/i.aspx?imc=2489&ic=1223&l=T
TREC_FORMAT: 22 Q0 id163045index0 4 22.695482 pwa_34_1
FILTERED: http://noticias.sapo.pt/ http://noticias.sapo.pt
5 FILTERED FROM other model: http://radiofrequencias.no.sapo.pt/new_page_27.htm http://radiofrequencias.no.sapo.pt/new_page_27.htm
TREC_FORMAT: 22 Q0 id805614index0 5 22.289392 pwa_34_1
6 FILTERED FROM other model: http://www.regiaodeleiria.pt/ http://regiaodeleiria.pt
TREC_FORMAT: 22 Q0 id239364index0 6 21.940186 pwa_34_1
FILTERED: http://noticias.sapo.pt/ http://noticias.sapo.pt
7 FILTERED FROM other model: http://planeta.clix.pt/noticiasdecolmeias/index.html http://planeta.clix.pt/noticiasdecolmeias
TREC_FORMAT: 22 Q0 id141578index0 7 21.536709 pwa_34_1
FILTERED: http://www.regiaodeleiria.pt/ http://regiaodeleiria.pt
8 FILTERED FROM other model: http://www.iplei.pt/ http://iplei.pt
TREC_FORMAT: 22 Q0 id45203index0 8 20.140875 pwa_34_1
FILTERED: http://radiofrequencias.no.sapo.pt/new_page_27.htm http://radiofrequencias.no.sapo.pt/new_page_27.htm
FILTERED: http://www.iplei.pt/ http://iplei.pt
FILTERED: http://www.iplei.pt/ http://iplei.pt
FILTERED: http://www.regiaodeleiria.pt/ http://regiaodeleiria.pt
FILTERED: http://noticias.sapo.pt/ http://noticias.sapo.pt
FILTERED: http://www.regiaodeleiria.pt/ http://regiaodeleiria.pt
FILTERED: http://www.noticiasleiria.pt/ http://noticiasleiria.pt
FILTERED: http://www.iplei.pt/ http://iplei.pt
9 FILTERED FROM other model: http://www.grupoautoindustrial.pt/noticias/ http://grupoautoindustrial.pt/noticias
TREC_FORMAT: 22 Q0 id759163index0 9 18.925095 pwa_34_1
FILTERED: http://www.iplei.pt/ http://iplei.pt
FILTERED: http://www.regiaodeleiria.pt/ http://regiaodeleiria.pt
10 FILTERED FROM other model: http://planeta.clix.pt/snpl-leiria/Index.html http://planeta.clix.pt/snpl-leiria/Index.html
TREC_FORMAT: 22 Q0 id220065index0 10 18.25696 pwa_34_1
QUERY: horários soflusa
URL:http://p15.arquivo.pt/nutchwax/searchTests.jsp?summary=false&hitsPerPage=1500&hitsPerDup=0&queryMatches=-2&query=hor%C3%A1rios+soflusa&sfunctions=34&sboosts=1&dateStart=01%2F01%2F2003&dateEnd=31%2F12%2F2006
1 FILTERED FROM other model: http://www.soflusa.pt/ http://soflusa.pt
TREC_FORMAT: 23 Q0 id441575index0 1 35.97149 pwa_34_1
FILTERED: http://www.soflusa.pt/ http://soflusa.pt
FILTERED: http://www.soflusa.pt/ http://soflusa.pt
FILTERED: http://www.soflusa.pt/ http://soflusa.pt
FILTERED: http://www.soflusa.pt/ http://soflusa.pt
FILTERED: http://www.soflusa.pt/ http://soflusa.pt
FILTERED: http://www.soflusa.pt/ http://soflusa.pt
FILTERED: http://www.soflusa.pt/ http://soflusa.pt
FILTERED: http://www.soflusa.pt/ http://soflusa.pt
FILTERED: http://www.soflusa.pt/ http://soflusa.pt
FILTERED: http://www.soflusa.pt/ http://soflusa.pt
FILTERED: http://www.soflusa.pt/ http://soflusa.pt
FILTERED: http://www.soflusa.pt/ http://soflusa.pt
FILTERED: http://www.soflusa.pt/ http://soflusa.pt
FILTERED: http://www.soflusa.pt/ http://soflusa.pt
FILTERED: http://www.soflusa.pt/ http://soflusa.pt
FILTERED: http://www.soflusa.pt/ http://soflusa.pt
FILTERED: http://www.soflusa.pt/ http://soflusa.pt
FILTERED: http://www.soflusa.pt/ http://soflusa.pt
FILTERED: http://www.soflusa.pt/ http://soflusa.pt
FILTERED: http://www.soflusa.pt/ http://soflusa.pt
FILTERED: http://www.soflusa.pt/ http://soflusa.pt
FILTERED: http://www.soflusa.pt/ http://soflusa.pt
FILTERED: http://www.soflusa.pt/ http://soflusa.pt
FILTERED: http://www.soflusa.pt/ http://soflusa.pt
FILTERED: http://www.soflusa.pt/ http://soflusa.pt
FILTERED: http://www.soflusa.pt/ http://soflusa.pt
FILTERED: http://www.soflusa.pt/default.htm http://soflusa.pt
2 FILTERED FROM other model: http://www.soflusa.pt/horar_soflusa4.htm http://soflusa.pt/horar_soflusa4.htm
TREC_FORMAT: 23 Q0 id9295656index0 2 21.777803 pwa_34_1
FILTERED: http://www.soflusa.pt/horar_soflusa4.htm http://soflusa.pt/horar_soflusa4.htm
FILTERED: http://www.soflusa.pt/horar_soflusa4.htm http://soflusa.pt/horar_soflusa4.htm
FILTERED: http://www.soflusa.pt/horar_soflusa4.htm http://soflusa.pt/horar_soflusa4.htm
3 FILTERED FROM other model: http://www.soflusa.pt/horar_soflusa1.htm http://soflusa.pt/horar_soflusa1.htm
TREC_FORMAT: 23 Q0 id24968223index0 3 21.777803 pwa_34_1
4 FILTERED FROM other model: http://www.soflusa.pt/horar_soflusa2.htm http://soflusa.pt/horar_soflusa2.htm
TREC_FORMAT: 23 Q0 id40877397index0 4 21.777803 pwa_34_1
5 FILTERED FROM other model: http://www.soflusa.pt/horar_soflusa3.htm http://soflusa.pt/horar_soflusa3.htm
TREC_FORMAT: 23 Q0 id41173020index0 5 21.777803 pwa_34_1
FILTERED: http://www.soflusa.pt/horar_soflusa2.htm http://soflusa.pt/horar_soflusa2.htm
FILTERED: http://www.soflusa.pt/horar_soflusa3.htm http://soflusa.pt/horar_soflusa3.htm
FILTERED: http://www.soflusa.pt/horar_soflusa3.htm http://soflusa.pt/horar_soflusa3.htm
FILTERED: http://www.soflusa.pt/horar_soflusa4.htm http://soflusa.pt/horar_soflusa4.htm
FILTERED: http://www.soflusa.pt/horar_soflusa2.htm http://soflusa.pt/horar_soflusa2.htm
FILTERED: http://www.soflusa.pt/default.htm http://soflusa.pt
FILTERED: http://www.soflusa.pt/horar_soflusa1.htm http://soflusa.pt/horar_soflusa1.htm
FILTERED: http://www.soflusa.pt/horar_soflusa4.htm http://soflusa.pt/horar_soflusa4.htm
FILTERED: http://www.soflusa.pt/default.htm http://soflusa.pt
6 FILTERED FROM other model: http://www.soflusa.pt/horar_soflusa.htm http://soflusa.pt/horar_soflusa.htm
TREC_FORMAT: 23 Q0 id1282995index0 6 21.761694 pwa_34_1
FILTERED: http://www.soflusa.pt/horar_soflusa1.htm http://soflusa.pt/horar_soflusa1.htm
FILTERED: http://www.soflusa.pt/horar_soflusa2.htm http://soflusa.pt/horar_soflusa2.htm
FILTERED: http://www.soflusa.pt/horar_soflusa.htm http://soflusa.pt/horar_soflusa.htm
FILTERED: http://www.soflusa.pt/horar_soflusa.htm http://soflusa.pt/horar_soflusa.htm
FILTERED: http://www.soflusa.pt/horar_soflusa2.htm http://soflusa.pt/horar_soflusa2.htm
FILTERED: http://www.soflusa.pt/horar_soflusa.htm http://soflusa.pt/horar_soflusa.htm
FILTERED: http://www.soflusa.pt/horar_soflusa2.htm http://soflusa.pt/horar_soflusa2.htm
FILTERED: http://www.soflusa.pt/horar_soflusa1.htm http://soflusa.pt/horar_soflusa1.htm
FILTERED: http://www.soflusa.pt/horar_soflusa1.htm http://soflusa.pt/horar_soflusa1.htm
FILTERED: http://www.soflusa.pt/horar_soflusa.htm http://soflusa.pt/horar_soflusa.htm
FILTERED: http://www.soflusa.pt/horar_soflusa1.htm http://soflusa.pt/horar_soflusa1.htm
FILTERED: http://www.soflusa.pt/horar_soflusa.htm http://soflusa.pt/horar_soflusa.htm
FILTERED: http://www.soflusa.pt/horar_soflusa.htm http://soflusa.pt/horar_soflusa.htm
FILTERED: http://www.soflusa.pt/horar_soflusa1.htm http://soflusa.pt/horar_soflusa1.htm
FILTERED: http://www.soflusa.pt/horar_soflusa2.htm http://soflusa.pt/horar_soflusa2.htm
FILTERED: http://www.soflusa.pt/horar_soflusa2.htm http://soflusa.pt/horar_soflusa2.htm
FILTERED: http://www.soflusa.pt/horar_soflusa2.htm http://soflusa.pt/horar_soflusa2.htm
FILTERED: http://www.soflusa.pt/horar_soflusa.htm http://soflusa.pt/horar_soflusa.htm
FILTERED: http://www.soflusa.pt/horar_soflusa.htm http://soflusa.pt/horar_soflusa.htm
FILTERED: http://www.soflusa.pt/horar_soflusa1.htm http://soflusa.pt/horar_soflusa1.htm
FILTERED: http://www.soflusa.pt/horar_soflusa.htm http://soflusa.pt/horar_soflusa.htm
FILTERED: http://www.soflusa.pt/default.htm http://soflusa.pt
FILTERED: http://www.soflusa.pt/horar_soflusa.htm http://soflusa.pt/horar_soflusa.htm
FILTERED: http://www.soflusa.pt/horar_soflusa3.htm http://soflusa.pt/horar_soflusa3.htm
FILTERED: http://www.soflusa.pt/horar_soflusa3.htm http://soflusa.pt/horar_soflusa3.htm
FILTERED: http://www.soflusa.pt/horar_soflusa.htm http://soflusa.pt/horar_soflusa.htm
FILTERED: http://www.soflusa.pt/horar_soflusa4.htm http://soflusa.pt/horar_soflusa4.htm
FILTERED: http://www.soflusa.pt/horar_soflusa.htm http://soflusa.pt/horar_soflusa.htm
FILTERED: http://www.soflusa.pt/default.htm http://soflusa.pt
FILTERED: http://www.soflusa.pt/horar_soflusa2.htm http://soflusa.pt/horar_soflusa2.htm
FILTERED: http://www.soflusa.pt/horar_soflusa3.htm http://soflusa.pt/horar_soflusa3.htm
FILTERED: http://www.soflusa.pt/default.htm http://soflusa.pt
FILTERED: http://www.soflusa.pt/horar_soflusa.htm http://soflusa.pt/horar_soflusa.htm
FILTERED: http://www.soflusa.pt/horar_soflusa4.htm http://soflusa.pt/horar_soflusa4.htm
FILTERED: http://www.soflusa.pt/horar_soflusa.htm http://soflusa.pt/horar_soflusa.htm
FILTERED: http://www.soflusa.pt/horar_soflusa3.htm http://soflusa.pt/horar_soflusa3.htm
FILTERED: http://www.soflusa.pt/horar_soflusa.htm http://soflusa.pt/horar_soflusa.htm
FILTERED: http://www.soflusa.pt/horar_soflusa.htm http://soflusa.pt/horar_soflusa.htm
FILTERED: http://www.soflusa.pt/horar_soflusa1.htm http://soflusa.pt/horar_soflusa1.htm
FILTERED: http://www.soflusa.pt/horar_soflusa4.htm http://soflusa.pt/horar_soflusa4.htm
FILTERED: http://www.soflusa.pt/horar_soflusa4.htm http://soflusa.pt/horar_soflusa4.htm
FILTERED: http://www.soflusa.pt/horar_soflusa3.htm http://soflusa.pt/horar_soflusa3.htm
FILTERED: http://www.soflusa.pt/horar_soflusa2.htm http://soflusa.pt/horar_soflusa2.htm
FILTERED: http://www.soflusa.pt/horar_soflusa.htm http://soflusa.pt/horar_soflusa.htm
FILTERED: http://www.soflusa.pt/horar_soflusa4.htm http://soflusa.pt/horar_soflusa4.htm
FILTERED: http://www.soflusa.pt/horar_soflusa4.htm http://soflusa.pt/horar_soflusa4.htm
FILTERED: http://www.soflusa.pt/horar_soflusa3.htm http://soflusa.pt/horar_soflusa3.htm
FILTERED: http://www.soflusa.pt/horar_soflusa1.htm http://soflusa.pt/horar_soflusa1.htm
7 FILTERED FROM other model: http://www.soflusa.pt/hor10maio.pdf http://soflusa.pt/hor10maio.pdf
TREC_FORMAT: 23 Q0 id43573888index0 7 13.740375 pwa_34_1
FILTERED: http://www.soflusa.pt/hor10maio.pdf http://soflusa.pt/hor10maio.pdf
8 FILTERED FROM other model: http://www.sntsf.pt/Comunicados/Comunicados2004/SOFLUSA_13_2004.htm http://sntsf.pt/Comunicados/Comunicados2004/SOFLUSA_13_2004.htm
TREC_FORMAT: 23 Q0 id94309571index0 8 11.0810995 pwa_34_1
9 FILTERED FROM other model: http://www.sntsf.pt/Comunicados/Comunicados2004/SOFLUSA_14_2004.htm http://sntsf.pt/Comunicados/Comunicados2004/SOFLUSA_14_2004.htm
TREC_FORMAT: 23 Q0 id110513874index0 9 10.965813 pwa_34_1
10 FILTERED FROM other model: http://www.sntsf.pt/Comunicados/Comunicados2004/SoflusaConjuntoAgosto.htm http://sntsf.pt/Comunicados/Comunicados2004/SoflusaConjuntoAgosto.htm
TREC_FORMAT: 23 Q0 id12294206index0 10 6.524172 pwa_34_1
QUERY: restaurantes público
URL:http://p15.arquivo.pt/nutchwax/searchTests.jsp?summary=false&hitsPerPage=1500&hitsPerDup=0&queryMatches=-2&query=restaurantes+p%C3%BAblico&sfunctions=34&sboosts=1
1 FILTERED FROM other model: http://publico.clix.pt/ http://publico.clix.pt
TREC_FORMAT: 24 Q0 id39530index0 1 23.75591 pwa_34_1
2 FILTERED FROM other model: http://setubalcity.olx.pt/atendimento-ao-publico-iid-3082864 http://setubalcity.olx.pt/atendimento-ao-publico-iid-3082864
TREC_FORMAT: 24 Q0 id111021index3 2 23.396091 pwa_34_1
3 FILTERED FROM other model: http://www.publico.pt/ http://publico.pt
TREC_FORMAT: 24 Q0 id2499index0 3 22.896057 pwa_34_1
FILTERED: http://publico.clix.pt/ http://publico.clix.pt
FILTERED: http://www.publico.clix.pt/ http://publico.clix.pt
4 FILTERED FROM other model: http://directorio.portal-sites.net/ http://directorio.portal-sites.net
TREC_FORMAT: 24 Q0 id85858index4 4 20.781467 pwa_34_1
FILTERED: http://www.publico.pt/ http://publico.pt
5 FILTERED FROM other model: http://matosinhos-porto.olx.pt/secretaria-atendimento-ao-publico-administracao-iid-4610545 http://matosinhos-porto.olx.pt/secretaria-atendimento-ao-publico-administracao-iid-4610545
TREC_FORMAT: 24 Q0 id171750index3 5 17.79537 pwa_34_1
FILTERED: http://www.publico.clix.pt/ http://publico.clix.pt
6 FILTERED FROM other model: http://ww2.publico.clix.pt/ http://ww2.publico.clix.pt
TREC_FORMAT: 24 Q0 id232872index0 6 16.878242 pwa_34_1
FILTERED: http://www.publico.clix.pt/ http://publico.clix.pt
7 FILTERED FROM other model: http://www.cm-arraiolos.pt/Portal.Municipios/Templates/Article.aspx?NRMODE=Published&NRNODEGUID=%7b7E4D8D69-25AD-481B-9AB8-BBBA64627E40%7d&NRORIGINALURL=%2fpt%2fconteudos%2finformacoes%2buteis%2frestaurantes%2frestaurantes%2ehtm&NRCACHEHINT=Guest http://cm-arraiolos.pt/Portal.Municipios/Templates/Article.aspx?NRMODE=Published&NRNODEGUID=%7b7E4D8D69-25AD-481B-9AB8-BBBA64627E40%7d&NRORIGINALURL=%2fpt%2fconteudos%2finformacoes%2buteis%2frestaurantes%2frestaurantes%2ehtm&NRCACHEHINT=Guest
TREC_FORMAT: 24 Q0 id7642541index3 7 12.549732 pwa_34_1
8 FILTERED FROM other model: http://ultimahora.publico.clix.pt/noticia.aspx?id=1315176&idCanal=62 http://ultimahora.publico.clix.pt/noticia.aspx?id=1315176&idCanal=62
TREC_FORMAT: 24 Q0 id260672index4 8 12.453929 pwa_34_1
9 FILTERED FROM other model: http://www.cm-arraiolos.pt/pt/conteudos/informacoes+uteis/restaurantes/restaurantes.htm http://cm-arraiolos.pt/pt/conteudos/informacoes+uteis/restaurantes/restaurantes.htm
TREC_FORMAT: 24 Q0 id6214341index3 9 12.227603 pwa_34_1
10 FILTERED FROM other model: http://apresentacoes.mediateca.pt/ http://apresentacoes.mediateca.pt
TREC_FORMAT: 24 Q0 id62689index4 10 12.128704 pwa_34_1
QUERY: icat projectos
URL:http://p15.arquivo.pt/nutchwax/searchTests.jsp?summary=false&hitsPerPage=1500&hitsPerDup=0&queryMatches=-2&query=icat+projectos&sfunctions=34&sboosts=1
1 FILTERED FROM other model: http://www.icat.fc.ul.pt/ http://icat.fc.ul.pt
TREC_FORMAT: 25 Q0 id86214index4 1 30.294619 pwa_34_1
FILTERED: http://www.icat.fc.ul.pt/ http://icat.fc.ul.pt
FILTERED: http://www.icat.fc.ul.pt/ http://icat.fc.ul.pt
FILTERED: http://www.icat.fc.ul.pt/ http://icat.fc.ul.pt
FILTERED: http://www.icat.fc.ul.pt/ http://icat.fc.ul.pt
FILTERED: http://www.icat.fc.ul.pt/ http://icat.fc.ul.pt
FILTERED: http://www.icat.fc.ul.pt/ http://icat.fc.ul.pt
FILTERED: http://www.icat.fc.ul.pt/ http://icat.fc.ul.pt
FILTERED: http://www.icat.fc.ul.pt/ http://icat.fc.ul.pt
FILTERED: http://www.icat.fc.ul.pt/ http://icat.fc.ul.pt
FILTERED: http://www.icat.fc.ul.pt/ http://icat.fc.ul.pt
FILTERED: http://www.icat.fc.ul.pt/ http://icat.fc.ul.pt
FILTERED: http://www.icat.fc.ul.pt/ http://icat.fc.ul.pt
FILTERED: http://www.icat.fc.ul.pt/ http://icat.fc.ul.pt
FILTERED: http://www.icat.fc.ul.pt/ http://icat.fc.ul.pt
2 FILTERED FROM other model: http://ui.icat.fc.ul.pt/ http://ui.icat.fc.ul.pt
TREC_FORMAT: 25 Q0 id3298436index0 2 15.059952 pwa_34_1
FILTERED: http://ui.icat.fc.ul.pt/ http://ui.icat.fc.ul.pt
FILTERED: http://ui.icat.fc.ul.pt/ http://ui.icat.fc.ul.pt
FILTERED: http://ui.icat.fc.ul.pt/ http://ui.icat.fc.ul.pt
3 FILTERED FROM other model: http://icat137.icat.fc.ul.pt/ http://icat137.icat.fc.ul.pt
TREC_FORMAT: 25 Q0 id290211index5 3 14.084328 pwa_34_1
FILTERED: http://icat137.icat.fc.ul.pt/ http://icat137.icat.fc.ul.pt
FILTERED: http://ui.icat.fc.ul.pt/ http://ui.icat.fc.ul.pt
FILTERED: http://ui.icat.fc.ul.pt/ http://ui.icat.fc.ul.pt
FILTERED: http://ui.icat.fc.ul.pt/ http://ui.icat.fc.ul.pt
FILTERED: http://icat137.icat.fc.ul.pt/ http://icat137.icat.fc.ul.pt
FILTERED: http://ui.icat.fc.ul.pt/ http://ui.icat.fc.ul.pt
FILTERED: http://ui.icat.fc.ul.pt/ http://ui.icat.fc.ul.pt
4 FILTERED FROM other model: http://www.icat.fc.ul.pt/?m=16 http://icat.fc.ul.pt/?m=16
TREC_FORMAT: 25 Q0 id30687251index3 4 13.425821 pwa_34_1
5 FILTERED FROM other model: http://www.icat.fc.ul.pt/?m=99 http://icat.fc.ul.pt/?m=99
TREC_FORMAT: 25 Q0 id27831888index3 5 13.376979 pwa_34_1
6 FILTERED FROM other model: http://www.icat.fc.ul.pt/?m=15 http://icat.fc.ul.pt/?m=15
TREC_FORMAT: 25 Q0 id29259493index3 6 13.350823 pwa_34_1
7 FILTERED FROM other model: http://www.icat.fc.ul.pt/?m=19 http://icat.fc.ul.pt/?m=19
TREC_FORMAT: 25 Q0 id34969921index3 7 13.3315115 pwa_34_1
8 FILTERED FROM other model: http://ui.icat.fc.ul.pt/digitalpublish/projectos.htm http://ui.icat.fc.ul.pt/digitalpublish/projectos.htm
TREC_FORMAT: 25 Q0 id531510index5 8 13.305509 pwa_34_1
FILTERED: http://ui.icat.fc.ul.pt/digitalpublish/projectos.htm http://ui.icat.fc.ul.pt/digitalpublish/projectos.htm
9 FILTERED FROM other model: http://www.icat.fc.ul.pt/?m=10 http://icat.fc.ul.pt/?m=10
TREC_FORMAT: 25 Q0 id22120257index3 9 13.303663 pwa_34_1
10 FILTERED FROM other model: http://www.icat.fc.ul.pt/?m=64 http://icat.fc.ul.pt/?m=64
TREC_FORMAT: 25 Q0 id19261868index3 10 13.273744 pwa_34_1
20 pairs of query-document inserted.
0 pairs of query-document excluded.
