runid                 	all	pwa_35+64_0.5+0.5
num_q                 	all	25
num_ret               	all	250
num_rel               	all	6486
num_rel_ret           	all	15
map                   	all	0.0120
gm_map                	all	0.0001
Rprec                 	all	0.0130
bpref                 	all	0.0130
recip_rank            	all	0.2744
iprec_at_recall_0.00  	all	0.2744
iprec_at_recall_0.10  	all	0.0400
iprec_at_recall_0.20  	all	0.0400
iprec_at_recall_0.30  	all	0.0000
iprec_at_recall_0.40  	all	0.0000
iprec_at_recall_0.50  	all	0.0000
iprec_at_recall_0.60  	all	0.0000
iprec_at_recall_0.70  	all	0.0000
iprec_at_recall_0.80  	all	0.0000
iprec_at_recall_0.90  	all	0.0000
iprec_at_recall_1.00  	all	0.0000
P_1                   	all	0.2400
P_5                   	all	0.0880
P_10                  	all	0.0600
P_15                  	all	0.0400
P_20                  	all	0.0300
P_30                  	all	0.0200
P_100                 	all	0.0060
P_200                 	all	0.0030
P_500                 	all	0.0012
P_1000                	all	0.0006
recall_1              	all	0.0113
recall_5              	all	0.0124
recall_10             	all	0.0130
recall_15             	all	0.0130
recall_20             	all	0.0130
recall_30             	all	0.0130
recall_100            	all	0.0130
recall_200            	all	0.0130
recall_500            	all	0.0130
recall_1000           	all	0.0130
infAP                 	all	0.0120
gm_bpref              	all	0.0001
Rprec_mult_0.20       	all	0.0546
Rprec_mult_0.40       	all	0.0275
Rprec_mult_0.60       	all	0.0183
Rprec_mult_0.80       	all	0.0138
Rprec_mult_1.00       	all	0.0130
Rprec_mult_1.20       	all	0.0105
Rprec_mult_1.40       	all	0.0088
Rprec_mult_1.60       	all	0.0076
Rprec_mult_1.80       	all	0.0067
Rprec_mult_2.00       	all	0.0065
utility               	all	-8.8000
11pt_avg              	all	0.0322
binG                  	all	0.0122
G                     	all	0.0156
ndcg                  	all	0.0296
ndcg_rel              	all	0.0363
Rndcg                 	all	0.0351
ndcg_cut_1            	all	0.2400
ndcg_cut_5            	all	0.1044
ndcg_cut_10           	all	0.0831
ndcg_cut_15           	all	0.0690
ndcg_cut_20           	all	0.0609
ndcg_cut_30           	all	0.0518
ndcg_cut_100          	all	0.0365
ndcg_cut_200          	all	0.0327
ndcg_cut_500          	all	0.0304
ndcg_cut_1000         	all	0.0299
map_cut_1             	all	0.0113
map_cut_5             	all	0.0118
map_cut_10            	all	0.0120
map_cut_15            	all	0.0120
map_cut_20            	all	0.0120
map_cut_30            	all	0.0120
map_cut_100           	all	0.0120
map_cut_200           	all	0.0120
map_cut_500           	all	0.0120
map_cut_1000          	all	0.0120
relative_P_1          	all	0.2400
relative_P_5          	all	0.0900
relative_P_10         	all	0.0660
relative_P_15         	all	0.0473
relative_P_20         	all	0.0380
relative_P_30         	all	0.0287
relative_P_100        	all	0.0163
relative_P_200        	all	0.0143
relative_P_500        	all	0.0134
relative_P_1000       	all	0.0131
success_1             	all	0.2400
success_5             	all	0.3200
success_10            	all	0.3600
set_P                 	all	0.0600
set_relative_P        	all	0.0660
set_recall            	all	0.0130
set_map               	all	0.0015
set_F                 	all	0.0111
num_nonrel_judged_ret 	all	234
