runid                 	all	pwa_35+62_0.75+0.25
num_q                 	all	25
num_ret               	all	250
num_rel               	all	6486
num_rel_ret           	all	45
map                   	all	0.0292
gm_map                	all	0.0012
Rprec                 	all	0.0319
bpref                 	all	0.0317
recip_rank            	all	0.5833
iprec_at_recall_0.00  	all	0.5995
iprec_at_recall_0.10  	all	0.0400
iprec_at_recall_0.20  	all	0.0400
iprec_at_recall_0.30  	all	0.0400
iprec_at_recall_0.40  	all	0.0400
iprec_at_recall_0.50  	all	0.0400
iprec_at_recall_0.60  	all	0.0000
iprec_at_recall_0.70  	all	0.0000
iprec_at_recall_0.80  	all	0.0000
iprec_at_recall_0.90  	all	0.0000
iprec_at_recall_1.00  	all	0.0000
P_1                   	all	0.4800
P_5                   	all	0.2720
P_10                  	all	0.1800
P_15                  	all	0.1200
P_20                  	all	0.0900
P_30                  	all	0.0600
P_100                 	all	0.0180
P_200                 	all	0.0090
P_500                 	all	0.0036
P_1000                	all	0.0018
recall_1              	all	0.0133
recall_5              	all	0.0299
recall_10             	all	0.0319
recall_15             	all	0.0319
recall_20             	all	0.0319
recall_30             	all	0.0319
recall_100            	all	0.0319
recall_200            	all	0.0319
recall_500            	all	0.0319
recall_1000           	all	0.0319
infAP                 	all	0.0292
gm_bpref              	all	0.0017
Rprec_mult_0.20       	all	0.0972
Rprec_mult_0.40       	all	0.0692
Rprec_mult_0.60       	all	0.0462
Rprec_mult_0.80       	all	0.0347
Rprec_mult_1.00       	all	0.0319
Rprec_mult_1.20       	all	0.0258
Rprec_mult_1.40       	all	0.0218
Rprec_mult_1.60       	all	0.0188
Rprec_mult_1.80       	all	0.0166
Rprec_mult_2.00       	all	0.0159
utility               	all	-6.4000
11pt_avg              	all	0.0727
binG                  	all	0.0291
G                     	all	0.0242
ndcg                  	all	0.0591
ndcg_rel              	all	0.0708
Rndcg                 	all	0.0812
ndcg_cut_1            	all	0.4200
ndcg_cut_5            	all	0.2675
ndcg_cut_10           	all	0.2058
ndcg_cut_15           	all	0.1666
ndcg_cut_20           	all	0.1440
ndcg_cut_30           	all	0.1185
ndcg_cut_100          	all	0.0723
ndcg_cut_200          	all	0.0631
ndcg_cut_500          	all	0.0598
ndcg_cut_1000         	all	0.0593
map_cut_1             	all	0.0133
map_cut_5             	all	0.0281
map_cut_10            	all	0.0292
map_cut_15            	all	0.0292
map_cut_20            	all	0.0292
map_cut_30            	all	0.0292
map_cut_100           	all	0.0292
map_cut_200           	all	0.0292
map_cut_500           	all	0.0292
map_cut_1000          	all	0.0292
relative_P_1          	all	0.4800
relative_P_5          	all	0.2760
relative_P_10         	all	0.1920
relative_P_15         	all	0.1347
relative_P_20         	all	0.1060
relative_P_30         	all	0.0773
relative_P_100        	all	0.0391
relative_P_200        	all	0.0338
relative_P_500        	all	0.0322
relative_P_1000       	all	0.0319
success_1             	all	0.4800
success_5             	all	0.7200
success_10            	all	0.7200
set_P                 	all	0.1800
set_relative_P        	all	0.1920
set_recall            	all	0.0319
set_map               	all	0.0082
set_F                 	all	0.0327
num_nonrel_judged_ret 	all	186
