runid                 	all	pwa_35+62_0.5+0.5
num_q                 	all	25
num_ret               	all	250
num_rel               	all	6486
num_rel_ret           	all	36
map                   	all	0.0235
gm_map                	all	0.0007
Rprec                 	all	0.0297
bpref                 	all	0.0293
recip_rank            	all	0.5644
iprec_at_recall_0.00  	all	0.5644
iprec_at_recall_0.10  	all	0.0400
iprec_at_recall_0.20  	all	0.0400
iprec_at_recall_0.30  	all	0.0267
iprec_at_recall_0.40  	all	0.0267
iprec_at_recall_0.50  	all	0.0267
iprec_at_recall_0.60  	all	0.0000
iprec_at_recall_0.70  	all	0.0000
iprec_at_recall_0.80  	all	0.0000
iprec_at_recall_0.90  	all	0.0000
iprec_at_recall_1.00  	all	0.0000
P_1                   	all	0.5200
P_5                   	all	0.2320
P_10                  	all	0.1440
P_15                  	all	0.0960
P_20                  	all	0.0720
P_30                  	all	0.0480
P_100                 	all	0.0144
P_200                 	all	0.0072
P_500                 	all	0.0029
P_1000                	all	0.0014
recall_1              	all	0.0132
recall_5              	all	0.0269
recall_10             	all	0.0297
recall_15             	all	0.0297
recall_20             	all	0.0297
recall_30             	all	0.0297
recall_100            	all	0.0297
recall_200            	all	0.0297
recall_500            	all	0.0297
recall_1000           	all	0.0297
infAP                 	all	0.0235
gm_bpref              	all	0.0009
Rprec_mult_0.20       	all	0.0813
Rprec_mult_0.40       	all	0.0437
Rprec_mult_0.60       	all	0.0426
Rprec_mult_0.80       	all	0.0320
Rprec_mult_1.00       	all	0.0297
Rprec_mult_1.20       	all	0.0240
Rprec_mult_1.40       	all	0.0202
Rprec_mult_1.60       	all	0.0174
Rprec_mult_1.80       	all	0.0154
Rprec_mult_2.00       	all	0.0148
utility               	all	-7.1200
11pt_avg              	all	0.0659
binG                  	all	0.0231
G                     	all	0.0218
ndcg                  	all	0.0501
ndcg_rel              	all	0.0594
Rndcg                 	all	0.0698
ndcg_cut_1            	all	0.4600
ndcg_cut_5            	all	0.2309
ndcg_cut_10           	all	0.1733
ndcg_cut_15           	all	0.1406
ndcg_cut_20           	all	0.1219
ndcg_cut_30           	all	0.1008
ndcg_cut_100          	all	0.0634
ndcg_cut_200          	all	0.0546
ndcg_cut_500          	all	0.0511
ndcg_cut_1000         	all	0.0504
map_cut_1             	all	0.0132
map_cut_5             	all	0.0226
map_cut_10            	all	0.0235
map_cut_15            	all	0.0235
map_cut_20            	all	0.0235
map_cut_30            	all	0.0235
map_cut_100           	all	0.0235
map_cut_200           	all	0.0235
map_cut_500           	all	0.0235
map_cut_1000          	all	0.0235
relative_P_1          	all	0.5200
relative_P_5          	all	0.2360
relative_P_10         	all	0.1560
relative_P_15         	all	0.1107
relative_P_20         	all	0.0880
relative_P_30         	all	0.0653
relative_P_100        	all	0.0361
relative_P_200        	all	0.0317
relative_P_500        	all	0.0302
relative_P_1000       	all	0.0298
success_1             	all	0.5200
success_5             	all	0.6000
success_10            	all	0.6400
set_P                 	all	0.1440
set_relative_P        	all	0.1560
set_recall            	all	0.0297
set_map               	all	0.0070
set_F                 	all	0.0284
num_nonrel_judged_ret 	all	206
