runid                 	all	pwa_31_1
num_q                 	all	25
num_ret               	all	250
num_rel               	all	6486
num_rel_ret           	all	30
map                   	all	0.0183
gm_map                	all	0.0004
Rprec                 	all	0.0310
bpref                 	all	0.0250
recip_rank            	all	0.4048
iprec_at_recall_0.00  	all	0.4235
iprec_at_recall_0.10  	all	0.0267
iprec_at_recall_0.20  	all	0.0267
iprec_at_recall_0.30  	all	0.0267
iprec_at_recall_0.40  	all	0.0267
iprec_at_recall_0.50  	all	0.0267
iprec_at_recall_0.60  	all	0.0000
iprec_at_recall_0.70  	all	0.0000
iprec_at_recall_0.80  	all	0.0000
iprec_at_recall_0.90  	all	0.0000
iprec_at_recall_1.00  	all	0.0000
P_1                   	all	0.3600
P_5                   	all	0.1520
P_10                  	all	0.1200
P_15                  	all	0.0800
P_20                  	all	0.0600
P_30                  	all	0.0400
P_100                 	all	0.0120
P_200                 	all	0.0060
P_500                 	all	0.0024
P_1000                	all	0.0012
recall_1              	all	0.0027
recall_5              	all	0.0258
recall_10             	all	0.0310
recall_15             	all	0.0310
recall_20             	all	0.0310
recall_30             	all	0.0310
recall_100            	all	0.0310
recall_200            	all	0.0310
recall_500            	all	0.0310
recall_1000           	all	0.0310
infAP                 	all	0.0183
gm_bpref              	all	0.0006
Rprec_mult_0.20       	all	0.0421
Rprec_mult_0.40       	all	0.0417
Rprec_mult_0.60       	all	0.0448
Rprec_mult_0.80       	all	0.0336
Rprec_mult_1.00       	all	0.0310
Rprec_mult_1.20       	all	0.0251
Rprec_mult_1.40       	all	0.0211
Rprec_mult_1.60       	all	0.0183
Rprec_mult_1.80       	all	0.0161
Rprec_mult_2.00       	all	0.0155
utility               	all	-7.6000
11pt_avg              	all	0.0506
binG                  	all	0.0197
G                     	all	0.0155
ndcg                  	all	0.0418
ndcg_rel              	all	0.0459
Rndcg                 	all	0.0582
ndcg_cut_1            	all	0.2800
ndcg_cut_5            	all	0.1515
ndcg_cut_10           	all	0.1274
ndcg_cut_15           	all	0.1036
ndcg_cut_20           	all	0.0901
ndcg_cut_30           	all	0.0753
ndcg_cut_100          	all	0.0493
ndcg_cut_200          	all	0.0442
ndcg_cut_500          	all	0.0423
ndcg_cut_1000         	all	0.0419
map_cut_1             	all	0.0027
map_cut_5             	all	0.0170
map_cut_10            	all	0.0183
map_cut_15            	all	0.0183
map_cut_20            	all	0.0183
map_cut_30            	all	0.0183
map_cut_100           	all	0.0183
map_cut_200           	all	0.0183
map_cut_500           	all	0.0183
map_cut_1000          	all	0.0183
relative_P_1          	all	0.3600
relative_P_5          	all	0.1560
relative_P_10         	all	0.1320
relative_P_15         	all	0.0947
relative_P_20         	all	0.0762
relative_P_30         	all	0.0582
relative_P_100        	all	0.0352
relative_P_200        	all	0.0322
relative_P_500        	all	0.0312
relative_P_1000       	all	0.0311
success_1             	all	0.3600
success_5             	all	0.4400
success_10            	all	0.5600
set_P                 	all	0.1200
set_relative_P        	all	0.1320
set_recall            	all	0.0310
set_map               	all	0.0069
set_F                 	all	0.0297
num_nonrel_judged_ret 	all	207
