runid                 	all	pwa_32_1
num_q                 	all	25
num_ret               	all	250
num_rel               	all	6486
num_rel_ret           	all	33
map                   	all	0.0156
gm_map                	all	0.0004
Rprec                 	all	0.0207
bpref                 	all	0.0256
recip_rank            	all	0.3662
iprec_at_recall_0.00  	all	0.3662
iprec_at_recall_0.10  	all	0.0200
iprec_at_recall_0.20  	all	0.0200
iprec_at_recall_0.30  	all	0.0114
iprec_at_recall_0.40  	all	0.0114
iprec_at_recall_0.50  	all	0.0114
iprec_at_recall_0.60  	all	0.0000
iprec_at_recall_0.70  	all	0.0000
iprec_at_recall_0.80  	all	0.0000
iprec_at_recall_0.90  	all	0.0000
iprec_at_recall_1.00  	all	0.0000
P_1                   	all	0.2800
P_5                   	all	0.1600
P_10                  	all	0.1320
P_15                  	all	0.0880
P_20                  	all	0.0660
P_30                  	all	0.0440
P_100                 	all	0.0132
P_200                 	all	0.0066
P_500                 	all	0.0026
P_1000                	all	0.0013
recall_1              	all	0.0026
recall_5              	all	0.0174
recall_10             	all	0.0307
recall_15             	all	0.0307
recall_20             	all	0.0307
recall_30             	all	0.0307
recall_100            	all	0.0307
recall_200            	all	0.0307
recall_500            	all	0.0307
recall_1000           	all	0.0307
infAP                 	all	0.0156
gm_bpref              	all	0.0007
Rprec_mult_0.20       	all	0.0515
Rprec_mult_0.40       	all	0.0464
Rprec_mult_0.60       	all	0.0310
Rprec_mult_0.80       	all	0.0233
Rprec_mult_1.00       	all	0.0207
Rprec_mult_1.20       	all	0.0169
Rprec_mult_1.40       	all	0.0143
Rprec_mult_1.60       	all	0.0181
Rprec_mult_1.80       	all	0.0159
Rprec_mult_2.00       	all	0.0154
utility               	all	-7.3600
11pt_avg              	all	0.0400
binG                  	all	0.0178
G                     	all	0.0141
ndcg                  	all	0.0407
ndcg_rel              	all	0.0454
Rndcg                 	all	0.0468
ndcg_cut_1            	all	0.2400
ndcg_cut_5            	all	0.1497
ndcg_cut_10           	all	0.1300
ndcg_cut_15           	all	0.1053
ndcg_cut_20           	all	0.0912
ndcg_cut_30           	all	0.0756
ndcg_cut_100          	all	0.0474
ndcg_cut_200          	all	0.0424
ndcg_cut_500          	all	0.0409
ndcg_cut_1000         	all	0.0407
map_cut_1             	all	0.0026
map_cut_5             	all	0.0114
map_cut_10            	all	0.0156
map_cut_15            	all	0.0156
map_cut_20            	all	0.0156
map_cut_30            	all	0.0156
map_cut_100           	all	0.0156
map_cut_200           	all	0.0156
map_cut_500           	all	0.0156
map_cut_1000          	all	0.0156
relative_P_1          	all	0.2800
relative_P_5          	all	0.1620
relative_P_10         	all	0.1440
relative_P_15         	all	0.1027
relative_P_20         	all	0.0820
relative_P_30         	all	0.0613
relative_P_100        	all	0.0345
relative_P_200        	all	0.0314
relative_P_500        	all	0.0308
relative_P_1000       	all	0.0307
success_1             	all	0.2800
success_5             	all	0.4400
success_10            	all	0.6000
set_P                 	all	0.1320
set_relative_P        	all	0.1440
set_recall            	all	0.0307
set_map               	all	0.0079
set_F                 	all	0.0305
num_nonrel_judged_ret 	all	191
