runid                 	all	pwa_35+64_0.75+0.25
num_q                 	all	25
num_ret               	all	250
num_rel               	all	6486
num_rel_ret           	all	35
map                   	all	0.0189
gm_map                	all	0.0007
Rprec                 	all	0.0172
bpref                 	all	0.0196
recip_rank            	all	0.4960
iprec_at_recall_0.00  	all	0.5077
iprec_at_recall_0.10  	all	0.0400
iprec_at_recall_0.20  	all	0.0400
iprec_at_recall_0.30  	all	0.0160
iprec_at_recall_0.40  	all	0.0160
iprec_at_recall_0.50  	all	0.0160
iprec_at_recall_0.60  	all	0.0000
iprec_at_recall_0.70  	all	0.0000
iprec_at_recall_0.80  	all	0.0000
iprec_at_recall_0.90  	all	0.0000
iprec_at_recall_1.00  	all	0.0000
P_1                   	all	0.3600
P_5                   	all	0.2000
P_10                  	all	0.1400
P_15                  	all	0.0933
P_20                  	all	0.0700
P_30                  	all	0.0467
P_100                 	all	0.0140
P_200                 	all	0.0070
P_500                 	all	0.0028
P_1000                	all	0.0014
recall_1              	all	0.0125
recall_5              	all	0.0251
recall_10             	all	0.0272
recall_15             	all	0.0272
recall_20             	all	0.0272
recall_30             	all	0.0272
recall_100            	all	0.0272
recall_200            	all	0.0272
recall_500            	all	0.0272
recall_1000           	all	0.0272
infAP                 	all	0.0189
gm_bpref              	all	0.0010
Rprec_mult_0.20       	all	0.0751
Rprec_mult_0.40       	all	0.0378
Rprec_mult_0.60       	all	0.0253
Rprec_mult_0.80       	all	0.0190
Rprec_mult_1.00       	all	0.0172
Rprec_mult_1.20       	all	0.0220
Rprec_mult_1.40       	all	0.0185
Rprec_mult_1.60       	all	0.0159
Rprec_mult_1.80       	all	0.0140
Rprec_mult_2.00       	all	0.0136
utility               	all	-7.2000
11pt_avg              	all	0.0578
binG                  	all	0.0191
G                     	all	0.0200
ndcg                  	all	0.0453
ndcg_rel              	all	0.0527
Rndcg                 	all	0.0642
ndcg_cut_1            	all	0.3000
ndcg_cut_5            	all	0.2035
ndcg_cut_10           	all	0.1562
ndcg_cut_15           	all	0.1270
ndcg_cut_20           	all	0.1103
ndcg_cut_30           	all	0.0916
ndcg_cut_100          	all	0.0572
ndcg_cut_200          	all	0.0493
ndcg_cut_500          	all	0.0461
ndcg_cut_1000         	all	0.0455
map_cut_1             	all	0.0125
map_cut_5             	all	0.0178
map_cut_10            	all	0.0189
map_cut_15            	all	0.0189
map_cut_20            	all	0.0189
map_cut_30            	all	0.0189
map_cut_100           	all	0.0189
map_cut_200           	all	0.0189
map_cut_500           	all	0.0189
map_cut_1000          	all	0.0189
relative_P_1          	all	0.3600
relative_P_5          	all	0.2040
relative_P_10         	all	0.1520
relative_P_15         	all	0.1080
relative_P_20         	all	0.0860
relative_P_30         	all	0.0640
relative_P_100        	all	0.0339
relative_P_200        	all	0.0292
relative_P_500        	all	0.0276
relative_P_1000       	all	0.0273
success_1             	all	0.3600
success_5             	all	0.6800
success_10            	all	0.6800
set_P                 	all	0.1400
set_relative_P        	all	0.1520
set_recall            	all	0.0272
set_map               	all	0.0063
set_F                 	all	0.0246
num_nonrel_judged_ret 	all	210
