runid                 	all	pwa_35+64_0.9+0.1
num_q                 	all	25
num_ret               	all	250
num_rel               	all	6486
num_rel_ret           	all	49
map                   	all	0.0296
gm_map                	all	0.0024
Rprec                 	all	0.0367
bpref                 	all	0.0341
recip_rank            	all	0.5892
iprec_at_recall_0.00  	all	0.6141
iprec_at_recall_0.10  	all	0.0400
iprec_at_recall_0.20  	all	0.0400
iprec_at_recall_0.30  	all	0.0400
iprec_at_recall_0.40  	all	0.0400
iprec_at_recall_0.50  	all	0.0400
iprec_at_recall_0.60  	all	0.0000
iprec_at_recall_0.70  	all	0.0000
iprec_at_recall_0.80  	all	0.0000
iprec_at_recall_0.90  	all	0.0000
iprec_at_recall_1.00  	all	0.0000
P_1                   	all	0.4800
P_5                   	all	0.2880
P_10                  	all	0.1960
P_15                  	all	0.1307
P_20                  	all	0.0980
P_30                  	all	0.0653
P_100                 	all	0.0196
P_200                 	all	0.0098
P_500                 	all	0.0039
P_1000                	all	0.0020
recall_1              	all	0.0133
recall_5              	all	0.0298
recall_10             	all	0.0367
recall_15             	all	0.0367
recall_20             	all	0.0367
recall_30             	all	0.0367
recall_100            	all	0.0367
recall_200            	all	0.0367
recall_500            	all	0.0367
recall_1000           	all	0.0367
infAP                 	all	0.0296
gm_bpref              	all	0.0040
Rprec_mult_0.20       	all	0.1048
Rprec_mult_0.40       	all	0.0731
Rprec_mult_0.60       	all	0.0487
Rprec_mult_0.80       	all	0.0407
Rprec_mult_1.00       	all	0.0367
Rprec_mult_1.20       	all	0.0298
Rprec_mult_1.40       	all	0.0252
Rprec_mult_1.60       	all	0.0218
Rprec_mult_1.80       	all	0.0192
Rprec_mult_2.00       	all	0.0184
utility               	all	-6.0800
11pt_avg              	all	0.0740
binG                  	all	0.0303
G                     	all	0.0257
ndcg                  	all	0.0644
ndcg_rel              	all	0.0762
Rndcg                 	all	0.0851
ndcg_cut_1            	all	0.4200
ndcg_cut_5            	all	0.2785
ndcg_cut_10           	all	0.2219
ndcg_cut_15           	all	0.1800
ndcg_cut_20           	all	0.1559
ndcg_cut_30           	all	0.1286
ndcg_cut_100          	all	0.0786
ndcg_cut_200          	all	0.0685
ndcg_cut_500          	all	0.0650
ndcg_cut_1000         	all	0.0645
map_cut_1             	all	0.0133
map_cut_5             	all	0.0278
map_cut_10            	all	0.0296
map_cut_15            	all	0.0296
map_cut_20            	all	0.0296
map_cut_30            	all	0.0296
map_cut_100           	all	0.0296
map_cut_200           	all	0.0296
map_cut_500           	all	0.0296
map_cut_1000          	all	0.0296
relative_P_1          	all	0.4800
relative_P_5          	all	0.2920
relative_P_10         	all	0.2080
relative_P_15         	all	0.1460
relative_P_20         	all	0.1153
relative_P_30         	all	0.0847
relative_P_100        	all	0.0441
relative_P_200        	all	0.0386
relative_P_500        	all	0.0371
relative_P_1000       	all	0.0368
success_1             	all	0.4800
success_5             	all	0.7200
success_10            	all	0.8400
set_P                 	all	0.1960
set_relative_P        	all	0.2080
set_recall            	all	0.0367
set_map               	all	0.0088
set_F                 	all	0.0390
num_nonrel_judged_ret 	all	180
