runid                 	all	pwa_34_1
num_q                 	all	25
num_ret               	all	250
num_rel               	all	6486
num_rel_ret           	all	50
map                   	all	0.0310
gm_map                	all	0.0017
Rprec                 	all	0.0402
bpref                 	all	0.0373
recip_rank            	all	0.4405
iprec_at_recall_0.00  	all	0.4717
iprec_at_recall_0.10  	all	0.0400
iprec_at_recall_0.20  	all	0.0400
iprec_at_recall_0.30  	all	0.0400
iprec_at_recall_0.40  	all	0.0400
iprec_at_recall_0.50  	all	0.0400
iprec_at_recall_0.60  	all	0.0000
iprec_at_recall_0.70  	all	0.0000
iprec_at_recall_0.80  	all	0.0000
iprec_at_recall_0.90  	all	0.0000
iprec_at_recall_1.00  	all	0.0000
P_1                   	all	0.2800
P_5                   	all	0.2640
P_10                  	all	0.2000
P_15                  	all	0.1333
P_20                  	all	0.1000
P_30                  	all	0.0667
P_100                 	all	0.0200
P_200                 	all	0.0100
P_500                 	all	0.0040
P_1000                	all	0.0020
recall_1              	all	0.0127
recall_5              	all	0.0328
recall_10             	all	0.0402
recall_15             	all	0.0402
recall_20             	all	0.0402
recall_30             	all	0.0402
recall_100            	all	0.0402
recall_200            	all	0.0402
recall_500            	all	0.0402
recall_1000           	all	0.0402
infAP                 	all	0.0310
gm_bpref              	all	0.0034
Rprec_mult_0.20       	all	0.1202
Rprec_mult_0.40       	all	0.0821
Rprec_mult_0.60       	all	0.0545
Rprec_mult_0.80       	all	0.0448
Rprec_mult_1.00       	all	0.0402
Rprec_mult_1.20       	all	0.0326
Rprec_mult_1.40       	all	0.0276
Rprec_mult_1.60       	all	0.0239
Rprec_mult_1.80       	all	0.0212
Rprec_mult_2.00       	all	0.0201
utility               	all	-6.0000
11pt_avg              	all	0.0611
binG                  	all	0.0323
G                     	all	0.0263
ndcg                  	all	0.0649
ndcg_rel              	all	0.0765
Rndcg                 	all	0.0858
ndcg_cut_1            	all	0.2200
ndcg_cut_5            	all	0.2262
ndcg_cut_10           	all	0.1955
ndcg_cut_15           	all	0.1600
ndcg_cut_20           	all	0.1400
ndcg_cut_30           	all	0.1172
ndcg_cut_100          	all	0.0753
ndcg_cut_200          	all	0.0675
ndcg_cut_500          	all	0.0653
ndcg_cut_1000         	all	0.0650
map_cut_1             	all	0.0127
map_cut_5             	all	0.0288
map_cut_10            	all	0.0310
map_cut_15            	all	0.0310
map_cut_20            	all	0.0310
map_cut_30            	all	0.0310
map_cut_100           	all	0.0310
map_cut_200           	all	0.0310
map_cut_500           	all	0.0310
map_cut_1000          	all	0.0310
relative_P_1          	all	0.2800
relative_P_5          	all	0.2680
relative_P_10         	all	0.2120
relative_P_15         	all	0.1491
relative_P_20         	all	0.1184
relative_P_30         	all	0.0877
relative_P_100        	all	0.0470
relative_P_200        	all	0.0419
relative_P_500        	all	0.0405
relative_P_1000       	all	0.0403
success_1             	all	0.2800
success_5             	all	0.6000
success_10            	all	0.8000
set_P                 	all	0.2000
set_relative_P        	all	0.2120
set_recall            	all	0.0402
set_map               	all	0.0100
set_F                 	all	0.0434
num_nonrel_judged_ret 	all	172
