runid                 	all	pwa_35+62_0.9+0.1
num_q                 	all	25
num_ret               	all	250
num_rel               	all	6486
num_rel_ret           	all	53
map                   	all	0.0313
gm_map                	all	0.0029
Rprec                 	all	0.0410
bpref                 	all	0.0372
recip_rank            	all	0.5372
iprec_at_recall_0.00  	all	0.5601
iprec_at_recall_0.10  	all	0.0400
iprec_at_recall_0.20  	all	0.0400
iprec_at_recall_0.30  	all	0.0400
iprec_at_recall_0.40  	all	0.0400
iprec_at_recall_0.50  	all	0.0400
iprec_at_recall_0.60  	all	0.0000
iprec_at_recall_0.70  	all	0.0000
iprec_at_recall_0.80  	all	0.0000
iprec_at_recall_0.90  	all	0.0000
iprec_at_recall_1.00  	all	0.0000
P_1                   	all	0.4000
P_5                   	all	0.2880
P_10                  	all	0.2120
P_15                  	all	0.1413
P_20                  	all	0.1060
P_30                  	all	0.0707
P_100                 	all	0.0212
P_200                 	all	0.0106
P_500                 	all	0.0042
P_1000                	all	0.0021
recall_1              	all	0.0132
recall_5              	all	0.0308
recall_10             	all	0.0410
recall_15             	all	0.0410
recall_20             	all	0.0410
recall_30             	all	0.0410
recall_100            	all	0.0410
recall_200            	all	0.0410
recall_500            	all	0.0410
recall_1000           	all	0.0410
infAP                 	all	0.0313
gm_bpref              	all	0.0058
Rprec_mult_0.20       	all	0.1100
Rprec_mult_0.40       	all	0.0826
Rprec_mult_0.60       	all	0.0556
Rprec_mult_0.80       	all	0.0457
Rprec_mult_1.00       	all	0.0410
Rprec_mult_1.20       	all	0.0332
Rprec_mult_1.40       	all	0.0281
Rprec_mult_1.60       	all	0.0244
Rprec_mult_1.80       	all	0.0215
Rprec_mult_2.00       	all	0.0205
utility               	all	-5.7600
11pt_avg              	all	0.0691
binG                  	all	0.0325
G                     	all	0.0266
ndcg                  	all	0.0670
ndcg_rel              	all	0.0794
Rndcg                 	all	0.0887
ndcg_cut_1            	all	0.3200
ndcg_cut_5            	all	0.2631
ndcg_cut_10           	all	0.2156
ndcg_cut_15           	all	0.1750
ndcg_cut_20           	all	0.1521
ndcg_cut_30           	all	0.1262
ndcg_cut_100          	all	0.0796
ndcg_cut_200          	all	0.0705
ndcg_cut_500          	all	0.0675
ndcg_cut_1000         	all	0.0672
map_cut_1             	all	0.0132
map_cut_5             	all	0.0288
map_cut_10            	all	0.0313
map_cut_15            	all	0.0313
map_cut_20            	all	0.0313
map_cut_30            	all	0.0313
map_cut_100           	all	0.0313
map_cut_200           	all	0.0313
map_cut_500           	all	0.0313
map_cut_1000          	all	0.0313
relative_P_1          	all	0.4000
relative_P_5          	all	0.2920
relative_P_10         	all	0.2240
relative_P_15         	all	0.1571
relative_P_20         	all	0.1244
relative_P_30         	all	0.0917
relative_P_100        	all	0.0488
relative_P_200        	all	0.0429
relative_P_500        	all	0.0412
relative_P_1000       	all	0.0410
success_1             	all	0.4000
success_5             	all	0.6800
success_10            	all	0.8800
set_P                 	all	0.2120
set_relative_P        	all	0.2240
set_recall            	all	0.0410
set_map               	all	0.0099
set_F                 	all	0.0444
num_nonrel_judged_ret 	all	172
