1 Q0 id982index5 1 0.6473503 pwa_35+64_0.5+0.5
1 Q0 id17793index5 2 0.6158856 pwa_35+64_0.5+0.5
1 Q0 id6902index5 3 0.6152752 pwa_35+64_0.5+0.5
1 Q0 id3590index5 4 0.6070389 pwa_35+64_0.5+0.5
1 Q0 id146index5 5 0.59828687 pwa_35+64_0.5+0.5
1 Q0 id4784index5 6 0.58211035 pwa_35+64_0.5+0.5
1 Q0 id8447index5 7 0.5775922 pwa_35+64_0.5+0.5
1 Q0 id4513index5 8 0.5774121 pwa_35+64_0.5+0.5
1 Q0 id4120index5 9 0.57739115 pwa_35+64_0.5+0.5
1 Q0 id8608index5 10 0.5703824 pwa_35+64_0.5+0.5
2 Q0 id983index5 1 0.62918407 pwa_35+64_0.5+0.5
2 Q0 id42642index5 2 0.615278 pwa_35+64_0.5+0.5
2 Q0 id4962index5 3 0.6030375 pwa_35+64_0.5+0.5
2 Q0 id22988index5 4 0.5890032 pwa_35+64_0.5+0.5
2 Q0 id1548index5 5 0.56906027 pwa_35+64_0.5+0.5
2 Q0 id5380index5 6 0.5596672 pwa_35+64_0.5+0.5
2 Q0 id3256index5 7 0.5448904 pwa_35+64_0.5+0.5
2 Q0 id13066index5 8 0.5219133 pwa_35+64_0.5+0.5
2 Q0 id269406index5 9 0.517752 pwa_35+64_0.5+0.5
2 Q0 id75102index5 10 0.51120174 pwa_35+64_0.5+0.5
3 Q0 id922index3 1 0.6524276 pwa_35+64_0.5+0.5
3 Q0 id15280index0 2 0.62529314 pwa_35+64_0.5+0.5
3 Q0 id85395index0 3 0.62426704 pwa_35+64_0.5+0.5
3 Q0 id42581index0 4 0.6172077 pwa_35+64_0.5+0.5
3 Q0 id19572index0 5 0.6163945 pwa_35+64_0.5+0.5
3 Q0 id120index0 6 0.6160432 pwa_35+64_0.5+0.5
3 Q0 id33192index0 7 0.61553955 pwa_35+64_0.5+0.5
3 Q0 id61133index0 8 0.6154979 pwa_35+64_0.5+0.5
3 Q0 id59385index0 9 0.61491984 pwa_35+64_0.5+0.5
3 Q0 id2481index5 10 0.6073172 pwa_35+64_0.5+0.5
4 Q0 id227437index0 1 0.6255256 pwa_35+64_0.5+0.5
4 Q0 id596925index0 2 0.62493205 pwa_35+64_0.5+0.5
4 Q0 id4750index2 3 0.6176542 pwa_35+64_0.5+0.5
4 Q0 id34880index0 4 0.616741 pwa_35+64_0.5+0.5
4 Q0 id2431index0 5 0.61613786 pwa_35+64_0.5+0.5
4 Q0 id400824index0 6 0.6157113 pwa_35+64_0.5+0.5
4 Q0 id2006index5 7 0.61562186 pwa_35+64_0.5+0.5
4 Q0 id966117index0 8 0.6154838 pwa_35+64_0.5+0.5
4 Q0 id668148index0 9 0.6075909 pwa_35+64_0.5+0.5
4 Q0 id319256index0 10 0.60672474 pwa_35+64_0.5+0.5
5 Q0 id1255index3 1 0.70985067 pwa_35+64_0.5+0.5
5 Q0 id1694index3 2 0.65181285 pwa_35+64_0.5+0.5
5 Q0 id5003index0 3 0.6339525 pwa_35+64_0.5+0.5
5 Q0 id35487index0 4 0.63275415 pwa_35+64_0.5+0.5
5 Q0 id2642index4 5 0.62996644 pwa_35+64_0.5+0.5
5 Q0 id1919index4 6 0.6271533 pwa_35+64_0.5+0.5
5 Q0 id19102index2 7 0.625252 pwa_35+64_0.5+0.5
5 Q0 id3822index0 8 0.62435687 pwa_35+64_0.5+0.5
5 Q0 id11226index0 9 0.6227691 pwa_35+64_0.5+0.5
5 Q0 id4666index2 10 0.6172819 pwa_35+64_0.5+0.5
6 Q0 id52685index0 1 0.6253008 pwa_35+64_0.5+0.5
6 Q0 id1321754index0 2 0.62451917 pwa_35+64_0.5+0.5
6 Q0 id883273index0 3 0.61745983 pwa_35+64_0.5+0.5
6 Q0 id31893index0 4 0.6164 pwa_35+64_0.5+0.5
6 Q0 id304890index0 5 0.61557776 pwa_35+64_0.5+0.5
6 Q0 id22242index0 6 0.6154405 pwa_35+64_0.5+0.5
6 Q0 id2761316index0 7 0.61512756 pwa_35+64_0.5+0.5
6 Q0 id4164847index0 8 0.597617 pwa_35+64_0.5+0.5
6 Q0 id2210950index0 9 0.5933864 pwa_35+64_0.5+0.5
6 Q0 id5134index0 10 0.5887037 pwa_35+64_0.5+0.5
7 Q0 id809597index0 1 0.6255712 pwa_35+64_0.5+0.5
7 Q0 id1720804index0 2 0.6155633 pwa_35+64_0.5+0.5
7 Q0 id56250index0 3 0.59742403 pwa_35+64_0.5+0.5
7 Q0 id12330index2 4 0.59688145 pwa_35+64_0.5+0.5
7 Q0 id298997index0 5 0.5934031 pwa_35+64_0.5+0.5
7 Q0 id2452593index2 6 0.58158123 pwa_35+64_0.5+0.5
7 Q0 id44564index0 7 0.58113533 pwa_35+64_0.5+0.5
7 Q0 id268292index0 8 0.580586 pwa_35+64_0.5+0.5
7 Q0 id33131index3 9 0.57139444 pwa_35+64_0.5+0.5
7 Q0 id31766index0 10 0.5619555 pwa_35+64_0.5+0.5
8 Q0 id25470index0 1 0.62541205 pwa_35+64_0.5+0.5
8 Q0 id585309index0 2 0.62449443 pwa_35+64_0.5+0.5
8 Q0 id157464index0 3 0.6173187 pwa_35+64_0.5+0.5
8 Q0 id347881index0 4 0.6165104 pwa_35+64_0.5+0.5
8 Q0 id562index3 5 0.6160687 pwa_35+64_0.5+0.5
8 Q0 id255331index0 6 0.6156089 pwa_35+64_0.5+0.5
8 Q0 id15757index0 7 0.6154726 pwa_35+64_0.5+0.5
8 Q0 id63265index0 8 0.6150431 pwa_35+64_0.5+0.5
8 Q0 id462453index0 9 0.6073626 pwa_35+64_0.5+0.5
8 Q0 id5946index0 10 0.6070111 pwa_35+64_0.5+0.5
9 Q0 id530645index0 1 0.6253909 pwa_35+64_0.5+0.5
9 Q0 id2554166index2 2 0.6244755 pwa_35+64_0.5+0.5
9 Q0 id3653index2 3 0.61741614 pwa_35+64_0.5+0.5
9 Q0 id486414index0 4 0.6163718 pwa_35+64_0.5+0.5
9 Q0 id17730index0 5 0.616103 pwa_35+64_0.5+0.5
9 Q0 id2965index5 6 0.6156332 pwa_35+64_0.5+0.5
9 Q0 id4562676index0 7 0.615603 pwa_35+64_0.5+0.5
9 Q0 id899803index0 8 0.6150658 pwa_35+64_0.5+0.5
9 Q0 id511297index0 9 0.60246706 pwa_35+64_0.5+0.5
9 Q0 id27362index0 10 0.5985034 pwa_35+64_0.5+0.5
10 Q0 id2949index4 1 0.6998839 pwa_35+64_0.5+0.5
10 Q0 id6751index4 2 0.6367586 pwa_35+64_0.5+0.5
10 Q0 id10964index0 3 0.6252767 pwa_35+64_0.5+0.5
10 Q0 id120709index0 4 0.6243094 pwa_35+64_0.5+0.5
10 Q0 id297344index0 5 0.6172501 pwa_35+64_0.5+0.5
10 Q0 id26186index0 6 0.61633456 pwa_35+64_0.5+0.5
10 Q0 id28637index0 7 0.6159384 pwa_35+64_0.5+0.5
10 Q0 id915619index0 8 0.6155402 pwa_35+64_0.5+0.5
10 Q0 id50238index0 9 0.61522543 pwa_35+64_0.5+0.5
10 Q0 id75813index0 10 0.6149745 pwa_35+64_0.5+0.5
11 Q0 id4329556index0 1 0.6069288 pwa_35+64_0.5+0.5
11 Q0 id46423123index0 2 0.58533114 pwa_35+64_0.5+0.5
11 Q0 id6369index4 3 0.5550605 pwa_35+64_0.5+0.5
11 Q0 id111496633index0 4 0.5450243 pwa_35+64_0.5+0.5
11 Q0 id19591915index0 5 0.47000054 pwa_35+64_0.5+0.5
11 Q0 id2648038index2 6 0.4683352 pwa_35+64_0.5+0.5
11 Q0 id16492502index0 7 0.4675042 pwa_35+64_0.5+0.5
11 Q0 id515372index0 8 0.46597463 pwa_35+64_0.5+0.5
11 Q0 id3263788index0 9 0.46589187 pwa_35+64_0.5+0.5
11 Q0 id32366478index0 10 0.46019953 pwa_35+64_0.5+0.5
12 Q0 id54106index0 1 0.62529975 pwa_35+64_0.5+0.5
12 Q0 id709876index0 2 0.6242717 pwa_35+64_0.5+0.5
12 Q0 id191369index0 3 0.6173533 pwa_35+64_0.5+0.5
12 Q0 id130index2 4 0.6162577 pwa_35+64_0.5+0.5
12 Q0 id31868index0 5 0.6159088 pwa_35+64_0.5+0.5
12 Q0 id70296index0 6 0.6156435 pwa_35+64_0.5+0.5
12 Q0 id674index2 7 0.61550426 pwa_35+64_0.5+0.5
12 Q0 id21646index2 8 0.6149913 pwa_35+64_0.5+0.5
12 Q0 id6166643index2 9 0.60733926 pwa_35+64_0.5+0.5
12 Q0 id409703index0 10 0.6066862 pwa_35+64_0.5+0.5
13 Q0 id3302index2 1 0.6163873 pwa_35+64_0.5+0.5
13 Q0 id31279358index0 2 0.6151355 pwa_35+64_0.5+0.5
13 Q0 id6354812index2 3 0.6074708 pwa_35+64_0.5+0.5
13 Q0 id120946index0 4 0.60251427 pwa_35+64_0.5+0.5
13 Q0 id1645079index0 5 0.59012836 pwa_35+64_0.5+0.5
13 Q0 id31190index0 6 0.58877623 pwa_35+64_0.5+0.5
13 Q0 id4971index2 7 0.58809584 pwa_35+64_0.5+0.5
13 Q0 id693023index0 8 0.58500934 pwa_35+64_0.5+0.5
13 Q0 id4880806index2 9 0.5812119 pwa_35+64_0.5+0.5
13 Q0 id45133352index0 10 0.5771531 pwa_35+64_0.5+0.5
14 Q0 id63576index0 1 0.62546986 pwa_35+64_0.5+0.5
14 Q0 id1280505index0 2 0.624426 pwa_35+64_0.5+0.5
14 Q0 id393661index0 3 0.61646765 pwa_35+64_0.5+0.5
14 Q0 id48362index0 4 0.6153782 pwa_35+64_0.5+0.5
14 Q0 id3939679index2 5 0.61489236 pwa_35+64_0.5+0.5
14 Q0 id1243410index0 6 0.59732765 pwa_35+64_0.5+0.5
14 Q0 id5476009index2 7 0.5933912 pwa_35+64_0.5+0.5
14 Q0 id1700070index2 8 0.5814879 pwa_35+64_0.5+0.5
14 Q0 id1801436index2 9 0.5811468 pwa_35+64_0.5+0.5
14 Q0 id54396index0 10 0.5699743 pwa_35+64_0.5+0.5
15 Q0 id11961index4 1 0.64118475 pwa_35+64_0.5+0.5
15 Q0 id28759index0 2 0.62532294 pwa_35+64_0.5+0.5
15 Q0 id120709index0 3 0.62438637 pwa_35+64_0.5+0.5
15 Q0 id5875index2 4 0.6172398 pwa_35+64_0.5+0.5
15 Q0 id27572index0 5 0.61630726 pwa_35+64_0.5+0.5
15 Q0 id229318index0 6 0.6159589 pwa_35+64_0.5+0.5
15 Q0 id36777index0 7 0.6152798 pwa_35+64_0.5+0.5
15 Q0 id132637index0 8 0.61486983 pwa_35+64_0.5+0.5
15 Q0 id136734index0 9 0.60711527 pwa_35+64_0.5+0.5
15 Q0 id11468index0 10 0.59765786 pwa_35+64_0.5+0.5
16 Q0 id445index3 1 0.7244529 pwa_35+64_0.5+0.5
16 Q0 id107524index0 2 0.6623097 pwa_35+64_0.5+0.5
16 Q0 id57043index0 3 0.6243931 pwa_35+64_0.5+0.5
16 Q0 id402740index0 4 0.61624855 pwa_35+64_0.5+0.5
16 Q0 id16819index0 5 0.6159455 pwa_35+64_0.5+0.5
16 Q0 id126184index0 6 0.6154288 pwa_35+64_0.5+0.5
16 Q0 id322490index0 7 0.6152247 pwa_35+64_0.5+0.5
16 Q0 id105374index0 8 0.61482215 pwa_35+64_0.5+0.5
16 Q0 id325016index0 9 0.60712785 pwa_35+64_0.5+0.5
16 Q0 id26734index0 10 0.6024879 pwa_35+64_0.5+0.5
17 Q0 id6364index0 1 0.6155341 pwa_35+64_0.5+0.5
17 Q0 id4539index2 2 0.5971938 pwa_35+64_0.5+0.5
17 Q0 id13283001index0 3 0.5851592 pwa_35+64_0.5+0.5
17 Q0 id3080737index0 4 0.57257175 pwa_35+64_0.5+0.5
17 Q0 id1496211index0 5 0.558307 pwa_35+64_0.5+0.5
17 Q0 id171058index0 6 0.55304193 pwa_35+64_0.5+0.5
17 Q0 id189826index0 7 0.5438671 pwa_35+64_0.5+0.5
17 Q0 id1023046index0 8 0.5407813 pwa_35+64_0.5+0.5
17 Q0 id197032index0 9 0.54062283 pwa_35+64_0.5+0.5
17 Q0 id6141019index0 10 0.53560835 pwa_35+64_0.5+0.5
18 Q0 id23660index0 1 0.64937377 pwa_35+64_0.5+0.5
18 Q0 id19560index0 2 0.62536997 pwa_35+64_0.5+0.5
18 Q0 id109960index0 3 0.62440914 pwa_35+64_0.5+0.5
18 Q0 id209745index0 4 0.6230495 pwa_35+64_0.5+0.5
18 Q0 id79663index0 5 0.62040615 pwa_35+64_0.5+0.5
18 Q0 id105426index0 6 0.6172297 pwa_35+64_0.5+0.5
18 Q0 id68998index0 7 0.61627114 pwa_35+64_0.5+0.5
18 Q0 id25195index0 8 0.6160762 pwa_35+64_0.5+0.5
18 Q0 id13461index2 9 0.61548865 pwa_35+64_0.5+0.5
18 Q0 id177633index0 10 0.6154697 pwa_35+64_0.5+0.5
19 Q0 id19824index0 1 0.6261572 pwa_35+64_0.5+0.5
19 Q0 id82563index0 2 0.6254101 pwa_35+64_0.5+0.5
19 Q0 id4482index0 3 0.6244007 pwa_35+64_0.5+0.5
19 Q0 id3389index2 4 0.617069 pwa_35+64_0.5+0.5
19 Q0 id68744index0 5 0.6164185 pwa_35+64_0.5+0.5
19 Q0 id25195index0 6 0.6163383 pwa_35+64_0.5+0.5
19 Q0 id61133index0 7 0.6155529 pwa_35+64_0.5+0.5
19 Q0 id81816index0 8 0.6154717 pwa_35+64_0.5+0.5
19 Q0 id670index3 9 0.61493695 pwa_35+64_0.5+0.5
19 Q0 id5022index2 10 0.61369437 pwa_35+64_0.5+0.5
20 Q0 id2348719index0 1 0.6252525 pwa_35+64_0.5+0.5
20 Q0 id46756index0 2 0.62436545 pwa_35+64_0.5+0.5
20 Q0 id1452958index0 3 0.61630905 pwa_35+64_0.5+0.5
20 Q0 id110529index0 4 0.61559623 pwa_35+64_0.5+0.5
20 Q0 id14267916index0 5 0.6151928 pwa_35+64_0.5+0.5
20 Q0 id402938index0 6 0.59770143 pwa_35+64_0.5+0.5
20 Q0 id4131873index0 7 0.5975692 pwa_35+64_0.5+0.5
20 Q0 id4774245index2 8 0.5931542 pwa_35+64_0.5+0.5
20 Q0 id112597index0 9 0.5888016 pwa_35+64_0.5+0.5
20 Q0 id1582522index0 10 0.5882809 pwa_35+64_0.5+0.5
21 Q0 id553132index0 1 0.59334004 pwa_35+64_0.5+0.5
21 Q0 id198394index0 2 0.58899885 pwa_35+64_0.5+0.5
21 Q0 id1977632index0 3 0.5594988 pwa_35+64_0.5+0.5
21 Q0 id822824index0 4 0.5580557 pwa_35+64_0.5+0.5
21 Q0 id10024index2 5 0.5498098 pwa_35+64_0.5+0.5
21 Q0 id290934index0 6 0.54843897 pwa_35+64_0.5+0.5
21 Q0 id391585index0 7 0.5478357 pwa_35+64_0.5+0.5
21 Q0 id1673573index0 8 0.5405998 pwa_35+64_0.5+0.5
21 Q0 id30605892index0 9 0.5373043 pwa_35+64_0.5+0.5
21 Q0 id475906index0 10 0.53257847 pwa_35+64_0.5+0.5
22 Q0 id894index0 1 0.6319602 pwa_35+64_0.5+0.5
22 Q0 id9341index0 2 0.6251386 pwa_35+64_0.5+0.5
22 Q0 id11903index0 3 0.6242149 pwa_35+64_0.5+0.5
22 Q0 id991index0 4 0.6159612 pwa_35+64_0.5+0.5
22 Q0 id2006index5 5 0.6152896 pwa_35+64_0.5+0.5
22 Q0 id346087index0 6 0.6067519 pwa_35+64_0.5+0.5
22 Q0 id101576index0 7 0.60239804 pwa_35+64_0.5+0.5
22 Q0 id163index5 8 0.59848076 pwa_35+64_0.5+0.5
22 Q0 id15826index0 9 0.59769374 pwa_35+64_0.5+0.5
22 Q0 id47791index0 10 0.5947217 pwa_35+64_0.5+0.5
23 Q0 id4789080index2 1 0.5933193 pwa_35+64_0.5+0.5
23 Q0 id402866index0 2 0.57093155 pwa_35+64_0.5+0.5
23 Q0 id5502134index2 3 0.5498605 pwa_35+64_0.5+0.5
23 Q0 id441575index0 4 0.49830943 pwa_35+64_0.5+0.5
23 Q0 id3885280index0 5 0.47981828 pwa_35+64_0.5+0.5
23 Q0 id94908index0 6 0.4388009 pwa_35+64_0.5+0.5
23 Q0 id48243844index0 7 0.4210679 pwa_35+64_0.5+0.5
23 Q0 id80107369index0 8 0.41880864 pwa_35+64_0.5+0.5
23 Q0 id1282995index0 9 0.41530198 pwa_35+64_0.5+0.5
23 Q0 id1167651index0 10 0.40098 pwa_35+64_0.5+0.5
24 Q0 id68742index0 1 0.62866855 pwa_35+64_0.5+0.5
24 Q0 id145163index0 2 0.6252244 pwa_35+64_0.5+0.5
24 Q0 id723933index0 3 0.6243373 pwa_35+64_0.5+0.5
24 Q0 id676186index0 4 0.6162375 pwa_35+64_0.5+0.5
24 Q0 id480index0 5 0.6159231 pwa_35+64_0.5+0.5
24 Q0 id86692index0 6 0.61556816 pwa_35+64_0.5+0.5
24 Q0 id1776298index0 7 0.6147786 pwa_35+64_0.5+0.5
24 Q0 id3835673index0 8 0.61383444 pwa_35+64_0.5+0.5
24 Q0 id2499index0 9 0.6077641 pwa_35+64_0.5+0.5
24 Q0 id191352index0 10 0.60247636 pwa_35+64_0.5+0.5
25 Q0 id2017index5 1 0.5369997 pwa_35+64_0.5+0.5
25 Q0 id86214index4 2 0.51718843 pwa_35+64_0.5+0.5
25 Q0 id13575index4 3 0.4575742 pwa_35+64_0.5+0.5
25 Q0 id30340976index4 4 0.43737102 pwa_35+64_0.5+0.5
25 Q0 id97332526index0 5 0.43620765 pwa_35+64_0.5+0.5
25 Q0 id2759563index0 6 0.4348129 pwa_35+64_0.5+0.5
25 Q0 id199291index0 7 0.4333452 pwa_35+64_0.5+0.5
25 Q0 id462518index5 8 0.4267015 pwa_35+64_0.5+0.5
25 Q0 id48294123index0 9 0.4261288 pwa_35+64_0.5+0.5
25 Q0 id5177707index0 10 0.4247679 pwa_35+64_0.5+0.5
