1 Q0 id982index5 1 41.19053 pwa_34_1
1 Q0 id190992index0 2 20.428782 pwa_34_1
1 Q0 id1574index5 3 17.68145 pwa_34_1
1 Q0 id906530index0 4 17.343807 pwa_34_1
1 Q0 id791653index0 5 16.898735 pwa_34_1
1 Q0 id1076064index0 6 16.000301 pwa_34_1
1 Q0 id6453index5 7 15.81039 pwa_34_1
1 Q0 id687index1 8 15.166387 pwa_34_1
1 Q0 id21419index5 9 14.984463 pwa_34_1
1 Q0 id15714index5 10 13.97006 pwa_34_1
2 Q0 id983index5 1 47.238113 pwa_34_1
2 Q0 id5050index5 2 28.094017 pwa_34_1
2 Q0 id11354index5 3 25.94086 pwa_34_1
2 Q0 id23286index2 4 15.425017 pwa_34_1
2 Q0 id70164index5 5 11.852411 pwa_34_1
2 Q0 id1347943index5 6 11.38749 pwa_34_1
2 Q0 id281822index5 7 11.284174 pwa_34_1
2 Q0 id813825index5 8 11.284174 pwa_34_1
2 Q0 id813826index5 9 11.284174 pwa_34_1
2 Q0 id815310index5 10 11.284174 pwa_34_1
3 Q0 id12774index3 1 53.17767 pwa_34_1
3 Q0 id19873index3 2 48.242035 pwa_34_1
3 Q0 id26183index3 3 42.67186 pwa_34_1
3 Q0 id28565index3 4 41.084927 pwa_34_1
3 Q0 id25246index3 5 40.82713 pwa_34_1
3 Q0 id38301index3 6 40.48092 pwa_34_1
3 Q0 id922index3 7 39.865376 pwa_34_1
3 Q0 id34550index3 8 37.26407 pwa_34_1
3 Q0 id39050index3 9 37.183167 pwa_34_1
3 Q0 id41644index3 10 36.746696 pwa_34_1
4 Q0 id2654index3 1 39.41686 pwa_34_1
4 Q0 id23532index4 2 35.9344 pwa_34_1
4 Q0 id87132index3 3 30.57601 pwa_34_1
4 Q0 id44028index4 4 27.31666 pwa_34_1
4 Q0 id48349index4 5 26.399101 pwa_34_1
4 Q0 id5163index4 6 25.783043 pwa_34_1
4 Q0 id6740index4 7 23.551502 pwa_34_1
4 Q0 id582830index0 8 22.694061 pwa_34_1
4 Q0 id592352index0 9 22.483397 pwa_34_1
4 Q0 id235268index3 10 21.96406 pwa_34_1
5 Q0 id3579index3 1 97.10365 pwa_34_1
5 Q0 id3322index3 2 96.468 pwa_34_1
5 Q0 id4375index3 3 87.72572 pwa_34_1
5 Q0 id1255index3 4 66.63385 pwa_34_1
5 Q0 id10712index4 5 50.201904 pwa_34_1
5 Q0 id2642index4 6 46.453396 pwa_34_1
5 Q0 id14948index3 7 46.12877 pwa_34_1
5 Q0 id1919index4 8 45.714817 pwa_34_1
5 Q0 id5003index0 9 45.49021 pwa_34_1
5 Q0 id21180index3 10 40.164795 pwa_34_1
6 Q0 id50844index4 1 38.375477 pwa_34_1
6 Q0 id317index4 2 36.312325 pwa_34_1
6 Q0 id327index4 3 32.778545 pwa_34_1
6 Q0 id92070index4 4 29.46861 pwa_34_1
6 Q0 id306591index0 5 24.87953 pwa_34_1
6 Q0 id687684index0 6 24.620834 pwa_34_1
6 Q0 id230693index4 7 23.982445 pwa_34_1
6 Q0 id69715index3 8 23.929993 pwa_34_1
6 Q0 id464515index0 9 23.208584 pwa_34_1
6 Q0 id393138index3 10 22.374273 pwa_34_1
7 Q0 id33131index3 1 46.428974 pwa_34_1
7 Q0 id278381index4 2 27.449942 pwa_34_1
7 Q0 id2504887index3 3 17.502943 pwa_34_1
7 Q0 id1354899index5 4 16.86882 pwa_34_1
7 Q0 id16062047index0 5 16.139402 pwa_34_1
7 Q0 id6537159index0 6 15.907034 pwa_34_1
7 Q0 id6219869index3 7 15.716485 pwa_34_1
7 Q0 id46551981index4 8 15.112977 pwa_34_1
7 Q0 id11435237index0 9 15.084765 pwa_34_1
7 Q0 id12558154index0 10 15.077971 pwa_34_1
8 Q0 id30499index4 1 36.560753 pwa_34_1
8 Q0 id63605index3 2 32.923542 pwa_34_1
8 Q0 id68754index3 3 28.239765 pwa_34_1
8 Q0 id5946index0 4 26.060919 pwa_34_1
8 Q0 id171080index3 5 23.32447 pwa_34_1
8 Q0 id219941index0 6 22.72686 pwa_34_1
8 Q0 id296848index4 7 22.190826 pwa_34_1
8 Q0 id154457index3 8 22.135202 pwa_34_1
8 Q0 id212487index0 9 21.526285 pwa_34_1
8 Q0 id98980index4 10 20.76845 pwa_34_1
9 Q0 id230343index4 1 25.42107 pwa_34_1
9 Q0 id1070608index0 2 20.213058 pwa_34_1
9 Q0 id168498index3 3 20.024902 pwa_34_1
9 Q0 id114165index3 4 19.582512 pwa_34_1
9 Q0 id867998index0 5 18.588655 pwa_34_1
9 Q0 id728161index0 6 18.307133 pwa_34_1
9 Q0 id11530index4 7 17.551458 pwa_34_1
9 Q0 id145194index4 8 16.355267 pwa_34_1
9 Q0 id15521index4 9 16.026781 pwa_34_1
9 Q0 id906088index4 10 14.070122 pwa_34_1
10 Q0 id4997index3 1 109.93614 pwa_34_1
10 Q0 id10137index3 2 78.37174 pwa_34_1
10 Q0 id14340index3 3 67.26502 pwa_34_1
10 Q0 id17198index3 4 62.09127 pwa_34_1
10 Q0 id18268index3 5 60.71212 pwa_34_1
10 Q0 id18006index3 6 60.554993 pwa_34_1
10 Q0 id2949index4 7 60.38237 pwa_34_1
10 Q0 id18804index3 8 59.300343 pwa_34_1
10 Q0 id22359index3 9 54.573708 pwa_34_1
10 Q0 id24346index3 10 52.746574 pwa_34_1
11 Q0 id1105029index0 1 25.279423 pwa_34_1
11 Q0 id6369index4 2 17.819992 pwa_34_1
11 Q0 id19591915index0 3 17.777884 pwa_34_1
11 Q0 id5392098index0 4 17.674116 pwa_34_1
11 Q0 id3742124index0 5 16.819448 pwa_34_1
11 Q0 id82293695index0 6 16.573599 pwa_34_1
11 Q0 id46431255index4 7 15.523555 pwa_34_1
11 Q0 id9916248index0 8 15.381939 pwa_34_1
11 Q0 id46736549index0 9 11.73615 pwa_34_1
11 Q0 id42220224index4 10 11.544823 pwa_34_1
12 Q0 id6436index3 1 66.12589 pwa_34_1
12 Q0 id15696index3 2 49.929222 pwa_34_1
12 Q0 id16309index3 3 49.301296 pwa_34_1
12 Q0 id16247index3 4 48.906578 pwa_34_1
12 Q0 id20411index3 5 48.826004 pwa_34_1
12 Q0 id16549index3 6 47.624496 pwa_34_1
12 Q0 id1814index4 7 44.04312 pwa_34_1
12 Q0 id179index4 8 40.09269 pwa_34_1
12 Q0 id28529index4 9 37.620647 pwa_34_1
12 Q0 id80053index3 10 33.92341 pwa_34_1
13 Q0 id174820index0 1 36.316864 pwa_34_1
13 Q0 id152498index4 2 35.98728 pwa_34_1
13 Q0 id1274591index3 3 25.426737 pwa_34_1
13 Q0 id1889237index3 4 24.71288 pwa_34_1
13 Q0 id13849022index3 5 24.569288 pwa_34_1
13 Q0 id28132496index3 6 24.402977 pwa_34_1
13 Q0 id15277782index3 7 24.190489 pwa_34_1
13 Q0 id29560334index3 8 24.190489 pwa_34_1
13 Q0 id6710207index3 9 24.119356 pwa_34_1
13 Q0 id9565963index3 10 24.0745 pwa_34_1
14 Q0 id1031397index0 1 19.047262 pwa_34_1
14 Q0 id1147579index0 2 17.18609 pwa_34_1
14 Q0 id2492195index0 3 12.284444 pwa_34_1
14 Q0 id2167048index0 4 11.374367 pwa_34_1
14 Q0 id1080980index0 5 11.364271 pwa_34_1
14 Q0 id6096257index0 6 11.216782 pwa_34_1
14 Q0 id5154263index0 7 10.918898 pwa_34_1
14 Q0 id6030785index0 8 10.90488 pwa_34_1
14 Q0 id6879486index0 9 10.778176 pwa_34_1
14 Q0 id262396index0 10 9.593544 pwa_34_1
15 Q0 id11961index4 1 46.767662 pwa_34_1
15 Q0 id4639index4 2 43.24663 pwa_34_1
15 Q0 id11575index4 3 43.055084 pwa_34_1
15 Q0 id21862index4 4 41.740547 pwa_34_1
15 Q0 id59781index4 5 33.583076 pwa_34_1
15 Q0 id160067index4 6 31.576962 pwa_34_1
15 Q0 id264877index4 7 31.005047 pwa_34_1
15 Q0 id9000index3 8 30.956253 pwa_34_1
15 Q0 id127841index3 9 30.735521 pwa_34_1
15 Q0 id11056index4 10 29.780151 pwa_34_1
16 Q0 id15544index4 1 61.370663 pwa_34_1
16 Q0 id1139index4 2 55.90191 pwa_34_1
16 Q0 id445index3 3 55.482212 pwa_34_1
16 Q0 id2982index4 4 50.68164 pwa_34_1
16 Q0 id2016index4 5 46.683853 pwa_34_1
16 Q0 id4075index4 6 43.5947 pwa_34_1
16 Q0 id405index4 7 43.279373 pwa_34_1
16 Q0 id8949index4 8 42.571434 pwa_34_1
16 Q0 id4155index4 9 42.385334 pwa_34_1
16 Q0 id11322index4 10 41.93072 pwa_34_1
17 Q0 id359470index0 1 18.123856 pwa_34_1
17 Q0 id10413374index0 2 13.279137 pwa_34_1
17 Q0 id1014833index0 3 12.75006 pwa_34_1
17 Q0 id1708040index0 4 10.921741 pwa_34_1
17 Q0 id3116175index0 5 10.921741 pwa_34_1
17 Q0 id2569551index0 6 10.224443 pwa_34_1
17 Q0 id9539683index0 7 10.190269 pwa_34_1
17 Q0 id5859797index0 8 10.186527 pwa_34_1
17 Q0 id5930919index0 9 9.446712 pwa_34_1
17 Q0 id7637264index0 10 9.446712 pwa_34_1
18 Q0 id10979index3 1 66.15499 pwa_34_1
18 Q0 id9119index3 2 64.752235 pwa_34_1
18 Q0 id306index3 3 63.164665 pwa_34_1
18 Q0 id15142index3 4 52.91138 pwa_34_1
18 Q0 id13320index3 5 52.620255 pwa_34_1
18 Q0 id29890index3 6 45.722973 pwa_34_1
18 Q0 id312index4 7 42.265232 pwa_34_1
18 Q0 id4244index4 8 36.034737 pwa_34_1
18 Q0 id675index4 9 34.790356 pwa_34_1
18 Q0 id6699index4 10 33.622074 pwa_34_1
19 Q0 id4706index3 1 91.40085 pwa_34_1
19 Q0 id7199index3 2 81.87265 pwa_34_1
19 Q0 id6938index3 3 78.04149 pwa_34_1
19 Q0 id7376index3 4 73.5095 pwa_34_1
19 Q0 id12574index3 5 72.05063 pwa_34_1
19 Q0 id12552index3 6 62.768696 pwa_34_1
19 Q0 id475index3 7 61.20979 pwa_34_1
19 Q0 id147index3 8 61.038883 pwa_34_1
19 Q0 id10780index3 9 56.426437 pwa_34_1
19 Q0 id18268index3 10 43.333576 pwa_34_1
20 Q0 id168407index0 1 29.031597 pwa_34_1
20 Q0 id3645index4 2 27.894447 pwa_34_1
20 Q0 id399097index3 3 26.689142 pwa_34_1
20 Q0 id97631index0 4 24.859451 pwa_34_1
20 Q0 id296133index4 5 23.522972 pwa_34_1
20 Q0 id136905index4 6 20.127192 pwa_34_1
20 Q0 id101279index3 7 18.984367 pwa_34_1
20 Q0 id118281index4 8 18.814903 pwa_34_1
20 Q0 id300158index4 9 18.50944 pwa_34_1
20 Q0 id1899729index3 10 15.802053 pwa_34_1
21 Q0 id91752index4 1 16.376768 pwa_34_1
21 Q0 id42741index4 2 13.360252 pwa_34_1
21 Q0 id184787index4 3 12.439143 pwa_34_1
21 Q0 id13863index0 4 12.434023 pwa_34_1
21 Q0 id2795441index4 5 12.430133 pwa_34_1
21 Q0 id1473691index4 6 12.416342 pwa_34_1
21 Q0 id25042index4 7 11.723 pwa_34_1
21 Q0 id16702680index3 8 11.67192 pwa_34_1
21 Q0 id32412815index3 9 11.594301 pwa_34_1
21 Q0 id23844675index3 10 11.517574 pwa_34_1
22 Q0 id27051index0 1 50.12743 pwa_34_1
22 Q0 id894index0 2 40.306892 pwa_34_1
22 Q0 id330770index0 3 22.797422 pwa_34_1
22 Q0 id163045index0 4 22.695482 pwa_34_1
22 Q0 id805614index0 5 22.289392 pwa_34_1
22 Q0 id239364index0 6 21.940186 pwa_34_1
22 Q0 id141578index0 7 21.536709 pwa_34_1
22 Q0 id45203index0 8 20.140875 pwa_34_1
22 Q0 id759163index0 9 18.925095 pwa_34_1
22 Q0 id220065index0 10 18.25696 pwa_34_1
23 Q0 id441575index0 1 35.97149 pwa_34_1
23 Q0 id9295656index0 2 21.777803 pwa_34_1
23 Q0 id24968223index0 3 21.777803 pwa_34_1
23 Q0 id40877397index0 4 21.777803 pwa_34_1
23 Q0 id41173020index0 5 21.777803 pwa_34_1
23 Q0 id1282995index0 6 21.761694 pwa_34_1
23 Q0 id43573888index0 7 13.740375 pwa_34_1
23 Q0 id94309571index0 8 11.0810995 pwa_34_1
23 Q0 id110513874index0 9 10.965813 pwa_34_1
23 Q0 id12294206index0 10 6.524172 pwa_34_1
24 Q0 id39530index0 1 23.75591 pwa_34_1
24 Q0 id111021index3 2 23.396091 pwa_34_1
24 Q0 id2499index0 3 22.896057 pwa_34_1
24 Q0 id85858index4 4 20.781467 pwa_34_1
24 Q0 id171750index3 5 17.79537 pwa_34_1
24 Q0 id232872index0 6 16.878242 pwa_34_1
24 Q0 id7642541index3 7 12.549732 pwa_34_1
24 Q0 id260672index4 8 12.453929 pwa_34_1
24 Q0 id6214341index3 9 12.227603 pwa_34_1
24 Q0 id62689index4 10 12.128704 pwa_34_1
25 Q0 id86214index4 1 30.294619 pwa_34_1
25 Q0 id3298436index0 2 15.059952 pwa_34_1
25 Q0 id290211index5 3 14.084328 pwa_34_1
25 Q0 id30687251index3 4 13.425821 pwa_34_1
25 Q0 id27831888index3 5 13.376979 pwa_34_1
25 Q0 id29259493index3 6 13.350823 pwa_34_1
25 Q0 id34969921index3 7 13.3315115 pwa_34_1
25 Q0 id531510index5 8 13.305509 pwa_34_1
25 Q0 id22120257index3 9 13.303663 pwa_34_1
25 Q0 id19261868index3 10 13.273744 pwa_34_1
