1 Q0 id982index5 1 0.6440454 pwa_35+62_0.75+0.25
1 Q0 id311010index0 2 0.5750449 pwa_35+62_0.75+0.25
1 Q0 id6453index5 3 0.56370443 pwa_35+62_0.75+0.25
1 Q0 id1574index5 4 0.56338483 pwa_35+62_0.75+0.25
1 Q0 id687index1 5 0.55923027 pwa_35+62_0.75+0.25
1 Q0 id2872601index2 6 0.55534995 pwa_35+62_0.75+0.25
1 Q0 id15714index5 7 0.5536117 pwa_35+62_0.75+0.25
1 Q0 id3613index5 8 0.5499273 pwa_35+62_0.75+0.25
1 Q0 id906530index0 9 0.54676163 pwa_35+62_0.75+0.25
1 Q0 id1341291index0 10 0.5390823 pwa_35+62_0.75+0.25
2 Q0 id983index5 1 0.6658791 pwa_35+62_0.75+0.25
2 Q0 id5050index5 2 0.59142303 pwa_35+62_0.75+0.25
2 Q0 id11354index5 3 0.58850235 pwa_35+62_0.75+0.25
2 Q0 id23286index2 4 0.5575133 pwa_35+62_0.75+0.25
2 Q0 id1883510index5 5 0.5318471 pwa_35+62_0.75+0.25
2 Q0 id283882index5 6 0.53146356 pwa_35+62_0.75+0.25
2 Q0 id287229index5 7 0.5287503 pwa_35+62_0.75+0.25
2 Q0 id3475624index5 8 0.52590454 pwa_35+62_0.75+0.25
2 Q0 id284708index5 9 0.52547085 pwa_35+62_0.75+0.25
2 Q0 id1881218index5 10 0.5242996 pwa_35+62_0.75+0.25
3 Q0 id922index3 1 0.63394624 pwa_35+62_0.75+0.25
3 Q0 id12774index3 2 0.5851172 pwa_35+62_0.75+0.25
3 Q0 id5854index5 3 0.5813333 pwa_35+62_0.75+0.25
3 Q0 id19873index3 4 0.56303847 pwa_35+62_0.75+0.25
3 Q0 id346219index4 5 0.55713046 pwa_35+62_0.75+0.25
3 Q0 id258442index4 6 0.54520273 pwa_35+62_0.75+0.25
3 Q0 id234612index3 7 0.5411439 pwa_35+62_0.75+0.25
3 Q0 id38301index3 8 0.5394435 pwa_35+62_0.75+0.25
3 Q0 id28565index3 9 0.53940886 pwa_35+62_0.75+0.25
3 Q0 id278368index0 10 0.53445196 pwa_35+62_0.75+0.25
4 Q0 id2654index3 1 0.6025125 pwa_35+62_0.75+0.25
4 Q0 id23532index4 2 0.58961225 pwa_35+62_0.75+0.25
4 Q0 id44028index4 3 0.5597293 pwa_35+62_0.75+0.25
4 Q0 id5668index3 4 0.5277587 pwa_35+62_0.75+0.25
4 Q0 id83index3 5 0.52390325 pwa_35+62_0.75+0.25
4 Q0 id91383index0 6 0.52352154 pwa_35+62_0.75+0.25
4 Q0 id2006index5 7 0.52334106 pwa_35+62_0.75+0.25
4 Q0 id110721index0 8 0.52329636 pwa_35+62_0.75+0.25
4 Q0 id2020index4 9 0.52327573 pwa_35+62_0.75+0.25
4 Q0 id40442index0 10 0.52327025 pwa_35+62_0.75+0.25
5 Q0 id3579index3 1 0.7954073 pwa_35+62_0.75+0.25
5 Q0 id3322index3 2 0.7895366 pwa_35+62_0.75+0.25
5 Q0 id1255index3 3 0.7443701 pwa_35+62_0.75+0.25
5 Q0 id4375index3 4 0.739885 pwa_35+62_0.75+0.25
5 Q0 id2642index4 5 0.66297877 pwa_35+62_0.75+0.25
5 Q0 id1919index4 6 0.66027987 pwa_35+62_0.75+0.25
5 Q0 id5003index0 7 0.6563213 pwa_35+62_0.75+0.25
5 Q0 id9056index3 8 0.6348117 pwa_35+62_0.75+0.25
5 Q0 id1694index3 9 0.6304599 pwa_35+62_0.75+0.25
5 Q0 id7776index4 10 0.6085636 pwa_35+62_0.75+0.25
6 Q0 id50844index4 1 0.6310555 pwa_35+62_0.75+0.25
6 Q0 id687684index0 2 0.58803546 pwa_35+62_0.75+0.25
6 Q0 id230693index4 3 0.5796313 pwa_35+62_0.75+0.25
6 Q0 id51740index3 4 0.5769251 pwa_35+62_0.75+0.25
6 Q0 id607182index0 5 0.5623347 pwa_35+62_0.75+0.25
6 Q0 id388242index4 6 0.5542023 pwa_35+62_0.75+0.25
6 Q0 id2394127index3 7 0.55252326 pwa_35+62_0.75+0.25
6 Q0 id1667776index4 8 0.5504043 pwa_35+62_0.75+0.25
6 Q0 id71058index3 9 0.55020696 pwa_35+62_0.75+0.25
6 Q0 id1984902index3 10 0.54984003 pwa_35+62_0.75+0.25
7 Q0 id33131index3 1 0.65896714 pwa_35+62_0.75+0.25
7 Q0 id268292index0 2 0.5543079 pwa_35+62_0.75+0.25
7 Q0 id620943index5 3 0.5543062 pwa_35+62_0.75+0.25
7 Q0 id278381index4 4 0.5504714 pwa_35+62_0.75+0.25
7 Q0 id2504887index3 5 0.5479991 pwa_35+62_0.75+0.25
7 Q0 id48737index2 6 0.54644704 pwa_35+62_0.75+0.25
7 Q0 id5751706index2 7 0.5424298 pwa_35+62_0.75+0.25
7 Q0 id761896index2 8 0.5330672 pwa_35+62_0.75+0.25
7 Q0 id1485709index2 9 0.53110045 pwa_35+62_0.75+0.25
7 Q0 id6769247index0 10 0.53094935 pwa_35+62_0.75+0.25
8 Q0 id63605index3 1 0.61167794 pwa_35+62_0.75+0.25
8 Q0 id5946index0 2 0.5818144 pwa_35+62_0.75+0.25
8 Q0 id68754index3 3 0.5679374 pwa_35+62_0.75+0.25
8 Q0 id296848index4 4 0.56471384 pwa_35+62_0.75+0.25
8 Q0 id171080index3 5 0.54890764 pwa_35+62_0.75+0.25
8 Q0 id154457index3 6 0.5415107 pwa_35+62_0.75+0.25
8 Q0 id545101index0 7 0.5349699 pwa_35+62_0.75+0.25
8 Q0 id150986index3 8 0.52715725 pwa_35+62_0.75+0.25
8 Q0 id24579index0 9 0.52364194 pwa_35+62_0.75+0.25
8 Q0 id40241index0 10 0.5231743 pwa_35+62_0.75+0.25
9 Q0 id15521index4 1 0.54412615 pwa_35+62_0.75+0.25
9 Q0 id867998index0 2 0.5347398 pwa_35+62_0.75+0.25
9 Q0 id10612705index3 3 0.5292075 pwa_35+62_0.75+0.25
9 Q0 id1070608index0 4 0.527787 pwa_35+62_0.75+0.25
9 Q0 id206214index3 5 0.525205 pwa_35+62_0.75+0.25
9 Q0 id2081333index3 6 0.5251085 pwa_35+62_0.75+0.25
9 Q0 id3048219index0 7 0.5244694 pwa_35+62_0.75+0.25
9 Q0 id3144142index0 8 0.5243342 pwa_35+62_0.75+0.25
9 Q0 id3852638index0 9 0.52430916 pwa_35+62_0.75+0.25
9 Q0 id2069492index0 10 0.52430487 pwa_35+62_0.75+0.25
10 Q0 id4997index3 1 0.8676147 pwa_35+62_0.75+0.25
10 Q0 id2949index4 2 0.71448773 pwa_35+62_0.75+0.25
10 Q0 id10137index3 3 0.6766581 pwa_35+62_0.75+0.25
10 Q0 id14340index3 4 0.6669123 pwa_35+62_0.75+0.25
10 Q0 id18268index3 5 0.6386231 pwa_35+62_0.75+0.25
10 Q0 id17198index3 6 0.63026494 pwa_35+62_0.75+0.25
10 Q0 id18006index3 7 0.61760515 pwa_35+62_0.75+0.25
10 Q0 id26041index3 8 0.60934806 pwa_35+62_0.75+0.25
10 Q0 id18804index3 9 0.6086079 pwa_35+62_0.75+0.25
10 Q0 id25878index3 10 0.5958286 pwa_35+62_0.75+0.25
11 Q0 id1105029index0 1 0.5721856 pwa_35+62_0.75+0.25
11 Q0 id6369index4 2 0.5562037 pwa_35+62_0.75+0.25
11 Q0 id46736549index0 3 0.5292436 pwa_35+62_0.75+0.25
11 Q0 id111496633index0 4 0.5179073 pwa_35+62_0.75+0.25
11 Q0 id82137353index0 5 0.51676595 pwa_35+62_0.75+0.25
11 Q0 id20867768index0 6 0.5150045 pwa_35+62_0.75+0.25
11 Q0 id163605index3 7 0.5140814 pwa_35+62_0.75+0.25
11 Q0 id3464539index0 8 0.51137084 pwa_35+62_0.75+0.25
11 Q0 id3384822index5 9 0.5088025 pwa_35+62_0.75+0.25
11 Q0 id4329556index0 10 0.5084253 pwa_35+62_0.75+0.25
12 Q0 id6436index3 1 0.6516623 pwa_35+62_0.75+0.25
12 Q0 id28529index4 2 0.6189419 pwa_35+62_0.75+0.25
12 Q0 id16309index3 3 0.5712846 pwa_35+62_0.75+0.25
12 Q0 id16247index3 4 0.56958675 pwa_35+62_0.75+0.25
12 Q0 id16549index3 5 0.5652058 pwa_35+62_0.75+0.25
12 Q0 id29892index4 6 0.55375934 pwa_35+62_0.75+0.25
12 Q0 id399637index0 7 0.55256844 pwa_35+62_0.75+0.25
12 Q0 id97702index4 8 0.5486469 pwa_35+62_0.75+0.25
12 Q0 id179278index0 9 0.54089886 pwa_35+62_0.75+0.25
12 Q0 id326016index0 10 0.53474736 pwa_35+62_0.75+0.25
13 Q0 id152498index4 1 0.6203714 pwa_35+62_0.75+0.25
13 Q0 id174820index0 2 0.5948807 pwa_35+62_0.75+0.25
13 Q0 id1274591index3 3 0.5686703 pwa_35+62_0.75+0.25
13 Q0 id21567386index0 4 0.53687936 pwa_35+62_0.75+0.25
13 Q0 id6710206index3 5 0.52723134 pwa_35+62_0.75+0.25
13 Q0 id31472049index4 6 0.52317965 pwa_35+62_0.75+0.25
13 Q0 id6354812index2 7 0.51970726 pwa_35+62_0.75+0.25
13 Q0 id536934index5 8 0.51591605 pwa_35+62_0.75+0.25
13 Q0 id10478425index3 9 0.51576674 pwa_35+62_0.75+0.25
13 Q0 id586126index5 10 0.5157402 pwa_35+62_0.75+0.25
14 Q0 id2492195index0 1 0.5489054 pwa_35+62_0.75+0.25
14 Q0 id1147579index0 2 0.54704547 pwa_35+62_0.75+0.25
14 Q0 id844461index0 3 0.52729017 pwa_35+62_0.75+0.25
14 Q0 id1501999index0 4 0.52519506 pwa_35+62_0.75+0.25
14 Q0 id4258895index0 5 0.52495354 pwa_35+62_0.75+0.25
14 Q0 id48362index0 6 0.52297556 pwa_35+62_0.75+0.25
14 Q0 id27632index0 7 0.5228605 pwa_35+62_0.75+0.25
14 Q0 id29631index0 8 0.5224931 pwa_35+62_0.75+0.25
14 Q0 id233114index0 9 0.5224538 pwa_35+62_0.75+0.25
14 Q0 id54644index0 10 0.52182674 pwa_35+62_0.75+0.25
15 Q0 id11961index4 1 0.6630064 pwa_35+62_0.75+0.25
15 Q0 id49099index4 2 0.596684 pwa_35+62_0.75+0.25
15 Q0 id4639index4 3 0.58195686 pwa_35+62_0.75+0.25
15 Q0 id458573index0 4 0.58043396 pwa_35+62_0.75+0.25
15 Q0 id66227index3 5 0.5797173 pwa_35+62_0.75+0.25
15 Q0 id21862index4 6 0.5767357 pwa_35+62_0.75+0.25
15 Q0 id651382index0 7 0.5745512 pwa_35+62_0.75+0.25
15 Q0 id381321index0 8 0.57348526 pwa_35+62_0.75+0.25
15 Q0 id13614index3 9 0.56665486 pwa_35+62_0.75+0.25
15 Q0 id287586index0 10 0.5606463 pwa_35+62_0.75+0.25
16 Q0 id445index3 1 0.68854207 pwa_35+62_0.75+0.25
16 Q0 id15544index4 2 0.65226877 pwa_35+62_0.75+0.25
16 Q0 id1139index4 3 0.62983114 pwa_35+62_0.75+0.25
16 Q0 id2982index4 4 0.60940266 pwa_35+62_0.75+0.25
16 Q0 id2016index4 5 0.5943839 pwa_35+62_0.75+0.25
16 Q0 id2424index4 6 0.586589 pwa_35+62_0.75+0.25
16 Q0 id405index4 7 0.5843515 pwa_35+62_0.75+0.25
16 Q0 id4075index4 8 0.5832049 pwa_35+62_0.75+0.25
16 Q0 id48250index4 9 0.5790889 pwa_35+62_0.75+0.25
16 Q0 id4155index4 10 0.5788173 pwa_35+62_0.75+0.25
17 Q0 id8682863index0 1 0.5264764 pwa_35+62_0.75+0.25
17 Q0 id6364index0 2 0.52320945 pwa_35+62_0.75+0.25
17 Q0 id1272073index5 3 0.5212401 pwa_35+62_0.75+0.25
17 Q0 id2569551index0 4 0.51991653 pwa_35+62_0.75+0.25
17 Q0 id189826index0 5 0.5192472 pwa_35+62_0.75+0.25
17 Q0 id1790085index5 6 0.5184014 pwa_35+62_0.75+0.25
17 Q0 id923632index0 7 0.5183171 pwa_35+62_0.75+0.25
17 Q0 id171058index0 8 0.5179311 pwa_35+62_0.75+0.25
17 Q0 id1134145index0 9 0.517913 pwa_35+62_0.75+0.25
17 Q0 id910549index5 10 0.5177543 pwa_35+62_0.75+0.25
18 Q0 id306index3 1 0.66741866 pwa_35+62_0.75+0.25
18 Q0 id10979index3 2 0.66279566 pwa_35+62_0.75+0.25
18 Q0 id9119index3 3 0.64595425 pwa_35+62_0.75+0.25
18 Q0 id6699index4 4 0.607748 pwa_35+62_0.75+0.25
18 Q0 id23660index0 5 0.6014043 pwa_35+62_0.75+0.25
18 Q0 id13320index3 6 0.59278 pwa_35+62_0.75+0.25
18 Q0 id15142index3 7 0.58135617 pwa_35+62_0.75+0.25
18 Q0 id214059index4 8 0.5794785 pwa_35+62_0.75+0.25
18 Q0 id28991index3 9 0.5787849 pwa_35+62_0.75+0.25
18 Q0 id4244index4 10 0.57727486 pwa_35+62_0.75+0.25
19 Q0 id4706index3 1 0.76247364 pwa_35+62_0.75+0.25
19 Q0 id7199index3 2 0.7262823 pwa_35+62_0.75+0.25
19 Q0 id6938index3 3 0.702885 pwa_35+62_0.75+0.25
19 Q0 id7376index3 4 0.6821841 pwa_35+62_0.75+0.25
19 Q0 id475index3 5 0.6596105 pwa_35+62_0.75+0.25
19 Q0 id147index3 6 0.64876723 pwa_35+62_0.75+0.25
19 Q0 id12552index3 7 0.642838 pwa_35+62_0.75+0.25
19 Q0 id4126index4 8 0.6386918 pwa_35+62_0.75+0.25
19 Q0 id10780index3 9 0.6162474 pwa_35+62_0.75+0.25
19 Q0 id6182index4 10 0.6006936 pwa_35+62_0.75+0.25
20 Q0 id168407index0 1 0.5565827 pwa_35+62_0.75+0.25
20 Q0 id97631index0 2 0.55483794 pwa_35+62_0.75+0.25
20 Q0 id118281index4 3 0.5494961 pwa_35+62_0.75+0.25
20 Q0 id4564753index0 4 0.524385 pwa_35+62_0.75+0.25
20 Q0 id520376index5 5 0.5238779 pwa_35+62_0.75+0.25
20 Q0 id101439index0 6 0.52333903 pwa_35+62_0.75+0.25
20 Q0 id110529index0 7 0.5222665 pwa_35+62_0.75+0.25
20 Q0 id296133index4 8 0.52207243 pwa_35+62_0.75+0.25
20 Q0 id79327index0 9 0.5218543 pwa_35+62_0.75+0.25
20 Q0 id24757720index3 10 0.52182674 pwa_35+62_0.75+0.25
21 Q0 id7053201index0 1 0.5295119 pwa_35+62_0.75+0.25
21 Q0 id3841686index0 2 0.51797414 pwa_35+62_0.75+0.25
21 Q0 id22002652index0 3 0.51724446 pwa_35+62_0.75+0.25
21 Q0 id198394index0 4 0.5154782 pwa_35+62_0.75+0.25
21 Q0 id913064index3 5 0.5151777 pwa_35+62_0.75+0.25
21 Q0 id1673573index0 6 0.5150831 pwa_35+62_0.75+0.25
21 Q0 id274193index5 7 0.51492435 pwa_35+62_0.75+0.25
21 Q0 id7980406index3 8 0.5136049 pwa_35+62_0.75+0.25
21 Q0 id507004index0 9 0.51341283 pwa_35+62_0.75+0.25
21 Q0 id2734index0 10 0.51272553 pwa_35+62_0.75+0.25
22 Q0 id894index0 1 0.63523906 pwa_35+62_0.75+0.25
22 Q0 id27051index0 2 0.6156138 pwa_35+62_0.75+0.25
22 Q0 id239364index0 3 0.57642066 pwa_35+62_0.75+0.25
22 Q0 id45203index0 4 0.57233155 pwa_35+62_0.75+0.25
22 Q0 id805614index0 5 0.56023806 pwa_35+62_0.75+0.25
22 Q0 id759163index0 6 0.55984676 pwa_35+62_0.75+0.25
22 Q0 id420846index0 7 0.55866 pwa_35+62_0.75+0.25
22 Q0 id72878index0 8 0.55752546 pwa_35+62_0.75+0.25
22 Q0 id108958index0 9 0.55124116 pwa_35+62_0.75+0.25
22 Q0 id47791index0 10 0.54748994 pwa_35+62_0.75+0.25
23 Q0 id441575index0 1 0.5995042 pwa_35+62_0.75+0.25
23 Q0 id40877397index0 2 0.54645383 pwa_35+62_0.75+0.25
23 Q0 id1282995index0 3 0.5440246 pwa_35+62_0.75+0.25
23 Q0 id9295656index0 4 0.54289865 pwa_35+62_0.75+0.25
23 Q0 id24968223index0 5 0.5425205 pwa_35+62_0.75+0.25
23 Q0 id41173020index0 6 0.54162693 pwa_35+62_0.75+0.25
23 Q0 id402866index0 7 0.5172553 pwa_35+62_0.75+0.25
23 Q0 id25174137index0 8 0.5068232 pwa_35+62_0.75+0.25
23 Q0 id10294055index0 9 0.5058341 pwa_35+62_0.75+0.25
23 Q0 id15296428index0 10 0.50461465 pwa_35+62_0.75+0.25
24 Q0 id2499index0 1 0.58466613 pwa_35+62_0.75+0.25
24 Q0 id39530index0 2 0.5552124 pwa_35+62_0.75+0.25
24 Q0 id14393index0 3 0.5316473 pwa_35+62_0.75+0.25
24 Q0 id81288index5 4 0.53092825 pwa_35+62_0.75+0.25
24 Q0 id367index1 5 0.5238417 pwa_35+62_0.75+0.25
24 Q0 id234415index4 6 0.52308387 pwa_35+62_0.75+0.25
24 Q0 id86692index0 7 0.52222437 pwa_35+62_0.75+0.25
24 Q0 id41593index0 8 0.52180755 pwa_35+62_0.75+0.25
24 Q0 id1681927index0 9 0.5207166 pwa_35+62_0.75+0.25
24 Q0 id1946index5 10 0.5202789 pwa_35+62_0.75+0.25
25 Q0 id86214index4 1 0.598138 pwa_35+62_0.75+0.25
25 Q0 id2017index5 2 0.5235286 pwa_35+62_0.75+0.25
25 Q0 id462518index5 3 0.5198432 pwa_35+62_0.75+0.25
25 Q0 id1991955index0 4 0.51631963 pwa_35+62_0.75+0.25
25 Q0 id29131583index3 5 0.51613235 pwa_35+62_0.75+0.25
25 Q0 id6517116index0 6 0.5154164 pwa_35+62_0.75+0.25
25 Q0 id3298436index0 7 0.5139074 pwa_35+62_0.75+0.25
25 Q0 id10940424index0 8 0.5128684 pwa_35+62_0.75+0.25
25 Q0 id13533701index0 9 0.5120462 pwa_35+62_0.75+0.25
25 Q0 id14849895index3 10 0.5119871 pwa_35+62_0.75+0.25
