1 Q0 id982index5 1 0.57542616 pwa_35+62_0.9+0.1
1 Q0 id190992index0 2 0.49326047 pwa_35+62_0.9+0.1
1 Q0 id1574index5 3 0.4834683 pwa_35+62_0.9+0.1
1 Q0 id6453index5 4 0.47935742 pwa_35+62_0.9+0.1
1 Q0 id687index1 5 0.476125 pwa_35+62_0.9+0.1
1 Q0 id906530index0 6 0.4760489 pwa_35+62_0.9+0.1
1 Q0 id15714index5 7 0.47121912 pwa_35+62_0.9+0.1
1 Q0 id3613index5 8 0.46929163 pwa_35+62_0.9+0.1
1 Q0 id2872601index2 9 0.46902695 pwa_35+62_0.9+0.1
1 Q0 id21419index5 10 0.46620375 pwa_35+62_0.9+0.1
2 Q0 id983index5 1 0.60163164 pwa_35+62_0.9+0.1
2 Q0 id5050index5 2 0.5195982 pwa_35+62_0.9+0.1
2 Q0 id11354index5 3 0.513088 pwa_35+62_0.9+0.1
2 Q0 id23286index2 4 0.47601664 pwa_35+62_0.9+0.1
2 Q0 id1883510index5 5 0.4520899 pwa_35+62_0.9+0.1
2 Q0 id3475624index5 6 0.4493935 pwa_35+62_0.9+0.1
2 Q0 id283882index5 7 0.44859686 pwa_35+62_0.9+0.1
2 Q0 id820688index5 8 0.44583577 pwa_35+62_0.9+0.1
2 Q0 id287229index5 9 0.44536248 pwa_35+62_0.9+0.1
2 Q0 id818620index5 10 0.44277114 pwa_35+62_0.9+0.1
3 Q0 id12774index3 1 0.5874214 pwa_35+62_0.9+0.1
3 Q0 id922index3 2 0.5676814 pwa_35+62_0.9+0.1
3 Q0 id19873index3 3 0.5634874 pwa_35+62_0.9+0.1
3 Q0 id28565index3 4 0.5332747 pwa_35+62_0.9+0.1
3 Q0 id38301index3 5 0.53159595 pwa_35+62_0.9+0.1
3 Q0 id25246index3 6 0.53056407 pwa_35+62_0.9+0.1
3 Q0 id26183index3 7 0.52942896 pwa_35+62_0.9+0.1
3 Q0 id47806index3 8 0.51679564 pwa_35+62_0.9+0.1
3 Q0 id39050index3 9 0.51637363 pwa_35+62_0.9+0.1
3 Q0 id32838index3 10 0.5162258 pwa_35+62_0.9+0.1
4 Q0 id2654index3 1 0.5538636 pwa_35+62_0.9+0.1
4 Q0 id23532index4 2 0.5392088 pwa_35+62_0.9+0.1
4 Q0 id44028index4 3 0.5049803 pwa_35+62_0.9+0.1
4 Q0 id582830index0 4 0.4700232 pwa_35+62_0.9+0.1
4 Q0 id16126index4 5 0.45842266 pwa_35+62_0.9+0.1
4 Q0 id83index3 6 0.4570803 pwa_35+62_0.9+0.1
4 Q0 id13618index4 7 0.4568379 pwa_35+62_0.9+0.1
4 Q0 id5668index3 8 0.4556073 pwa_35+62_0.9+0.1
4 Q0 id2758index4 9 0.44827098 pwa_35+62_0.9+0.1
4 Q0 id579724index5 10 0.4453608 pwa_35+62_0.9+0.1
5 Q0 id3579index3 1 0.83942556 pwa_35+62_0.9+0.1
5 Q0 id3322index3 2 0.8341533 pwa_35+62_0.9+0.1
5 Q0 id4375index3 3 0.7757032 pwa_35+62_0.9+0.1
5 Q0 id1255index3 4 0.69581085 pwa_35+62_0.9+0.1
5 Q0 id2642index4 5 0.59815127 pwa_35+62_0.9+0.1
5 Q0 id1919index4 6 0.5949025 pwa_35+62_0.9+0.1
5 Q0 id5003index0 7 0.5926623 pwa_35+62_0.9+0.1
5 Q0 id9056index3 8 0.5686592 pwa_35+62_0.9+0.1
5 Q0 id14948index3 9 0.5650495 pwa_35+62_0.9+0.1
5 Q0 id1694index3 10 0.5618146 pwa_35+62_0.9+0.1
6 Q0 id50844index4 1 0.56241083 pwa_35+62_0.9+0.1
6 Q0 id687684index0 2 0.5096762 pwa_35+62_0.9+0.1
6 Q0 id230693index4 3 0.50476843 pwa_35+62_0.9+0.1
6 Q0 id92070index4 4 0.50080806 pwa_35+62_0.9+0.1
6 Q0 id51740index3 5 0.49641377 pwa_35+62_0.9+0.1
6 Q0 id2394127index3 6 0.48880708 pwa_35+62_0.9+0.1
6 Q0 id464515index0 7 0.48775774 pwa_35+62_0.9+0.1
6 Q0 id4538611index3 8 0.48544464 pwa_35+62_0.9+0.1
6 Q0 id607182index0 9 0.4847267 pwa_35+62_0.9+0.1
6 Q0 id804369index0 10 0.48340192 pwa_35+62_0.9+0.1
7 Q0 id33131index3 1 0.59647465 pwa_35+62_0.9+0.1
7 Q0 id278381index4 2 0.50160897 pwa_35+62_0.9+0.1
7 Q0 id620943index5 3 0.4769161 pwa_35+62_0.9+0.1
7 Q0 id2504887index3 4 0.47690654 pwa_35+62_0.9+0.1
7 Q0 id268292index0 5 0.47206068 pwa_35+62_0.9+0.1
7 Q0 id48737index2 6 0.46748507 pwa_35+62_0.9+0.1
7 Q0 id5751706index2 7 0.4668478 pwa_35+62_0.9+0.1
7 Q0 id1485709index2 8 0.46398705 pwa_35+62_0.9+0.1
7 Q0 id48717index2 9 0.4619108 pwa_35+62_0.9+0.1
7 Q0 id761092index2 10 0.46146265 pwa_35+62_0.9+0.1
8 Q0 id63605index3 1 0.54005873 pwa_35+62_0.9+0.1
8 Q0 id5946index0 2 0.510708 pwa_35+62_0.9+0.1
8 Q0 id68754index3 3 0.51056916 pwa_35+62_0.9+0.1
8 Q0 id296848index4 4 0.49450845 pwa_35+62_0.9+0.1
8 Q0 id171080index3 5 0.49089444 pwa_35+62_0.9+0.1
8 Q0 id154457index3 6 0.48509502 pwa_35+62_0.9+0.1
8 Q0 id150986index3 7 0.4662342 pwa_35+62_0.9+0.1
8 Q0 id545101index0 8 0.45866764 pwa_35+62_0.9+0.1
8 Q0 id30499index4 9 0.4575752 pwa_35+62_0.9+0.1
8 Q0 id164476index3 10 0.4569105 pwa_35+62_0.9+0.1
9 Q0 id1070608index0 1 0.4750771 pwa_35+62_0.9+0.1
9 Q0 id867998index0 2 0.4740908 pwa_35+62_0.9+0.1
9 Q0 id15521index4 3 0.47201276 pwa_35+62_0.9+0.1
9 Q0 id728161index0 4 0.45632592 pwa_35+62_0.9+0.1
9 Q0 id168498index3 5 0.45613754 pwa_35+62_0.9+0.1
9 Q0 id4308920index2 6 0.44951725 pwa_35+62_0.9+0.1
9 Q0 id3048219index0 7 0.4473083 pwa_35+62_0.9+0.1
9 Q0 id3144142index0 8 0.44713643 pwa_35+62_0.9+0.1
9 Q0 id11272457index3 9 0.4471204 pwa_35+62_0.9+0.1
9 Q0 id3852638index0 10 0.4471064 pwa_35+62_0.9+0.1
10 Q0 id4997index3 1 0.9309961 pwa_35+62_0.9+0.1
10 Q0 id10137index3 2 0.7122987 pwa_35+62_0.9+0.1
10 Q0 id14340index3 3 0.66705734 pwa_35+62_0.9+0.1
10 Q0 id2949index4 4 0.662434 pwa_35+62_0.9+0.1
10 Q0 id17198index3 5 0.63448405 pwa_35+62_0.9+0.1
10 Q0 id18268index3 6 0.63318884 pwa_35+62_0.9+0.1
10 Q0 id18006index3 7 0.6242568 pwa_35+62_0.9+0.1
10 Q0 id18804index3 8 0.61649275 pwa_35+62_0.9+0.1
10 Q0 id22359index3 9 0.59365886 pwa_35+62_0.9+0.1
10 Q0 id26041index3 10 0.59109575 pwa_35+62_0.9+0.1
11 Q0 id1105029index0 1 0.5049406 pwa_35+62_0.9+0.1
11 Q0 id6369index4 2 0.48091248 pwa_35+62_0.9+0.1
11 Q0 id46736549index0 3 0.4565826 pwa_35+62_0.9+0.1
11 Q0 id82293695index0 4 0.4499342 pwa_35+62_0.9+0.1
11 Q0 id19591915index0 5 0.44423908 pwa_35+62_0.9+0.1
11 Q0 id2335999index0 6 0.44232458 pwa_35+62_0.9+0.1
11 Q0 id3464539index0 7 0.44065312 pwa_35+62_0.9+0.1
11 Q0 id44559198index4 8 0.43344998 pwa_35+62_0.9+0.1
11 Q0 id30594337index4 9 0.432736 pwa_35+62_0.9+0.1
11 Q0 id1294088index0 10 0.42966092 pwa_35+62_0.9+0.1
12 Q0 id6436index3 1 0.65694237 pwa_35+62_0.9+0.1
12 Q0 id16309index3 2 0.5699717 pwa_35+62_0.9+0.1
12 Q0 id16247index3 3 0.5681019 pwa_35+62_0.9+0.1
12 Q0 id16549index3 4 0.5625107 pwa_35+62_0.9+0.1
12 Q0 id28529index4 5 0.55550164 pwa_35+62_0.9+0.1
12 Q0 id15696index3 6 0.5150409 pwa_35+62_0.9+0.1
12 Q0 id97702index4 7 0.5134605 pwa_35+62_0.9+0.1
12 Q0 id20411index3 8 0.510037 pwa_35+62_0.9+0.1
12 Q0 id1814index4 9 0.48889947 pwa_35+62_0.9+0.1
12 Q0 id179278index0 10 0.48289615 pwa_35+62_0.9+0.1
13 Q0 id152498index4 1 0.55165446 pwa_35+62_0.9+0.1
13 Q0 id174820index0 2 0.54234475 pwa_35+62_0.9+0.1
13 Q0 id1274591index3 3 0.5038946 pwa_35+62_0.9+0.1
13 Q0 id6710206index3 4 0.46851787 pwa_35+62_0.9+0.1
13 Q0 id21567386index0 5 0.46550888 pwa_35+62_0.9+0.1
13 Q0 id15336678index0 6 0.4641275 pwa_35+62_0.9+0.1
13 Q0 id22421222index3 7 0.46378702 pwa_35+62_0.9+0.1
13 Q0 id40216009index0 8 0.46076536 pwa_35+62_0.9+0.1
13 Q0 id5281931index3 9 0.4590258 pwa_35+62_0.9+0.1
13 Q0 id7414734index0 10 0.45804453 pwa_35+62_0.9+0.1
14 Q0 id1147579index0 1 0.4758035 pwa_35+62_0.9+0.1
14 Q0 id2492195index0 2 0.4656384 pwa_35+62_0.9+0.1
14 Q0 id1031397index0 3 0.4559184 pwa_35+62_0.9+0.1
14 Q0 id844461index0 4 0.4549281 pwa_35+62_0.9+0.1
14 Q0 id6030785index0 5 0.44569975 pwa_35+62_0.9+0.1
14 Q0 id262396index0 6 0.44533724 pwa_35+62_0.9+0.1
14 Q0 id1212768index2 7 0.44513834 pwa_35+62_0.9+0.1
14 Q0 id505732index2 8 0.4450087 pwa_35+62_0.9+0.1
14 Q0 id6879486index0 9 0.4435474 pwa_35+62_0.9+0.1
14 Q0 id1153422index5 10 0.4425581 pwa_35+62_0.9+0.1
15 Q0 id11961index4 1 0.5990896 pwa_35+62_0.9+0.1
15 Q0 id4639index4 2 0.5564264 pwa_35+62_0.9+0.1
15 Q0 id21862index4 3 0.550053 pwa_35+62_0.9+0.1
15 Q0 id49099index4 4 0.5238654 pwa_35+62_0.9+0.1
15 Q0 id66227index3 5 0.5122448 pwa_35+62_0.9+0.1
15 Q0 id458573index0 6 0.51065725 pwa_35+62_0.9+0.1
15 Q0 id9000index3 7 0.507381 pwa_35+62_0.9+0.1
15 Q0 id381321index0 8 0.50274444 pwa_35+62_0.9+0.1
15 Q0 id287586index0 9 0.50258315 pwa_35+62_0.9+0.1
15 Q0 id13614index3 10 0.50215405 pwa_35+62_0.9+0.1
16 Q0 id15544index4 1 0.64085495 pwa_35+62_0.9+0.1
16 Q0 id445index3 2 0.6360721 pwa_35+62_0.9+0.1
16 Q0 id1139index4 3 0.6139298 pwa_35+62_0.9+0.1
16 Q0 id2982index4 4 0.5894156 pwa_35+62_0.9+0.1
16 Q0 id2016index4 5 0.5713931 pwa_35+62_0.9+0.1
16 Q0 id4075index4 6 0.5579241 pwa_35+62_0.9+0.1
16 Q0 id405index4 7 0.5574781 pwa_35+62_0.9+0.1
16 Q0 id4155index4 8 0.55271316 pwa_35+62_0.9+0.1
16 Q0 id11322index4 9 0.5505873 pwa_35+62_0.9+0.1
16 Q0 id3837index4 10 0.54927385 pwa_35+62_0.9+0.1
17 Q0 id359470index0 1 0.45796534 pwa_35+62_0.9+0.1
17 Q0 id8682863index0 2 0.44978502 pwa_35+62_0.9+0.1
17 Q0 id2569551index0 3 0.44959754 pwa_35+62_0.9+0.1
17 Q0 id1014833index0 4 0.44844857 pwa_35+62_0.9+0.1
17 Q0 id5859797index0 5 0.44606894 pwa_35+62_0.9+0.1
17 Q0 id5930919index0 6 0.4452251 pwa_35+62_0.9+0.1
17 Q0 id10413374index0 7 0.44483578 pwa_35+62_0.9+0.1
17 Q0 id9778628index0 8 0.4430713 pwa_35+62_0.9+0.1
17 Q0 id5021394index2 9 0.44119954 pwa_35+62_0.9+0.1
17 Q0 id7637264index0 10 0.43887675 pwa_35+62_0.9+0.1
18 Q0 id10979index3 1 0.6614977 pwa_35+62_0.9+0.1
18 Q0 id306index3 2 0.65299505 pwa_35+62_0.9+0.1
18 Q0 id9119index3 3 0.649871 pwa_35+62_0.9+0.1
18 Q0 id13320index3 4 0.5887476 pwa_35+62_0.9+0.1
18 Q0 id15142index3 5 0.5850852 pwa_35+62_0.9+0.1
18 Q0 id29890index3 6 0.55489105 pwa_35+62_0.9+0.1
18 Q0 id6699index4 7 0.5403184 pwa_35+62_0.9+0.1
18 Q0 id4244index4 8 0.53454334 pwa_35+62_0.9+0.1
18 Q0 id23660index0 9 0.5247823 pwa_35+62_0.9+0.1
18 Q0 id214059index4 10 0.5160411 pwa_35+62_0.9+0.1
19 Q0 id4706index3 1 0.80059814 pwa_35+62_0.9+0.1
19 Q0 id7199index3 2 0.74604505 pwa_35+62_0.9+0.1
19 Q0 id6938index3 3 0.72150064 pwa_35+62_0.9+0.1
19 Q0 id7376index3 4 0.6959092 pwa_35+62_0.9+0.1
19 Q0 id475index3 5 0.64325106 pwa_35+62_0.9+0.1
19 Q0 id12552index3 6 0.6418125 pwa_35+62_0.9+0.1
19 Q0 id147index3 7 0.6383404 pwa_35+62_0.9+0.1
19 Q0 id12574index3 8 0.62641364 pwa_35+62_0.9+0.1
19 Q0 id10780index3 9 0.6101805 pwa_35+62_0.9+0.1
19 Q0 id4126index4 10 0.57354695 pwa_35+62_0.9+0.1
20 Q0 id168407index0 1 0.50802016 pwa_35+62_0.9+0.1
20 Q0 id97631index0 2 0.49697745 pwa_35+62_0.9+0.1
20 Q0 id296133index4 3 0.48063743 pwa_35+62_0.9+0.1
20 Q0 id118281index4 4 0.48051485 pwa_35+62_0.9+0.1
20 Q0 id7303index4 5 0.45937154 pwa_35+62_0.9+0.1
20 Q0 id520376index5 6 0.44238827 pwa_35+62_0.9+0.1
20 Q0 id501872index0 7 0.44191092 pwa_35+62_0.9+0.1
20 Q0 id5609647index3 8 0.44084877 pwa_35+62_0.9+0.1
20 Q0 id2159832index5 9 0.4404841 pwa_35+62_0.9+0.1
20 Q0 id12220204index0 10 0.4403045 pwa_35+62_0.9+0.1
21 Q0 id7053201index0 1 0.45421174 pwa_35+62_0.9+0.1
21 Q0 id91752index4 2 0.45379564 pwa_35+62_0.9+0.1
21 Q0 id13863index0 3 0.44775498 pwa_35+62_0.9+0.1
21 Q0 id16702680index3 4 0.44184303 pwa_35+62_0.9+0.1
21 Q0 id32412815index3 5 0.4407996 pwa_35+62_0.9+0.1
21 Q0 id23844675index3 6 0.4384898 pwa_35+62_0.9+0.1
21 Q0 id3841686index0 7 0.438199 pwa_35+62_0.9+0.1
21 Q0 id10989603index3 8 0.43811005 pwa_35+62_0.9+0.1
21 Q0 id22002652index0 9 0.4334101 pwa_35+62_0.9+0.1
21 Q0 id9434index3 10 0.4326026 pwa_35+62_0.9+0.1
22 Q0 id27051index0 1 0.5902089 pwa_35+62_0.9+0.1
22 Q0 id894index0 2 0.56942815 pwa_35+62_0.9+0.1
22 Q0 id239364index0 3 0.49859604 pwa_35+62_0.9+0.1
22 Q0 id805614index0 4 0.49295253 pwa_35+62_0.9+0.1
22 Q0 id45203index0 5 0.49272633 pwa_35+62_0.9+0.1
22 Q0 id759163index0 6 0.48490947 pwa_35+62_0.9+0.1
22 Q0 id141578index0 7 0.48131388 pwa_35+62_0.9+0.1
22 Q0 id72878index0 8 0.4781811 pwa_35+62_0.9+0.1
22 Q0 id330770index0 9 0.47802794 pwa_35+62_0.9+0.1
22 Q0 id420846index0 10 0.47755164 pwa_35+62_0.9+0.1
23 Q0 id441575index0 1 0.5432652 pwa_35+62_0.9+0.1
23 Q0 id40877397index0 2 0.4862244 pwa_35+62_0.9+0.1
23 Q0 id1282995index0 3 0.4852146 pwa_35+62_0.9+0.1
23 Q0 id9295656index0 4 0.48480234 pwa_35+62_0.9+0.1
23 Q0 id24968223index0 5 0.4846511 pwa_35+62_0.9+0.1
23 Q0 id41173020index0 6 0.48429364 pwa_35+62_0.9+0.1
23 Q0 id43573888index0 7 0.43099785 pwa_35+62_0.9+0.1
23 Q0 id402866index0 8 0.4285574 pwa_35+62_0.9+0.1
23 Q0 id12834934index0 9 0.42825258 pwa_35+62_0.9+0.1
23 Q0 id25174137index0 10 0.42400417 pwa_35+62_0.9+0.1
24 Q0 id2499index0 1 0.5041711 pwa_35+62_0.9+0.1
24 Q0 id39530index0 2 0.49445426 pwa_35+62_0.9+0.1
24 Q0 id232872index0 3 0.46163633 pwa_35+62_0.9+0.1
24 Q0 id14393index0 4 0.4581889 pwa_35+62_0.9+0.1
24 Q0 id111021index3 5 0.45532545 pwa_35+62_0.9+0.1
24 Q0 id81288index5 6 0.44595912 pwa_35+62_0.9+0.1
24 Q0 id472index3 7 0.44312784 pwa_35+62_0.9+0.1
24 Q0 id62689index4 8 0.44118243 pwa_35+62_0.9+0.1
24 Q0 id2272827index5 9 0.43572697 pwa_35+62_0.9+0.1
24 Q0 id1676382index4 10 0.43458647 pwa_35+62_0.9+0.1
25 Q0 id86214index4 1 0.52785 pwa_35+62_0.9+0.1
25 Q0 id3298436index0 2 0.4577582 pwa_35+62_0.9+0.1
25 Q0 id290211index5 3 0.45346722 pwa_35+62_0.9+0.1
25 Q0 id6517116index0 4 0.44779572 pwa_35+62_0.9+0.1
25 Q0 id13548549index3 5 0.44732872 pwa_35+62_0.9+0.1
25 Q0 id10940424index0 6 0.4450565 pwa_35+62_0.9+0.1
25 Q0 id13533701index0 7 0.44457212 pwa_35+62_0.9+0.1
25 Q0 id29131583index3 8 0.44295728 pwa_35+62_0.9+0.1
25 Q0 id1780014index0 9 0.44142184 pwa_35+62_0.9+0.1
25 Q0 id14849895index3 10 0.44115013 pwa_35+62_0.9+0.1
