1 Q0 id982index5 1 16.006618 pwa_32_1
1 Q0 id906530index0 2 14.544712 pwa_32_1
1 Q0 id687index1 3 13.432019 pwa_32_1
1 Q0 id152651index0 4 13.379189 pwa_32_1
1 Q0 id2872601index2 5 13.023032 pwa_32_1
1 Q0 id791653index0 6 12.220002 pwa_32_1
1 Q0 id123784index5 7 12.09106 pwa_32_1
1 Q0 id1076064index0 8 11.875708 pwa_32_1
1 Q0 id22799index1 9 11.05081 pwa_32_1
1 Q0 id21419index5 10 10.247132 pwa_32_1
2 Q0 id11354index5 1 20.861122 pwa_32_1
2 Q0 id983index5 2 18.159441 pwa_32_1
2 Q0 id70164index5 3 15.783613 pwa_32_1
2 Q0 id23286index2 4 15.6963625 pwa_32_1
2 Q0 id1347943index5 5 15.073881 pwa_32_1
2 Q0 id1879669index5 6 14.898824 pwa_32_1
2 Q0 id5050index5 7 14.75104 pwa_32_1
2 Q0 id281822index5 8 14.349795 pwa_32_1
2 Q0 id813826index5 9 14.325049 pwa_32_1
2 Q0 id813825index5 10 14.307715 pwa_32_1
3 Q0 id560092index3 1 28.691929 pwa_32_1
3 Q0 id461426index3 2 28.644907 pwa_32_1
3 Q0 id401948index3 3 28.599289 pwa_32_1
3 Q0 id68011index0 4 27.953518 pwa_32_1
3 Q0 id73587index3 5 26.128742 pwa_32_1
3 Q0 id200505index3 6 26.085722 pwa_32_1
3 Q0 id97454index3 7 26.055239 pwa_32_1
3 Q0 id52469index3 8 26.054243 pwa_32_1
3 Q0 id38301index3 9 26.053034 pwa_32_1
3 Q0 id86063index3 10 26.052464 pwa_32_1
4 Q0 id582830index0 1 27.13502 pwa_32_1
4 Q0 id48349index4 2 24.029865 pwa_32_1
4 Q0 id5163index4 3 22.937101 pwa_32_1
4 Q0 id87132index3 4 21.623114 pwa_32_1
4 Q0 id326998index4 5 21.078802 pwa_32_1
4 Q0 id279905index4 6 20.936829 pwa_32_1
4 Q0 id84310index5 7 18.085915 pwa_32_1
4 Q0 id839233index4 8 17.679092 pwa_32_1
4 Q0 id710index2 9 17.584776 pwa_32_1
4 Q0 id48185index1 10 17.14701 pwa_32_1
5 Q0 id15181index4 1 22.665785 pwa_32_1
5 Q0 id172868index3 2 20.912695 pwa_32_1
5 Q0 id22999index3 3 20.538399 pwa_32_1
5 Q0 id294489index3 4 19.904987 pwa_32_1
5 Q0 id181475index0 5 19.492464 pwa_32_1
5 Q0 id141483index3 6 19.424486 pwa_32_1
5 Q0 id427285index3 7 19.081553 pwa_32_1
5 Q0 id452369index4 8 19.048084 pwa_32_1
5 Q0 id10723index3 9 18.43097 pwa_32_1
5 Q0 id280244index0 10 18.126524 pwa_32_1
6 Q0 id2394127index3 1 29.907326 pwa_32_1
6 Q0 id4538611index3 2 27.605122 pwa_32_1
6 Q0 id43500index4 3 25.811312 pwa_32_1
6 Q0 id306591index0 4 23.953312 pwa_32_1
6 Q0 id882230index0 5 23.06809 pwa_32_1
6 Q0 id4538609index3 6 22.222801 pwa_32_1
6 Q0 id51740index3 7 21.950888 pwa_32_1
6 Q0 id464515index0 8 19.937643 pwa_32_1
6 Q0 id869007index0 9 19.64174 pwa_32_1
6 Q0 id295552index5 10 19.01604 pwa_32_1
7 Q0 id33131index3 1 29.938953 pwa_32_1
7 Q0 id278381index4 2 29.31985 pwa_32_1
7 Q0 id2504887index3 3 25.536798 pwa_32_1
7 Q0 id1485709index2 4 24.479792 pwa_32_1
7 Q0 id1354899index5 5 23.898281 pwa_32_1
7 Q0 id761892index2 6 23.840425 pwa_32_1
7 Q0 id1474967index2 7 23.833681 pwa_32_1
7 Q0 id16062047index0 8 23.571981 pwa_32_1
7 Q0 id48717index2 9 23.484442 pwa_32_1
7 Q0 id27588205index0 10 23.458403 pwa_32_1
8 Q0 id407111index0 1 30.127377 pwa_32_1
8 Q0 id65051index4 2 25.554974 pwa_32_1
8 Q0 id296848index4 3 23.597563 pwa_32_1
8 Q0 id1070627index3 4 18.43194 pwa_32_1
8 Q0 id776669index3 5 18.159311 pwa_32_1
8 Q0 id739098index3 6 18.134287 pwa_32_1
8 Q0 id171080index3 7 17.79977 pwa_32_1
8 Q0 id724152index3 8 17.74233 pwa_32_1
8 Q0 id545149index0 9 15.948246 pwa_32_1
8 Q0 id418420index4 10 14.746934 pwa_32_1
9 Q0 id230343index4 1 24.49296 pwa_32_1
9 Q0 id11272457index3 2 19.859274 pwa_32_1
9 Q0 id906088index4 3 17.381855 pwa_32_1
9 Q0 id708464index3 4 16.71974 pwa_32_1
9 Q0 id4308920index2 5 16.317478 pwa_32_1
9 Q0 id2795758index0 6 16.111013 pwa_32_1
9 Q0 id2925254index5 7 16.101942 pwa_32_1
9 Q0 id911571index5 8 15.978494 pwa_32_1
9 Q0 id1070608index0 9 15.458035 pwa_32_1
9 Q0 id3570370index3 10 14.200614 pwa_32_1
10 Q0 id195844index4 1 20.318789 pwa_32_1
10 Q0 id172849index3 2 18.360365 pwa_32_1
10 Q0 id92844index3 3 18.307697 pwa_32_1
10 Q0 id89937index3 4 18.275242 pwa_32_1
10 Q0 id106740index3 5 18.260258 pwa_32_1
10 Q0 id123016index3 6 17.238306 pwa_32_1
10 Q0 id41738index3 7 16.82399 pwa_32_1
10 Q0 id14340index3 8 16.098537 pwa_32_1
10 Q0 id17198index3 9 16.095339 pwa_32_1
10 Q0 id29970index3 10 16.084852 pwa_32_1
11 Q0 id3742124index0 1 25.183052 pwa_32_1
11 Q0 id5392098index0 2 24.112825 pwa_32_1
11 Q0 id19591915index0 3 24.014107 pwa_32_1
11 Q0 id9916248index0 4 22.981834 pwa_32_1
11 Q0 id1484538index0 5 17.89354 pwa_32_1
11 Q0 id38634558index0 6 17.724588 pwa_32_1
11 Q0 id82293695index0 7 17.558636 pwa_32_1
11 Q0 id35143740index4 8 16.188112 pwa_32_1
11 Q0 id20808716index0 9 16.01037 pwa_32_1
11 Q0 id46431255index4 10 15.523555 pwa_32_1
12 Q0 id6436index3 1 29.786829 pwa_32_1
12 Q0 id407492index0 2 29.631027 pwa_32_1
12 Q0 id79760index4 3 28.637861 pwa_32_1
12 Q0 id578527index3 4 28.206163 pwa_32_1
12 Q0 id508262index3 5 28.192532 pwa_32_1
12 Q0 id1814index4 6 28.03424 pwa_32_1
12 Q0 id97702index4 7 27.58781 pwa_32_1
12 Q0 id179index4 8 27.48999 pwa_32_1
12 Q0 id506136index3 9 27.188387 pwa_32_1
12 Q0 id67100index3 10 26.925238 pwa_32_1
13 Q0 id145619index3 1 36.215355 pwa_32_1
13 Q0 id1274591index3 2 32.915924 pwa_32_1
13 Q0 id1889237index3 3 31.155918 pwa_32_1
13 Q0 id13849022index3 4 31.012327 pwa_32_1
13 Q0 id28132496index3 5 30.884748 pwa_32_1
13 Q0 id15277782index3 6 30.881126 pwa_32_1
13 Q0 id6710207index3 7 30.842703 pwa_32_1
13 Q0 id20991710index3 8 30.7795 pwa_32_1
13 Q0 id9565963index3 9 30.773449 pwa_32_1
13 Q0 id13849023index3 10 30.739508 pwa_32_1
14 Q0 id6096257index0 1 18.536139 pwa_32_1
14 Q0 id2492195index0 2 17.31227 pwa_32_1
14 Q0 id6030785index0 3 15.779551 pwa_32_1
14 Q0 id6879486index0 4 15.6834135 pwa_32_1
14 Q0 id5154263index0 5 15.610046 pwa_32_1
14 Q0 id7126217index0 6 13.897322 pwa_32_1
14 Q0 id1147579index0 7 13.844997 pwa_32_1
14 Q0 id2798334index0 8 13.776212 pwa_32_1
14 Q0 id1153422index5 9 13.6205435 pwa_32_1
14 Q0 id505732index2 10 13.555245 pwa_32_1
15 Q0 id264877index4 1 31.611881 pwa_32_1
15 Q0 id59781index4 2 25.885061 pwa_32_1
15 Q0 id381321index0 3 25.605972 pwa_32_1
15 Q0 id48570index5 4 23.498238 pwa_32_1
15 Q0 id781071index0 5 23.176855 pwa_32_1
15 Q0 id22426index5 6 22.702087 pwa_32_1
15 Q0 id127841index3 7 22.56614 pwa_32_1
15 Q0 id149926index3 8 22.56614 pwa_32_1
15 Q0 id287586index0 9 22.367487 pwa_32_1
15 Q0 id236505index4 10 22.289762 pwa_32_1
16 Q0 id20902index5 1 29.813854 pwa_32_1
16 Q0 id40209index4 2 24.645569 pwa_32_1
16 Q0 id329551index3 3 24.611769 pwa_32_1
16 Q0 id10166index0 4 23.939228 pwa_32_1
16 Q0 id42121index3 5 22.98398 pwa_32_1
16 Q0 id1684index3 6 22.730728 pwa_32_1
16 Q0 id102572index3 7 22.698198 pwa_32_1
16 Q0 id90903index3 8 22.365808 pwa_32_1
16 Q0 id5239index3 9 22.310629 pwa_32_1
16 Q0 id129520index3 10 22.133305 pwa_32_1
17 Q0 id8682863index0 1 21.755667 pwa_32_1
17 Q0 id10413374index0 2 14.154959 pwa_32_1
17 Q0 id12833096index0 3 14.07199 pwa_32_1
17 Q0 id12734739index0 4 12.6862755 pwa_32_1
17 Q0 id4539756index0 5 11.60354 pwa_32_1
17 Q0 id1708040index0 6 11.596751 pwa_32_1
17 Q0 id359470index0 7 10.361142 pwa_32_1
17 Q0 id2569551index0 8 10.286971 pwa_32_1
17 Q0 id5859797index0 9 10.225614 pwa_32_1
17 Q0 id9539683index0 10 10.190269 pwa_32_1
18 Q0 id312index4 1 28.175001 pwa_32_1
18 Q0 id306index3 2 26.760801 pwa_32_1
18 Q0 id29890index3 3 24.600468 pwa_32_1
18 Q0 id675index4 4 24.456615 pwa_32_1
18 Q0 id277157index0 5 23.897873 pwa_32_1
18 Q0 id264531index0 6 23.891983 pwa_32_1
18 Q0 id212379index3 7 23.845898 pwa_32_1
18 Q0 id233205index0 8 23.4769 pwa_32_1
18 Q0 id457362index3 9 23.436552 pwa_32_1
18 Q0 id621954index3 10 23.291346 pwa_32_1
19 Q0 id54675index4 1 25.767916 pwa_32_1
19 Q0 id675index4 2 24.886932 pwa_32_1
19 Q0 id56291index4 3 24.70307 pwa_32_1
19 Q0 id475index3 4 24.37277 pwa_32_1
19 Q0 id1433index4 5 23.899115 pwa_32_1
19 Q0 id81553index4 6 23.855114 pwa_32_1
19 Q0 id190213index3 7 23.758547 pwa_32_1
19 Q0 id147index3 8 23.284708 pwa_32_1
19 Q0 id36318index4 9 22.970484 pwa_32_1
19 Q0 id30564index4 10 22.002752 pwa_32_1
20 Q0 id399097index3 1 26.93798 pwa_32_1
20 Q0 id249767index3 2 26.382463 pwa_32_1
20 Q0 id1899729index3 3 21.697515 pwa_32_1
20 Q0 id136905index4 4 21.61028 pwa_32_1
20 Q0 id5609647index3 5 20.467365 pwa_32_1
20 Q0 id537873index0 6 19.798086 pwa_32_1
20 Q0 id2874832index4 7 19.595018 pwa_32_1
20 Q0 id2874831index4 8 19.578121 pwa_32_1
20 Q0 id2874830index4 9 19.554575 pwa_32_1
20 Q0 id2874906index4 10 19.544477 pwa_32_1
21 Q0 id184787index4 1 17.259836 pwa_32_1
21 Q0 id2795441index4 2 17.250826 pwa_32_1
21 Q0 id1473691index4 3 17.237034 pwa_32_1
21 Q0 id7053201index0 4 15.404527 pwa_32_1
21 Q0 id16702680index3 5 15.23792 pwa_32_1
21 Q0 id32412815index3 6 15.160301 pwa_32_1
21 Q0 id23844675index3 7 15.083573 pwa_32_1
21 Q0 id10989603index3 8 14.966465 pwa_32_1
21 Q0 id26555244index0 9 13.358892 pwa_32_1
21 Q0 id24689790index0 10 11.773025 pwa_32_1
22 Q0 id27051index0 1 27.552717 pwa_32_1
22 Q0 id805614index0 2 19.307343 pwa_32_1
22 Q0 id163045index0 3 18.291977 pwa_32_1
22 Q0 id2711706index0 4 18.029943 pwa_32_1
22 Q0 id168372index0 5 17.361767 pwa_32_1
22 Q0 id977861index0 6 17.307198 pwa_32_1
22 Q0 id2836512index0 7 16.88829 pwa_32_1
22 Q0 id1233084index0 8 16.165407 pwa_32_1
22 Q0 id2978279index0 9 15.51348 pwa_32_1
22 Q0 id220065index0 10 14.647968 pwa_32_1
23 Q0 id441575index0 1 36.92925 pwa_32_1
23 Q0 id73240342index0 2 28.803713 pwa_32_1
23 Q0 id31498985index0 3 28.542107 pwa_32_1
23 Q0 id45410860index0 4 28.542107 pwa_32_1
23 Q0 id2086623index0 5 28.439575 pwa_32_1
23 Q0 id2227528index0 6 28.435553 pwa_32_1
23 Q0 id60864781index0 7 21.281055 pwa_32_1
23 Q0 id28031436index0 8 12.741419 pwa_32_1
23 Q0 id110513874index0 9 11.125539 pwa_32_1
23 Q0 id94309571index0 10 11.1242485 pwa_32_1
24 Q0 id6214341index3 1 19.746464 pwa_32_1
24 Q0 id92371index0 2 16.750246 pwa_32_1
24 Q0 id85858index4 3 16.516422 pwa_32_1
24 Q0 id232872index0 4 15.43762 pwa_32_1
24 Q0 id111021index3 5 12.998017 pwa_32_1
24 Q0 id2212540index4 6 12.714601 pwa_32_1
24 Q0 id7642541index3 7 12.620503 pwa_32_1
24 Q0 id533880index2 8 11.611042 pwa_32_1
24 Q0 id298305index5 9 11.469396 pwa_32_1
24 Q0 id990842index5 10 11.281835 pwa_32_1
25 Q0 id63275index3 1 23.399012 pwa_32_1
25 Q0 id102767552index0 2 21.13336 pwa_32_1
25 Q0 id3298436index0 3 21.117529 pwa_32_1
25 Q0 id290211index5 4 20.069948 pwa_32_1
25 Q0 id70564174index4 5 19.884706 pwa_32_1
25 Q0 id22120257index3 6 19.860353 pwa_32_1
25 Q0 id29259492index3 7 19.842657 pwa_32_1
25 Q0 id6409042index3 8 19.652945 pwa_32_1
25 Q0 id34969923index3 9 19.532412 pwa_32_1
25 Q0 id27831888index3 10 19.48624 pwa_32_1
