1 Q0 id982index5 1 0.5532141 pwa_35+64_0.9+0.1
1 Q0 id3613index5 2 0.44519347 pwa_35+64_0.9+0.1
1 Q0 id15714index5 3 0.44475642 pwa_35+64_0.9+0.1
1 Q0 id190992index0 4 0.44438273 pwa_35+64_0.9+0.1
1 Q0 id6453index5 5 0.43992788 pwa_35+64_0.9+0.1
1 Q0 id1574index5 6 0.43369642 pwa_35+64_0.9+0.1
1 Q0 id906530index0 7 0.42290875 pwa_35+64_0.9+0.1
1 Q0 id17793index5 8 0.41798735 pwa_35+64_0.9+0.1
1 Q0 id6902index5 9 0.41786525 pwa_35+64_0.9+0.1
1 Q0 id1076064index0 10 0.41656962 pwa_35+64_0.9+0.1
2 Q0 id983index5 1 0.5728768 pwa_35+64_0.9+0.1
2 Q0 id5050index5 2 0.47362807 pwa_35+64_0.9+0.1
2 Q0 id11354index5 3 0.4662644 pwa_35+64_0.9+0.1
2 Q0 id23286index2 4 0.42521 pwa_35+64_0.9+0.1
2 Q0 id42642index5 5 0.4178703 pwa_35+64_0.9+0.1
2 Q0 id4962index5 6 0.41593426 pwa_35+64_0.9+0.1
2 Q0 id22988index5 7 0.4127605 pwa_35+64_0.9+0.1
2 Q0 id1548index5 8 0.40862677 pwa_35+64_0.9+0.1
2 Q0 id5380index5 9 0.40720442 pwa_35+64_0.9+0.1
2 Q0 id1883510index5 10 0.4038322 pwa_35+64_0.9+0.1
3 Q0 id922index3 1 0.54928935 pwa_35+64_0.9+0.1
3 Q0 id12774index3 2 0.54468006 pwa_35+64_0.9+0.1
3 Q0 id19873index3 3 0.5220263 pwa_35+64_0.9+0.1
3 Q0 id26183index3 4 0.4922256 pwa_35+64_0.9+0.1
3 Q0 id28565index3 5 0.49088505 pwa_35+64_0.9+0.1
3 Q0 id25246index3 6 0.48979974 pwa_35+64_0.9+0.1
3 Q0 id38301index3 7 0.48834607 pwa_35+64_0.9+0.1
3 Q0 id34550index3 8 0.4788782 pwa_35+64_0.9+0.1
3 Q0 id47806index3 9 0.47657245 pwa_35+64_0.9+0.1
3 Q0 id32838index3 10 0.4738836 pwa_35+64_0.9+0.1
4 Q0 id2654index3 1 0.5279242 pwa_35+64_0.9+0.1
4 Q0 id23532index4 2 0.5101749 pwa_35+64_0.9+0.1
4 Q0 id44028index4 3 0.4400791 pwa_35+64_0.9+0.1
4 Q0 id5668index3 4 0.43643236 pwa_35+64_0.9+0.1
4 Q0 id87132index3 5 0.43397152 pwa_35+64_0.9+0.1
4 Q0 id582830index0 6 0.42614818 pwa_35+64_0.9+0.1
4 Q0 id596925index0 7 0.42089036 pwa_35+64_0.9+0.1
4 Q0 id227437index0 8 0.42053944 pwa_35+64_0.9+0.1
4 Q0 id4750index2 9 0.41908517 pwa_35+64_0.9+0.1
4 Q0 id966117index0 10 0.41906154 pwa_35+64_0.9+0.1
5 Q0 id3579index3 1 0.79651225 pwa_35+64_0.9+0.1
5 Q0 id3322index3 2 0.79212624 pwa_35+64_0.9+0.1
5 Q0 id4375index3 3 0.7342421 pwa_35+64_0.9+0.1
5 Q0 id1255index3 4 0.6727205 pwa_35+64_0.9+0.1
5 Q0 id2642index4 5 0.5699397 pwa_35+64_0.9+0.1
5 Q0 id5003index0 6 0.56696886 pwa_35+64_0.9+0.1
5 Q0 id1919index4 7 0.56648475 pwa_35+64_0.9+0.1
5 Q0 id1694index3 8 0.5432034 pwa_35+64_0.9+0.1
5 Q0 id9056index3 9 0.54105115 pwa_35+64_0.9+0.1
5 Q0 id14948index3 10 0.52184826 pwa_35+64_0.9+0.1
6 Q0 id50844index4 1 0.5250049 pwa_35+64_0.9+0.1
6 Q0 id687684index0 2 0.46525487 pwa_35+64_0.9+0.1
6 Q0 id230693index4 3 0.4629356 pwa_35+64_0.9+0.1
6 Q0 id51740index3 4 0.45660597 pwa_35+64_0.9+0.1
6 Q0 id317index4 5 0.45657033 pwa_35+64_0.9+0.1
6 Q0 id464515index0 6 0.44427896 pwa_35+64_0.9+0.1
6 Q0 id327index4 7 0.44251326 pwa_35+64_0.9+0.1
6 Q0 id317280index0 8 0.44011387 pwa_35+64_0.9+0.1
6 Q0 id92070index4 9 0.4389625 pwa_35+64_0.9+0.1
6 Q0 id804369index0 10 0.43824092 pwa_35+64_0.9+0.1
7 Q0 id33131index3 1 0.5581293 pwa_35+64_0.9+0.1
7 Q0 id278381index4 2 0.4626413 pwa_35+64_0.9+0.1
7 Q0 id268292index0 3 0.44990057 pwa_35+64_0.9+0.1
7 Q0 id2504887index3 4 0.431366 pwa_35+64_0.9+0.1
7 Q0 id620943index5 5 0.42759606 pwa_35+64_0.9+0.1
7 Q0 id809597index0 6 0.42062145 pwa_35+64_0.9+0.1
7 Q0 id1720804index0 7 0.41838375 pwa_35+64_0.9+0.1
7 Q0 id48737index2 8 0.41721418 pwa_35+64_0.9+0.1
7 Q0 id5751706index2 9 0.41710138 pwa_35+64_0.9+0.1
7 Q0 id2050249index2 10 0.41643676 pwa_35+64_0.9+0.1
8 Q0 id63605index3 1 0.50475156 pwa_35+64_0.9+0.1
8 Q0 id5946index0 2 0.4920452 pwa_35+64_0.9+0.1
8 Q0 id68754index3 3 0.4840483 pwa_35+64_0.9+0.1
8 Q0 id30499index4 4 0.4575752 pwa_35+64_0.9+0.1
8 Q0 id171080index3 5 0.44469613 pwa_35+64_0.9+0.1
8 Q0 id49299index4 6 0.4377021 pwa_35+64_0.9+0.1
8 Q0 id154457index3 7 0.43040538 pwa_35+64_0.9+0.1
8 Q0 id150986index3 8 0.4273956 pwa_35+64_0.9+0.1
8 Q0 id296848index4 9 0.42677572 pwa_35+64_0.9+0.1
8 Q0 id25470index0 10 0.42033502 pwa_35+64_0.9+0.1
9 Q0 id15521index4 1 0.43602324 pwa_35+64_0.9+0.1
9 Q0 id1070608index0 2 0.43197703 pwa_35+64_0.9+0.1
9 Q0 id867998index0 3 0.42947137 pwa_35+64_0.9+0.1
9 Q0 id530645index0 4 0.42029697 pwa_35+64_0.9+0.1
9 Q0 id2554166index2 5 0.42006856 pwa_35+64_0.9+0.1
9 Q0 id3653index2 6 0.4186567 pwa_35+64_0.9+0.1
9 Q0 id2965index5 7 0.41850966 pwa_35+64_0.9+0.1
9 Q0 id17730index0 8 0.41837868 pwa_35+64_0.9+0.1
9 Q0 id486414index0 9 0.41837764 pwa_35+64_0.9+0.1
9 Q0 id899803index0 10 0.4183091 pwa_35+64_0.9+0.1
10 Q0 id4997index3 1 0.8851485 pwa_35+64_0.9+0.1
10 Q0 id10137index3 2 0.67167634 pwa_35+64_0.9+0.1
10 Q0 id2949index4 3 0.64216197 pwa_35+64_0.9+0.1
10 Q0 id14340index3 4 0.62185395 pwa_35+64_0.9+0.1
10 Q0 id18268index3 5 0.5925019 pwa_35+64_0.9+0.1
10 Q0 id17198index3 6 0.5881854 pwa_35+64_0.9+0.1
10 Q0 id18006index3 7 0.5842683 pwa_35+64_0.9+0.1
10 Q0 id18804index3 8 0.5741927 pwa_35+64_0.9+0.1
10 Q0 id22359index3 9 0.55126923 pwa_35+64_0.9+0.1
10 Q0 id26041index3 10 0.5469273 pwa_35+64_0.9+0.1
11 Q0 id6369index4 1 0.45558676 pwa_35+64_0.9+0.1
11 Q0 id1105029index0 2 0.43999207 pwa_35+64_0.9+0.1
11 Q0 id19591915index0 3 0.43844637 pwa_35+64_0.9+0.1
11 Q0 id4329556index0 4 0.4166132 pwa_35+64_0.9+0.1
11 Q0 id46423123index0 5 0.41214937 pwa_35+64_0.9+0.1
11 Q0 id111496633index0 6 0.40403384 pwa_35+64_0.9+0.1
11 Q0 id2335999index0 7 0.4014457 pwa_35+64_0.9+0.1
11 Q0 id82293695index0 8 0.39801246 pwa_35+64_0.9+0.1
11 Q0 id46736549index0 9 0.39499703 pwa_35+64_0.9+0.1
11 Q0 id16492502index0 10 0.38926002 pwa_35+64_0.9+0.1
12 Q0 id6436index3 1 0.6220854 pwa_35+64_0.9+0.1
12 Q0 id28529index4 2 0.5305342 pwa_35+64_0.9+0.1
12 Q0 id16309index3 3 0.52680504 pwa_35+64_0.9+0.1
12 Q0 id16247index3 4 0.5250191 pwa_35+64_0.9+0.1
12 Q0 id16549index3 5 0.5192609 pwa_35+64_0.9+0.1
12 Q0 id15696index3 6 0.5150409 pwa_35+64_0.9+0.1
12 Q0 id20411index3 7 0.510037 pwa_35+64_0.9+0.1
12 Q0 id1814index4 8 0.48889947 pwa_35+64_0.9+0.1
12 Q0 id179index4 9 0.47210306 pwa_35+64_0.9+0.1
12 Q0 id97702index4 10 0.45022577 pwa_35+64_0.9+0.1
13 Q0 id152498index4 1 0.51640207 pwa_35+64_0.9+0.1
13 Q0 id1184184index3 2 0.47479174 pwa_35+64_0.9+0.1
13 Q0 id3302index2 3 0.41840547 pwa_35+64_0.9+0.1
13 Q0 id5593956index2 4 0.41811424 pwa_35+64_0.9+0.1
13 Q0 id6354812index2 5 0.41684693 pwa_35+64_0.9+0.1
13 Q0 id1677201index5 6 0.41671947 pwa_35+64_0.9+0.1
13 Q0 id4971index2 7 0.4130894 pwa_35+64_0.9+0.1
13 Q0 id1889237index3 8 0.4120286 pwa_35+64_0.9+0.1
13 Q0 id13849022index3 9 0.41150537 pwa_35+64_0.9+0.1
13 Q0 id4880806index2 10 0.41136512 pwa_35+64_0.9+0.1
14 Q0 id1147579index0 1 0.43927526 pwa_35+64_0.9+0.1
14 Q0 id2492195index0 2 0.43879107 pwa_35+64_0.9+0.1
14 Q0 id63576index0 3 0.4204391 pwa_35+64_0.9+0.1
14 Q0 id1280505index0 4 0.41997942 pwa_35+64_0.9+0.1
14 Q0 id1212768index2 5 0.41866106 pwa_35+64_0.9+0.1
14 Q0 id393661index0 6 0.4185502 pwa_35+64_0.9+0.1
14 Q0 id48362index0 7 0.41805068 pwa_35+64_0.9+0.1
14 Q0 id3939679index2 8 0.41799694 pwa_35+64_0.9+0.1
14 Q0 id1243410index0 9 0.41429234 pwa_35+64_0.9+0.1
14 Q0 id5476009index2 10 0.41383433 pwa_35+64_0.9+0.1
15 Q0 id11961index4 1 0.5734197 pwa_35+64_0.9+0.1
15 Q0 id4639index4 2 0.4946886 pwa_35+64_0.9+0.1
15 Q0 id21862index4 3 0.48826116 pwa_35+64_0.9+0.1
15 Q0 id49099index4 4 0.48626074 pwa_35+64_0.9+0.1
15 Q0 id11575index4 5 0.48464334 pwa_35+64_0.9+0.1
15 Q0 id66227index3 6 0.4745655 pwa_35+64_0.9+0.1
15 Q0 id287586index0 7 0.4717431 pwa_35+64_0.9+0.1
15 Q0 id13614index3 8 0.46878302 pwa_35+64_0.9+0.1
15 Q0 id381321index0 9 0.46181047 pwa_35+64_0.9+0.1
15 Q0 id29788index3 10 0.45952445 pwa_35+64_0.9+0.1
16 Q0 id445index3 1 0.62576425 pwa_35+64_0.9+0.1
16 Q0 id15544index4 2 0.57914424 pwa_35+64_0.9+0.1
16 Q0 id1139index4 3 0.5522191 pwa_35+64_0.9+0.1
16 Q0 id2982index4 4 0.5277049 pwa_35+64_0.9+0.1
16 Q0 id2016index4 5 0.50968236 pwa_35+64_0.9+0.1
16 Q0 id2424index4 6 0.5055392 pwa_35+64_0.9+0.1
16 Q0 id4075index4 7 0.4961863 pwa_35+64_0.9+0.1
16 Q0 id405index4 8 0.4948293 pwa_35+64_0.9+0.1
16 Q0 id4155index4 9 0.49100244 pwa_35+64_0.9+0.1
16 Q0 id11322index4 10 0.4890681 pwa_35+64_0.9+0.1
17 Q0 id4539index2 1 0.41426575 pwa_35+64_0.9+0.1
17 Q0 id229101index2 2 0.39201435 pwa_35+64_0.9+0.1
17 Q0 id2215658index5 3 0.39014655 pwa_35+64_0.9+0.1
17 Q0 id2307414index5 4 0.38812277 pwa_35+64_0.9+0.1
17 Q0 id5021394index2 5 0.38651812 pwa_35+64_0.9+0.1
17 Q0 id38199index5 6 0.38572255 pwa_35+64_0.9+0.1
17 Q0 id1765581index5 7 0.38565338 pwa_35+64_0.9+0.1
17 Q0 id1339043index5 8 0.38552716 pwa_35+64_0.9+0.1
17 Q0 id1155303index5 9 0.38540843 pwa_35+64_0.9+0.1
17 Q0 id2895645index5 10 0.38475442 pwa_35+64_0.9+0.1
18 Q0 id10979index3 1 0.63374823 pwa_35+64_0.9+0.1
18 Q0 id306index3 2 0.62429816 pwa_35+64_0.9+0.1
18 Q0 id9119index3 3 0.6086493 pwa_35+64_0.9+0.1
18 Q0 id13320index3 4 0.54886883 pwa_35+64_0.9+0.1
18 Q0 id15142index3 5 0.5434324 pwa_35+64_0.9+0.1
18 Q0 id29890index3 6 0.51466787 pwa_35+64_0.9+0.1
18 Q0 id6699index4 7 0.5094204 pwa_35+64_0.9+0.1
18 Q0 id23660index0 8 0.5088355 pwa_35+64_0.9+0.1
18 Q0 id4244index4 9 0.49717134 pwa_35+64_0.9+0.1
18 Q0 id312index4 10 0.4812675 pwa_35+64_0.9+0.1
19 Q0 id4706index3 1 0.75263613 pwa_35+64_0.9+0.1
19 Q0 id7199index3 2 0.70713955 pwa_35+64_0.9+0.1
19 Q0 id6938index3 3 0.67896616 pwa_35+64_0.9+0.1
19 Q0 id7376index3 4 0.6529995 pwa_35+64_0.9+0.1
19 Q0 id12574index3 5 0.62641364 pwa_35+64_0.9+0.1
19 Q0 id475index3 6 0.61679304 pwa_35+64_0.9+0.1
19 Q0 id147index3 7 0.60742927 pwa_35+64_0.9+0.1
19 Q0 id12552index3 8 0.60290843 pwa_35+64_0.9+0.1
19 Q0 id10780index3 9 0.57965183 pwa_35+64_0.9+0.1
19 Q0 id4126index4 10 0.5322343 pwa_35+64_0.9+0.1
20 Q0 id118281index4 1 0.4431284 pwa_35+64_0.9+0.1
20 Q0 id3645index4 2 0.42379433 pwa_35+64_0.9+0.1
20 Q0 id296133index4 3 0.42233092 pwa_35+64_0.9+0.1
20 Q0 id26619index5 4 0.3995861 pwa_35+64_0.9+0.1
20 Q0 id56920index4 5 0.3978947 pwa_35+64_0.9+0.1
20 Q0 id7303index4 6 0.39679813 pwa_35+64_0.9+0.1
20 Q0 id136905index4 7 0.3956427 pwa_35+64_0.9+0.1
20 Q0 id520376index5 8 0.39406127 pwa_35+64_0.9+0.1
20 Q0 id1141257index5 9 0.3925032 pwa_35+64_0.9+0.1
20 Q0 id11841index4 10 0.3912463 pwa_35+64_0.9+0.1
21 Q0 id13863index0 1 0.43214846 pwa_35+64_0.9+0.1
21 Q0 id553132index0 2 0.4137423 pwa_35+64_0.9+0.1
21 Q0 id198394index0 3 0.41323972 pwa_35+64_0.9+0.1
21 Q0 id7053201index0 4 0.40886718 pwa_35+64_0.9+0.1
21 Q0 id1977632index0 5 0.40728083 pwa_35+64_0.9+0.1
21 Q0 id822824index0 6 0.40621483 pwa_35+64_0.9+0.1
21 Q0 id391585index0 7 0.40493754 pwa_35+64_0.9+0.1
21 Q0 id10024index2 8 0.40492743 pwa_35+64_0.9+0.1
21 Q0 id290934index0 9 0.4042267 pwa_35+64_0.9+0.1
21 Q0 id1673573index0 10 0.40338045 pwa_35+64_0.9+0.1
22 Q0 id27051index0 1 0.5490095 pwa_35+64_0.9+0.1
22 Q0 id894index0 2 0.5468354 pwa_35+64_0.9+0.1
22 Q0 id239364index0 3 0.47076485 pwa_35+64_0.9+0.1
22 Q0 id45203index0 4 0.45296097 pwa_35+64_0.9+0.1
22 Q0 id47791index0 5 0.44939 pwa_35+64_0.9+0.1
22 Q0 id72878index0 6 0.4490688 pwa_35+64_0.9+0.1
22 Q0 id420846index0 7 0.44403464 pwa_35+64_0.9+0.1
22 Q0 id606906index0 8 0.44373503 pwa_35+64_0.9+0.1
22 Q0 id330770index0 9 0.43816763 pwa_35+64_0.9+0.1
22 Q0 id759163index0 10 0.43714914 pwa_35+64_0.9+0.1
23 Q0 id441575index0 1 0.5042799 pwa_35+64_0.9+0.1
23 Q0 id1282995index0 2 0.4398667 pwa_35+64_0.9+0.1
23 Q0 id9295656index0 3 0.43452877 pwa_35+64_0.9+0.1
23 Q0 id40877397index0 4 0.43337098 pwa_35+64_0.9+0.1
23 Q0 id24968223index0 5 0.43210277 pwa_35+64_0.9+0.1
23 Q0 id41173020index0 6 0.43070084 pwa_35+64_0.9+0.1
23 Q0 id4789080index2 7 0.4137049 pwa_35+64_0.9+0.1
23 Q0 id402866index0 8 0.40972665 pwa_35+64_0.9+0.1
23 Q0 id5502134index2 9 0.40501863 pwa_35+64_0.9+0.1
23 Q0 id3885280index0 10 0.39075765 pwa_35+64_0.9+0.1
24 Q0 id68742index0 1 0.48464513 pwa_35+64_0.9+0.1
24 Q0 id2499index0 2 0.48195902 pwa_35+64_0.9+0.1
24 Q0 id232872index0 3 0.44256958 pwa_35+64_0.9+0.1
24 Q0 id472index3 4 0.43492204 pwa_35+64_0.9+0.1
24 Q0 id14393index0 5 0.42232364 pwa_35+64_0.9+0.1
24 Q0 id145163index0 6 0.41999727 pwa_35+64_0.9+0.1
24 Q0 id723933index0 7 0.41981986 pwa_35+64_0.9+0.1
24 Q0 id676186index0 8 0.41813594 pwa_35+64_0.9+0.1
24 Q0 id3835673index0 9 0.41808861 pwa_35+64_0.9+0.1
24 Q0 id86692index0 10 0.41806602 pwa_35+64_0.9+0.1
25 Q0 id86214index4 1 0.48823076 pwa_35+64_0.9+0.1
25 Q0 id3298436index0 2 0.41242236 pwa_35+64_0.9+0.1
25 Q0 id2017index5 3 0.40259948 pwa_35+64_0.9+0.1
25 Q0 id290211index5 4 0.40093327 pwa_35+64_0.9+0.1
25 Q0 id6517116index0 5 0.4009033 pwa_35+64_0.9+0.1
25 Q0 id13533701index0 6 0.39809006 pwa_35+64_0.9+0.1
25 Q0 id10940424index0 7 0.39675608 pwa_35+64_0.9+0.1
25 Q0 id1780014index0 8 0.39514768 pwa_35+64_0.9+0.1
25 Q0 id531510index5 9 0.3938802 pwa_35+64_0.9+0.1
25 Q0 id392334index5 10 0.38940433 pwa_35+64_0.9+0.1
