1 Q0 id982index5 1 0.7584107 pwa_35+62_0.5+0.5
1 Q0 id311010index0 2 0.71241033 pwa_35+62_0.5+0.5
1 Q0 id6453index5 3 0.70428276 pwa_35+62_0.5+0.5
1 Q0 id2872601index2 4 0.6992215 pwa_35+62_0.5+0.5
1 Q0 id687index1 5 0.697739 pwa_35+62_0.5+0.5
1 Q0 id1574index5 6 0.6965791 pwa_35+62_0.5+0.5
1 Q0 id15714index5 7 0.6909325 pwa_35+62_0.5+0.5
1 Q0 id3613index5 8 0.68432003 pwa_35+62_0.5+0.5
1 Q0 id21796index2 9 0.6800161 pwa_35+62_0.5+0.5
1 Q0 id367index1 10 0.678191 pwa_35+62_0.5+0.5
2 Q0 id983index5 1 0.77295804 pwa_35+62_0.5+0.5
2 Q0 id11354index5 2 0.714193 pwa_35+62_0.5+0.5
2 Q0 id5050index5 3 0.7111312 pwa_35+62_0.5+0.5
2 Q0 id23286index2 4 0.6933411 pwa_35+62_0.5+0.5
2 Q0 id1548index5 5 0.6773869 pwa_35+62_0.5+0.5
2 Q0 id91006index5 6 0.6771416 pwa_35+62_0.5+0.5
2 Q0 id42642index5 7 0.67713225 pwa_35+62_0.5+0.5
2 Q0 id32578index5 8 0.67651653 pwa_35+62_0.5+0.5
2 Q0 id25388index5 9 0.67636156 pwa_35+62_0.5+0.5
2 Q0 id39068index5 10 0.67559373 pwa_35+62_0.5+0.5
3 Q0 id922index3 1 0.7443877 pwa_35+62_0.5+0.5
3 Q0 id5854index5 2 0.716611 pwa_35+62_0.5+0.5
3 Q0 id5259index0 3 0.67792106 pwa_35+62_0.5+0.5
3 Q0 id6928index5 4 0.6778001 pwa_35+62_0.5+0.5
3 Q0 id79691index0 5 0.67775995 pwa_35+62_0.5+0.5
3 Q0 id110721index0 6 0.6774026 pwa_35+62_0.5+0.5
3 Q0 id33192index0 7 0.6773938 pwa_35+62_0.5+0.5
3 Q0 id234415index4 8 0.67738014 pwa_35+62_0.5+0.5
3 Q0 id8342index5 9 0.6770116 pwa_35+62_0.5+0.5
3 Q0 id24333index0 10 0.6768922 pwa_35+62_0.5+0.5
4 Q0 id2654index3 1 0.683594 pwa_35+62_0.5+0.5
4 Q0 id91383index0 2 0.6780615 pwa_35+62_0.5+0.5
4 Q0 id3143index2 3 0.6779147 pwa_35+62_0.5+0.5
4 Q0 id40442index0 4 0.67788553 pwa_35+62_0.5+0.5
4 Q0 id1378465index0 5 0.67788553 pwa_35+62_0.5+0.5
4 Q0 id110721index0 6 0.677616 pwa_35+62_0.5+0.5
4 Q0 id2006index5 7 0.67747605 pwa_35+62_0.5+0.5
4 Q0 id2020index4 8 0.6773218 pwa_35+62_0.5+0.5
4 Q0 id8430index0 9 0.6771056 pwa_35+62_0.5+0.5
4 Q0 id45705index0 10 0.67702484 pwa_35+62_0.5+0.5
5 Q0 id1255index3 1 0.82530224 pwa_35+62_0.5+0.5
5 Q0 id2642index4 2 0.7710245 pwa_35+62_0.5+0.5
5 Q0 id1919index4 3 0.76924205 pwa_35+62_0.5+0.5
5 Q0 id5003index0 4 0.7624196 pwa_35+62_0.5+0.5
5 Q0 id9056index3 5 0.74506587 pwa_35+62_0.5+0.5
5 Q0 id1694index3 6 0.7448687 pwa_35+62_0.5+0.5
5 Q0 id30624index4 7 0.73270655 pwa_35+62_0.5+0.5
5 Q0 id7776index4 8 0.7305999 pwa_35+62_0.5+0.5
5 Q0 id9326index0 9 0.72599065 pwa_35+62_0.5+0.5
5 Q0 id1168index3 10 0.7254494 pwa_35+62_0.5+0.5
6 Q0 id50844index4 1 0.7454633 pwa_35+62_0.5+0.5
6 Q0 id687684index0 2 0.71863407 pwa_35+62_0.5+0.5
6 Q0 id51740index3 3 0.71111065 pwa_35+62_0.5+0.5
6 Q0 id230693index4 4 0.7044029 pwa_35+62_0.5+0.5
6 Q0 id388242index4 5 0.69607866 pwa_35+62_0.5+0.5
6 Q0 id1667776index4 6 0.69354665 pwa_35+62_0.5+0.5
6 Q0 id1984902index3 7 0.69305396 pwa_35+62_0.5+0.5
6 Q0 id4746497index3 8 0.6929741 pwa_35+62_0.5+0.5
6 Q0 id607182index0 9 0.69168144 pwa_35+62_0.5+0.5
6 Q0 id293421index3 10 0.6910471 pwa_35+62_0.5+0.5
7 Q0 id33131index3 1 0.76312125 pwa_35+62_0.5+0.5
7 Q0 id268292index0 2 0.6913865 pwa_35+62_0.5+0.5
7 Q0 id620943index5 3 0.6832897 pwa_35+62_0.5+0.5
7 Q0 id48737index2 4 0.6780502 pwa_35+62_0.5+0.5
7 Q0 id1720804index0 5 0.67741746 pwa_35+62_0.5+0.5
7 Q0 id46489index5 6 0.6685096 pwa_35+62_0.5+0.5
7 Q0 id5751706index2 7 0.6683997 pwa_35+62_0.5+0.5
7 Q0 id15719index5 8 0.66726327 pwa_35+62_0.5+0.5
7 Q0 id2504887index3 9 0.6664866 pwa_35+62_0.5+0.5
7 Q0 id661index0 10 0.6658967 pwa_35+62_0.5+0.5
8 Q0 id63605index3 1 0.7310432 pwa_35+62_0.5+0.5
8 Q0 id5946index0 2 0.7003251 pwa_35+62_0.5+0.5
8 Q0 id296848index4 3 0.6817228 pwa_35+62_0.5+0.5
8 Q0 id24579index0 4 0.6781417 pwa_35+62_0.5+0.5
8 Q0 id40241index0 5 0.6778384 pwa_35+62_0.5+0.5
8 Q0 id42016index0 6 0.6778132 pwa_35+62_0.5+0.5
8 Q0 id374122index0 7 0.6778132 pwa_35+62_0.5+0.5
8 Q0 id15757index0 8 0.6773268 pwa_35+62_0.5+0.5
8 Q0 id75522index0 9 0.67716765 pwa_35+62_0.5+0.5
8 Q0 id164625index4 10 0.67684644 pwa_35+62_0.5+0.5
9 Q0 id2965index5 1 0.6774874 pwa_35+62_0.5+0.5
9 Q0 id459963index0 2 0.677087 pwa_35+62_0.5+0.5
9 Q0 id4562676index0 3 0.6757932 pwa_35+62_0.5+0.5
9 Q0 id71514index0 4 0.6752883 pwa_35+62_0.5+0.5
9 Q0 id745934index3 5 0.67433435 pwa_35+62_0.5+0.5
9 Q0 id2925473index0 6 0.67330015 pwa_35+62_0.5+0.5
9 Q0 id10612705index3 7 0.6731586 pwa_35+62_0.5+0.5
9 Q0 id1371165index0 8 0.6719972 pwa_35+62_0.5+0.5
9 Q0 id2689035index5 9 0.6719742 pwa_35+62_0.5+0.5
9 Q0 id338932index0 10 0.6717487 pwa_35+62_0.5+0.5
10 Q0 id2949index4 1 0.801244 pwa_35+62_0.5+0.5
10 Q0 id4997index3 2 0.76197875 pwa_35+62_0.5+0.5
10 Q0 id5622index4 3 0.71479416 pwa_35+62_0.5+0.5
10 Q0 id38413index4 4 0.70077056 pwa_35+62_0.5+0.5
10 Q0 id84413index4 5 0.6940648 pwa_35+62_0.5+0.5
10 Q0 id35709index4 6 0.68320113 pwa_35+62_0.5+0.5
10 Q0 id52791index3 7 0.6813498 pwa_35+62_0.5+0.5
10 Q0 id90750index0 8 0.67790055 pwa_35+62_0.5+0.5
10 Q0 id18636index0 9 0.6778404 pwa_35+62_0.5+0.5
10 Q0 id761index3 10 0.6778227 pwa_35+62_0.5+0.5
11 Q0 id1105029index0 1 0.68426055 pwa_35+62_0.5+0.5
11 Q0 id6369index4 2 0.681689 pwa_35+62_0.5+0.5
11 Q0 id111496633index0 3 0.6670284 pwa_35+62_0.5+0.5
11 Q0 id82137353index0 4 0.66304696 pwa_35+62_0.5+0.5
11 Q0 id20867768index0 5 0.65931374 pwa_35+62_0.5+0.5
11 Q0 id163605index3 6 0.65780663 pwa_35+62_0.5+0.5
11 Q0 id46736549index0 7 0.6503452 pwa_35+62_0.5+0.5
11 Q0 id3384822index5 8 0.6487113 pwa_35+62_0.5+0.5
11 Q0 id4329556index0 9 0.6478163 pwa_35+62_0.5+0.5
11 Q0 id46423123index0 10 0.64133745 pwa_35+62_0.5+0.5
12 Q0 id28529index4 1 0.7246758 pwa_35+62_0.5+0.5
12 Q0 id399637index0 2 0.6823298 pwa_35+62_0.5+0.5
12 Q0 id52600index1 3 0.6781603 pwa_35+62_0.5+0.5
12 Q0 id3143index2 4 0.67792356 pwa_35+62_0.5+0.5
12 Q0 id29892index4 5 0.677642 pwa_35+62_0.5+0.5
12 Q0 id437777index0 6 0.67754686 pwa_35+62_0.5+0.5
12 Q0 id674index2 7 0.6773585 pwa_35+62_0.5+0.5
12 Q0 id27632index0 8 0.67706347 pwa_35+62_0.5+0.5
12 Q0 id581614index0 9 0.6769353 pwa_35+62_0.5+0.5
12 Q0 id211691index0 10 0.6765884 pwa_35+62_0.5+0.5
13 Q0 id152498index4 1 0.7348995 pwa_35+62_0.5+0.5
13 Q0 id174820index0 2 0.68244064 pwa_35+62_0.5+0.5
13 Q0 id1274591index3 3 0.67662966 pwa_35+62_0.5+0.5
13 Q0 id6354812index2 4 0.6702236 pwa_35+62_0.5+0.5
13 Q0 id10478425index3 5 0.6624907 pwa_35+62_0.5+0.5
13 Q0 id536934index5 6 0.66204864 pwa_35+62_0.5+0.5
13 Q0 id586126index5 7 0.661697 pwa_35+62_0.5+0.5
13 Q0 id1237434index0 8 0.661484 pwa_35+62_0.5+0.5
13 Q0 id580794index5 9 0.661445 pwa_35+62_0.5+0.5
13 Q0 id31190index0 10 0.6614338 pwa_35+62_0.5+0.5
14 Q0 id2492195index0 1 0.68768364 pwa_35+62_0.5+0.5
14 Q0 id48362index0 2 0.6772324 pwa_35+62_0.5+0.5
14 Q0 id27632index0 3 0.6770023 pwa_35+62_0.5+0.5
14 Q0 id29631index0 4 0.6764314 pwa_35+62_0.5+0.5
14 Q0 id233114index0 5 0.6759896 pwa_35+62_0.5+0.5
14 Q0 id54644index0 6 0.67517793 pwa_35+62_0.5+0.5
14 Q0 id766094index0 7 0.6718637 pwa_35+62_0.5+0.5
14 Q0 id75331index0 8 0.6715452 pwa_35+62_0.5+0.5
14 Q0 id4258895index0 9 0.67126715 pwa_35+62_0.5+0.5
14 Q0 id1501999index0 10 0.66866636 pwa_35+62_0.5+0.5
15 Q0 id11961index4 1 0.76953435 pwa_35+62_0.5+0.5
15 Q0 id49099index4 2 0.7180482 pwa_35+62_0.5+0.5
15 Q0 id651382index0 3 0.70409566 pwa_35+62_0.5+0.5
15 Q0 id458573index0 4 0.6967284 pwa_35+62_0.5+0.5
15 Q0 id66227index3 5 0.69217145 pwa_35+62_0.5+0.5
15 Q0 id381321index0 6 0.6913866 pwa_35+62_0.5+0.5
15 Q0 id21940index2 7 0.68733156 pwa_35+62_0.5+0.5
15 Q0 id96984index4 8 0.6863675 pwa_35+62_0.5+0.5
15 Q0 id797866index5 9 0.6798801 pwa_35+62_0.5+0.5
15 Q0 id1673411index3 10 0.6790196 pwa_35+62_0.5+0.5
16 Q0 id445index3 1 0.775992 pwa_35+62_0.5+0.5
16 Q0 id2424index4 2 0.6898749 pwa_35+62_0.5+0.5
16 Q0 id48250index4 3 0.6880971 pwa_35+62_0.5+0.5
16 Q0 id77795index3 4 0.68378013 pwa_35+62_0.5+0.5
16 Q0 id34551index4 5 0.681978 pwa_35+62_0.5+0.5
16 Q0 id45661index5 6 0.67797494 pwa_35+62_0.5+0.5
16 Q0 id99142index3 7 0.6779712 pwa_35+62_0.5+0.5
16 Q0 id17464index3 8 0.6779101 pwa_35+62_0.5+0.5
16 Q0 id2151index3 9 0.6779083 pwa_35+62_0.5+0.5
16 Q0 id870index3 10 0.67789 pwa_35+62_0.5+0.5
17 Q0 id6364index0 1 0.6773883 pwa_35+62_0.5+0.5
17 Q0 id1272073index5 2 0.67394245 pwa_35+62_0.5+0.5
17 Q0 id189826index0 3 0.6696464 pwa_35+62_0.5+0.5
17 Q0 id1790085index5 4 0.6685062 pwa_35+62_0.5+0.5
17 Q0 id923632index0 5 0.6674028 pwa_35+62_0.5+0.5
17 Q0 id171058index0 6 0.667105 pwa_35+62_0.5+0.5
17 Q0 id910549index5 7 0.6667028 pwa_35+62_0.5+0.5
17 Q0 id1134145index0 8 0.6665734 pwa_35+62_0.5+0.5
17 Q0 id3427856index5 9 0.66531605 pwa_35+62_0.5+0.5
17 Q0 id2895645index5 10 0.66501206 pwa_35+62_0.5+0.5
18 Q0 id23660index0 1 0.72910774 pwa_35+62_0.5+0.5
18 Q0 id6699index4 2 0.7201305 pwa_35+62_0.5+0.5
18 Q0 id2353index5 3 0.7063284 pwa_35+62_0.5+0.5
18 Q0 id47715index3 4 0.70425224 pwa_35+62_0.5+0.5
18 Q0 id28991index3 5 0.70221996 pwa_35+62_0.5+0.5
18 Q0 id79663index0 6 0.70037854 pwa_35+62_0.5+0.5
18 Q0 id33851index4 7 0.696327 pwa_35+62_0.5+0.5
18 Q0 id306index3 8 0.6914579 pwa_35+62_0.5+0.5
18 Q0 id58460index0 9 0.6881512 pwa_35+62_0.5+0.5
18 Q0 id214059index4 10 0.68520755 pwa_35+62_0.5+0.5
19 Q0 id4126index4 1 0.7472666 pwa_35+62_0.5+0.5
19 Q0 id6182index4 2 0.72192425 pwa_35+62_0.5+0.5
19 Q0 id39910index0 3 0.7187607 pwa_35+62_0.5+0.5
19 Q0 id2353index5 4 0.7076816 pwa_35+62_0.5+0.5
19 Q0 id19824index0 5 0.70612955 pwa_35+62_0.5+0.5
19 Q0 id3274index4 6 0.70569646 pwa_35+62_0.5+0.5
19 Q0 id47715index3 7 0.70481277 pwa_35+62_0.5+0.5
19 Q0 id5022index2 8 0.703897 pwa_35+62_0.5+0.5
19 Q0 id10556index5 9 0.7037143 pwa_35+62_0.5+0.5
19 Q0 id12777index2 10 0.7016962 pwa_35+62_0.5+0.5
20 Q0 id101439index0 1 0.67793137 pwa_35+62_0.5+0.5
20 Q0 id110529index0 2 0.6757864 pwa_35+62_0.5+0.5
20 Q0 id79327index0 3 0.6751963 pwa_35+62_0.5+0.5
20 Q0 id24757720index3 4 0.6749928 pwa_35+62_0.5+0.5
20 Q0 id606601index0 5 0.67322725 pwa_35+62_0.5+0.5
20 Q0 id3674058index0 6 0.6723849 pwa_35+62_0.5+0.5
20 Q0 id713373index0 7 0.67202663 pwa_35+62_0.5+0.5
20 Q0 id5329969index0 8 0.6719846 pwa_35+62_0.5+0.5
20 Q0 id4358268index0 9 0.6718496 pwa_35+62_0.5+0.5
20 Q0 id26196621index3 10 0.67181045 pwa_35+62_0.5+0.5
21 Q0 id913064index3 1 0.661933 pwa_35+62_0.5+0.5
21 Q0 id198394index0 2 0.66165644 pwa_35+62_0.5+0.5
21 Q0 id1673573index0 3 0.6610906 pwa_35+62_0.5+0.5
21 Q0 id274193index5 4 0.6607705 pwa_35+62_0.5+0.5
21 Q0 id7980406index3 5 0.6584511 pwa_35+62_0.5+0.5
21 Q0 id507004index0 6 0.6579695 pwa_35+62_0.5+0.5
21 Q0 id22002652index0 7 0.65696836 pwa_35+62_0.5+0.5
21 Q0 id2734index0 8 0.65672183 pwa_35+62_0.5+0.5
21 Q0 id5312049index0 9 0.65670794 pwa_35+62_0.5+0.5
21 Q0 id31033733index0 10 0.655457 pwa_35+62_0.5+0.5
22 Q0 id894index0 1 0.7449239 pwa_35+62_0.5+0.5
22 Q0 id239364index0 2 0.7061284 pwa_35+62_0.5+0.5
22 Q0 id45203index0 3 0.70500684 pwa_35+62_0.5+0.5
22 Q0 id420846index0 4 0.6938405 pwa_35+62_0.5+0.5
22 Q0 id72878index0 5 0.689766 pwa_35+62_0.5+0.5
22 Q0 id759163index0 6 0.68474233 pwa_35+62_0.5+0.5
22 Q0 id108958index0 7 0.684458 pwa_35+62_0.5+0.5
22 Q0 id47791index0 8 0.6819228 pwa_35+62_0.5+0.5
22 Q0 id12049index0 9 0.6779153 pwa_35+62_0.5+0.5
22 Q0 id2006index5 10 0.6771438 pwa_35+62_0.5+0.5
23 Q0 id441575index0 1 0.6932359 pwa_35+62_0.5+0.5
23 Q0 id402866index0 2 0.66508526 pwa_35+62_0.5+0.5
23 Q0 id40877397index0 3 0.6468362 pwa_35+62_0.5+0.5
23 Q0 id25174137index0 4 0.64485496 pwa_35+62_0.5+0.5
23 Q0 id10294055index0 5 0.64312965 pwa_35+62_0.5+0.5
23 Q0 id1282995index0 6 0.6420413 pwa_35+62_0.5+0.5
23 Q0 id15296428index0 7 0.64078003 pwa_35+62_0.5+0.5
23 Q0 id9295656index0 8 0.63972586 pwa_35+62_0.5+0.5
23 Q0 id24968223index0 9 0.6389696 pwa_35+62_0.5+0.5
23 Q0 id41173020index0 10 0.63718235 pwa_35+62_0.5+0.5
24 Q0 id2499index0 1 0.7188245 pwa_35+62_0.5+0.5
24 Q0 id367index1 2 0.6783169 pwa_35+62_0.5+0.5
24 Q0 id234415index4 3 0.6775674 pwa_35+62_0.5+0.5
24 Q0 id86692index0 4 0.67575824 pwa_35+62_0.5+0.5
24 Q0 id41593index0 5 0.6751652 pwa_35+62_0.5+0.5
24 Q0 id1681927index0 6 0.67304146 pwa_35+62_0.5+0.5
24 Q0 id81288index5 7 0.67254347 pwa_35+62_0.5+0.5
24 Q0 id1946index5 8 0.67186475 pwa_35+62_0.5+0.5
24 Q0 id73964index4 9 0.6717905 pwa_35+62_0.5+0.5
24 Q0 id480index0 10 0.6717702 pwa_35+62_0.5+0.5
25 Q0 id86214index4 1 0.71528465 pwa_35+62_0.5+0.5
25 Q0 id2017index5 2 0.6780578 pwa_35+62_0.5+0.5
25 Q0 id462518index5 3 0.67030466 pwa_35+62_0.5+0.5
25 Q0 id1991955index0 4 0.6643454 pwa_35+62_0.5+0.5
25 Q0 id55540129index0 5 0.6523477 pwa_35+62_0.5+0.5
25 Q0 id199291index0 6 0.6519822 pwa_35+62_0.5+0.5
25 Q0 id41294902index4 7 0.6519468 pwa_35+62_0.5+0.5
25 Q0 id237878index5 8 0.65155005 pwa_35+62_0.5+0.5
25 Q0 id23060635index4 9 0.6507295 pwa_35+62_0.5+0.5
25 Q0 id112258994index0 10 0.64653784 pwa_35+62_0.5+0.5
