1 Q0 id982index5 1 0.5885152 pwa_35+64_0.75+0.25
1 Q0 id17793index5 2 0.49219918 pwa_35+64_0.75+0.25
1 Q0 id6902index5 3 0.491894 pwa_35+64_0.75+0.25
1 Q0 id3613index5 4 0.48968193 pwa_35+64_0.75+0.25
1 Q0 id3590index5 5 0.48768306 pwa_35+64_0.75+0.25
1 Q0 id15714index5 6 0.4874549 pwa_35+64_0.75+0.25
1 Q0 id146index5 7 0.48330703 pwa_35+64_0.75+0.25
1 Q0 id4784index5 8 0.47521877 pwa_35+64_0.75+0.25
1 Q0 id4120index5 9 0.47319978 pwa_35+64_0.75+0.25
1 Q0 id8447index5 10 0.4729597 pwa_35+64_0.75+0.25
2 Q0 id983index5 1 0.59399205 pwa_35+64_0.75+0.25
2 Q0 id42642index5 2 0.49189824 pwa_35+64_0.75+0.25
2 Q0 id4962index5 3 0.486098 pwa_35+64_0.75+0.25
2 Q0 id22988index5 4 0.4788515 pwa_35+64_0.75+0.25
2 Q0 id5050index5 5 0.47649777 pwa_35+64_0.75+0.25
2 Q0 id11354index5 6 0.4714434 pwa_35+64_0.75+0.25
2 Q0 id1548index5 7 0.46878934 pwa_35+64_0.75+0.25
2 Q0 id5380index5 8 0.46437797 pwa_35+64_0.75+0.25
2 Q0 id3256index5 9 0.4567044 pwa_35+64_0.75+0.25
2 Q0 id13066index5 10 0.44521588 pwa_35+64_0.75+0.25
3 Q0 id922index3 1 0.5879662 pwa_35+64_0.75+0.25
3 Q0 id15280index0 2 0.49706057 pwa_35+64_0.75+0.25
3 Q0 id85395index0 3 0.49640846 pwa_35+64_0.75+0.25
3 Q0 id42581index0 4 0.4928788 pwa_35+64_0.75+0.25
3 Q0 id19572index0 5 0.4926595 pwa_35+64_0.75+0.25
3 Q0 id120index0 6 0.49243557 pwa_35+64_0.75+0.25
3 Q0 id33192index0 7 0.49229056 pwa_35+64_0.75+0.25
3 Q0 id61133index0 8 0.4920239 pwa_35+64_0.75+0.25
3 Q0 id59385index0 9 0.49187392 pwa_35+64_0.75+0.25
3 Q0 id1009index4 10 0.49123505 pwa_35+64_0.75+0.25
4 Q0 id2654index3 1 0.537664 pwa_35+64_0.75+0.25
4 Q0 id23532index4 2 0.51702744 pwa_35+64_0.75+0.25
4 Q0 id227437index0 3 0.49740925 pwa_35+64_0.75+0.25
4 Q0 id596925index0 4 0.497406 pwa_35+64_0.75+0.25
4 Q0 id4750index2 5 0.49354857 pwa_35+64_0.75+0.25
4 Q0 id34880index0 6 0.49317926 pwa_35+64_0.75+0.25
4 Q0 id966117index0 7 0.4927199 pwa_35+64_0.75+0.25
4 Q0 id2431index0 8 0.49257755 pwa_35+64_0.75+0.25
4 Q0 id2006index5 9 0.492414 pwa_35+64_0.75+0.25
4 Q0 id400824index0 10 0.49234396 pwa_35+64_0.75+0.25
5 Q0 id3579index3 1 0.68812394 pwa_35+64_0.75+0.25
5 Q0 id1255index3 2 0.6866443 pwa_35+64_0.75+0.25
5 Q0 id3322index3 3 0.6844689 pwa_35+64_0.75+0.25
5 Q0 id4375index3 4 0.63623214 pwa_35+64_0.75+0.25
5 Q0 id2642index4 5 0.59244967 pwa_35+64_0.75+0.25
5 Q0 id5003index0 6 0.59208775 pwa_35+64_0.75+0.25
5 Q0 id1919index4 7 0.5892354 pwa_35+64_0.75+0.25
5 Q0 id1694index3 8 0.583932 pwa_35+64_0.75+0.25
5 Q0 id9056index3 9 0.5657916 pwa_35+64_0.75+0.25
5 Q0 id30624index4 10 0.54913163 pwa_35+64_0.75+0.25
6 Q0 id50844index4 1 0.53754073 pwa_35+64_0.75+0.25
6 Q0 id52685index0 2 0.4970721 pwa_35+64_0.75+0.25
6 Q0 id1321754index0 3 0.49678665 pwa_35+64_0.75+0.25
6 Q0 id883273index0 4 0.493257 pwa_35+64_0.75+0.25
6 Q0 id31893index0 5 0.4926677 pwa_35+64_0.75+0.25
6 Q0 id2761316index0 6 0.49218553 pwa_35+64_0.75+0.25
6 Q0 id304890index0 7 0.4921437 pwa_35+64_0.75+0.25
6 Q0 id22242index0 8 0.4921419 pwa_35+64_0.75+0.25
6 Q0 id4164847index0 9 0.48336458 pwa_35+64_0.75+0.25
6 Q0 id13498index4 10 0.48283967 pwa_35+64_0.75+0.25
7 Q0 id33131index3 1 0.56310374 pwa_35+64_0.75+0.25
7 Q0 id268292index0 2 0.49890763 pwa_35+64_0.75+0.25
7 Q0 id809597index0 3 0.4974776 pwa_35+64_0.75+0.25
7 Q0 id1720804index0 4 0.49232608 pwa_35+64_0.75+0.25
7 Q0 id56250index0 5 0.4832091 pwa_35+64_0.75+0.25
7 Q0 id12330index2 6 0.482934 pwa_35+64_0.75+0.25
7 Q0 id298997index0 7 0.48118597 pwa_35+64_0.75+0.25
7 Q0 id2452593index2 8 0.4752705 pwa_35+64_0.75+0.25
7 Q0 id44564index0 9 0.47511405 pwa_35+64_0.75+0.25
7 Q0 id31766index0 10 0.46548396 pwa_35+64_0.75+0.25
8 Q0 id5946index0 1 0.5351574 pwa_35+64_0.75+0.25
8 Q0 id63605index3 2 0.52341 pwa_35+64_0.75+0.25
8 Q0 id68754index3 3 0.50163513 pwa_35+64_0.75+0.25
8 Q0 id49299index4 4 0.49998784 pwa_35+64_0.75+0.25
8 Q0 id25470index0 5 0.4972389 pwa_35+64_0.75+0.25
8 Q0 id585309index0 6 0.49674958 pwa_35+64_0.75+0.25
8 Q0 id157464index0 7 0.49304527 pwa_35+64_0.75+0.25
8 Q0 id347881index0 8 0.49283335 pwa_35+64_0.75+0.25
8 Q0 id562index3 9 0.49247384 pwa_35+64_0.75+0.25
8 Q0 id255331index0 10 0.49219036 pwa_35+64_0.75+0.25
9 Q0 id530645index0 1 0.4972072 pwa_35+64_0.75+0.25
9 Q0 id2554166index2 2 0.49672115 pwa_35+64_0.75+0.25
9 Q0 id3653index2 3 0.49319148 pwa_35+64_0.75+0.25
9 Q0 id486414index0 4 0.49262545 pwa_35+64_0.75+0.25
9 Q0 id17730index0 5 0.49252528 pwa_35+64_0.75+0.25
9 Q0 id2965index5 6 0.49243098 pwa_35+64_0.75+0.25
9 Q0 id4562676index0 7 0.49218163 pwa_35+64_0.75+0.25
9 Q0 id899803index0 8 0.49209285 pwa_35+64_0.75+0.25
9 Q0 id511297index0 9 0.48561364 pwa_35+64_0.75+0.25
9 Q0 id27362index0 10 0.48363182 pwa_35+64_0.75+0.25
10 Q0 id4997index3 1 0.75299567 pwa_35+64_0.75+0.25
10 Q0 id2949index4 2 0.6638077 pwa_35+64_0.75+0.25
10 Q0 id10137index3 3 0.57510215 pwa_35+64_0.75+0.25
10 Q0 id14340index3 4 0.5539039 pwa_35+64_0.75+0.25
10 Q0 id6751index4 5 0.54607695 pwa_35+64_0.75+0.25
10 Q0 id18268index3 6 0.53690577 pwa_35+64_0.75+0.25
10 Q0 id480index4 7 0.5340703 pwa_35+64_0.75+0.25
10 Q0 id5622index4 8 0.53176653 pwa_35+64_0.75+0.25
10 Q0 id38413index4 9 0.5278153 pwa_35+64_0.75+0.25
10 Q0 id18006index3 10 0.51763386 pwa_35+64_0.75+0.25
11 Q0 id6369index4 1 0.49288943 pwa_35+64_0.75+0.25
11 Q0 id4329556index0 2 0.48798156 pwa_35+64_0.75+0.25
11 Q0 id46423123index0 3 0.47709256 pwa_35+64_0.75+0.25
11 Q0 id111496633index0 4 0.45690525 pwa_35+64_0.75+0.25
11 Q0 id19591915index0 5 0.45027918 pwa_35+64_0.75+0.25
11 Q0 id2648038index2 6 0.41890436 pwa_35+64_0.75+0.25
11 Q0 id16492502index0 7 0.41860157 pwa_35+64_0.75+0.25
11 Q0 id515372index0 8 0.41726452 pwa_35+64_0.75+0.25
11 Q0 id3263788index0 9 0.41714036 pwa_35+64_0.75+0.25
11 Q0 id32366478index0 10 0.41465425 pwa_35+64_0.75+0.25
12 Q0 id6436index3 1 0.56452 pwa_35+64_0.75+0.25
12 Q0 id28529index4 2 0.55652344 pwa_35+64_0.75+0.25
12 Q0 id54106index0 3 0.49707046 pwa_35+64_0.75+0.25
12 Q0 id709876index0 4 0.49641544 pwa_35+64_0.75+0.25
12 Q0 id191369index0 5 0.49309725 pwa_35+64_0.75+0.25
12 Q0 id130index2 6 0.49245435 pwa_35+64_0.75+0.25
12 Q0 id70296index0 7 0.49224234 pwa_35+64_0.75+0.25
12 Q0 id674index2 8 0.49223763 pwa_35+64_0.75+0.25
12 Q0 id31868index0 9 0.492234 pwa_35+64_0.75+0.25
12 Q0 id21646index2 10 0.49198115 pwa_35+64_0.75+0.25
13 Q0 id152498index4 1 0.5322404 pwa_35+64_0.75+0.25
13 Q0 id1184184index3 2 0.50069374 pwa_35+64_0.75+0.25
13 Q0 id3302index2 3 0.49264866 pwa_35+64_0.75+0.25
13 Q0 id31279358index0 4 0.4921974 pwa_35+64_0.75+0.25
13 Q0 id6354812index2 5 0.48833087 pwa_35+64_0.75+0.25
13 Q0 id120946index0 6 0.48568445 pwa_35+64_0.75+0.25
13 Q0 id1645079index0 7 0.47948432 pwa_35+64_0.75+0.25
13 Q0 id31190index0 8 0.47881544 pwa_35+64_0.75+0.25
13 Q0 id4971index2 9 0.4787168 pwa_35+64_0.75+0.25
13 Q0 id693023index0 10 0.476932 pwa_35+64_0.75+0.25
14 Q0 id63576index0 1 0.49732566 pwa_35+64_0.75+0.25
14 Q0 id1280505index0 2 0.49664688 pwa_35+64_0.75+0.25
14 Q0 id393661index0 3 0.49276924 pwa_35+64_0.75+0.25
14 Q0 id48362index0 4 0.4920485 pwa_35+64_0.75+0.25
14 Q0 id3939679index2 5 0.49183273 pwa_35+64_0.75+0.25
14 Q0 id1243410index0 6 0.48293057 pwa_35+64_0.75+0.25
14 Q0 id2492195index0 7 0.48178703 pwa_35+64_0.75+0.25
14 Q0 id5476009index2 8 0.48116815 pwa_35+64_0.75+0.25
14 Q0 id1700070index2 9 0.4751305 pwa_35+64_0.75+0.25
14 Q0 id1801436index2 10 0.4749599 pwa_35+64_0.75+0.25
15 Q0 id11961index4 1 0.5988316 pwa_35+64_0.75+0.25
15 Q0 id49099index4 2 0.5026723 pwa_35+64_0.75+0.25
15 Q0 id28759index0 3 0.49710524 pwa_35+64_0.75+0.25
15 Q0 id120709index0 4 0.49658746 pwa_35+64_0.75+0.25
15 Q0 id5875index2 5 0.4929269 pwa_35+64_0.75+0.25
15 Q0 id27572index0 6 0.49252865 pwa_35+64_0.75+0.25
15 Q0 id229318index0 7 0.4923092 pwa_35+64_0.75+0.25
15 Q0 id36777index0 8 0.49190092 pwa_35+64_0.75+0.25
15 Q0 id132637index0 9 0.49179894 pwa_35+64_0.75+0.25
15 Q0 id136734index0 10 0.48779756 pwa_35+64_0.75+0.25
16 Q0 id445index3 1 0.66277254 pwa_35+64_0.75+0.25
16 Q0 id2424index4 2 0.5388932 pwa_35+64_0.75+0.25
16 Q0 id107524index0 3 0.51526576 pwa_35+64_0.75+0.25
16 Q0 id34551index4 4 0.5072817 pwa_35+64_0.75+0.25
16 Q0 id48250index4 5 0.4991513 pwa_35+64_0.75+0.25
16 Q0 id77795index3 6 0.49884403 pwa_35+64_0.75+0.25
16 Q0 id15544index4 7 0.497992 pwa_35+64_0.75+0.25
16 Q0 id57043index0 8 0.4965976 pwa_35+64_0.75+0.25
16 Q0 id209768index3 9 0.4953797 pwa_35+64_0.75+0.25
16 Q0 id87356index3 10 0.495031 pwa_35+64_0.75+0.25
17 Q0 id6364index0 1 0.4922824 pwa_35+64_0.75+0.25
17 Q0 id4539index2 2 0.48286375 pwa_35+64_0.75+0.25
17 Q0 id13283001index0 3 0.47683454 pwa_35+64_0.75+0.25
17 Q0 id3080737index0 4 0.4706645 pwa_35+64_0.75+0.25
17 Q0 id1496211index0 5 0.46353212 pwa_35+64_0.75+0.25
17 Q0 id171058index0 6 0.4608996 pwa_35+64_0.75+0.25
17 Q0 id189826index0 7 0.45635754 pwa_35+64_0.75+0.25
17 Q0 id197032index0 8 0.45487213 pwa_35+64_0.75+0.25
17 Q0 id1023046index0 9 0.45448226 pwa_35+64_0.75+0.25
17 Q0 id6141019index0 10 0.45191807 pwa_35+64_0.75+0.25
18 Q0 id306index3 1 0.5956763 pwa_35+64_0.75+0.25
18 Q0 id10979index3 2 0.59342194 pwa_35+64_0.75+0.25
18 Q0 id23660index0 3 0.5615373 pwa_35+64_0.75+0.25
18 Q0 id9119index3 4 0.5429 pwa_35+64_0.75+0.25
18 Q0 id6699index4 5 0.5305029 pwa_35+64_0.75+0.25
18 Q0 id79663index0 6 0.5235689 pwa_35+64_0.75+0.25
18 Q0 id209745index0 7 0.52218604 pwa_35+64_0.75+0.25
18 Q0 id28991index3 8 0.5155266 pwa_35+64_0.75+0.25
18 Q0 id19560index0 9 0.49717575 pwa_35+64_0.75+0.25
18 Q0 id109960index0 10 0.4966216 pwa_35+64_0.75+0.25
19 Q0 id4706index3 1 0.64256865 pwa_35+64_0.75+0.25
19 Q0 id7199index3 2 0.6290186 pwa_35+64_0.75+0.25
19 Q0 id6938index3 3 0.5965488 pwa_35+64_0.75+0.25
19 Q0 id475index3 4 0.5934654 pwa_35+64_0.75+0.25
19 Q0 id7376index3 5 0.57490987 pwa_35+64_0.75+0.25
19 Q0 id147index3 6 0.57148945 pwa_35+64_0.75+0.25
19 Q0 id12552index3 7 0.5455779 pwa_35+64_0.75+0.25
19 Q0 id6182index4 8 0.54470253 pwa_35+64_0.75+0.25
19 Q0 id10780index3 9 0.5399257 pwa_35+64_0.75+0.25
19 Q0 id4126index4 10 0.5354103 pwa_35+64_0.75+0.25
20 Q0 id2348719index0 1 0.4969996 pwa_35+64_0.75+0.25
20 Q0 id46756index0 2 0.49655604 pwa_35+64_0.75+0.25
20 Q0 id1452958index0 3 0.49253133 pwa_35+64_0.75+0.25
20 Q0 id14267916index0 4 0.49228334 pwa_35+64_0.75+0.25
20 Q0 id110529index0 5 0.49217147 pwa_35+64_0.75+0.25
20 Q0 id4131873index0 6 0.48329294 pwa_35+64_0.75+0.25
20 Q0 id402938index0 7 0.48322406 pwa_35+64_0.75+0.25
20 Q0 id4774245index2 8 0.48081267 pwa_35+64_0.75+0.25
20 Q0 id112597index0 9 0.47885352 pwa_35+64_0.75+0.25
20 Q0 id1582522index0 10 0.4788398 pwa_35+64_0.75+0.25
21 Q0 id553132index0 1 0.48109144 pwa_35+64_0.75+0.25
21 Q0 id198394index0 2 0.4791494 pwa_35+64_0.75+0.25
21 Q0 id13863index0 3 0.46436554 pwa_35+64_0.75+0.25
21 Q0 id1977632index0 4 0.46436256 pwa_35+64_0.75+0.25
21 Q0 id822824index0 5 0.46315515 pwa_35+64_0.75+0.25
21 Q0 id10024index2 6 0.45925832 pwa_35+64_0.75+0.25
21 Q0 id391585index0 7 0.45852435 pwa_35+64_0.75+0.25
21 Q0 id290934index0 8 0.4583063 pwa_35+64_0.75+0.25
21 Q0 id1673573index0 9 0.45483774 pwa_35+64_0.75+0.25
21 Q0 id30605892index0 10 0.4531246 pwa_35+64_0.75+0.25
22 Q0 id894index0 1 0.5787572 pwa_35+64_0.75+0.25
22 Q0 id27051index0 2 0.5126154 pwa_35+64_0.75+0.25
22 Q0 id239364index0 3 0.50684273 pwa_35+64_0.75+0.25
22 Q0 id47791index0 4 0.5038894 pwa_35+64_0.75+0.25
22 Q0 id9341index0 5 0.49682868 pwa_35+64_0.75+0.25
22 Q0 id11903index0 6 0.49633026 pwa_35+64_0.75+0.25
22 Q0 id991index0 7 0.4923126 pwa_35+64_0.75+0.25
22 Q0 id2006index5 8 0.49191564 pwa_35+64_0.75+0.25
22 Q0 id606906index0 9 0.48898593 pwa_35+64_0.75+0.25
22 Q0 id346087index0 10 0.48771614 pwa_35+64_0.75+0.25
23 Q0 id441575index0 1 0.502041 pwa_35+64_0.75+0.25
23 Q0 id4789080index2 2 0.48106027 pwa_35+64_0.75+0.25
23 Q0 id402866index0 3 0.47017848 pwa_35+64_0.75+0.25
23 Q0 id5502134index2 4 0.4593343 pwa_35+64_0.75+0.25
23 Q0 id1282995index0 5 0.43065494 pwa_35+64_0.75+0.25
23 Q0 id3885280index0 6 0.4241554 pwa_35+64_0.75+0.25
23 Q0 id9295656index0 7 0.4172147 pwa_35+64_0.75+0.25
23 Q0 id40877397index0 8 0.41432023 pwa_35+64_0.75+0.25
23 Q0 id24968223index0 9 0.41114974 pwa_35+64_0.75+0.25
23 Q0 id41173020index0 10 0.40764487 pwa_35+64_0.75+0.25
24 Q0 id68742index0 1 0.5386539 pwa_35+64_0.75+0.25
24 Q0 id2499index0 2 0.52913594 pwa_35+64_0.75+0.25
24 Q0 id145163index0 3 0.49695745 pwa_35+64_0.75+0.25
24 Q0 id723933index0 4 0.4965139 pwa_35+64_0.75+0.25
24 Q0 id472index3 5 0.49284673 pwa_35+64_0.75+0.25
24 Q0 id676186index0 6 0.49242404 pwa_35+64_0.75+0.25
24 Q0 id480index0 7 0.49225545 pwa_35+64_0.75+0.25
24 Q0 id86692index0 8 0.49212933 pwa_35+64_0.75+0.25
24 Q0 id1776298index0 9 0.49166203 pwa_35+64_0.75+0.25
24 Q0 id3835673index0 10 0.49149328 pwa_35+64_0.75+0.25
25 Q0 id86214index4 1 0.4990899 pwa_35+64_0.75+0.25
25 Q0 id2017index5 2 0.45299956 pwa_35+64_0.75+0.25
25 Q0 id13575index4 3 0.4128626 pwa_35+64_0.75+0.25
25 Q0 id30340976index4 4 0.40279713 pwa_35+64_0.75+0.25
25 Q0 id97332526index0 5 0.40254724 pwa_35+64_0.75+0.25
25 Q0 id2759563index0 6 0.40198463 pwa_35+64_0.75+0.25
25 Q0 id199291index0 7 0.4013486 pwa_35+64_0.75+0.25
25 Q0 id3298436index0 8 0.4005678 pwa_35+64_0.75+0.25
25 Q0 id6517116index0 9 0.39818543 pwa_35+64_0.75+0.25
25 Q0 id462518index5 10 0.39804164 pwa_35+64_0.75+0.25
